2020-02-16 16:35:35,268 ERROR [http-nio-9090-exec-1] c.n.c.c.a.ExceptionAdvice [ExceptionAdvice.java:22] 服务器发生异常: Missing cookie 'kaptchaOwner' for method parameter of type String
2020-02-16 16:35:35,270 ERROR [http-nio-9090-exec-1] c.n.c.c.a.ExceptionAdvice [ExceptionAdvice.java:24] org.springframework.web.method.annotation.AbstractCookieValueMethodArgumentResolver.handleMissingValue(AbstractCookieValueMethodArgumentResolver.java:70)
2020-02-16 16:35:35,271 ERROR [http-nio-9090-exec-1] c.n.c.c.a.ExceptionAdvice [ExceptionAdvice.java:24] org.springframework.web.method.annotation.AbstractNamedValueMethodArgumentResolver.handleMissingValue(AbstractNamedValueMethodArgumentResolver.java:221)
2020-02-16 16:35:35,271 ERROR [http-nio-9090-exec-1] c.n.c.c.a.ExceptionAdvice [ExceptionAdvice.java:24] org.springframework.web.method.annotation.AbstractNamedValueMethodArgumentResolver.resolveArgument(AbstractNamedValueMethodArgumentResolver.java:113)
2020-02-16 16:35:35,271 ERROR [http-nio-9090-exec-1] c.n.c.c.a.ExceptionAdvice [ExceptionAdvice.java:24] org.springframework.web.method.support.HandlerMethodArgumentResolverComposite.resolveArgument(HandlerMethodArgumentResolverComposite.java:126)
2020-02-16 16:35:35,272 ERROR [http-nio-9090-exec-1] c.n.c.c.a.ExceptionAdvice [ExceptionAdvice.java:24] org.springframework.web.method.support.InvocableHandlerMethod.getMethodArgumentValues(InvocableHandlerMethod.java:167)
2020-02-16 16:35:35,272 ERROR [http-nio-9090-exec-1] c.n.c.c.a.ExceptionAdvice [ExceptionAdvice.java:24] org.springframework.web.method.support.InvocableHandlerMethod.invokeForRequest(InvocableHandlerMethod.java:134)
2020-02-16 16:35:35,272 ERROR [http-nio-9090-exec-1] c.n.c.c.a.ExceptionAdvice [ExceptionAdvice.java:24] org.springframework.web.servlet.mvc.method.annotation.ServletInvocableHandlerMethod.invokeAndHandle(ServletInvocableHandlerMethod.java:104)
2020-02-16 16:35:35,272 ERROR [http-nio-9090-exec-1] c.n.c.c.a.ExceptionAdvice [ExceptionAdvice.java:24] org.springframework.web.servlet.mvc.method.annotation.RequestMappingHandlerAdapter.invokeHandlerMethod(RequestMappingHandlerAdapter.java:892)
2020-02-16 16:35:35,273 ERROR [http-nio-9090-exec-1] c.n.c.c.a.ExceptionAdvice [ExceptionAdvice.java:24] org.springframework.web.servlet.mvc.method.annotation.RequestMappingHandlerAdapter.handleInternal(RequestMappingHandlerAdapter.java:797)
2020-02-16 16:35:35,273 ERROR [http-nio-9090-exec-1] c.n.c.c.a.ExceptionAdvice [ExceptionAdvice.java:24] org.springframework.web.servlet.mvc.method.AbstractHandlerMethodAdapter.handle(AbstractHandlerMethodAdapter.java:87)
2020-02-16 16:35:35,273 ERROR [http-nio-9090-exec-1] c.n.c.c.a.ExceptionAdvice [ExceptionAdvice.java:24] org.springframework.web.servlet.DispatcherServlet.doDispatch(DispatcherServlet.java:1039)
2020-02-16 16:35:35,273 ERROR [http-nio-9090-exec-1] c.n.c.c.a.ExceptionAdvice [ExceptionAdvice.java:24] org.springframework.web.servlet.DispatcherServlet.doService(DispatcherServlet.java:942)
2020-02-16 16:35:35,274 ERROR [http-nio-9090-exec-1] c.n.c.c.a.ExceptionAdvice [ExceptionAdvice.java:24] org.springframework.web.servlet.FrameworkServlet.processRequest(FrameworkServlet.java:1005)
2020-02-16 16:35:35,274 ERROR [http-nio-9090-exec-1] c.n.c.c.a.ExceptionAdvice [ExceptionAdvice.java:24] org.springframework.web.servlet.FrameworkServlet.doPost(FrameworkServlet.java:908)
2020-02-16 16:35:35,274 ERROR [http-nio-9090-exec-1] c.n.c.c.a.ExceptionAdvice [ExceptionAdvice.java:24] javax.servlet.http.HttpServlet.service(HttpServlet.java:660)
2020-02-16 16:35:35,274 ERROR [http-nio-9090-exec-1] c.n.c.c.a.ExceptionAdvice [ExceptionAdvice.java:24] org.springframework.web.servlet.FrameworkServlet.service(FrameworkServlet.java:882)
2020-02-16 16:35:35,275 ERROR [http-nio-9090-exec-1] c.n.c.c.a.ExceptionAdvice [ExceptionAdvice.java:24] javax.servlet.http.HttpServlet.service(HttpServlet.java:741)
2020-02-16 16:35:35,275 ERROR [http-nio-9090-exec-1] c.n.c.c.a.ExceptionAdvice [ExceptionAdvice.java:24] org.apache.catalina.core.ApplicationFilterChain.internalDoFilter(ApplicationFilterChain.java:231)
2020-02-16 16:35:35,275 ERROR [http-nio-9090-exec-1] c.n.c.c.a.ExceptionAdvice [ExceptionAdvice.java:24] org.apache.catalina.core.ApplicationFilterChain.doFilter(ApplicationFilterChain.java:166)
2020-02-16 16:35:35,275 ERROR [http-nio-9090-exec-1] c.n.c.c.a.ExceptionAdvice [ExceptionAdvice.java:24] org.apache.tomcat.websocket.server.WsFilter.doFilter(WsFilter.java:53)
2020-02-16 16:35:35,276 ERROR [http-nio-9090-exec-1] c.n.c.c.a.ExceptionAdvice [ExceptionAdvice.java:24] org.apache.catalina.core.ApplicationFilterChain.internalDoFilter(ApplicationFilterChain.java:193)
2020-02-16 16:35:35,276 ERROR [http-nio-9090-exec-1] c.n.c.c.a.ExceptionAdvice [ExceptionAdvice.java:24] org.apache.catalina.core.ApplicationFilterChain.doFilter(ApplicationFilterChain.java:166)
2020-02-16 16:35:35,276 ERROR [http-nio-9090-exec-1] c.n.c.c.a.ExceptionAdvice [ExceptionAdvice.java:24] org.springframework.security.web.FilterChainProxy$VirtualFilterChain.doFilter(FilterChainProxy.java:320)
2020-02-16 16:35:35,277 ERROR [http-nio-9090-exec-1] c.n.c.c.a.ExceptionAdvice [ExceptionAdvice.java:24] org.springframework.security.web.access.intercept.FilterSecurityInterceptor.invoke(FilterSecurityInterceptor.java:127)
2020-02-16 16:35:35,277 ERROR [http-nio-9090-exec-1] c.n.c.c.a.ExceptionAdvice [ExceptionAdvice.java:24] org.springframework.security.web.access.intercept.FilterSecurityInterceptor.doFilter(FilterSecurityInterceptor.java:91)
2020-02-16 16:35:35,277 ERROR [http-nio-9090-exec-1] c.n.c.c.a.ExceptionAdvice [ExceptionAdvice.java:24] org.springframework.security.web.FilterChainProxy$VirtualFilterChain.doFilter(FilterChainProxy.java:334)
2020-02-16 16:35:35,277 ERROR [http-nio-9090-exec-1] c.n.c.c.a.ExceptionAdvice [ExceptionAdvice.java:24] org.springframework.security.web.access.ExceptionTranslationFilter.doFilter(ExceptionTranslationFilter.java:119)
2020-02-16 16:35:35,278 ERROR [http-nio-9090-exec-1] c.n.c.c.a.ExceptionAdvice [ExceptionAdvice.java:24] org.springframework.security.web.FilterChainProxy$VirtualFilterChain.doFilter(FilterChainProxy.java:334)
2020-02-16 16:35:35,278 ERROR [http-nio-9090-exec-1] c.n.c.c.a.ExceptionAdvice [ExceptionAdvice.java:24] org.springframework.security.web.session.SessionManagementFilter.doFilter(SessionManagementFilter.java:137)
2020-02-16 16:35:35,278 ERROR [http-nio-9090-exec-1] c.n.c.c.a.ExceptionAdvice [ExceptionAdvice.java:24] org.springframework.security.web.FilterChainProxy$VirtualFilterChain.doFilter(FilterChainProxy.java:334)
2020-02-16 16:35:35,278 ERROR [http-nio-9090-exec-1] c.n.c.c.a.ExceptionAdvice [ExceptionAdvice.java:24] org.springframework.security.web.authentication.AnonymousAuthenticationFilter.doFilter(AnonymousAuthenticationFilter.java:111)
2020-02-16 16:35:35,279 ERROR [http-nio-9090-exec-1] c.n.c.c.a.ExceptionAdvice [ExceptionAdvice.java:24] org.springframework.security.web.FilterChainProxy$VirtualFilterChain.doFilter(FilterChainProxy.java:334)
2020-02-16 16:35:35,279 ERROR [http-nio-9090-exec-1] c.n.c.c.a.ExceptionAdvice [ExceptionAdvice.java:24] org.springframework.security.web.servletapi.SecurityContextHolderAwareRequestFilter.doFilter(SecurityContextHolderAwareRequestFilter.java:170)
2020-02-16 16:35:35,279 ERROR [http-nio-9090-exec-1] c.n.c.c.a.ExceptionAdvice [ExceptionAdvice.java:24] org.springframework.security.web.FilterChainProxy$VirtualFilterChain.doFilter(FilterChainProxy.java:334)
2020-02-16 16:35:35,279 ERROR [http-nio-9090-exec-1] c.n.c.c.a.ExceptionAdvice [ExceptionAdvice.java:24] org.springframework.security.web.savedrequest.RequestCacheAwareFilter.doFilter(RequestCacheAwareFilter.java:63)
2020-02-16 16:35:35,280 ERROR [http-nio-9090-exec-1] c.n.c.c.a.ExceptionAdvice [ExceptionAdvice.java:24] org.springframework.security.web.FilterChainProxy$VirtualFilterChain.doFilter(FilterChainProxy.java:334)
2020-02-16 16:35:35,280 ERROR [http-nio-9090-exec-1] c.n.c.c.a.ExceptionAdvice [ExceptionAdvice.java:24] org.springframework.security.web.authentication.logout.LogoutFilter.doFilter(LogoutFilter.java:116)
2020-02-16 16:35:35,280 ERROR [http-nio-9090-exec-1] c.n.c.c.a.ExceptionAdvice [ExceptionAdvice.java:24] org.springframework.security.web.FilterChainProxy$VirtualFilterChain.doFilter(FilterChainProxy.java:334)
2020-02-16 16:35:35,281 ERROR [http-nio-9090-exec-1] c.n.c.c.a.ExceptionAdvice [ExceptionAdvice.java:24] org.springframework.security.web.header.HeaderWriterFilter.doFilterInternal(HeaderWriterFilter.java:74)
2020-02-16 16:35:35,282 ERROR [http-nio-9090-exec-1] c.n.c.c.a.ExceptionAdvice [ExceptionAdvice.java:24] org.springframework.web.filter.OncePerRequestFilter.doFilter(OncePerRequestFilter.java:107)
2020-02-16 16:35:35,282 ERROR [http-nio-9090-exec-1] c.n.c.c.a.ExceptionAdvice [ExceptionAdvice.java:24] org.springframework.security.web.FilterChainProxy$VirtualFilterChain.doFilter(FilterChainProxy.java:334)
2020-02-16 16:35:35,282 ERROR [http-nio-9090-exec-1] c.n.c.c.a.ExceptionAdvice [ExceptionAdvice.java:24] org.springframework.security.web.context.SecurityContextPersistenceFilter.doFilter(SecurityContextPersistenceFilter.java:105)
2020-02-16 16:35:35,283 ERROR [http-nio-9090-exec-1] c.n.c.c.a.ExceptionAdvice [ExceptionAdvice.java:24] org.springframework.security.web.FilterChainProxy$VirtualFilterChain.doFilter(FilterChainProxy.java:334)
2020-02-16 16:35:35,283 ERROR [http-nio-9090-exec-1] c.n.c.c.a.ExceptionAdvice [ExceptionAdvice.java:24] org.springframework.security.web.context.request.async.WebAsyncManagerIntegrationFilter.doFilterInternal(WebAsyncManagerIntegrationFilter.java:56)
2020-02-16 16:35:35,283 ERROR [http-nio-9090-exec-1] c.n.c.c.a.ExceptionAdvice [ExceptionAdvice.java:24] org.springframework.web.filter.OncePerRequestFilter.doFilter(OncePerRequestFilter.java:107)
2020-02-16 16:35:35,284 ERROR [http-nio-9090-exec-1] c.n.c.c.a.ExceptionAdvice [ExceptionAdvice.java:24] org.springframework.security.web.FilterChainProxy$VirtualFilterChain.doFilter(FilterChainProxy.java:334)
2020-02-16 16:35:35,284 ERROR [http-nio-9090-exec-1] c.n.c.c.a.ExceptionAdvice [ExceptionAdvice.java:24] org.springframework.security.web.FilterChainProxy.doFilterInternal(FilterChainProxy.java:215)
2020-02-16 16:35:35,284 ERROR [http-nio-9090-exec-1] c.n.c.c.a.ExceptionAdvice [ExceptionAdvice.java:24] org.springframework.security.web.FilterChainProxy.doFilter(FilterChainProxy.java:178)
2020-02-16 16:35:35,284 ERROR [http-nio-9090-exec-1] c.n.c.c.a.ExceptionAdvice [ExceptionAdvice.java:24] org.springframework.web.filter.DelegatingFilterProxy.invokeDelegate(DelegatingFilterProxy.java:357)
2020-02-16 16:35:35,284 ERROR [http-nio-9090-exec-1] c.n.c.c.a.ExceptionAdvice [ExceptionAdvice.java:24] org.springframework.web.filter.DelegatingFilterProxy.doFilter(DelegatingFilterProxy.java:270)
2020-02-16 16:35:35,285 ERROR [http-nio-9090-exec-1] c.n.c.c.a.ExceptionAdvice [ExceptionAdvice.java:24] org.apache.catalina.core.ApplicationFilterChain.internalDoFilter(ApplicationFilterChain.java:193)
2020-02-16 16:35:35,285 ERROR [http-nio-9090-exec-1] c.n.c.c.a.ExceptionAdvice [ExceptionAdvice.java:24] org.apache.catalina.core.ApplicationFilterChain.doFilter(ApplicationFilterChain.java:166)
2020-02-16 16:35:35,285 ERROR [http-nio-9090-exec-1] c.n.c.c.a.ExceptionAdvice [ExceptionAdvice.java:24] org.springframework.web.filter.RequestContextFilter.doFilterInternal(RequestContextFilter.java:99)
2020-02-16 16:35:35,285 ERROR [http-nio-9090-exec-1] c.n.c.c.a.ExceptionAdvice [ExceptionAdvice.java:24] org.springframework.web.filter.OncePerRequestFilter.doFilter(OncePerRequestFilter.java:107)
2020-02-16 16:35:35,285 ERROR [http-nio-9090-exec-1] c.n.c.c.a.ExceptionAdvice [ExceptionAdvice.java:24] org.apache.catalina.core.ApplicationFilterChain.internalDoFilter(ApplicationFilterChain.java:193)
2020-02-16 16:35:35,286 ERROR [http-nio-9090-exec-1] c.n.c.c.a.ExceptionAdvice [ExceptionAdvice.java:24] org.apache.catalina.core.ApplicationFilterChain.doFilter(ApplicationFilterChain.java:166)
2020-02-16 16:35:35,286 ERROR [http-nio-9090-exec-1] c.n.c.c.a.ExceptionAdvice [ExceptionAdvice.java:24] org.springframework.web.filter.FormContentFilter.doFilterInternal(FormContentFilter.java:92)
2020-02-16 16:35:35,286 ERROR [http-nio-9090-exec-1] c.n.c.c.a.ExceptionAdvice [ExceptionAdvice.java:24] org.springframework.web.filter.OncePerRequestFilter.doFilter(OncePerRequestFilter.java:107)
2020-02-16 16:35:35,286 ERROR [http-nio-9090-exec-1] c.n.c.c.a.ExceptionAdvice [ExceptionAdvice.java:24] org.apache.catalina.core.ApplicationFilterChain.internalDoFilter(ApplicationFilterChain.java:193)
2020-02-16 16:35:35,287 ERROR [http-nio-9090-exec-1] c.n.c.c.a.ExceptionAdvice [ExceptionAdvice.java:24] org.apache.catalina.core.ApplicationFilterChain.doFilter(ApplicationFilterChain.java:166)
2020-02-16 16:35:35,287 ERROR [http-nio-9090-exec-1] c.n.c.c.a.ExceptionAdvice [ExceptionAdvice.java:24] org.springframework.web.filter.HiddenHttpMethodFilter.doFilterInternal(HiddenHttpMethodFilter.java:93)
2020-02-16 16:35:35,287 ERROR [http-nio-9090-exec-1] c.n.c.c.a.ExceptionAdvice [ExceptionAdvice.java:24] org.springframework.web.filter.OncePerRequestFilter.doFilter(OncePerRequestFilter.java:107)
2020-02-16 16:35:35,287 ERROR [http-nio-9090-exec-1] c.n.c.c.a.ExceptionAdvice [ExceptionAdvice.java:24] org.apache.catalina.core.ApplicationFilterChain.internalDoFilter(ApplicationFilterChain.java:193)
2020-02-16 16:35:35,288 ERROR [http-nio-9090-exec-1] c.n.c.c.a.ExceptionAdvice [ExceptionAdvice.java:24] org.apache.catalina.core.ApplicationFilterChain.doFilter(ApplicationFilterChain.java:166)
2020-02-16 16:35:35,288 ERROR [http-nio-9090-exec-1] c.n.c.c.a.ExceptionAdvice [ExceptionAdvice.java:24] org.springframework.web.filter.CharacterEncodingFilter.doFilterInternal(CharacterEncodingFilter.java:200)
2020-02-16 16:35:35,288 ERROR [http-nio-9090-exec-1] c.n.c.c.a.ExceptionAdvice [ExceptionAdvice.java:24] org.springframework.web.filter.OncePerRequestFilter.doFilter(OncePerRequestFilter.java:107)
2020-02-16 16:35:35,288 ERROR [http-nio-9090-exec-1] c.n.c.c.a.ExceptionAdvice [ExceptionAdvice.java:24] org.apache.catalina.core.ApplicationFilterChain.internalDoFilter(ApplicationFilterChain.java:193)
2020-02-16 16:35:35,288 ERROR [http-nio-9090-exec-1] c.n.c.c.a.ExceptionAdvice [ExceptionAdvice.java:24] org.apache.catalina.core.ApplicationFilterChain.doFilter(ApplicationFilterChain.java:166)
2020-02-16 16:35:35,289 ERROR [http-nio-9090-exec-1] c.n.c.c.a.ExceptionAdvice [ExceptionAdvice.java:24] org.apache.catalina.core.StandardWrapperValve.invoke(StandardWrapperValve.java:200)
2020-02-16 16:35:35,289 ERROR [http-nio-9090-exec-1] c.n.c.c.a.ExceptionAdvice [ExceptionAdvice.java:24] org.apache.catalina.core.StandardContextValve.invoke(StandardContextValve.java:96)
2020-02-16 16:35:35,289 ERROR [http-nio-9090-exec-1] c.n.c.c.a.ExceptionAdvice [ExceptionAdvice.java:24] org.apache.catalina.authenticator.AuthenticatorBase.invoke(AuthenticatorBase.java:490)
2020-02-16 16:35:35,289 ERROR [http-nio-9090-exec-1] c.n.c.c.a.ExceptionAdvice [ExceptionAdvice.java:24] org.apache.catalina.core.StandardHostValve.invoke(StandardHostValve.java:139)
2020-02-16 16:35:35,290 ERROR [http-nio-9090-exec-1] c.n.c.c.a.ExceptionAdvice [ExceptionAdvice.java:24] org.apache.catalina.valves.ErrorReportValve.invoke(ErrorReportValve.java:92)
2020-02-16 16:35:35,290 ERROR [http-nio-9090-exec-1] c.n.c.c.a.ExceptionAdvice [ExceptionAdvice.java:24] org.apache.catalina.core.StandardEngineValve.invoke(StandardEngineValve.java:74)
2020-02-16 16:35:35,290 ERROR [http-nio-9090-exec-1] c.n.c.c.a.ExceptionAdvice [ExceptionAdvice.java:24] org.apache.catalina.connector.CoyoteAdapter.service(CoyoteAdapter.java:343)
2020-02-16 16:35:35,290 ERROR [http-nio-9090-exec-1] c.n.c.c.a.ExceptionAdvice [ExceptionAdvice.java:24] org.apache.coyote.http11.Http11Processor.service(Http11Processor.java:408)
2020-02-16 16:35:35,291 ERROR [http-nio-9090-exec-1] c.n.c.c.a.ExceptionAdvice [ExceptionAdvice.java:24] org.apache.coyote.AbstractProcessorLight.process(AbstractProcessorLight.java:66)
2020-02-16 16:35:35,291 ERROR [http-nio-9090-exec-1] c.n.c.c.a.ExceptionAdvice [ExceptionAdvice.java:24] org.apache.coyote.AbstractProtocol$ConnectionHandler.process(AbstractProtocol.java:836)
2020-02-16 16:35:35,291 ERROR [http-nio-9090-exec-1] c.n.c.c.a.ExceptionAdvice [ExceptionAdvice.java:24] org.apache.tomcat.util.net.NioEndpoint$SocketProcessor.doRun(NioEndpoint.java:1747)
2020-02-16 16:35:35,291 ERROR [http-nio-9090-exec-1] c.n.c.c.a.ExceptionAdvice [ExceptionAdvice.java:24] org.apache.tomcat.util.net.SocketProcessorBase.run(SocketProcessorBase.java:49)
2020-02-16 16:35:35,292 ERROR [http-nio-9090-exec-1] c.n.c.c.a.ExceptionAdvice [ExceptionAdvice.java:24] java.base/java.util.concurrent.ThreadPoolExecutor.runWorker(ThreadPoolExecutor.java:1128)
2020-02-16 16:35:35,292 ERROR [http-nio-9090-exec-1] c.n.c.c.a.ExceptionAdvice [ExceptionAdvice.java:24] java.base/java.util.concurrent.ThreadPoolExecutor$Worker.run(ThreadPoolExecutor.java:628)
2020-02-16 16:35:35,292 ERROR [http-nio-9090-exec-1] c.n.c.c.a.ExceptionAdvice [ExceptionAdvice.java:24] org.apache.tomcat.util.threads.TaskThread$WrappingRunnable.run(TaskThread.java:61)
2020-02-16 16:35:35,292 ERROR [http-nio-9090-exec-1] c.n.c.c.a.ExceptionAdvice [ExceptionAdvice.java:24] java.base/java.lang.Thread.run(Thread.java:834)
2020-02-16 21:05:47,959 ERROR [http-nio-9090-exec-3] c.n.c.c.a.ExceptionAdvice [ExceptionAdvice.java:22] 服务器发生异常: Failed to convert value of type 'java.lang.String' to required type 'int'; nested exception is java.lang.NumberFormatException: For input string: "my-post.html"
2020-02-16 21:05:47,960 ERROR [http-nio-9090-exec-3] c.n.c.c.a.ExceptionAdvice [ExceptionAdvice.java:24] org.springframework.web.method.annotation.AbstractNamedValueMethodArgumentResolver.resolveArgument(AbstractNamedValueMethodArgumentResolver.java:132)
2020-02-16 21:05:47,961 ERROR [http-nio-9090-exec-3] c.n.c.c.a.ExceptionAdvice [ExceptionAdvice.java:24] org.springframework.web.method.support.HandlerMethodArgumentResolverComposite.resolveArgument(HandlerMethodArgumentResolverComposite.java:126)
2020-02-16 21:05:47,961 ERROR [http-nio-9090-exec-3] c.n.c.c.a.ExceptionAdvice [ExceptionAdvice.java:24] org.springframework.web.method.support.InvocableHandlerMethod.getMethodArgumentValues(InvocableHandlerMethod.java:167)
2020-02-16 21:05:47,961 ERROR [http-nio-9090-exec-3] c.n.c.c.a.ExceptionAdvice [ExceptionAdvice.java:24] org.springframework.web.method.support.InvocableHandlerMethod.invokeForRequest(InvocableHandlerMethod.java:134)
2020-02-16 21:05:47,961 ERROR [http-nio-9090-exec-3] c.n.c.c.a.ExceptionAdvice [ExceptionAdvice.java:24] org.springframework.web.servlet.mvc.method.annotation.ServletInvocableHandlerMethod.invokeAndHandle(ServletInvocableHandlerMethod.java:104)
2020-02-16 21:05:47,962 ERROR [http-nio-9090-exec-3] c.n.c.c.a.ExceptionAdvice [ExceptionAdvice.java:24] org.springframework.web.servlet.mvc.method.annotation.RequestMappingHandlerAdapter.invokeHandlerMethod(RequestMappingHandlerAdapter.java:892)
2020-02-16 21:05:47,962 ERROR [http-nio-9090-exec-3] c.n.c.c.a.ExceptionAdvice [ExceptionAdvice.java:24] org.springframework.web.servlet.mvc.method.annotation.RequestMappingHandlerAdapter.handleInternal(RequestMappingHandlerAdapter.java:797)
2020-02-16 21:05:47,962 ERROR [http-nio-9090-exec-3] c.n.c.c.a.ExceptionAdvice [ExceptionAdvice.java:24] org.springframework.web.servlet.mvc.method.AbstractHandlerMethodAdapter.handle(AbstractHandlerMethodAdapter.java:87)
2020-02-16 21:05:47,962 ERROR [http-nio-9090-exec-3] c.n.c.c.a.ExceptionAdvice [ExceptionAdvice.java:24] org.springframework.web.servlet.DispatcherServlet.doDispatch(DispatcherServlet.java:1039)
2020-02-16 21:05:47,963 ERROR [http-nio-9090-exec-3] c.n.c.c.a.ExceptionAdvice [ExceptionAdvice.java:24] org.springframework.web.servlet.DispatcherServlet.doService(DispatcherServlet.java:942)
2020-02-16 21:05:47,963 ERROR [http-nio-9090-exec-3] c.n.c.c.a.ExceptionAdvice [ExceptionAdvice.java:24] org.springframework.web.servlet.FrameworkServlet.processRequest(FrameworkServlet.java:1005)
2020-02-16 21:05:47,963 ERROR [http-nio-9090-exec-3] c.n.c.c.a.ExceptionAdvice [ExceptionAdvice.java:24] org.springframework.web.servlet.FrameworkServlet.doGet(FrameworkServlet.java:897)
2020-02-16 21:05:47,963 ERROR [http-nio-9090-exec-3] c.n.c.c.a.ExceptionAdvice [ExceptionAdvice.java:24] javax.servlet.http.HttpServlet.service(HttpServlet.java:634)
2020-02-16 21:05:47,964 ERROR [http-nio-9090-exec-3] c.n.c.c.a.ExceptionAdvice [ExceptionAdvice.java:24] org.springframework.web.servlet.FrameworkServlet.service(FrameworkServlet.java:882)
2020-02-16 21:05:47,964 ERROR [http-nio-9090-exec-3] c.n.c.c.a.ExceptionAdvice [ExceptionAdvice.java:24] javax.servlet.http.HttpServlet.service(HttpServlet.java:741)
2020-02-16 21:05:47,964 ERROR [http-nio-9090-exec-3] c.n.c.c.a.ExceptionAdvice [ExceptionAdvice.java:24] org.apache.catalina.core.ApplicationFilterChain.internalDoFilter(ApplicationFilterChain.java:231)
2020-02-16 21:05:47,964 ERROR [http-nio-9090-exec-3] c.n.c.c.a.ExceptionAdvice [ExceptionAdvice.java:24] org.apache.catalina.core.ApplicationFilterChain.doFilter(ApplicationFilterChain.java:166)
2020-02-16 21:05:47,965 ERROR [http-nio-9090-exec-3] c.n.c.c.a.ExceptionAdvice [ExceptionAdvice.java:24] org.apache.tomcat.websocket.server.WsFilter.doFilter(WsFilter.java:53)
2020-02-16 21:05:47,965 ERROR [http-nio-9090-exec-3] c.n.c.c.a.ExceptionAdvice [ExceptionAdvice.java:24] org.apache.catalina.core.ApplicationFilterChain.internalDoFilter(ApplicationFilterChain.java:193)
2020-02-16 21:05:47,965 ERROR [http-nio-9090-exec-3] c.n.c.c.a.ExceptionAdvice [ExceptionAdvice.java:24] org.apache.catalina.core.ApplicationFilterChain.doFilter(ApplicationFilterChain.java:166)
2020-02-16 21:05:47,965 ERROR [http-nio-9090-exec-3] c.n.c.c.a.ExceptionAdvice [ExceptionAdvice.java:24] org.springframework.security.web.FilterChainProxy$VirtualFilterChain.doFilter(FilterChainProxy.java:320)
2020-02-16 21:05:47,966 ERROR [http-nio-9090-exec-3] c.n.c.c.a.ExceptionAdvice [ExceptionAdvice.java:24] org.springframework.security.web.access.intercept.FilterSecurityInterceptor.invoke(FilterSecurityInterceptor.java:127)
2020-02-16 21:05:47,966 ERROR [http-nio-9090-exec-3] c.n.c.c.a.ExceptionAdvice [ExceptionAdvice.java:24] org.springframework.security.web.access.intercept.FilterSecurityInterceptor.doFilter(FilterSecurityInterceptor.java:91)
2020-02-16 21:05:47,966 ERROR [http-nio-9090-exec-3] c.n.c.c.a.ExceptionAdvice [ExceptionAdvice.java:24] org.springframework.security.web.FilterChainProxy$VirtualFilterChain.doFilter(FilterChainProxy.java:334)
2020-02-16 21:05:47,966 ERROR [http-nio-9090-exec-3] c.n.c.c.a.ExceptionAdvice [ExceptionAdvice.java:24] org.springframework.security.web.access.ExceptionTranslationFilter.doFilter(ExceptionTranslationFilter.java:119)
2020-02-16 21:05:47,967 ERROR [http-nio-9090-exec-3] c.n.c.c.a.ExceptionAdvice [ExceptionAdvice.java:24] org.springframework.security.web.FilterChainProxy$VirtualFilterChain.doFilter(FilterChainProxy.java:334)
2020-02-16 21:05:47,967 ERROR [http-nio-9090-exec-3] c.n.c.c.a.ExceptionAdvice [ExceptionAdvice.java:24] org.springframework.security.web.session.SessionManagementFilter.doFilter(SessionManagementFilter.java:137)
2020-02-16 21:05:47,967 ERROR [http-nio-9090-exec-3] c.n.c.c.a.ExceptionAdvice [ExceptionAdvice.java:24] org.springframework.security.web.FilterChainProxy$VirtualFilterChain.doFilter(FilterChainProxy.java:334)
2020-02-16 21:05:47,967 ERROR [http-nio-9090-exec-3] c.n.c.c.a.ExceptionAdvice [ExceptionAdvice.java:24] org.springframework.security.web.authentication.AnonymousAuthenticationFilter.doFilter(AnonymousAuthenticationFilter.java:111)
2020-02-16 21:05:47,968 ERROR [http-nio-9090-exec-3] c.n.c.c.a.ExceptionAdvice [ExceptionAdvice.java:24] org.springframework.security.web.FilterChainProxy$VirtualFilterChain.doFilter(FilterChainProxy.java:334)
2020-02-16 21:05:47,968 ERROR [http-nio-9090-exec-3] c.n.c.c.a.ExceptionAdvice [ExceptionAdvice.java:24] org.springframework.security.web.servletapi.SecurityContextHolderAwareRequestFilter.doFilter(SecurityContextHolderAwareRequestFilter.java:170)
2020-02-16 21:05:47,968 ERROR [http-nio-9090-exec-3] c.n.c.c.a.ExceptionAdvice [ExceptionAdvice.java:24] org.springframework.security.web.FilterChainProxy$VirtualFilterChain.doFilter(FilterChainProxy.java:334)
2020-02-16 21:05:47,968 ERROR [http-nio-9090-exec-3] c.n.c.c.a.ExceptionAdvice [ExceptionAdvice.java:24] org.springframework.security.web.savedrequest.RequestCacheAwareFilter.doFilter(RequestCacheAwareFilter.java:63)
2020-02-16 21:05:47,969 ERROR [http-nio-9090-exec-3] c.n.c.c.a.ExceptionAdvice [ExceptionAdvice.java:24] org.springframework.security.web.FilterChainProxy$VirtualFilterChain.doFilter(FilterChainProxy.java:334)
2020-02-16 21:05:47,969 ERROR [http-nio-9090-exec-3] c.n.c.c.a.ExceptionAdvice [ExceptionAdvice.java:24] org.springframework.security.web.authentication.logout.LogoutFilter.doFilter(LogoutFilter.java:116)
2020-02-16 21:05:47,969 ERROR [http-nio-9090-exec-3] c.n.c.c.a.ExceptionAdvice [ExceptionAdvice.java:24] org.springframework.security.web.FilterChainProxy$VirtualFilterChain.doFilter(FilterChainProxy.java:334)
2020-02-16 21:05:47,969 ERROR [http-nio-9090-exec-3] c.n.c.c.a.ExceptionAdvice [ExceptionAdvice.java:24] org.springframework.security.web.header.HeaderWriterFilter.doFilterInternal(HeaderWriterFilter.java:74)
2020-02-16 21:05:47,970 ERROR [http-nio-9090-exec-3] c.n.c.c.a.ExceptionAdvice [ExceptionAdvice.java:24] org.springframework.web.filter.OncePerRequestFilter.doFilter(OncePerRequestFilter.java:107)
2020-02-16 21:05:47,970 ERROR [http-nio-9090-exec-3] c.n.c.c.a.ExceptionAdvice [ExceptionAdvice.java:24] org.springframework.security.web.FilterChainProxy$VirtualFilterChain.doFilter(FilterChainProxy.java:334)
2020-02-16 21:05:47,970 ERROR [http-nio-9090-exec-3] c.n.c.c.a.ExceptionAdvice [ExceptionAdvice.java:24] org.springframework.security.web.context.SecurityContextPersistenceFilter.doFilter(SecurityContextPersistenceFilter.java:105)
2020-02-16 21:05:47,970 ERROR [http-nio-9090-exec-3] c.n.c.c.a.ExceptionAdvice [ExceptionAdvice.java:24] org.springframework.security.web.FilterChainProxy$VirtualFilterChain.doFilter(FilterChainProxy.java:334)
2020-02-16 21:05:47,970 ERROR [http-nio-9090-exec-3] c.n.c.c.a.ExceptionAdvice [ExceptionAdvice.java:24] org.springframework.security.web.context.request.async.WebAsyncManagerIntegrationFilter.doFilterInternal(WebAsyncManagerIntegrationFilter.java:56)
2020-02-16 21:05:47,971 ERROR [http-nio-9090-exec-3] c.n.c.c.a.ExceptionAdvice [ExceptionAdvice.java:24] org.springframework.web.filter.OncePerRequestFilter.doFilter(OncePerRequestFilter.java:107)
2020-02-16 21:05:47,971 ERROR [http-nio-9090-exec-3] c.n.c.c.a.ExceptionAdvice [ExceptionAdvice.java:24] org.springframework.security.web.FilterChainProxy$VirtualFilterChain.doFilter(FilterChainProxy.java:334)
2020-02-16 21:05:47,971 ERROR [http-nio-9090-exec-3] c.n.c.c.a.ExceptionAdvice [ExceptionAdvice.java:24] org.springframework.security.web.FilterChainProxy.doFilterInternal(FilterChainProxy.java:215)
2020-02-16 21:05:47,971 ERROR [http-nio-9090-exec-3] c.n.c.c.a.ExceptionAdvice [ExceptionAdvice.java:24] org.springframework.security.web.FilterChainProxy.doFilter(FilterChainProxy.java:178)
2020-02-16 21:05:47,972 ERROR [http-nio-9090-exec-3] c.n.c.c.a.ExceptionAdvice [ExceptionAdvice.java:24] org.springframework.web.filter.DelegatingFilterProxy.invokeDelegate(DelegatingFilterProxy.java:357)
2020-02-16 21:05:47,972 ERROR [http-nio-9090-exec-3] c.n.c.c.a.ExceptionAdvice [ExceptionAdvice.java:24] org.springframework.web.filter.DelegatingFilterProxy.doFilter(DelegatingFilterProxy.java:270)
2020-02-16 21:05:47,972 ERROR [http-nio-9090-exec-3] c.n.c.c.a.ExceptionAdvice [ExceptionAdvice.java:24] org.apache.catalina.core.ApplicationFilterChain.internalDoFilter(ApplicationFilterChain.java:193)
2020-02-16 21:05:47,972 ERROR [http-nio-9090-exec-3] c.n.c.c.a.ExceptionAdvice [ExceptionAdvice.java:24] org.apache.catalina.core.ApplicationFilterChain.doFilter(ApplicationFilterChain.java:166)
2020-02-16 21:05:47,973 ERROR [http-nio-9090-exec-3] c.n.c.c.a.ExceptionAdvice [ExceptionAdvice.java:24] org.springframework.web.filter.RequestContextFilter.doFilterInternal(RequestContextFilter.java:99)
2020-02-16 21:05:47,973 ERROR [http-nio-9090-exec-3] c.n.c.c.a.ExceptionAdvice [ExceptionAdvice.java:24] org.springframework.web.filter.OncePerRequestFilter.doFilter(OncePerRequestFilter.java:107)
2020-02-16 21:05:47,973 ERROR [http-nio-9090-exec-3] c.n.c.c.a.ExceptionAdvice [ExceptionAdvice.java:24] org.apache.catalina.core.ApplicationFilterChain.internalDoFilter(ApplicationFilterChain.java:193)
2020-02-16 21:05:47,973 ERROR [http-nio-9090-exec-3] c.n.c.c.a.ExceptionAdvice [ExceptionAdvice.java:24] org.apache.catalina.core.ApplicationFilterChain.doFilter(ApplicationFilterChain.java:166)
2020-02-16 21:05:47,974 ERROR [http-nio-9090-exec-3] c.n.c.c.a.ExceptionAdvice [ExceptionAdvice.java:24] org.springframework.web.filter.FormContentFilter.doFilterInternal(FormContentFilter.java:92)
2020-02-16 21:05:47,974 ERROR [http-nio-9090-exec-3] c.n.c.c.a.ExceptionAdvice [ExceptionAdvice.java:24] org.springframework.web.filter.OncePerRequestFilter.doFilter(OncePerRequestFilter.java:107)
2020-02-16 21:05:47,974 ERROR [http-nio-9090-exec-3] c.n.c.c.a.ExceptionAdvice [ExceptionAdvice.java:24] org.apache.catalina.core.ApplicationFilterChain.internalDoFilter(ApplicationFilterChain.java:193)
2020-02-16 21:05:47,974 ERROR [http-nio-9090-exec-3] c.n.c.c.a.ExceptionAdvice [ExceptionAdvice.java:24] org.apache.catalina.core.ApplicationFilterChain.doFilter(ApplicationFilterChain.java:166)
2020-02-16 21:05:47,975 ERROR [http-nio-9090-exec-3] c.n.c.c.a.ExceptionAdvice [ExceptionAdvice.java:24] org.springframework.web.filter.HiddenHttpMethodFilter.doFilterInternal(HiddenHttpMethodFilter.java:93)
2020-02-16 21:05:47,975 ERROR [http-nio-9090-exec-3] c.n.c.c.a.ExceptionAdvice [ExceptionAdvice.java:24] org.springframework.web.filter.OncePerRequestFilter.doFilter(OncePerRequestFilter.java:107)
2020-02-16 21:05:47,975 ERROR [http-nio-9090-exec-3] c.n.c.c.a.ExceptionAdvice [ExceptionAdvice.java:24] org.apache.catalina.core.ApplicationFilterChain.internalDoFilter(ApplicationFilterChain.java:193)
2020-02-16 21:05:47,976 ERROR [http-nio-9090-exec-3] c.n.c.c.a.ExceptionAdvice [ExceptionAdvice.java:24] org.apache.catalina.core.ApplicationFilterChain.doFilter(ApplicationFilterChain.java:166)
2020-02-16 21:05:47,976 ERROR [http-nio-9090-exec-3] c.n.c.c.a.ExceptionAdvice [ExceptionAdvice.java:24] org.springframework.web.filter.CharacterEncodingFilter.doFilterInternal(CharacterEncodingFilter.java:200)
2020-02-16 21:05:47,976 ERROR [http-nio-9090-exec-3] c.n.c.c.a.ExceptionAdvice [ExceptionAdvice.java:24] org.springframework.web.filter.OncePerRequestFilter.doFilter(OncePerRequestFilter.java:107)
2020-02-16 21:05:47,976 ERROR [http-nio-9090-exec-3] c.n.c.c.a.ExceptionAdvice [ExceptionAdvice.java:24] org.apache.catalina.core.ApplicationFilterChain.internalDoFilter(ApplicationFilterChain.java:193)
2020-02-16 21:05:47,977 ERROR [http-nio-9090-exec-3] c.n.c.c.a.ExceptionAdvice [ExceptionAdvice.java:24] org.apache.catalina.core.ApplicationFilterChain.doFilter(ApplicationFilterChain.java:166)
2020-02-16 21:05:47,977 ERROR [http-nio-9090-exec-3] c.n.c.c.a.ExceptionAdvice [ExceptionAdvice.java:24] org.apache.catalina.core.StandardWrapperValve.invoke(StandardWrapperValve.java:200)
2020-02-16 21:05:47,977 ERROR [http-nio-9090-exec-3] c.n.c.c.a.ExceptionAdvice [ExceptionAdvice.java:24] org.apache.catalina.core.StandardContextValve.invoke(StandardContextValve.java:96)
2020-02-16 21:05:47,977 ERROR [http-nio-9090-exec-3] c.n.c.c.a.ExceptionAdvice [ExceptionAdvice.java:24] org.apache.catalina.authenticator.AuthenticatorBase.invoke(AuthenticatorBase.java:490)
2020-02-16 21:05:47,978 ERROR [http-nio-9090-exec-3] c.n.c.c.a.ExceptionAdvice [ExceptionAdvice.java:24] org.apache.catalina.core.StandardHostValve.invoke(StandardHostValve.java:139)
2020-02-16 21:05:47,978 ERROR [http-nio-9090-exec-3] c.n.c.c.a.ExceptionAdvice [ExceptionAdvice.java:24] org.apache.catalina.valves.ErrorReportValve.invoke(ErrorReportValve.java:92)
2020-02-16 21:05:47,978 ERROR [http-nio-9090-exec-3] c.n.c.c.a.ExceptionAdvice [ExceptionAdvice.java:24] org.apache.catalina.core.StandardEngineValve.invoke(StandardEngineValve.java:74)
2020-02-16 21:05:47,978 ERROR [http-nio-9090-exec-3] c.n.c.c.a.ExceptionAdvice [ExceptionAdvice.java:24] org.apache.catalina.connector.CoyoteAdapter.service(CoyoteAdapter.java:343)
2020-02-16 21:05:47,979 ERROR [http-nio-9090-exec-3] c.n.c.c.a.ExceptionAdvice [ExceptionAdvice.java:24] org.apache.coyote.http11.Http11Processor.service(Http11Processor.java:408)
2020-02-16 21:05:47,979 ERROR [http-nio-9090-exec-3] c.n.c.c.a.ExceptionAdvice [ExceptionAdvice.java:24] org.apache.coyote.AbstractProcessorLight.process(AbstractProcessorLight.java:66)
2020-02-16 21:05:47,979 ERROR [http-nio-9090-exec-3] c.n.c.c.a.ExceptionAdvice [ExceptionAdvice.java:24] org.apache.coyote.AbstractProtocol$ConnectionHandler.process(AbstractProtocol.java:836)
2020-02-16 21:05:47,979 ERROR [http-nio-9090-exec-3] c.n.c.c.a.ExceptionAdvice [ExceptionAdvice.java:24] org.apache.tomcat.util.net.NioEndpoint$SocketProcessor.doRun(NioEndpoint.java:1747)
2020-02-16 21:05:47,980 ERROR [http-nio-9090-exec-3] c.n.c.c.a.ExceptionAdvice [ExceptionAdvice.java:24] org.apache.tomcat.util.net.SocketProcessorBase.run(SocketProcessorBase.java:49)
2020-02-16 21:05:47,980 ERROR [http-nio-9090-exec-3] c.n.c.c.a.ExceptionAdvice [ExceptionAdvice.java:24] java.base/java.util.concurrent.ThreadPoolExecutor.runWorker(ThreadPoolExecutor.java:1128)
2020-02-16 21:05:47,980 ERROR [http-nio-9090-exec-3] c.n.c.c.a.ExceptionAdvice [ExceptionAdvice.java:24] java.base/java.util.concurrent.ThreadPoolExecutor$Worker.run(ThreadPoolExecutor.java:628)
2020-02-16 21:05:47,980 ERROR [http-nio-9090-exec-3] c.n.c.c.a.ExceptionAdvice [ExceptionAdvice.java:24] org.apache.tomcat.util.threads.TaskThread$WrappingRunnable.run(TaskThread.java:61)
2020-02-16 21:05:47,981 ERROR [http-nio-9090-exec-3] c.n.c.c.a.ExceptionAdvice [ExceptionAdvice.java:24] java.base/java.lang.Thread.run(Thread.java:834)
2020-02-16 21:06:12,485 ERROR [http-nio-9090-exec-7] c.n.c.c.a.ExceptionAdvice [ExceptionAdvice.java:22] 服务器发生异常: Failed to convert value of type 'java.lang.String' to required type 'int'; nested exception is java.lang.NumberFormatException: For input string: "my-reply.html"
2020-02-16 21:06:12,486 ERROR [http-nio-9090-exec-7] c.n.c.c.a.ExceptionAdvice [ExceptionAdvice.java:24] org.springframework.web.method.annotation.AbstractNamedValueMethodArgumentResolver.resolveArgument(AbstractNamedValueMethodArgumentResolver.java:132)
2020-02-16 21:06:12,486 ERROR [http-nio-9090-exec-7] c.n.c.c.a.ExceptionAdvice [ExceptionAdvice.java:24] org.springframework.web.method.support.HandlerMethodArgumentResolverComposite.resolveArgument(HandlerMethodArgumentResolverComposite.java:126)
2020-02-16 21:06:12,486 ERROR [http-nio-9090-exec-7] c.n.c.c.a.ExceptionAdvice [ExceptionAdvice.java:24] org.springframework.web.method.support.InvocableHandlerMethod.getMethodArgumentValues(InvocableHandlerMethod.java:167)
2020-02-16 21:06:12,486 ERROR [http-nio-9090-exec-7] c.n.c.c.a.ExceptionAdvice [ExceptionAdvice.java:24] org.springframework.web.method.support.InvocableHandlerMethod.invokeForRequest(InvocableHandlerMethod.java:134)
2020-02-16 21:06:12,487 ERROR [http-nio-9090-exec-7] c.n.c.c.a.ExceptionAdvice [ExceptionAdvice.java:24] org.springframework.web.servlet.mvc.method.annotation.ServletInvocableHandlerMethod.invokeAndHandle(ServletInvocableHandlerMethod.java:104)
2020-02-16 21:06:12,487 ERROR [http-nio-9090-exec-7] c.n.c.c.a.ExceptionAdvice [ExceptionAdvice.java:24] org.springframework.web.servlet.mvc.method.annotation.RequestMappingHandlerAdapter.invokeHandlerMethod(RequestMappingHandlerAdapter.java:892)
2020-02-16 21:06:12,487 ERROR [http-nio-9090-exec-7] c.n.c.c.a.ExceptionAdvice [ExceptionAdvice.java:24] org.springframework.web.servlet.mvc.method.annotation.RequestMappingHandlerAdapter.handleInternal(RequestMappingHandlerAdapter.java:797)
2020-02-16 21:06:12,487 ERROR [http-nio-9090-exec-7] c.n.c.c.a.ExceptionAdvice [ExceptionAdvice.java:24] org.springframework.web.servlet.mvc.method.AbstractHandlerMethodAdapter.handle(AbstractHandlerMethodAdapter.java:87)
2020-02-16 21:06:12,488 ERROR [http-nio-9090-exec-7] c.n.c.c.a.ExceptionAdvice [ExceptionAdvice.java:24] org.springframework.web.servlet.DispatcherServlet.doDispatch(DispatcherServlet.java:1039)
2020-02-16 21:06:12,488 ERROR [http-nio-9090-exec-7] c.n.c.c.a.ExceptionAdvice [ExceptionAdvice.java:24] org.springframework.web.servlet.DispatcherServlet.doService(DispatcherServlet.java:942)
2020-02-16 21:06:12,488 ERROR [http-nio-9090-exec-7] c.n.c.c.a.ExceptionAdvice [ExceptionAdvice.java:24] org.springframework.web.servlet.FrameworkServlet.processRequest(FrameworkServlet.java:1005)
2020-02-16 21:06:12,488 ERROR [http-nio-9090-exec-7] c.n.c.c.a.ExceptionAdvice [ExceptionAdvice.java:24] org.springframework.web.servlet.FrameworkServlet.doGet(FrameworkServlet.java:897)
2020-02-16 21:06:12,489 ERROR [http-nio-9090-exec-7] c.n.c.c.a.ExceptionAdvice [ExceptionAdvice.java:24] javax.servlet.http.HttpServlet.service(HttpServlet.java:634)
2020-02-16 21:06:12,489 ERROR [http-nio-9090-exec-7] c.n.c.c.a.ExceptionAdvice [ExceptionAdvice.java:24] org.springframework.web.servlet.FrameworkServlet.service(FrameworkServlet.java:882)
2020-02-16 21:06:12,489 ERROR [http-nio-9090-exec-7] c.n.c.c.a.ExceptionAdvice [ExceptionAdvice.java:24] javax.servlet.http.HttpServlet.service(HttpServlet.java:741)
2020-02-16 21:06:12,489 ERROR [http-nio-9090-exec-7] c.n.c.c.a.ExceptionAdvice [ExceptionAdvice.java:24] org.apache.catalina.core.ApplicationFilterChain.internalDoFilter(ApplicationFilterChain.java:231)
2020-02-16 21:06:12,490 ERROR [http-nio-9090-exec-7] c.n.c.c.a.ExceptionAdvice [ExceptionAdvice.java:24] org.apache.catalina.core.ApplicationFilterChain.doFilter(ApplicationFilterChain.java:166)
2020-02-16 21:06:12,490 ERROR [http-nio-9090-exec-7] c.n.c.c.a.ExceptionAdvice [ExceptionAdvice.java:24] org.apache.tomcat.websocket.server.WsFilter.doFilter(WsFilter.java:53)
2020-02-16 21:06:12,490 ERROR [http-nio-9090-exec-7] c.n.c.c.a.ExceptionAdvice [ExceptionAdvice.java:24] org.apache.catalina.core.ApplicationFilterChain.internalDoFilter(ApplicationFilterChain.java:193)
2020-02-16 21:06:12,490 ERROR [http-nio-9090-exec-7] c.n.c.c.a.ExceptionAdvice [ExceptionAdvice.java:24] org.apache.catalina.core.ApplicationFilterChain.doFilter(ApplicationFilterChain.java:166)
2020-02-16 21:06:12,491 ERROR [http-nio-9090-exec-7] c.n.c.c.a.ExceptionAdvice [ExceptionAdvice.java:24] org.springframework.security.web.FilterChainProxy$VirtualFilterChain.doFilter(FilterChainProxy.java:320)
2020-02-16 21:06:12,491 ERROR [http-nio-9090-exec-7] c.n.c.c.a.ExceptionAdvice [ExceptionAdvice.java:24] org.springframework.security.web.access.intercept.FilterSecurityInterceptor.invoke(FilterSecurityInterceptor.java:127)
2020-02-16 21:06:12,491 ERROR [http-nio-9090-exec-7] c.n.c.c.a.ExceptionAdvice [ExceptionAdvice.java:24] org.springframework.security.web.access.intercept.FilterSecurityInterceptor.doFilter(FilterSecurityInterceptor.java:91)
2020-02-16 21:06:12,491 ERROR [http-nio-9090-exec-7] c.n.c.c.a.ExceptionAdvice [ExceptionAdvice.java:24] org.springframework.security.web.FilterChainProxy$VirtualFilterChain.doFilter(FilterChainProxy.java:334)
2020-02-16 21:06:12,492 ERROR [http-nio-9090-exec-7] c.n.c.c.a.ExceptionAdvice [ExceptionAdvice.java:24] org.springframework.security.web.access.ExceptionTranslationFilter.doFilter(ExceptionTranslationFilter.java:119)
2020-02-16 21:06:12,492 ERROR [http-nio-9090-exec-7] c.n.c.c.a.ExceptionAdvice [ExceptionAdvice.java:24] org.springframework.security.web.FilterChainProxy$VirtualFilterChain.doFilter(FilterChainProxy.java:334)
2020-02-16 21:06:12,492 ERROR [http-nio-9090-exec-7] c.n.c.c.a.ExceptionAdvice [ExceptionAdvice.java:24] org.springframework.security.web.session.SessionManagementFilter.doFilter(SessionManagementFilter.java:137)
2020-02-16 21:06:12,492 ERROR [http-nio-9090-exec-7] c.n.c.c.a.ExceptionAdvice [ExceptionAdvice.java:24] org.springframework.security.web.FilterChainProxy$VirtualFilterChain.doFilter(FilterChainProxy.java:334)
2020-02-16 21:06:12,493 ERROR [http-nio-9090-exec-7] c.n.c.c.a.ExceptionAdvice [ExceptionAdvice.java:24] org.springframework.security.web.authentication.AnonymousAuthenticationFilter.doFilter(AnonymousAuthenticationFilter.java:111)
2020-02-16 21:06:12,493 ERROR [http-nio-9090-exec-7] c.n.c.c.a.ExceptionAdvice [ExceptionAdvice.java:24] org.springframework.security.web.FilterChainProxy$VirtualFilterChain.doFilter(FilterChainProxy.java:334)
2020-02-16 21:06:12,493 ERROR [http-nio-9090-exec-7] c.n.c.c.a.ExceptionAdvice [ExceptionAdvice.java:24] org.springframework.security.web.servletapi.SecurityContextHolderAwareRequestFilter.doFilter(SecurityContextHolderAwareRequestFilter.java:170)
2020-02-16 21:06:12,493 ERROR [http-nio-9090-exec-7] c.n.c.c.a.ExceptionAdvice [ExceptionAdvice.java:24] org.springframework.security.web.FilterChainProxy$VirtualFilterChain.doFilter(FilterChainProxy.java:334)
2020-02-16 21:06:12,494 ERROR [http-nio-9090-exec-7] c.n.c.c.a.ExceptionAdvice [ExceptionAdvice.java:24] org.springframework.security.web.savedrequest.RequestCacheAwareFilter.doFilter(RequestCacheAwareFilter.java:63)
2020-02-16 21:06:12,494 ERROR [http-nio-9090-exec-7] c.n.c.c.a.ExceptionAdvice [ExceptionAdvice.java:24] org.springframework.security.web.FilterChainProxy$VirtualFilterChain.doFilter(FilterChainProxy.java:334)
2020-02-16 21:06:12,494 ERROR [http-nio-9090-exec-7] c.n.c.c.a.ExceptionAdvice [ExceptionAdvice.java:24] org.springframework.security.web.authentication.logout.LogoutFilter.doFilter(LogoutFilter.java:116)
2020-02-16 21:06:12,494 ERROR [http-nio-9090-exec-7] c.n.c.c.a.ExceptionAdvice [ExceptionAdvice.java:24] org.springframework.security.web.FilterChainProxy$VirtualFilterChain.doFilter(FilterChainProxy.java:334)
2020-02-16 21:06:12,495 ERROR [http-nio-9090-exec-7] c.n.c.c.a.ExceptionAdvice [ExceptionAdvice.java:24] org.springframework.security.web.header.HeaderWriterFilter.doFilterInternal(HeaderWriterFilter.java:74)
2020-02-16 21:06:12,495 ERROR [http-nio-9090-exec-7] c.n.c.c.a.ExceptionAdvice [ExceptionAdvice.java:24] org.springframework.web.filter.OncePerRequestFilter.doFilter(OncePerRequestFilter.java:107)
2020-02-16 21:06:12,495 ERROR [http-nio-9090-exec-7] c.n.c.c.a.ExceptionAdvice [ExceptionAdvice.java:24] org.springframework.security.web.FilterChainProxy$VirtualFilterChain.doFilter(FilterChainProxy.java:334)
2020-02-16 21:06:12,495 ERROR [http-nio-9090-exec-7] c.n.c.c.a.ExceptionAdvice [ExceptionAdvice.java:24] org.springframework.security.web.context.SecurityContextPersistenceFilter.doFilter(SecurityContextPersistenceFilter.java:105)
2020-02-16 21:06:12,495 ERROR [http-nio-9090-exec-7] c.n.c.c.a.ExceptionAdvice [ExceptionAdvice.java:24] org.springframework.security.web.FilterChainProxy$VirtualFilterChain.doFilter(FilterChainProxy.java:334)
2020-02-16 21:06:12,496 ERROR [http-nio-9090-exec-7] c.n.c.c.a.ExceptionAdvice [ExceptionAdvice.java:24] org.springframework.security.web.context.request.async.WebAsyncManagerIntegrationFilter.doFilterInternal(WebAsyncManagerIntegrationFilter.java:56)
2020-02-16 21:06:12,496 ERROR [http-nio-9090-exec-7] c.n.c.c.a.ExceptionAdvice [ExceptionAdvice.java:24] org.springframework.web.filter.OncePerRequestFilter.doFilter(OncePerRequestFilter.java:107)
2020-02-16 21:06:12,496 ERROR [http-nio-9090-exec-7] c.n.c.c.a.ExceptionAdvice [ExceptionAdvice.java:24] org.springframework.security.web.FilterChainProxy$VirtualFilterChain.doFilter(FilterChainProxy.java:334)
2020-02-16 21:06:12,496 ERROR [http-nio-9090-exec-7] c.n.c.c.a.ExceptionAdvice [ExceptionAdvice.java:24] org.springframework.security.web.FilterChainProxy.doFilterInternal(FilterChainProxy.java:215)
2020-02-16 21:06:12,497 ERROR [http-nio-9090-exec-7] c.n.c.c.a.ExceptionAdvice [ExceptionAdvice.java:24] org.springframework.security.web.FilterChainProxy.doFilter(FilterChainProxy.java:178)
2020-02-16 21:06:12,497 ERROR [http-nio-9090-exec-7] c.n.c.c.a.ExceptionAdvice [ExceptionAdvice.java:24] org.springframework.web.filter.DelegatingFilterProxy.invokeDelegate(DelegatingFilterProxy.java:357)
2020-02-16 21:06:12,497 ERROR [http-nio-9090-exec-7] c.n.c.c.a.ExceptionAdvice [ExceptionAdvice.java:24] org.springframework.web.filter.DelegatingFilterProxy.doFilter(DelegatingFilterProxy.java:270)
2020-02-16 21:06:12,497 ERROR [http-nio-9090-exec-7] c.n.c.c.a.ExceptionAdvice [ExceptionAdvice.java:24] org.apache.catalina.core.ApplicationFilterChain.internalDoFilter(ApplicationFilterChain.java:193)
2020-02-16 21:06:12,498 ERROR [http-nio-9090-exec-7] c.n.c.c.a.ExceptionAdvice [ExceptionAdvice.java:24] org.apache.catalina.core.ApplicationFilterChain.doFilter(ApplicationFilterChain.java:166)
2020-02-16 21:06:12,498 ERROR [http-nio-9090-exec-7] c.n.c.c.a.ExceptionAdvice [ExceptionAdvice.java:24] org.springframework.web.filter.RequestContextFilter.doFilterInternal(RequestContextFilter.java:99)
2020-02-16 21:06:12,498 ERROR [http-nio-9090-exec-7] c.n.c.c.a.ExceptionAdvice [ExceptionAdvice.java:24] org.springframework.web.filter.OncePerRequestFilter.doFilter(OncePerRequestFilter.java:107)
2020-02-16 21:06:12,498 ERROR [http-nio-9090-exec-7] c.n.c.c.a.ExceptionAdvice [ExceptionAdvice.java:24] org.apache.catalina.core.ApplicationFilterChain.internalDoFilter(ApplicationFilterChain.java:193)
2020-02-16 21:06:12,499 ERROR [http-nio-9090-exec-7] c.n.c.c.a.ExceptionAdvice [ExceptionAdvice.java:24] org.apache.catalina.core.ApplicationFilterChain.doFilter(ApplicationFilterChain.java:166)
2020-02-16 21:06:12,499 ERROR [http-nio-9090-exec-7] c.n.c.c.a.ExceptionAdvice [ExceptionAdvice.java:24] org.springframework.web.filter.FormContentFilter.doFilterInternal(FormContentFilter.java:92)
2020-02-16 21:06:12,499 ERROR [http-nio-9090-exec-7] c.n.c.c.a.ExceptionAdvice [ExceptionAdvice.java:24] org.springframework.web.filter.OncePerRequestFilter.doFilter(OncePerRequestFilter.java:107)
2020-02-16 21:06:12,499 ERROR [http-nio-9090-exec-7] c.n.c.c.a.ExceptionAdvice [ExceptionAdvice.java:24] org.apache.catalina.core.ApplicationFilterChain.internalDoFilter(ApplicationFilterChain.java:193)
2020-02-16 21:06:12,500 ERROR [http-nio-9090-exec-7] c.n.c.c.a.ExceptionAdvice [ExceptionAdvice.java:24] org.apache.catalina.core.ApplicationFilterChain.doFilter(ApplicationFilterChain.java:166)
2020-02-16 21:06:12,500 ERROR [http-nio-9090-exec-7] c.n.c.c.a.ExceptionAdvice [ExceptionAdvice.java:24] org.springframework.web.filter.HiddenHttpMethodFilter.doFilterInternal(HiddenHttpMethodFilter.java:93)
2020-02-16 21:06:12,500 ERROR [http-nio-9090-exec-7] c.n.c.c.a.ExceptionAdvice [ExceptionAdvice.java:24] org.springframework.web.filter.OncePerRequestFilter.doFilter(OncePerRequestFilter.java:107)
2020-02-16 21:06:12,500 ERROR [http-nio-9090-exec-7] c.n.c.c.a.ExceptionAdvice [ExceptionAdvice.java:24] org.apache.catalina.core.ApplicationFilterChain.internalDoFilter(ApplicationFilterChain.java:193)
2020-02-16 21:06:12,500 ERROR [http-nio-9090-exec-7] c.n.c.c.a.ExceptionAdvice [ExceptionAdvice.java:24] org.apache.catalina.core.ApplicationFilterChain.doFilter(ApplicationFilterChain.java:166)
2020-02-16 21:06:12,501 ERROR [http-nio-9090-exec-7] c.n.c.c.a.ExceptionAdvice [ExceptionAdvice.java:24] org.springframework.web.filter.CharacterEncodingFilter.doFilterInternal(CharacterEncodingFilter.java:200)
2020-02-16 21:06:12,501 ERROR [http-nio-9090-exec-7] c.n.c.c.a.ExceptionAdvice [ExceptionAdvice.java:24] org.springframework.web.filter.OncePerRequestFilter.doFilter(OncePerRequestFilter.java:107)
2020-02-16 21:06:12,501 ERROR [http-nio-9090-exec-7] c.n.c.c.a.ExceptionAdvice [ExceptionAdvice.java:24] org.apache.catalina.core.ApplicationFilterChain.internalDoFilter(ApplicationFilterChain.java:193)
2020-02-16 21:06:12,501 ERROR [http-nio-9090-exec-7] c.n.c.c.a.ExceptionAdvice [ExceptionAdvice.java:24] org.apache.catalina.core.ApplicationFilterChain.doFilter(ApplicationFilterChain.java:166)
2020-02-16 21:06:12,502 ERROR [http-nio-9090-exec-7] c.n.c.c.a.ExceptionAdvice [ExceptionAdvice.java:24] org.apache.catalina.core.StandardWrapperValve.invoke(StandardWrapperValve.java:200)
2020-02-16 21:06:12,502 ERROR [http-nio-9090-exec-7] c.n.c.c.a.ExceptionAdvice [ExceptionAdvice.java:24] org.apache.catalina.core.StandardContextValve.invoke(StandardContextValve.java:96)
2020-02-16 21:06:12,502 ERROR [http-nio-9090-exec-7] c.n.c.c.a.ExceptionAdvice [ExceptionAdvice.java:24] org.apache.catalina.authenticator.AuthenticatorBase.invoke(AuthenticatorBase.java:490)
2020-02-16 21:06:12,502 ERROR [http-nio-9090-exec-7] c.n.c.c.a.ExceptionAdvice [ExceptionAdvice.java:24] org.apache.catalina.core.StandardHostValve.invoke(StandardHostValve.java:139)
2020-02-16 21:06:12,503 ERROR [http-nio-9090-exec-7] c.n.c.c.a.ExceptionAdvice [ExceptionAdvice.java:24] org.apache.catalina.valves.ErrorReportValve.invoke(ErrorReportValve.java:92)
2020-02-16 21:06:12,503 ERROR [http-nio-9090-exec-7] c.n.c.c.a.ExceptionAdvice [ExceptionAdvice.java:24] org.apache.catalina.core.StandardEngineValve.invoke(StandardEngineValve.java:74)
2020-02-16 21:06:12,503 ERROR [http-nio-9090-exec-7] c.n.c.c.a.ExceptionAdvice [ExceptionAdvice.java:24] org.apache.catalina.connector.CoyoteAdapter.service(CoyoteAdapter.java:343)
2020-02-16 21:06:12,503 ERROR [http-nio-9090-exec-7] c.n.c.c.a.ExceptionAdvice [ExceptionAdvice.java:24] org.apache.coyote.http11.Http11Processor.service(Http11Processor.java:408)
2020-02-16 21:06:12,504 ERROR [http-nio-9090-exec-7] c.n.c.c.a.ExceptionAdvice [ExceptionAdvice.java:24] org.apache.coyote.AbstractProcessorLight.process(AbstractProcessorLight.java:66)
2020-02-16 21:06:12,504 ERROR [http-nio-9090-exec-7] c.n.c.c.a.ExceptionAdvice [ExceptionAdvice.java:24] org.apache.coyote.AbstractProtocol$ConnectionHandler.process(AbstractProtocol.java:836)
2020-02-16 21:06:12,504 ERROR [http-nio-9090-exec-7] c.n.c.c.a.ExceptionAdvice [ExceptionAdvice.java:24] org.apache.tomcat.util.net.NioEndpoint$SocketProcessor.doRun(NioEndpoint.java:1747)
2020-02-16 21:06:12,504 ERROR [http-nio-9090-exec-7] c.n.c.c.a.ExceptionAdvice [ExceptionAdvice.java:24] org.apache.tomcat.util.net.SocketProcessorBase.run(SocketProcessorBase.java:49)
2020-02-16 21:06:12,504 ERROR [http-nio-9090-exec-7] c.n.c.c.a.ExceptionAdvice [ExceptionAdvice.java:24] java.base/java.util.concurrent.ThreadPoolExecutor.runWorker(ThreadPoolExecutor.java:1128)
2020-02-16 21:06:12,505 ERROR [http-nio-9090-exec-7] c.n.c.c.a.ExceptionAdvice [ExceptionAdvice.java:24] java.base/java.util.concurrent.ThreadPoolExecutor$Worker.run(ThreadPoolExecutor.java:628)
2020-02-16 21:06:12,505 ERROR [http-nio-9090-exec-7] c.n.c.c.a.ExceptionAdvice [ExceptionAdvice.java:24] org.apache.tomcat.util.threads.TaskThread$WrappingRunnable.run(TaskThread.java:61)
2020-02-16 21:06:12,505 ERROR [http-nio-9090-exec-7] c.n.c.c.a.ExceptionAdvice [ExceptionAdvice.java:24] java.base/java.lang.Thread.run(Thread.java:834)
