2020-02-12 19:19:09,661 ERROR [http-nio-9090-exec-10] c.n.c.c.a.ExceptionAdvice [ExceptionAdvice.java:22] 服务器发生异常: null
2020-02-12 19:19:09,667 ERROR [http-nio-9090-exec-10] c.n.c.c.a.ExceptionAdvice [ExceptionAdvice.java:24] com.nowcoder.community.controller.LikeController.like(LikeController.java:38)
2020-02-12 19:19:09,667 ERROR [http-nio-9090-exec-10] c.n.c.c.a.ExceptionAdvice [ExceptionAdvice.java:24] java.base/jdk.internal.reflect.NativeMethodAccessorImpl.invoke0(Native Method)
2020-02-12 19:19:09,667 ERROR [http-nio-9090-exec-10] c.n.c.c.a.ExceptionAdvice [ExceptionAdvice.java:24] java.base/jdk.internal.reflect.NativeMethodAccessorImpl.invoke(NativeMethodAccessorImpl.java:62)
2020-02-12 19:19:09,668 ERROR [http-nio-9090-exec-10] c.n.c.c.a.ExceptionAdvice [ExceptionAdvice.java:24] java.base/jdk.internal.reflect.DelegatingMethodAccessorImpl.invoke(DelegatingMethodAccessorImpl.java:43)
2020-02-12 19:19:09,668 ERROR [http-nio-9090-exec-10] c.n.c.c.a.ExceptionAdvice [ExceptionAdvice.java:24] java.base/java.lang.reflect.Method.invoke(Method.java:566)
2020-02-12 19:19:09,668 ERROR [http-nio-9090-exec-10] c.n.c.c.a.ExceptionAdvice [ExceptionAdvice.java:24] org.springframework.web.method.support.InvocableHandlerMethod.doInvoke(InvocableHandlerMethod.java:190)
2020-02-12 19:19:09,668 ERROR [http-nio-9090-exec-10] c.n.c.c.a.ExceptionAdvice [ExceptionAdvice.java:24] org.springframework.web.method.support.InvocableHandlerMethod.invokeForRequest(InvocableHandlerMethod.java:138)
2020-02-12 19:19:09,668 ERROR [http-nio-9090-exec-10] c.n.c.c.a.ExceptionAdvice [ExceptionAdvice.java:24] org.springframework.web.servlet.mvc.method.annotation.ServletInvocableHandlerMethod.invokeAndHandle(ServletInvocableHandlerMethod.java:104)
2020-02-12 19:19:09,669 ERROR [http-nio-9090-exec-10] c.n.c.c.a.ExceptionAdvice [ExceptionAdvice.java:24] org.springframework.web.servlet.mvc.method.annotation.RequestMappingHandlerAdapter.invokeHandlerMethod(RequestMappingHandlerAdapter.java:892)
2020-02-12 19:19:09,669 ERROR [http-nio-9090-exec-10] c.n.c.c.a.ExceptionAdvice [ExceptionAdvice.java:24] org.springframework.web.servlet.mvc.method.annotation.RequestMappingHandlerAdapter.handleInternal(RequestMappingHandlerAdapter.java:797)
2020-02-12 19:19:09,669 ERROR [http-nio-9090-exec-10] c.n.c.c.a.ExceptionAdvice [ExceptionAdvice.java:24] org.springframework.web.servlet.mvc.method.AbstractHandlerMethodAdapter.handle(AbstractHandlerMethodAdapter.java:87)
2020-02-12 19:19:09,669 ERROR [http-nio-9090-exec-10] c.n.c.c.a.ExceptionAdvice [ExceptionAdvice.java:24] org.springframework.web.servlet.DispatcherServlet.doDispatch(DispatcherServlet.java:1039)
2020-02-12 19:19:09,669 ERROR [http-nio-9090-exec-10] c.n.c.c.a.ExceptionAdvice [ExceptionAdvice.java:24] org.springframework.web.servlet.DispatcherServlet.doService(DispatcherServlet.java:942)
2020-02-12 19:19:09,670 ERROR [http-nio-9090-exec-10] c.n.c.c.a.ExceptionAdvice [ExceptionAdvice.java:24] org.springframework.web.servlet.FrameworkServlet.processRequest(FrameworkServlet.java:1005)
2020-02-12 19:19:09,670 ERROR [http-nio-9090-exec-10] c.n.c.c.a.ExceptionAdvice [ExceptionAdvice.java:24] org.springframework.web.servlet.FrameworkServlet.doPost(FrameworkServlet.java:908)
2020-02-12 19:19:09,670 ERROR [http-nio-9090-exec-10] c.n.c.c.a.ExceptionAdvice [ExceptionAdvice.java:24] javax.servlet.http.HttpServlet.service(HttpServlet.java:660)
2020-02-12 19:19:09,670 ERROR [http-nio-9090-exec-10] c.n.c.c.a.ExceptionAdvice [ExceptionAdvice.java:24] org.springframework.web.servlet.FrameworkServlet.service(FrameworkServlet.java:882)
2020-02-12 19:19:09,670 ERROR [http-nio-9090-exec-10] c.n.c.c.a.ExceptionAdvice [ExceptionAdvice.java:24] javax.servlet.http.HttpServlet.service(HttpServlet.java:741)
2020-02-12 19:19:09,671 ERROR [http-nio-9090-exec-10] c.n.c.c.a.ExceptionAdvice [ExceptionAdvice.java:24] org.apache.catalina.core.ApplicationFilterChain.internalDoFilter(ApplicationFilterChain.java:231)
2020-02-12 19:19:09,671 ERROR [http-nio-9090-exec-10] c.n.c.c.a.ExceptionAdvice [ExceptionAdvice.java:24] org.apache.catalina.core.ApplicationFilterChain.doFilter(ApplicationFilterChain.java:166)
2020-02-12 19:19:09,671 ERROR [http-nio-9090-exec-10] c.n.c.c.a.ExceptionAdvice [ExceptionAdvice.java:24] org.apache.tomcat.websocket.server.WsFilter.doFilter(WsFilter.java:53)
2020-02-12 19:19:09,671 ERROR [http-nio-9090-exec-10] c.n.c.c.a.ExceptionAdvice [ExceptionAdvice.java:24] org.apache.catalina.core.ApplicationFilterChain.internalDoFilter(ApplicationFilterChain.java:193)
2020-02-12 19:19:09,671 ERROR [http-nio-9090-exec-10] c.n.c.c.a.ExceptionAdvice [ExceptionAdvice.java:24] org.apache.catalina.core.ApplicationFilterChain.doFilter(ApplicationFilterChain.java:166)
2020-02-12 19:19:09,671 ERROR [http-nio-9090-exec-10] c.n.c.c.a.ExceptionAdvice [ExceptionAdvice.java:24] org.springframework.web.filter.RequestContextFilter.doFilterInternal(RequestContextFilter.java:99)
2020-02-12 19:19:09,672 ERROR [http-nio-9090-exec-10] c.n.c.c.a.ExceptionAdvice [ExceptionAdvice.java:24] org.springframework.web.filter.OncePerRequestFilter.doFilter(OncePerRequestFilter.java:107)
2020-02-12 19:19:09,672 ERROR [http-nio-9090-exec-10] c.n.c.c.a.ExceptionAdvice [ExceptionAdvice.java:24] org.apache.catalina.core.ApplicationFilterChain.internalDoFilter(ApplicationFilterChain.java:193)
2020-02-12 19:19:09,672 ERROR [http-nio-9090-exec-10] c.n.c.c.a.ExceptionAdvice [ExceptionAdvice.java:24] org.apache.catalina.core.ApplicationFilterChain.doFilter(ApplicationFilterChain.java:166)
2020-02-12 19:19:09,672 ERROR [http-nio-9090-exec-10] c.n.c.c.a.ExceptionAdvice [ExceptionAdvice.java:24] org.springframework.web.filter.FormContentFilter.doFilterInternal(FormContentFilter.java:92)
2020-02-12 19:19:09,672 ERROR [http-nio-9090-exec-10] c.n.c.c.a.ExceptionAdvice [ExceptionAdvice.java:24] org.springframework.web.filter.OncePerRequestFilter.doFilter(OncePerRequestFilter.java:107)
2020-02-12 19:19:09,673 ERROR [http-nio-9090-exec-10] c.n.c.c.a.ExceptionAdvice [ExceptionAdvice.java:24] org.apache.catalina.core.ApplicationFilterChain.internalDoFilter(ApplicationFilterChain.java:193)
2020-02-12 19:19:09,673 ERROR [http-nio-9090-exec-10] c.n.c.c.a.ExceptionAdvice [ExceptionAdvice.java:24] org.apache.catalina.core.ApplicationFilterChain.doFilter(ApplicationFilterChain.java:166)
2020-02-12 19:19:09,673 ERROR [http-nio-9090-exec-10] c.n.c.c.a.ExceptionAdvice [ExceptionAdvice.java:24] org.springframework.web.filter.HiddenHttpMethodFilter.doFilterInternal(HiddenHttpMethodFilter.java:93)
2020-02-12 19:19:09,673 ERROR [http-nio-9090-exec-10] c.n.c.c.a.ExceptionAdvice [ExceptionAdvice.java:24] org.springframework.web.filter.OncePerRequestFilter.doFilter(OncePerRequestFilter.java:107)
2020-02-12 19:19:09,673 ERROR [http-nio-9090-exec-10] c.n.c.c.a.ExceptionAdvice [ExceptionAdvice.java:24] org.apache.catalina.core.ApplicationFilterChain.internalDoFilter(ApplicationFilterChain.java:193)
2020-02-12 19:19:09,674 ERROR [http-nio-9090-exec-10] c.n.c.c.a.ExceptionAdvice [ExceptionAdvice.java:24] org.apache.catalina.core.ApplicationFilterChain.doFilter(ApplicationFilterChain.java:166)
2020-02-12 19:19:09,674 ERROR [http-nio-9090-exec-10] c.n.c.c.a.ExceptionAdvice [ExceptionAdvice.java:24] org.springframework.web.filter.CharacterEncodingFilter.doFilterInternal(CharacterEncodingFilter.java:200)
2020-02-12 19:19:09,674 ERROR [http-nio-9090-exec-10] c.n.c.c.a.ExceptionAdvice [ExceptionAdvice.java:24] org.springframework.web.filter.OncePerRequestFilter.doFilter(OncePerRequestFilter.java:107)
2020-02-12 19:19:09,674 ERROR [http-nio-9090-exec-10] c.n.c.c.a.ExceptionAdvice [ExceptionAdvice.java:24] org.apache.catalina.core.ApplicationFilterChain.internalDoFilter(ApplicationFilterChain.java:193)
2020-02-12 19:19:09,674 ERROR [http-nio-9090-exec-10] c.n.c.c.a.ExceptionAdvice [ExceptionAdvice.java:24] org.apache.catalina.core.ApplicationFilterChain.doFilter(ApplicationFilterChain.java:166)
2020-02-12 19:19:09,675 ERROR [http-nio-9090-exec-10] c.n.c.c.a.ExceptionAdvice [ExceptionAdvice.java:24] org.apache.catalina.core.StandardWrapperValve.invoke(StandardWrapperValve.java:200)
2020-02-12 19:19:09,675 ERROR [http-nio-9090-exec-10] c.n.c.c.a.ExceptionAdvice [ExceptionAdvice.java:24] org.apache.catalina.core.StandardContextValve.invoke(StandardContextValve.java:96)
2020-02-12 19:19:09,675 ERROR [http-nio-9090-exec-10] c.n.c.c.a.ExceptionAdvice [ExceptionAdvice.java:24] org.apache.catalina.authenticator.AuthenticatorBase.invoke(AuthenticatorBase.java:490)
2020-02-12 19:19:09,675 ERROR [http-nio-9090-exec-10] c.n.c.c.a.ExceptionAdvice [ExceptionAdvice.java:24] org.apache.catalina.core.StandardHostValve.invoke(StandardHostValve.java:139)
2020-02-12 19:19:09,675 ERROR [http-nio-9090-exec-10] c.n.c.c.a.ExceptionAdvice [ExceptionAdvice.java:24] org.apache.catalina.valves.ErrorReportValve.invoke(ErrorReportValve.java:92)
2020-02-12 19:19:09,675 ERROR [http-nio-9090-exec-10] c.n.c.c.a.ExceptionAdvice [ExceptionAdvice.java:24] org.apache.catalina.core.StandardEngineValve.invoke(StandardEngineValve.java:74)
2020-02-12 19:19:09,676 ERROR [http-nio-9090-exec-10] c.n.c.c.a.ExceptionAdvice [ExceptionAdvice.java:24] org.apache.catalina.connector.CoyoteAdapter.service(CoyoteAdapter.java:343)
2020-02-12 19:19:09,676 ERROR [http-nio-9090-exec-10] c.n.c.c.a.ExceptionAdvice [ExceptionAdvice.java:24] org.apache.coyote.http11.Http11Processor.service(Http11Processor.java:408)
2020-02-12 19:19:09,676 ERROR [http-nio-9090-exec-10] c.n.c.c.a.ExceptionAdvice [ExceptionAdvice.java:24] org.apache.coyote.AbstractProcessorLight.process(AbstractProcessorLight.java:66)
2020-02-12 19:19:09,676 ERROR [http-nio-9090-exec-10] c.n.c.c.a.ExceptionAdvice [ExceptionAdvice.java:24] org.apache.coyote.AbstractProtocol$ConnectionHandler.process(AbstractProtocol.java:836)
2020-02-12 19:19:09,676 ERROR [http-nio-9090-exec-10] c.n.c.c.a.ExceptionAdvice [ExceptionAdvice.java:24] org.apache.tomcat.util.net.NioEndpoint$SocketProcessor.doRun(NioEndpoint.java:1747)
2020-02-12 19:19:09,677 ERROR [http-nio-9090-exec-10] c.n.c.c.a.ExceptionAdvice [ExceptionAdvice.java:24] org.apache.tomcat.util.net.SocketProcessorBase.run(SocketProcessorBase.java:49)
2020-02-12 19:19:09,677 ERROR [http-nio-9090-exec-10] c.n.c.c.a.ExceptionAdvice [ExceptionAdvice.java:24] java.base/java.util.concurrent.ThreadPoolExecutor.runWorker(ThreadPoolExecutor.java:1128)
2020-02-12 19:19:09,678 ERROR [http-nio-9090-exec-10] c.n.c.c.a.ExceptionAdvice [ExceptionAdvice.java:24] java.base/java.util.concurrent.ThreadPoolExecutor$Worker.run(ThreadPoolExecutor.java:628)
2020-02-12 19:19:09,678 ERROR [http-nio-9090-exec-10] c.n.c.c.a.ExceptionAdvice [ExceptionAdvice.java:24] org.apache.tomcat.util.threads.TaskThread$WrappingRunnable.run(TaskThread.java:61)
2020-02-12 19:19:09,678 ERROR [http-nio-9090-exec-10] c.n.c.c.a.ExceptionAdvice [ExceptionAdvice.java:24] java.base/java.lang.Thread.run(Thread.java:834)
2020-02-12 19:19:19,355 ERROR [http-nio-9090-exec-3] c.n.c.c.a.ExceptionAdvice [ExceptionAdvice.java:22] 服务器发生异常: null
2020-02-12 19:19:19,356 ERROR [http-nio-9090-exec-3] c.n.c.c.a.ExceptionAdvice [ExceptionAdvice.java:24] com.nowcoder.community.controller.LikeController.like(LikeController.java:38)
2020-02-12 19:19:19,356 ERROR [http-nio-9090-exec-3] c.n.c.c.a.ExceptionAdvice [ExceptionAdvice.java:24] java.base/jdk.internal.reflect.NativeMethodAccessorImpl.invoke0(Native Method)
2020-02-12 19:19:19,357 ERROR [http-nio-9090-exec-3] c.n.c.c.a.ExceptionAdvice [ExceptionAdvice.java:24] java.base/jdk.internal.reflect.NativeMethodAccessorImpl.invoke(NativeMethodAccessorImpl.java:62)
2020-02-12 19:19:19,357 ERROR [http-nio-9090-exec-3] c.n.c.c.a.ExceptionAdvice [ExceptionAdvice.java:24] java.base/jdk.internal.reflect.DelegatingMethodAccessorImpl.invoke(DelegatingMethodAccessorImpl.java:43)
2020-02-12 19:19:19,357 ERROR [http-nio-9090-exec-3] c.n.c.c.a.ExceptionAdvice [ExceptionAdvice.java:24] java.base/java.lang.reflect.Method.invoke(Method.java:566)
2020-02-12 19:19:19,357 ERROR [http-nio-9090-exec-3] c.n.c.c.a.ExceptionAdvice [ExceptionAdvice.java:24] org.springframework.web.method.support.InvocableHandlerMethod.doInvoke(InvocableHandlerMethod.java:190)
2020-02-12 19:19:19,357 ERROR [http-nio-9090-exec-3] c.n.c.c.a.ExceptionAdvice [ExceptionAdvice.java:24] org.springframework.web.method.support.InvocableHandlerMethod.invokeForRequest(InvocableHandlerMethod.java:138)
2020-02-12 19:19:19,358 ERROR [http-nio-9090-exec-3] c.n.c.c.a.ExceptionAdvice [ExceptionAdvice.java:24] org.springframework.web.servlet.mvc.method.annotation.ServletInvocableHandlerMethod.invokeAndHandle(ServletInvocableHandlerMethod.java:104)
2020-02-12 19:19:19,358 ERROR [http-nio-9090-exec-3] c.n.c.c.a.ExceptionAdvice [ExceptionAdvice.java:24] org.springframework.web.servlet.mvc.method.annotation.RequestMappingHandlerAdapter.invokeHandlerMethod(RequestMappingHandlerAdapter.java:892)
2020-02-12 19:19:19,358 ERROR [http-nio-9090-exec-3] c.n.c.c.a.ExceptionAdvice [ExceptionAdvice.java:24] org.springframework.web.servlet.mvc.method.annotation.RequestMappingHandlerAdapter.handleInternal(RequestMappingHandlerAdapter.java:797)
2020-02-12 19:19:19,358 ERROR [http-nio-9090-exec-3] c.n.c.c.a.ExceptionAdvice [ExceptionAdvice.java:24] org.springframework.web.servlet.mvc.method.AbstractHandlerMethodAdapter.handle(AbstractHandlerMethodAdapter.java:87)
2020-02-12 19:19:19,358 ERROR [http-nio-9090-exec-3] c.n.c.c.a.ExceptionAdvice [ExceptionAdvice.java:24] org.springframework.web.servlet.DispatcherServlet.doDispatch(DispatcherServlet.java:1039)
2020-02-12 19:19:19,359 ERROR [http-nio-9090-exec-3] c.n.c.c.a.ExceptionAdvice [ExceptionAdvice.java:24] org.springframework.web.servlet.DispatcherServlet.doService(DispatcherServlet.java:942)
2020-02-12 19:19:19,359 ERROR [http-nio-9090-exec-3] c.n.c.c.a.ExceptionAdvice [ExceptionAdvice.java:24] org.springframework.web.servlet.FrameworkServlet.processRequest(FrameworkServlet.java:1005)
2020-02-12 19:19:19,359 ERROR [http-nio-9090-exec-3] c.n.c.c.a.ExceptionAdvice [ExceptionAdvice.java:24] org.springframework.web.servlet.FrameworkServlet.doPost(FrameworkServlet.java:908)
2020-02-12 19:19:19,359 ERROR [http-nio-9090-exec-3] c.n.c.c.a.ExceptionAdvice [ExceptionAdvice.java:24] javax.servlet.http.HttpServlet.service(HttpServlet.java:660)
2020-02-12 19:19:19,359 ERROR [http-nio-9090-exec-3] c.n.c.c.a.ExceptionAdvice [ExceptionAdvice.java:24] org.springframework.web.servlet.FrameworkServlet.service(FrameworkServlet.java:882)
2020-02-12 19:19:19,360 ERROR [http-nio-9090-exec-3] c.n.c.c.a.ExceptionAdvice [ExceptionAdvice.java:24] javax.servlet.http.HttpServlet.service(HttpServlet.java:741)
2020-02-12 19:19:19,360 ERROR [http-nio-9090-exec-3] c.n.c.c.a.ExceptionAdvice [ExceptionAdvice.java:24] org.apache.catalina.core.ApplicationFilterChain.internalDoFilter(ApplicationFilterChain.java:231)
2020-02-12 19:19:19,360 ERROR [http-nio-9090-exec-3] c.n.c.c.a.ExceptionAdvice [ExceptionAdvice.java:24] org.apache.catalina.core.ApplicationFilterChain.doFilter(ApplicationFilterChain.java:166)
2020-02-12 19:19:19,360 ERROR [http-nio-9090-exec-3] c.n.c.c.a.ExceptionAdvice [ExceptionAdvice.java:24] org.apache.tomcat.websocket.server.WsFilter.doFilter(WsFilter.java:53)
2020-02-12 19:19:19,360 ERROR [http-nio-9090-exec-3] c.n.c.c.a.ExceptionAdvice [ExceptionAdvice.java:24] org.apache.catalina.core.ApplicationFilterChain.internalDoFilter(ApplicationFilterChain.java:193)
2020-02-12 19:19:19,360 ERROR [http-nio-9090-exec-3] c.n.c.c.a.ExceptionAdvice [ExceptionAdvice.java:24] org.apache.catalina.core.ApplicationFilterChain.doFilter(ApplicationFilterChain.java:166)
2020-02-12 19:19:19,361 ERROR [http-nio-9090-exec-3] c.n.c.c.a.ExceptionAdvice [ExceptionAdvice.java:24] org.springframework.web.filter.RequestContextFilter.doFilterInternal(RequestContextFilter.java:99)
2020-02-12 19:19:19,361 ERROR [http-nio-9090-exec-3] c.n.c.c.a.ExceptionAdvice [ExceptionAdvice.java:24] org.springframework.web.filter.OncePerRequestFilter.doFilter(OncePerRequestFilter.java:107)
2020-02-12 19:19:19,361 ERROR [http-nio-9090-exec-3] c.n.c.c.a.ExceptionAdvice [ExceptionAdvice.java:24] org.apache.catalina.core.ApplicationFilterChain.internalDoFilter(ApplicationFilterChain.java:193)
2020-02-12 19:19:19,361 ERROR [http-nio-9090-exec-3] c.n.c.c.a.ExceptionAdvice [ExceptionAdvice.java:24] org.apache.catalina.core.ApplicationFilterChain.doFilter(ApplicationFilterChain.java:166)
2020-02-12 19:19:19,361 ERROR [http-nio-9090-exec-3] c.n.c.c.a.ExceptionAdvice [ExceptionAdvice.java:24] org.springframework.web.filter.FormContentFilter.doFilterInternal(FormContentFilter.java:92)
2020-02-12 19:19:19,362 ERROR [http-nio-9090-exec-3] c.n.c.c.a.ExceptionAdvice [ExceptionAdvice.java:24] org.springframework.web.filter.OncePerRequestFilter.doFilter(OncePerRequestFilter.java:107)
2020-02-12 19:19:19,362 ERROR [http-nio-9090-exec-3] c.n.c.c.a.ExceptionAdvice [ExceptionAdvice.java:24] org.apache.catalina.core.ApplicationFilterChain.internalDoFilter(ApplicationFilterChain.java:193)
2020-02-12 19:19:19,362 ERROR [http-nio-9090-exec-3] c.n.c.c.a.ExceptionAdvice [ExceptionAdvice.java:24] org.apache.catalina.core.ApplicationFilterChain.doFilter(ApplicationFilterChain.java:166)
2020-02-12 19:19:19,362 ERROR [http-nio-9090-exec-3] c.n.c.c.a.ExceptionAdvice [ExceptionAdvice.java:24] org.springframework.web.filter.HiddenHttpMethodFilter.doFilterInternal(HiddenHttpMethodFilter.java:93)
2020-02-12 19:19:19,362 ERROR [http-nio-9090-exec-3] c.n.c.c.a.ExceptionAdvice [ExceptionAdvice.java:24] org.springframework.web.filter.OncePerRequestFilter.doFilter(OncePerRequestFilter.java:107)
2020-02-12 19:19:19,362 ERROR [http-nio-9090-exec-3] c.n.c.c.a.ExceptionAdvice [ExceptionAdvice.java:24] org.apache.catalina.core.ApplicationFilterChain.internalDoFilter(ApplicationFilterChain.java:193)
2020-02-12 19:19:19,363 ERROR [http-nio-9090-exec-3] c.n.c.c.a.ExceptionAdvice [ExceptionAdvice.java:24] org.apache.catalina.core.ApplicationFilterChain.doFilter(ApplicationFilterChain.java:166)
2020-02-12 19:19:19,363 ERROR [http-nio-9090-exec-3] c.n.c.c.a.ExceptionAdvice [ExceptionAdvice.java:24] org.springframework.web.filter.CharacterEncodingFilter.doFilterInternal(CharacterEncodingFilter.java:200)
2020-02-12 19:19:19,363 ERROR [http-nio-9090-exec-3] c.n.c.c.a.ExceptionAdvice [ExceptionAdvice.java:24] org.springframework.web.filter.OncePerRequestFilter.doFilter(OncePerRequestFilter.java:107)
2020-02-12 19:19:19,363 ERROR [http-nio-9090-exec-3] c.n.c.c.a.ExceptionAdvice [ExceptionAdvice.java:24] org.apache.catalina.core.ApplicationFilterChain.internalDoFilter(ApplicationFilterChain.java:193)
2020-02-12 19:19:19,363 ERROR [http-nio-9090-exec-3] c.n.c.c.a.ExceptionAdvice [ExceptionAdvice.java:24] org.apache.catalina.core.ApplicationFilterChain.doFilter(ApplicationFilterChain.java:166)
2020-02-12 19:19:19,363 ERROR [http-nio-9090-exec-3] c.n.c.c.a.ExceptionAdvice [ExceptionAdvice.java:24] org.apache.catalina.core.StandardWrapperValve.invoke(StandardWrapperValve.java:200)
2020-02-12 19:19:19,364 ERROR [http-nio-9090-exec-3] c.n.c.c.a.ExceptionAdvice [ExceptionAdvice.java:24] org.apache.catalina.core.StandardContextValve.invoke(StandardContextValve.java:96)
2020-02-12 19:19:19,364 ERROR [http-nio-9090-exec-3] c.n.c.c.a.ExceptionAdvice [ExceptionAdvice.java:24] org.apache.catalina.authenticator.AuthenticatorBase.invoke(AuthenticatorBase.java:490)
2020-02-12 19:19:19,364 ERROR [http-nio-9090-exec-3] c.n.c.c.a.ExceptionAdvice [ExceptionAdvice.java:24] org.apache.catalina.core.StandardHostValve.invoke(StandardHostValve.java:139)
2020-02-12 19:19:19,364 ERROR [http-nio-9090-exec-3] c.n.c.c.a.ExceptionAdvice [ExceptionAdvice.java:24] org.apache.catalina.valves.ErrorReportValve.invoke(ErrorReportValve.java:92)
2020-02-12 19:19:19,364 ERROR [http-nio-9090-exec-3] c.n.c.c.a.ExceptionAdvice [ExceptionAdvice.java:24] org.apache.catalina.core.StandardEngineValve.invoke(StandardEngineValve.java:74)
2020-02-12 19:19:19,364 ERROR [http-nio-9090-exec-3] c.n.c.c.a.ExceptionAdvice [ExceptionAdvice.java:24] org.apache.catalina.connector.CoyoteAdapter.service(CoyoteAdapter.java:343)
2020-02-12 19:19:19,365 ERROR [http-nio-9090-exec-3] c.n.c.c.a.ExceptionAdvice [ExceptionAdvice.java:24] org.apache.coyote.http11.Http11Processor.service(Http11Processor.java:408)
2020-02-12 19:19:19,365 ERROR [http-nio-9090-exec-3] c.n.c.c.a.ExceptionAdvice [ExceptionAdvice.java:24] org.apache.coyote.AbstractProcessorLight.process(AbstractProcessorLight.java:66)
2020-02-12 19:19:19,365 ERROR [http-nio-9090-exec-3] c.n.c.c.a.ExceptionAdvice [ExceptionAdvice.java:24] org.apache.coyote.AbstractProtocol$ConnectionHandler.process(AbstractProtocol.java:836)
2020-02-12 19:19:19,366 ERROR [http-nio-9090-exec-3] c.n.c.c.a.ExceptionAdvice [ExceptionAdvice.java:24] org.apache.tomcat.util.net.NioEndpoint$SocketProcessor.doRun(NioEndpoint.java:1747)
2020-02-12 19:19:19,366 ERROR [http-nio-9090-exec-3] c.n.c.c.a.ExceptionAdvice [ExceptionAdvice.java:24] org.apache.tomcat.util.net.SocketProcessorBase.run(SocketProcessorBase.java:49)
2020-02-12 19:19:19,366 ERROR [http-nio-9090-exec-3] c.n.c.c.a.ExceptionAdvice [ExceptionAdvice.java:24] java.base/java.util.concurrent.ThreadPoolExecutor.runWorker(ThreadPoolExecutor.java:1128)
2020-02-12 19:19:19,366 ERROR [http-nio-9090-exec-3] c.n.c.c.a.ExceptionAdvice [ExceptionAdvice.java:24] java.base/java.util.concurrent.ThreadPoolExecutor$Worker.run(ThreadPoolExecutor.java:628)
2020-02-12 19:19:19,366 ERROR [http-nio-9090-exec-3] c.n.c.c.a.ExceptionAdvice [ExceptionAdvice.java:24] org.apache.tomcat.util.threads.TaskThread$WrappingRunnable.run(TaskThread.java:61)
2020-02-12 19:19:19,367 ERROR [http-nio-9090-exec-3] c.n.c.c.a.ExceptionAdvice [ExceptionAdvice.java:24] java.base/java.lang.Thread.run(Thread.java:834)
