2020-02-20 00:03:23,265 INFO [communityScheduler_Worker-1] c.n.c.q.PostScoreRefreshJob [PostScoreRefreshJob.java:58] [任务取消] 没有需要刷新的帖子!
2020-02-20 00:08:23,269 INFO [communityScheduler_Worker-2] c.n.c.q.PostScoreRefreshJob [PostScoreRefreshJob.java:58] [任务取消] 没有需要刷新的帖子!
2020-02-20 00:13:23,268 INFO [communityScheduler_Worker-3] c.n.c.q.PostScoreRefreshJob [PostScoreRefreshJob.java:58] [任务取消] 没有需要刷新的帖子!
2020-02-20 00:18:23,268 INFO [communityScheduler_Worker-4] c.n.c.q.PostScoreRefreshJob [PostScoreRefreshJob.java:58] [任务取消] 没有需要刷新的帖子!
2020-02-20 00:23:23,269 INFO [communityScheduler_Worker-5] c.n.c.q.PostScoreRefreshJob [PostScoreRefreshJob.java:58] [任务取消] 没有需要刷新的帖子!
2020-02-20 00:28:23,269 INFO [communityScheduler_Worker-1] c.n.c.q.PostScoreRefreshJob [PostScoreRefreshJob.java:58] [任务取消] 没有需要刷新的帖子!
2020-02-20 00:33:23,268 INFO [communityScheduler_Worker-2] c.n.c.q.PostScoreRefreshJob [PostScoreRefreshJob.java:58] [任务取消] 没有需要刷新的帖子!
2020-02-20 00:38:23,268 INFO [communityScheduler_Worker-3] c.n.c.q.PostScoreRefreshJob [PostScoreRefreshJob.java:58] [任务取消] 没有需要刷新的帖子!
2020-02-20 00:43:23,269 INFO [communityScheduler_Worker-4] c.n.c.q.PostScoreRefreshJob [PostScoreRefreshJob.java:58] [任务取消] 没有需要刷新的帖子!
2020-02-20 00:48:23,268 INFO [communityScheduler_Worker-5] c.n.c.q.PostScoreRefreshJob [PostScoreRefreshJob.java:58] [任务取消] 没有需要刷新的帖子!
2020-02-20 00:53:23,278 INFO [communityScheduler_Worker-1] c.n.c.q.PostScoreRefreshJob [PostScoreRefreshJob.java:58] [任务取消] 没有需要刷新的帖子!
2020-02-20 00:58:23,271 INFO [communityScheduler_Worker-2] c.n.c.q.PostScoreRefreshJob [PostScoreRefreshJob.java:58] [任务取消] 没有需要刷新的帖子!
2020-02-20 01:03:23,271 INFO [communityScheduler_Worker-3] c.n.c.q.PostScoreRefreshJob [PostScoreRefreshJob.java:58] [任务取消] 没有需要刷新的帖子!
2020-02-20 01:08:23,270 INFO [communityScheduler_Worker-4] c.n.c.q.PostScoreRefreshJob [PostScoreRefreshJob.java:58] [任务取消] 没有需要刷新的帖子!
2020-02-20 01:13:23,271 INFO [communityScheduler_Worker-5] c.n.c.q.PostScoreRefreshJob [PostScoreRefreshJob.java:58] [任务取消] 没有需要刷新的帖子!
2020-02-20 01:18:23,269 INFO [communityScheduler_Worker-1] c.n.c.q.PostScoreRefreshJob [PostScoreRefreshJob.java:58] [任务取消] 没有需要刷新的帖子!
2020-02-20 01:23:23,268 INFO [communityScheduler_Worker-2] c.n.c.q.PostScoreRefreshJob [PostScoreRefreshJob.java:58] [任务取消] 没有需要刷新的帖子!
2020-02-20 01:28:23,272 INFO [communityScheduler_Worker-3] c.n.c.q.PostScoreRefreshJob [PostScoreRefreshJob.java:58] [任务取消] 没有需要刷新的帖子!
2020-02-20 01:33:23,268 INFO [communityScheduler_Worker-4] c.n.c.q.PostScoreRefreshJob [PostScoreRefreshJob.java:58] [任务取消] 没有需要刷新的帖子!
2020-02-20 01:38:23,273 INFO [communityScheduler_Worker-5] c.n.c.q.PostScoreRefreshJob [PostScoreRefreshJob.java:58] [任务取消] 没有需要刷新的帖子!
2020-02-20 01:43:23,274 INFO [communityScheduler_Worker-1] c.n.c.q.PostScoreRefreshJob [PostScoreRefreshJob.java:58] [任务取消] 没有需要刷新的帖子!
2020-02-20 01:48:23,271 INFO [communityScheduler_Worker-2] c.n.c.q.PostScoreRefreshJob [PostScoreRefreshJob.java:58] [任务取消] 没有需要刷新的帖子!
2020-02-20 01:51:42,350 INFO [kafka-coordinator-heartbeat-thread | test-consumer-group] o.a.k.c.c.i.AbstractCoordinator [AbstractCoordinator.java:729] [Consumer clientId=consumer-2, groupId=test-consumer-group] Group coordinator localhost:9092 (id: 2147483647 rack: null) is unavailable or invalid, will attempt rediscovery
2020-02-20 01:51:42,350 INFO [kafka-coordinator-heartbeat-thread | test-consumer-group] o.a.k.c.c.i.AbstractCoordinator [AbstractCoordinator.java:729] [Consumer clientId=consumer-4, groupId=test-consumer-group] Group coordinator localhost:9092 (id: 2147483647 rack: null) is unavailable or invalid, will attempt rediscovery
2020-02-20 01:51:42,350 INFO [kafka-coordinator-heartbeat-thread | test-consumer-group] o.a.k.c.c.i.AbstractCoordinator [AbstractCoordinator.java:729] [Consumer clientId=consumer-6, groupId=test-consumer-group] Group coordinator localhost:9092 (id: 2147483647 rack: null) is unavailable or invalid, will attempt rediscovery
2020-02-20 01:51:42,353 INFO [org.springframework.kafka.KafkaListenerEndpointContainer#1-0-C-1] o.a.k.c.c.i.AbstractCoordinator [AbstractCoordinator.java:677] [Consumer clientId=consumer-6, groupId=test-consumer-group] Discovered group coordinator localhost:9092 (id: 2147483647 rack: null)
2020-02-20 01:51:42,354 INFO [org.springframework.kafka.KafkaListenerEndpointContainer#1-0-C-1] o.a.k.c.c.i.AbstractCoordinator [AbstractCoordinator.java:729] [Consumer clientId=consumer-6, groupId=test-consumer-group] Group coordinator localhost:9092 (id: 2147483647 rack: null) is unavailable or invalid, will attempt rediscovery
2020-02-20 01:51:42,353 INFO [org.springframework.kafka.KafkaListenerEndpointContainer#0-0-C-1] o.a.k.c.c.i.AbstractCoordinator [AbstractCoordinator.java:677] [Consumer clientId=consumer-4, groupId=test-consumer-group] Discovered group coordinator localhost:9092 (id: 2147483647 rack: null)
2020-02-20 01:51:42,355 INFO [org.springframework.kafka.KafkaListenerEndpointContainer#0-0-C-1] o.a.k.c.c.i.AbstractCoordinator [AbstractCoordinator.java:729] [Consumer clientId=consumer-4, groupId=test-consumer-group] Group coordinator localhost:9092 (id: 2147483647 rack: null) is unavailable or invalid, will attempt rediscovery
2020-02-20 01:51:42,353 INFO [org.springframework.kafka.KafkaListenerEndpointContainer#2-0-C-1] o.a.k.c.c.i.AbstractCoordinator [AbstractCoordinator.java:677] [Consumer clientId=consumer-2, groupId=test-consumer-group] Discovered group coordinator localhost:9092 (id: 2147483647 rack: null)
2020-02-20 01:51:42,356 INFO [org.springframework.kafka.KafkaListenerEndpointContainer#2-0-C-1] o.a.k.c.c.i.AbstractCoordinator [AbstractCoordinator.java:729] [Consumer clientId=consumer-2, groupId=test-consumer-group] Group coordinator localhost:9092 (id: 2147483647 rack: null) is unavailable or invalid, will attempt rediscovery
2020-02-20 01:51:42,464 INFO [org.springframework.kafka.KafkaListenerEndpointContainer#1-0-C-1] o.a.k.c.c.i.AbstractCoordinator [AbstractCoordinator.java:677] [Consumer clientId=consumer-6, groupId=test-consumer-group] Discovered group coordinator localhost:9092 (id: 2147483647 rack: null)
2020-02-20 01:51:42,465 INFO [org.springframework.kafka.KafkaListenerEndpointContainer#0-0-C-1] o.a.k.c.c.i.AbstractCoordinator [AbstractCoordinator.java:677] [Consumer clientId=consumer-4, groupId=test-consumer-group] Discovered group coordinator localhost:9092 (id: 2147483647 rack: null)
2020-02-20 01:51:42,466 INFO [org.springframework.kafka.KafkaListenerEndpointContainer#2-0-C-1] o.a.k.c.c.i.AbstractCoordinator [AbstractCoordinator.java:677] [Consumer clientId=consumer-2, groupId=test-consumer-group] Discovered group coordinator localhost:9092 (id: 2147483647 rack: null)
2020-02-20 02:27:03,865 INFO [org.springframework.kafka.KafkaListenerEndpointContainer#1-0-C-1] o.a.k.c.FetchSessionHandler [FetchSessionHandler.java:440] [Consumer clientId=consumer-6, groupId=test-consumer-group] Error sending fetch request (sessionId=1710549118, epoch=31216) to node 0: org.apache.kafka.common.errors.DisconnectException.
2020-02-20 02:27:03,865 INFO [org.springframework.kafka.KafkaListenerEndpointContainer#2-0-C-1] o.a.k.c.FetchSessionHandler [FetchSessionHandler.java:440] [Consumer clientId=consumer-2, groupId=test-consumer-group] Error sending fetch request (sessionId=462490862, epoch=31222) to node 0: org.apache.kafka.common.errors.DisconnectException.
2020-02-20 02:27:03,865 INFO [org.springframework.kafka.KafkaListenerEndpointContainer#0-0-C-1] o.a.k.c.FetchSessionHandler [FetchSessionHandler.java:440] [Consumer clientId=consumer-4, groupId=test-consumer-group] Error sending fetch request (sessionId=975051578, epoch=31216) to node 0: org.apache.kafka.common.errors.DisconnectException.
2020-02-20 02:27:03,866 INFO [kafka-coordinator-heartbeat-thread | test-consumer-group] o.a.k.c.c.i.AbstractCoordinator [AbstractCoordinator.java:729] [Consumer clientId=consumer-2, groupId=test-consumer-group] Group coordinator localhost:9092 (id: 2147483647 rack: null) is unavailable or invalid, will attempt rediscovery
2020-02-20 02:27:03,866 INFO [kafka-coordinator-heartbeat-thread | test-consumer-group] o.a.k.c.c.i.AbstractCoordinator [AbstractCoordinator.java:729] [Consumer clientId=consumer-6, groupId=test-consumer-group] Group coordinator localhost:9092 (id: 2147483647 rack: null) is unavailable or invalid, will attempt rediscovery
2020-02-20 02:27:03,866 INFO [kafka-coordinator-heartbeat-thread | test-consumer-group] o.a.k.c.c.i.AbstractCoordinator [AbstractCoordinator.java:729] [Consumer clientId=consumer-4, groupId=test-consumer-group] Group coordinator localhost:9092 (id: 2147483647 rack: null) is unavailable or invalid, will attempt rediscovery
2020-02-20 02:27:03,920 INFO [org.springframework.kafka.KafkaListenerEndpointContainer#1-0-C-1] o.a.k.c.c.i.AbstractCoordinator [AbstractCoordinator.java:677] [Consumer clientId=consumer-6, groupId=test-consumer-group] Discovered group coordinator localhost:9092 (id: 2147483647 rack: null)
2020-02-20 02:27:03,920 INFO [org.springframework.kafka.KafkaListenerEndpointContainer#1-0-C-1] o.a.k.c.c.i.AbstractCoordinator [AbstractCoordinator.java:729] [Consumer clientId=consumer-6, groupId=test-consumer-group] Group coordinator localhost:9092 (id: 2147483647 rack: null) is unavailable or invalid, will attempt rediscovery
2020-02-20 02:27:03,970 INFO [org.springframework.kafka.KafkaListenerEndpointContainer#0-0-C-1] o.a.k.c.c.i.AbstractCoordinator [AbstractCoordinator.java:677] [Consumer clientId=consumer-4, groupId=test-consumer-group] Discovered group coordinator localhost:9092 (id: 2147483647 rack: null)
2020-02-20 02:27:03,972 INFO [org.springframework.kafka.KafkaListenerEndpointContainer#2-0-C-1] o.a.k.c.c.i.AbstractCoordinator [AbstractCoordinator.java:677] [Consumer clientId=consumer-2, groupId=test-consumer-group] Discovered group coordinator localhost:9092 (id: 2147483647 rack: null)
2020-02-20 02:27:04,029 INFO [org.springframework.kafka.KafkaListenerEndpointContainer#1-0-C-1] o.a.k.c.c.i.AbstractCoordinator [AbstractCoordinator.java:677] [Consumer clientId=consumer-6, groupId=test-consumer-group] Discovered group coordinator localhost:9092 (id: 2147483647 rack: null)
2020-02-20 02:27:45,082 INFO [QuartzScheduler_communityScheduler-Summer1582119053411_MisfireHandler] o.s.s.q.LocalDataSourceJobStore [JobStoreSupport.java:973] Handling 2 trigger(s) that missed their scheduled fire-time.
2020-02-20 02:28:23,296 INFO [communityScheduler_Worker-1] c.n.c.q.PostScoreRefreshJob [PostScoreRefreshJob.java:58] [任务取消] 没有需要刷新的帖子!
2020-02-20 02:33:23,274 INFO [communityScheduler_Worker-2] c.n.c.q.PostScoreRefreshJob [PostScoreRefreshJob.java:58] [任务取消] 没有需要刷新的帖子!
2020-02-20 02:38:23,271 INFO [communityScheduler_Worker-3] c.n.c.q.PostScoreRefreshJob [PostScoreRefreshJob.java:58] [任务取消] 没有需要刷新的帖子!
2020-02-20 02:43:23,271 INFO [communityScheduler_Worker-4] c.n.c.q.PostScoreRefreshJob [PostScoreRefreshJob.java:58] [任务取消] 没有需要刷新的帖子!
2020-02-20 02:48:23,278 INFO [communityScheduler_Worker-5] c.n.c.q.PostScoreRefreshJob [PostScoreRefreshJob.java:58] [任务取消] 没有需要刷新的帖子!
2020-02-20 02:53:23,271 INFO [communityScheduler_Worker-1] c.n.c.q.PostScoreRefreshJob [PostScoreRefreshJob.java:58] [任务取消] 没有需要刷新的帖子!
2020-02-20 02:58:23,276 INFO [communityScheduler_Worker-2] c.n.c.q.PostScoreRefreshJob [PostScoreRefreshJob.java:58] [任务取消] 没有需要刷新的帖子!
2020-02-20 03:03:23,275 INFO [communityScheduler_Worker-3] c.n.c.q.PostScoreRefreshJob [PostScoreRefreshJob.java:58] [任务取消] 没有需要刷新的帖子!
2020-02-20 03:08:23,294 INFO [communityScheduler_Worker-4] c.n.c.q.PostScoreRefreshJob [PostScoreRefreshJob.java:58] [任务取消] 没有需要刷新的帖子!
2020-02-20 05:09:32,906 INFO [kafka-coordinator-heartbeat-thread | test-consumer-group] o.a.k.c.c.i.AbstractCoordinator [AbstractCoordinator.java:729] [Consumer clientId=consumer-4, groupId=test-consumer-group] Group coordinator localhost:9092 (id: 2147483647 rack: null) is unavailable or invalid, will attempt rediscovery
2020-02-20 05:09:32,906 INFO [kafka-coordinator-heartbeat-thread | test-consumer-group] o.a.k.c.c.i.AbstractCoordinator [AbstractCoordinator.java:729] [Consumer clientId=consumer-2, groupId=test-consumer-group] Group coordinator localhost:9092 (id: 2147483647 rack: null) is unavailable or invalid, will attempt rediscovery
2020-02-20 05:09:32,906 INFO [kafka-coordinator-heartbeat-thread | test-consumer-group] o.a.k.c.c.i.AbstractCoordinator [AbstractCoordinator.java:729] [Consumer clientId=consumer-6, groupId=test-consumer-group] Group coordinator localhost:9092 (id: 2147483647 rack: null) is unavailable or invalid, will attempt rediscovery
2020-02-20 05:09:32,912 INFO [org.springframework.kafka.KafkaListenerEndpointContainer#0-0-C-1] o.a.k.c.c.i.AbstractCoordinator [AbstractCoordinator.java:677] [Consumer clientId=consumer-4, groupId=test-consumer-group] Discovered group coordinator localhost:9092 (id: 2147483647 rack: null)
2020-02-20 05:09:32,913 INFO [org.springframework.kafka.KafkaListenerEndpointContainer#0-0-C-1] o.a.k.c.c.i.AbstractCoordinator [AbstractCoordinator.java:729] [Consumer clientId=consumer-4, groupId=test-consumer-group] Group coordinator localhost:9092 (id: 2147483647 rack: null) is unavailable or invalid, will attempt rediscovery
2020-02-20 05:09:32,914 INFO [org.springframework.kafka.KafkaListenerEndpointContainer#2-0-C-1] o.a.k.c.c.i.AbstractCoordinator [AbstractCoordinator.java:677] [Consumer clientId=consumer-2, groupId=test-consumer-group] Discovered group coordinator localhost:9092 (id: 2147483647 rack: null)
2020-02-20 05:09:32,914 INFO [org.springframework.kafka.KafkaListenerEndpointContainer#1-0-C-1] o.a.k.c.c.i.AbstractCoordinator [AbstractCoordinator.java:677] [Consumer clientId=consumer-6, groupId=test-consumer-group] Discovered group coordinator localhost:9092 (id: 2147483647 rack: null)
2020-02-20 05:09:32,915 INFO [org.springframework.kafka.KafkaListenerEndpointContainer#1-0-C-1] o.a.k.c.c.i.AbstractCoordinator [AbstractCoordinator.java:729] [Consumer clientId=consumer-6, groupId=test-consumer-group] Group coordinator localhost:9092 (id: 2147483647 rack: null) is unavailable or invalid, will attempt rediscovery
2020-02-20 05:09:32,915 INFO [org.springframework.kafka.KafkaListenerEndpointContainer#2-0-C-1] o.a.k.c.c.i.AbstractCoordinator [AbstractCoordinator.java:729] [Consumer clientId=consumer-2, groupId=test-consumer-group] Group coordinator localhost:9092 (id: 2147483647 rack: null) is unavailable or invalid, will attempt rediscovery
2020-02-20 05:09:33,020 INFO [org.springframework.kafka.KafkaListenerEndpointContainer#0-0-C-1] o.a.k.c.c.i.AbstractCoordinator [AbstractCoordinator.java:677] [Consumer clientId=consumer-4, groupId=test-consumer-group] Discovered group coordinator localhost:9092 (id: 2147483647 rack: null)
2020-02-20 05:09:33,022 INFO [org.springframework.kafka.KafkaListenerEndpointContainer#2-0-C-1] o.a.k.c.c.i.AbstractCoordinator [AbstractCoordinator.java:677] [Consumer clientId=consumer-2, groupId=test-consumer-group] Discovered group coordinator localhost:9092 (id: 2147483647 rack: null)
2020-02-20 05:09:33,022 INFO [org.springframework.kafka.KafkaListenerEndpointContainer#1-0-C-1] o.a.k.c.c.i.AbstractCoordinator [AbstractCoordinator.java:677] [Consumer clientId=consumer-6, groupId=test-consumer-group] Discovered group coordinator localhost:9092 (id: 2147483647 rack: null)
2020-02-20 05:09:43,497 INFO [QuartzScheduler_communityScheduler-Summer1582119053411_MisfireHandler] o.s.s.q.LocalDataSourceJobStore [JobStoreSupport.java:973] Handling 2 trigger(s) that missed their scheduled fire-time.
2020-02-20 05:13:23,271 INFO [communityScheduler_Worker-3] c.n.c.q.PostScoreRefreshJob [PostScoreRefreshJob.java:58] [任务取消] 没有需要刷新的帖子!
2020-02-20 05:18:23,271 INFO [communityScheduler_Worker-4] c.n.c.q.PostScoreRefreshJob [PostScoreRefreshJob.java:58] [任务取消] 没有需要刷新的帖子!
2020-02-20 05:23:23,277 INFO [communityScheduler_Worker-5] c.n.c.q.PostScoreRefreshJob [PostScoreRefreshJob.java:58] [任务取消] 没有需要刷新的帖子!
2020-02-20 05:28:23,279 INFO [communityScheduler_Worker-1] c.n.c.q.PostScoreRefreshJob [PostScoreRefreshJob.java:58] [任务取消] 没有需要刷新的帖子!
2020-02-20 05:33:23,269 INFO [communityScheduler_Worker-2] c.n.c.q.PostScoreRefreshJob [PostScoreRefreshJob.java:58] [任务取消] 没有需要刷新的帖子!
2020-02-20 05:38:23,275 INFO [communityScheduler_Worker-3] c.n.c.q.PostScoreRefreshJob [PostScoreRefreshJob.java:58] [任务取消] 没有需要刷新的帖子!
2020-02-20 05:43:23,272 INFO [communityScheduler_Worker-4] c.n.c.q.PostScoreRefreshJob [PostScoreRefreshJob.java:58] [任务取消] 没有需要刷新的帖子!
2020-02-20 05:48:23,276 INFO [communityScheduler_Worker-5] c.n.c.q.PostScoreRefreshJob [PostScoreRefreshJob.java:58] [任务取消] 没有需要刷新的帖子!
2020-02-20 05:53:23,271 INFO [communityScheduler_Worker-1] c.n.c.q.PostScoreRefreshJob [PostScoreRefreshJob.java:58] [任务取消] 没有需要刷新的帖子!
2020-02-20 05:58:23,276 INFO [communityScheduler_Worker-2] c.n.c.q.PostScoreRefreshJob [PostScoreRefreshJob.java:58] [任务取消] 没有需要刷新的帖子!
2020-02-20 06:03:23,270 INFO [communityScheduler_Worker-3] c.n.c.q.PostScoreRefreshJob [PostScoreRefreshJob.java:58] [任务取消] 没有需要刷新的帖子!
2020-02-20 06:08:23,275 INFO [communityScheduler_Worker-4] c.n.c.q.PostScoreRefreshJob [PostScoreRefreshJob.java:58] [任务取消] 没有需要刷新的帖子!
2020-02-20 06:13:23,290 INFO [communityScheduler_Worker-5] c.n.c.q.PostScoreRefreshJob [PostScoreRefreshJob.java:58] [任务取消] 没有需要刷新的帖子!
2020-02-20 06:18:23,296 INFO [communityScheduler_Worker-1] c.n.c.q.PostScoreRefreshJob [PostScoreRefreshJob.java:58] [任务取消] 没有需要刷新的帖子!
2020-02-20 08:19:45,739 INFO [org.springframework.kafka.KafkaListenerEndpointContainer#0-0-C-1] o.a.k.c.FetchSessionHandler [FetchSessionHandler.java:440] [Consumer clientId=consumer-4, groupId=test-consumer-group] Error sending fetch request (sessionId=1524405521, epoch=13419) to node 0: org.apache.kafka.common.errors.DisconnectException.
2020-02-20 08:19:45,740 INFO [org.springframework.kafka.KafkaListenerEndpointContainer#2-0-C-1] o.a.k.c.FetchSessionHandler [FetchSessionHandler.java:440] [Consumer clientId=consumer-2, groupId=test-consumer-group] Error sending fetch request (sessionId=1497552938, epoch=13419) to node 0: org.apache.kafka.common.errors.DisconnectException.
2020-02-20 08:19:45,739 INFO [org.springframework.kafka.KafkaListenerEndpointContainer#1-0-C-1] o.a.k.c.FetchSessionHandler [FetchSessionHandler.java:440] [Consumer clientId=consumer-6, groupId=test-consumer-group] Error sending fetch request (sessionId=1994285080, epoch=13419) to node 0: org.apache.kafka.common.errors.DisconnectException.
2020-02-20 08:19:45,745 INFO [kafka-coordinator-heartbeat-thread | test-consumer-group] o.a.k.c.c.i.AbstractCoordinator [AbstractCoordinator.java:729] [Consumer clientId=consumer-2, groupId=test-consumer-group] Group coordinator localhost:9092 (id: 2147483647 rack: null) is unavailable or invalid, will attempt rediscovery
2020-02-20 08:19:45,748 INFO [kafka-coordinator-heartbeat-thread | test-consumer-group] o.a.k.c.c.i.AbstractCoordinator [AbstractCoordinator.java:729] [Consumer clientId=consumer-4, groupId=test-consumer-group] Group coordinator localhost:9092 (id: 2147483647 rack: null) is unavailable or invalid, will attempt rediscovery
2020-02-20 08:19:45,749 INFO [kafka-coordinator-heartbeat-thread | test-consumer-group] o.a.k.c.c.i.AbstractCoordinator [AbstractCoordinator.java:729] [Consumer clientId=consumer-6, groupId=test-consumer-group] Group coordinator localhost:9092 (id: 2147483647 rack: null) is unavailable or invalid, will attempt rediscovery
2020-02-20 08:19:45,810 INFO [org.springframework.kafka.KafkaListenerEndpointContainer#2-0-C-1] o.a.k.c.c.i.AbstractCoordinator [AbstractCoordinator.java:677] [Consumer clientId=consumer-2, groupId=test-consumer-group] Discovered group coordinator localhost:9092 (id: 2147483647 rack: null)
2020-02-20 08:19:45,810 INFO [org.springframework.kafka.KafkaListenerEndpointContainer#1-0-C-1] o.a.k.c.c.i.AbstractCoordinator [AbstractCoordinator.java:677] [Consumer clientId=consumer-6, groupId=test-consumer-group] Discovered group coordinator localhost:9092 (id: 2147483647 rack: null)
2020-02-20 08:19:45,810 INFO [org.springframework.kafka.KafkaListenerEndpointContainer#0-0-C-1] o.a.k.c.c.i.AbstractCoordinator [AbstractCoordinator.java:677] [Consumer clientId=consumer-4, groupId=test-consumer-group] Discovered group coordinator localhost:9092 (id: 2147483647 rack: null)
2020-02-20 08:20:41,917 INFO [QuartzScheduler_communityScheduler-Summer1582119053411_MisfireHandler] o.s.s.q.LocalDataSourceJobStore [JobStoreSupport.java:973] Handling 2 trigger(s) that missed their scheduled fire-time.
2020-02-20 08:23:23,278 INFO [communityScheduler_Worker-4] c.n.c.q.PostScoreRefreshJob [PostScoreRefreshJob.java:58] [任务取消] 没有需要刷新的帖子!
2020-02-20 08:28:23,273 INFO [communityScheduler_Worker-5] c.n.c.q.PostScoreRefreshJob [PostScoreRefreshJob.java:58] [任务取消] 没有需要刷新的帖子!
2020-02-20 08:33:23,273 INFO [communityScheduler_Worker-1] c.n.c.q.PostScoreRefreshJob [PostScoreRefreshJob.java:58] [任务取消] 没有需要刷新的帖子!
2020-02-20 08:38:23,274 INFO [communityScheduler_Worker-2] c.n.c.q.PostScoreRefreshJob [PostScoreRefreshJob.java:58] [任务取消] 没有需要刷新的帖子!
2020-02-20 08:43:23,270 INFO [communityScheduler_Worker-3] c.n.c.q.PostScoreRefreshJob [PostScoreRefreshJob.java:58] [任务取消] 没有需要刷新的帖子!
2020-02-20 08:48:23,278 INFO [communityScheduler_Worker-4] c.n.c.q.PostScoreRefreshJob [PostScoreRefreshJob.java:58] [任务取消] 没有需要刷新的帖子!
2020-02-20 08:53:23,280 INFO [communityScheduler_Worker-5] c.n.c.q.PostScoreRefreshJob [PostScoreRefreshJob.java:58] [任务取消] 没有需要刷新的帖子!
2020-02-20 08:58:23,275 INFO [communityScheduler_Worker-1] c.n.c.q.PostScoreRefreshJob [PostScoreRefreshJob.java:58] [任务取消] 没有需要刷新的帖子!
2020-02-20 09:03:23,269 INFO [communityScheduler_Worker-2] c.n.c.q.PostScoreRefreshJob [PostScoreRefreshJob.java:58] [任务取消] 没有需要刷新的帖子!
2020-02-20 09:08:23,267 INFO [communityScheduler_Worker-3] c.n.c.q.PostScoreRefreshJob [PostScoreRefreshJob.java:58] [任务取消] 没有需要刷新的帖子!
2020-02-20 09:13:23,275 INFO [communityScheduler_Worker-4] c.n.c.q.PostScoreRefreshJob [PostScoreRefreshJob.java:58] [任务取消] 没有需要刷新的帖子!
2020-02-20 09:18:23,273 INFO [communityScheduler_Worker-5] c.n.c.q.PostScoreRefreshJob [PostScoreRefreshJob.java:58] [任务取消] 没有需要刷新的帖子!
2020-02-20 09:23:23,290 INFO [communityScheduler_Worker-1] c.n.c.q.PostScoreRefreshJob [PostScoreRefreshJob.java:58] [任务取消] 没有需要刷新的帖子!
2020-02-20 10:30:02,598 INFO [org.springframework.kafka.KafkaListenerEndpointContainer#2-0-C-1] o.a.k.c.FetchSessionHandler [FetchSessionHandler.java:440] [Consumer clientId=consumer-2, groupId=test-consumer-group] Error sending fetch request (sessionId=601040656, epoch=7677) to node 0: org.apache.kafka.common.errors.DisconnectException.
2020-02-20 10:30:02,598 INFO [org.springframework.kafka.KafkaListenerEndpointContainer#1-0-C-1] o.a.k.c.FetchSessionHandler [FetchSessionHandler.java:440] [Consumer clientId=consumer-6, groupId=test-consumer-group] Error sending fetch request (sessionId=283424694, epoch=7677) to node 0: org.apache.kafka.common.errors.DisconnectException.
2020-02-20 10:30:02,604 INFO [kafka-coordinator-heartbeat-thread | test-consumer-group] o.a.k.c.c.i.AbstractCoordinator [AbstractCoordinator.java:729] [Consumer clientId=consumer-6, groupId=test-consumer-group] Group coordinator localhost:9092 (id: 2147483647 rack: null) is unavailable or invalid, will attempt rediscovery
2020-02-20 10:30:02,604 INFO [kafka-coordinator-heartbeat-thread | test-consumer-group] o.a.k.c.c.i.AbstractCoordinator [AbstractCoordinator.java:729] [Consumer clientId=consumer-4, groupId=test-consumer-group] Group coordinator localhost:9092 (id: 2147483647 rack: null) is unavailable or invalid, will attempt rediscovery
2020-02-20 10:30:02,598 INFO [org.springframework.kafka.KafkaListenerEndpointContainer#0-0-C-1] o.a.k.c.FetchSessionHandler [FetchSessionHandler.java:440] [Consumer clientId=consumer-4, groupId=test-consumer-group] Error sending fetch request (sessionId=1553015379, epoch=7677) to node 0: org.apache.kafka.common.errors.DisconnectException.
2020-02-20 10:30:02,605 INFO [kafka-coordinator-heartbeat-thread | test-consumer-group] o.a.k.c.c.i.AbstractCoordinator [AbstractCoordinator.java:729] [Consumer clientId=consumer-2, groupId=test-consumer-group] Group coordinator localhost:9092 (id: 2147483647 rack: null) is unavailable or invalid, will attempt rediscovery
2020-02-20 10:30:02,660 INFO [org.springframework.kafka.KafkaListenerEndpointContainer#2-0-C-1] o.a.k.c.c.i.AbstractCoordinator [AbstractCoordinator.java:677] [Consumer clientId=consumer-2, groupId=test-consumer-group] Discovered group coordinator localhost:9092 (id: 2147483647 rack: null)
2020-02-20 10:30:02,660 INFO [org.springframework.kafka.KafkaListenerEndpointContainer#0-0-C-1] o.a.k.c.c.i.AbstractCoordinator [AbstractCoordinator.java:677] [Consumer clientId=consumer-4, groupId=test-consumer-group] Discovered group coordinator localhost:9092 (id: 2147483647 rack: null)
2020-02-20 10:30:02,661 INFO [org.springframework.kafka.KafkaListenerEndpointContainer#2-0-C-1] o.a.k.c.c.i.AbstractCoordinator [AbstractCoordinator.java:729] [Consumer clientId=consumer-2, groupId=test-consumer-group] Group coordinator localhost:9092 (id: 2147483647 rack: null) is unavailable or invalid, will attempt rediscovery
2020-02-20 10:30:02,665 INFO [org.springframework.kafka.KafkaListenerEndpointContainer#1-0-C-1] o.a.k.c.c.i.AbstractCoordinator [AbstractCoordinator.java:677] [Consumer clientId=consumer-6, groupId=test-consumer-group] Discovered group coordinator localhost:9092 (id: 2147483647 rack: null)
2020-02-20 10:30:02,768 INFO [org.springframework.kafka.KafkaListenerEndpointContainer#2-0-C-1] o.a.k.c.c.i.AbstractCoordinator [AbstractCoordinator.java:677] [Consumer clientId=consumer-2, groupId=test-consumer-group] Discovered group coordinator localhost:9092 (id: 2147483647 rack: null)
2020-02-20 10:30:28,481 INFO [QuartzScheduler_communityScheduler-Summer1582119053411_MisfireHandler] o.s.s.q.LocalDataSourceJobStore [JobStoreSupport.java:973] Handling 2 trigger(s) that missed their scheduled fire-time.
2020-02-20 10:33:23,271 INFO [communityScheduler_Worker-4] c.n.c.q.PostScoreRefreshJob [PostScoreRefreshJob.java:58] [任务取消] 没有需要刷新的帖子!
2020-02-20 10:38:23,278 INFO [communityScheduler_Worker-5] c.n.c.q.PostScoreRefreshJob [PostScoreRefreshJob.java:58] [任务取消] 没有需要刷新的帖子!
2020-02-20 10:43:23,278 INFO [communityScheduler_Worker-1] c.n.c.q.PostScoreRefreshJob [PostScoreRefreshJob.java:58] [任务取消] 没有需要刷新的帖子!
2020-02-20 10:48:23,280 INFO [communityScheduler_Worker-2] c.n.c.q.PostScoreRefreshJob [PostScoreRefreshJob.java:58] [任务取消] 没有需要刷新的帖子!
2020-02-20 10:53:23,271 INFO [communityScheduler_Worker-3] c.n.c.q.PostScoreRefreshJob [PostScoreRefreshJob.java:58] [任务取消] 没有需要刷新的帖子!
2020-02-20 10:58:23,274 INFO [communityScheduler_Worker-4] c.n.c.q.PostScoreRefreshJob [PostScoreRefreshJob.java:58] [任务取消] 没有需要刷新的帖子!
2020-02-20 11:03:23,276 INFO [communityScheduler_Worker-5] c.n.c.q.PostScoreRefreshJob [PostScoreRefreshJob.java:58] [任务取消] 没有需要刷新的帖子!
2020-02-20 11:54:23,074 INFO [kafka-coordinator-heartbeat-thread | test-consumer-group] o.a.k.c.c.i.AbstractCoordinator [AbstractCoordinator.java:729] [Consumer clientId=consumer-4, groupId=test-consumer-group] Group coordinator localhost:9092 (id: 2147483647 rack: null) is unavailable or invalid, will attempt rediscovery
2020-02-20 11:54:23,075 INFO [kafka-coordinator-heartbeat-thread | test-consumer-group] o.a.k.c.c.i.AbstractCoordinator [AbstractCoordinator.java:729] [Consumer clientId=consumer-2, groupId=test-consumer-group] Group coordinator localhost:9092 (id: 2147483647 rack: null) is unavailable or invalid, will attempt rediscovery
2020-02-20 11:54:23,082 INFO [QuartzScheduler_communityScheduler-Summer1582119053411_MisfireHandler] o.s.s.q.LocalDataSourceJobStore [JobStoreSupport.java:973] Handling 1 trigger(s) that missed their scheduled fire-time.
2020-02-20 11:54:23,125 INFO [kafka-coordinator-heartbeat-thread | test-consumer-group] o.a.k.c.c.i.AbstractCoordinator [AbstractCoordinator.java:729] [Consumer clientId=consumer-6, groupId=test-consumer-group] Group coordinator localhost:9092 (id: 2147483647 rack: null) is unavailable or invalid, will attempt rediscovery
2020-02-20 11:54:23,126 INFO [org.springframework.kafka.KafkaListenerEndpointContainer#0-0-C-1] o.a.k.c.c.i.AbstractCoordinator [AbstractCoordinator.java:677] [Consumer clientId=consumer-4, groupId=test-consumer-group] Discovered group coordinator localhost:9092 (id: 2147483647 rack: null)
2020-02-20 11:54:23,129 INFO [org.springframework.kafka.KafkaListenerEndpointContainer#1-0-C-1] o.a.k.c.c.i.AbstractCoordinator [AbstractCoordinator.java:677] [Consumer clientId=consumer-6, groupId=test-consumer-group] Discovered group coordinator localhost:9092 (id: 2147483647 rack: null)
2020-02-20 11:54:23,129 INFO [org.springframework.kafka.KafkaListenerEndpointContainer#1-0-C-1] o.a.k.c.c.i.AbstractCoordinator [AbstractCoordinator.java:729] [Consumer clientId=consumer-6, groupId=test-consumer-group] Group coordinator localhost:9092 (id: 2147483647 rack: null) is unavailable or invalid, will attempt rediscovery
2020-02-20 11:54:23,159 INFO [org.springframework.kafka.KafkaListenerEndpointContainer#2-0-C-1] o.a.k.c.c.i.AbstractCoordinator [AbstractCoordinator.java:677] [Consumer clientId=consumer-2, groupId=test-consumer-group] Discovered group coordinator localhost:9092 (id: 2147483647 rack: null)
2020-02-20 11:54:23,231 INFO [org.springframework.kafka.KafkaListenerEndpointContainer#1-0-C-1] o.a.k.c.c.i.AbstractCoordinator [AbstractCoordinator.java:677] [Consumer clientId=consumer-6, groupId=test-consumer-group] Discovered group coordinator localhost:9092 (id: 2147483647 rack: null)
2020-02-20 11:55:23,029 INFO [QuartzScheduler_communityScheduler-Summer1582119053411_MisfireHandler] o.s.s.q.LocalDataSourceJobStore [JobStoreSupport.java:973] Handling 1 trigger(s) that missed their scheduled fire-time.
2020-02-20 11:58:23,267 INFO [communityScheduler_Worker-4] c.n.c.q.PostScoreRefreshJob [PostScoreRefreshJob.java:58] [任务取消] 没有需要刷新的帖子!
2020-02-20 12:03:23,266 INFO [communityScheduler_Worker-5] c.n.c.q.PostScoreRefreshJob [PostScoreRefreshJob.java:58] [任务取消] 没有需要刷新的帖子!
2020-02-20 12:08:23,270 INFO [communityScheduler_Worker-1] c.n.c.q.PostScoreRefreshJob [PostScoreRefreshJob.java:58] [任务取消] 没有需要刷新的帖子!
2020-02-20 12:13:23,267 INFO [communityScheduler_Worker-2] c.n.c.q.PostScoreRefreshJob [PostScoreRefreshJob.java:58] [任务取消] 没有需要刷新的帖子!
2020-02-20 12:18:23,269 INFO [communityScheduler_Worker-3] c.n.c.q.PostScoreRefreshJob [PostScoreRefreshJob.java:58] [任务取消] 没有需要刷新的帖子!
2020-02-20 12:23:23,270 INFO [communityScheduler_Worker-4] c.n.c.q.PostScoreRefreshJob [PostScoreRefreshJob.java:58] [任务取消] 没有需要刷新的帖子!
2020-02-20 12:28:23,271 INFO [communityScheduler_Worker-5] c.n.c.q.PostScoreRefreshJob [PostScoreRefreshJob.java:58] [任务取消] 没有需要刷新的帖子!
2020-02-20 12:33:23,269 INFO [communityScheduler_Worker-1] c.n.c.q.PostScoreRefreshJob [PostScoreRefreshJob.java:58] [任务取消] 没有需要刷新的帖子!
2020-02-20 12:38:23,266 INFO [communityScheduler_Worker-2] c.n.c.q.PostScoreRefreshJob [PostScoreRefreshJob.java:58] [任务取消] 没有需要刷新的帖子!
2020-02-20 12:43:23,272 INFO [communityScheduler_Worker-3] c.n.c.q.PostScoreRefreshJob [PostScoreRefreshJob.java:58] [任务取消] 没有需要刷新的帖子!
2020-02-20 12:48:23,268 INFO [communityScheduler_Worker-4] c.n.c.q.PostScoreRefreshJob [PostScoreRefreshJob.java:58] [任务取消] 没有需要刷新的帖子!
2020-02-20 12:53:23,268 INFO [communityScheduler_Worker-5] c.n.c.q.PostScoreRefreshJob [PostScoreRefreshJob.java:58] [任务取消] 没有需要刷新的帖子!
2020-02-20 12:58:23,271 INFO [communityScheduler_Worker-1] c.n.c.q.PostScoreRefreshJob [PostScoreRefreshJob.java:58] [任务取消] 没有需要刷新的帖子!
2020-02-20 13:03:23,271 INFO [communityScheduler_Worker-2] c.n.c.q.PostScoreRefreshJob [PostScoreRefreshJob.java:58] [任务取消] 没有需要刷新的帖子!
2020-02-20 13:08:23,271 INFO [communityScheduler_Worker-3] c.n.c.q.PostScoreRefreshJob [PostScoreRefreshJob.java:58] [任务取消] 没有需要刷新的帖子!
2020-02-20 13:13:23,267 INFO [communityScheduler_Worker-4] c.n.c.q.PostScoreRefreshJob [PostScoreRefreshJob.java:58] [任务取消] 没有需要刷新的帖子!
2020-02-20 13:18:23,269 INFO [communityScheduler_Worker-5] c.n.c.q.PostScoreRefreshJob [PostScoreRefreshJob.java:58] [任务取消] 没有需要刷新的帖子!
2020-02-20 13:23:23,270 INFO [communityScheduler_Worker-1] c.n.c.q.PostScoreRefreshJob [PostScoreRefreshJob.java:58] [任务取消] 没有需要刷新的帖子!
2020-02-20 13:28:23,271 INFO [communityScheduler_Worker-2] c.n.c.q.PostScoreRefreshJob [PostScoreRefreshJob.java:58] [任务取消] 没有需要刷新的帖子!
2020-02-20 13:33:23,269 INFO [communityScheduler_Worker-3] c.n.c.q.PostScoreRefreshJob [PostScoreRefreshJob.java:58] [任务取消] 没有需要刷新的帖子!
2020-02-20 13:38:23,268 INFO [communityScheduler_Worker-4] c.n.c.q.PostScoreRefreshJob [PostScoreRefreshJob.java:58] [任务取消] 没有需要刷新的帖子!
2020-02-20 13:43:23,269 INFO [communityScheduler_Worker-5] c.n.c.q.PostScoreRefreshJob [PostScoreRefreshJob.java:58] [任务取消] 没有需要刷新的帖子!
2020-02-20 13:48:23,272 INFO [communityScheduler_Worker-1] c.n.c.q.PostScoreRefreshJob [PostScoreRefreshJob.java:58] [任务取消] 没有需要刷新的帖子!
2020-02-20 13:53:23,269 INFO [communityScheduler_Worker-2] c.n.c.q.PostScoreRefreshJob [PostScoreRefreshJob.java:58] [任务取消] 没有需要刷新的帖子!
2020-02-20 13:58:23,269 INFO [communityScheduler_Worker-3] c.n.c.q.PostScoreRefreshJob [PostScoreRefreshJob.java:58] [任务取消] 没有需要刷新的帖子!
2020-02-20 14:03:23,269 INFO [communityScheduler_Worker-4] c.n.c.q.PostScoreRefreshJob [PostScoreRefreshJob.java:58] [任务取消] 没有需要刷新的帖子!
2020-02-20 14:08:23,268 INFO [communityScheduler_Worker-5] c.n.c.q.PostScoreRefreshJob [PostScoreRefreshJob.java:58] [任务取消] 没有需要刷新的帖子!
2020-02-20 14:13:23,270 INFO [communityScheduler_Worker-1] c.n.c.q.PostScoreRefreshJob [PostScoreRefreshJob.java:58] [任务取消] 没有需要刷新的帖子!
2020-02-20 14:18:23,269 INFO [communityScheduler_Worker-2] c.n.c.q.PostScoreRefreshJob [PostScoreRefreshJob.java:58] [任务取消] 没有需要刷新的帖子!
2020-02-20 14:23:23,271 INFO [communityScheduler_Worker-3] c.n.c.q.PostScoreRefreshJob [PostScoreRefreshJob.java:58] [任务取消] 没有需要刷新的帖子!
2020-02-20 14:28:23,269 INFO [communityScheduler_Worker-4] c.n.c.q.PostScoreRefreshJob [PostScoreRefreshJob.java:58] [任务取消] 没有需要刷新的帖子!
2020-02-20 14:33:23,271 INFO [communityScheduler_Worker-5] c.n.c.q.PostScoreRefreshJob [PostScoreRefreshJob.java:58] [任务取消] 没有需要刷新的帖子!
2020-02-20 14:38:23,268 INFO [communityScheduler_Worker-1] c.n.c.q.PostScoreRefreshJob [PostScoreRefreshJob.java:58] [任务取消] 没有需要刷新的帖子!
2020-02-20 14:43:23,270 INFO [communityScheduler_Worker-2] c.n.c.q.PostScoreRefreshJob [PostScoreRefreshJob.java:58] [任务取消] 没有需要刷新的帖子!
2020-02-20 14:48:23,269 INFO [communityScheduler_Worker-3] c.n.c.q.PostScoreRefreshJob [PostScoreRefreshJob.java:58] [任务取消] 没有需要刷新的帖子!
2020-02-20 14:53:23,270 INFO [communityScheduler_Worker-4] c.n.c.q.PostScoreRefreshJob [PostScoreRefreshJob.java:58] [任务取消] 没有需要刷新的帖子!
2020-02-20 14:58:23,269 INFO [communityScheduler_Worker-5] c.n.c.q.PostScoreRefreshJob [PostScoreRefreshJob.java:58] [任务取消] 没有需要刷新的帖子!
2020-02-20 15:03:23,271 INFO [communityScheduler_Worker-1] c.n.c.q.PostScoreRefreshJob [PostScoreRefreshJob.java:58] [任务取消] 没有需要刷新的帖子!
2020-02-20 15:08:23,265 INFO [communityScheduler_Worker-2] c.n.c.q.PostScoreRefreshJob [PostScoreRefreshJob.java:58] [任务取消] 没有需要刷新的帖子!
2020-02-20 15:13:23,267 INFO [communityScheduler_Worker-3] c.n.c.q.PostScoreRefreshJob [PostScoreRefreshJob.java:58] [任务取消] 没有需要刷新的帖子!
2020-02-20 15:18:23,268 INFO [communityScheduler_Worker-4] c.n.c.q.PostScoreRefreshJob [PostScoreRefreshJob.java:58] [任务取消] 没有需要刷新的帖子!
2020-02-20 15:23:23,270 INFO [communityScheduler_Worker-5] c.n.c.q.PostScoreRefreshJob [PostScoreRefreshJob.java:58] [任务取消] 没有需要刷新的帖子!
2020-02-20 15:28:23,273 INFO [communityScheduler_Worker-1] c.n.c.q.PostScoreRefreshJob [PostScoreRefreshJob.java:58] [任务取消] 没有需要刷新的帖子!
2020-02-20 15:33:23,268 INFO [communityScheduler_Worker-2] c.n.c.q.PostScoreRefreshJob [PostScoreRefreshJob.java:58] [任务取消] 没有需要刷新的帖子!
2020-02-20 15:38:23,267 INFO [communityScheduler_Worker-3] c.n.c.q.PostScoreRefreshJob [PostScoreRefreshJob.java:58] [任务取消] 没有需要刷新的帖子!
2020-02-20 15:43:23,274 INFO [communityScheduler_Worker-4] c.n.c.q.PostScoreRefreshJob [PostScoreRefreshJob.java:58] [任务取消] 没有需要刷新的帖子!
2020-02-20 15:46:26,107 INFO [org.springframework.kafka.KafkaListenerEndpointContainer#1-0-C-1] o.a.k.c.FetchSessionHandler [FetchSessionHandler.java:383] [Consumer clientId=consumer-6, groupId=test-consumer-group] Node 0 was unable to process the fetch request with (sessionId=1191537914, epoch=31711): INVALID_FETCH_SESSION_EPOCH.
2020-02-20 15:48:23,268 INFO [communityScheduler_Worker-5] c.n.c.q.PostScoreRefreshJob [PostScoreRefreshJob.java:58] [任务取消] 没有需要刷新的帖子!
2020-02-20 15:53:23,268 INFO [communityScheduler_Worker-1] c.n.c.q.PostScoreRefreshJob [PostScoreRefreshJob.java:58] [任务取消] 没有需要刷新的帖子!
2020-02-20 15:58:23,268 INFO [communityScheduler_Worker-2] c.n.c.q.PostScoreRefreshJob [PostScoreRefreshJob.java:58] [任务取消] 没有需要刷新的帖子!
2020-02-20 16:03:23,269 INFO [communityScheduler_Worker-3] c.n.c.q.PostScoreRefreshJob [PostScoreRefreshJob.java:58] [任务取消] 没有需要刷新的帖子!
2020-02-20 16:08:23,265 INFO [communityScheduler_Worker-4] c.n.c.q.PostScoreRefreshJob [PostScoreRefreshJob.java:58] [任务取消] 没有需要刷新的帖子!
2020-02-20 16:13:23,269 INFO [communityScheduler_Worker-5] c.n.c.q.PostScoreRefreshJob [PostScoreRefreshJob.java:58] [任务取消] 没有需要刷新的帖子!
2020-02-20 16:18:23,269 INFO [communityScheduler_Worker-1] c.n.c.q.PostScoreRefreshJob [PostScoreRefreshJob.java:58] [任务取消] 没有需要刷新的帖子!
2020-02-20 16:23:23,271 INFO [communityScheduler_Worker-2] c.n.c.q.PostScoreRefreshJob [PostScoreRefreshJob.java:58] [任务取消] 没有需要刷新的帖子!
2020-02-20 16:28:23,267 INFO [communityScheduler_Worker-3] c.n.c.q.PostScoreRefreshJob [PostScoreRefreshJob.java:58] [任务取消] 没有需要刷新的帖子!
2020-02-20 16:33:23,272 INFO [communityScheduler_Worker-4] c.n.c.q.PostScoreRefreshJob [PostScoreRefreshJob.java:58] [任务取消] 没有需要刷新的帖子!
2020-02-20 16:38:23,269 INFO [communityScheduler_Worker-5] c.n.c.q.PostScoreRefreshJob [PostScoreRefreshJob.java:58] [任务取消] 没有需要刷新的帖子!
2020-02-20 16:43:23,269 INFO [communityScheduler_Worker-1] c.n.c.q.PostScoreRefreshJob [PostScoreRefreshJob.java:58] [任务取消] 没有需要刷新的帖子!
2020-02-20 16:48:23,271 INFO [communityScheduler_Worker-2] c.n.c.q.PostScoreRefreshJob [PostScoreRefreshJob.java:58] [任务取消] 没有需要刷新的帖子!
2020-02-20 16:53:23,275 INFO [communityScheduler_Worker-3] c.n.c.q.PostScoreRefreshJob [PostScoreRefreshJob.java:58] [任务取消] 没有需要刷新的帖子!
2020-02-20 16:58:23,279 INFO [communityScheduler_Worker-4] c.n.c.q.PostScoreRefreshJob [PostScoreRefreshJob.java:58] [任务取消] 没有需要刷新的帖子!
2020-02-20 17:03:23,273 INFO [communityScheduler_Worker-5] c.n.c.q.PostScoreRefreshJob [PostScoreRefreshJob.java:58] [任务取消] 没有需要刷新的帖子!
2020-02-20 17:08:23,271 INFO [communityScheduler_Worker-1] c.n.c.q.PostScoreRefreshJob [PostScoreRefreshJob.java:58] [任务取消] 没有需要刷新的帖子!
2020-02-20 17:13:23,273 INFO [communityScheduler_Worker-2] c.n.c.q.PostScoreRefreshJob [PostScoreRefreshJob.java:58] [任务取消] 没有需要刷新的帖子!
2020-02-20 17:18:23,278 INFO [communityScheduler_Worker-3] c.n.c.q.PostScoreRefreshJob [PostScoreRefreshJob.java:58] [任务取消] 没有需要刷新的帖子!
2020-02-20 17:23:23,270 INFO [communityScheduler_Worker-4] c.n.c.q.PostScoreRefreshJob [PostScoreRefreshJob.java:58] [任务取消] 没有需要刷新的帖子!
2020-02-20 17:28:23,263 INFO [communityScheduler_Worker-5] c.n.c.q.PostScoreRefreshJob [PostScoreRefreshJob.java:58] [任务取消] 没有需要刷新的帖子!
2020-02-20 17:33:23,269 INFO [communityScheduler_Worker-1] c.n.c.q.PostScoreRefreshJob [PostScoreRefreshJob.java:58] [任务取消] 没有需要刷新的帖子!
2020-02-20 17:38:23,268 INFO [communityScheduler_Worker-2] c.n.c.q.PostScoreRefreshJob [PostScoreRefreshJob.java:58] [任务取消] 没有需要刷新的帖子!
2020-02-20 17:43:23,269 INFO [communityScheduler_Worker-3] c.n.c.q.PostScoreRefreshJob [PostScoreRefreshJob.java:58] [任务取消] 没有需要刷新的帖子!
2020-02-20 17:48:23,269 INFO [communityScheduler_Worker-4] c.n.c.q.PostScoreRefreshJob [PostScoreRefreshJob.java:58] [任务取消] 没有需要刷新的帖子!
2020-02-20 17:53:23,267 INFO [communityScheduler_Worker-5] c.n.c.q.PostScoreRefreshJob [PostScoreRefreshJob.java:58] [任务取消] 没有需要刷新的帖子!
2020-02-20 17:58:23,269 INFO [communityScheduler_Worker-1] c.n.c.q.PostScoreRefreshJob [PostScoreRefreshJob.java:58] [任务取消] 没有需要刷新的帖子!
2020-02-20 18:03:23,268 INFO [communityScheduler_Worker-2] c.n.c.q.PostScoreRefreshJob [PostScoreRefreshJob.java:58] [任务取消] 没有需要刷新的帖子!
2020-02-20 18:08:23,268 INFO [communityScheduler_Worker-3] c.n.c.q.PostScoreRefreshJob [PostScoreRefreshJob.java:58] [任务取消] 没有需要刷新的帖子!
2020-02-20 18:13:23,268 INFO [communityScheduler_Worker-4] c.n.c.q.PostScoreRefreshJob [PostScoreRefreshJob.java:58] [任务取消] 没有需要刷新的帖子!
2020-02-20 18:18:23,270 INFO [communityScheduler_Worker-5] c.n.c.q.PostScoreRefreshJob [PostScoreRefreshJob.java:58] [任务取消] 没有需要刷新的帖子!
2020-02-20 18:23:23,272 INFO [communityScheduler_Worker-1] c.n.c.q.PostScoreRefreshJob [PostScoreRefreshJob.java:58] [任务取消] 没有需要刷新的帖子!
2020-02-20 18:28:23,270 INFO [communityScheduler_Worker-2] c.n.c.q.PostScoreRefreshJob [PostScoreRefreshJob.java:58] [任务取消] 没有需要刷新的帖子!
2020-02-20 18:33:23,270 INFO [communityScheduler_Worker-3] c.n.c.q.PostScoreRefreshJob [PostScoreRefreshJob.java:58] [任务取消] 没有需要刷新的帖子!
2020-02-20 18:38:23,266 INFO [communityScheduler_Worker-4] c.n.c.q.PostScoreRefreshJob [PostScoreRefreshJob.java:58] [任务取消] 没有需要刷新的帖子!
2020-02-20 18:43:23,267 INFO [communityScheduler_Worker-5] c.n.c.q.PostScoreRefreshJob [PostScoreRefreshJob.java:58] [任务取消] 没有需要刷新的帖子!
2020-02-20 18:48:23,269 INFO [communityScheduler_Worker-1] c.n.c.q.PostScoreRefreshJob [PostScoreRefreshJob.java:58] [任务取消] 没有需要刷新的帖子!
2020-02-20 18:53:23,267 INFO [communityScheduler_Worker-2] c.n.c.q.PostScoreRefreshJob [PostScoreRefreshJob.java:58] [任务取消] 没有需要刷新的帖子!
2020-02-20 18:58:23,270 INFO [communityScheduler_Worker-3] c.n.c.q.PostScoreRefreshJob [PostScoreRefreshJob.java:58] [任务取消] 没有需要刷新的帖子!
2020-02-20 19:12:03,374 INFO [org.springframework.kafka.KafkaListenerEndpointContainer#1-0-C-1] o.a.k.c.FetchSessionHandler [FetchSessionHandler.java:440] [Consumer clientId=consumer-6, groupId=test-consumer-group] Error sending fetch request (sessionId=1612181957, epoch=23315) to node 0: org.apache.kafka.common.errors.DisconnectException.
2020-02-20 19:12:03,374 INFO [org.springframework.kafka.KafkaListenerEndpointContainer#0-0-C-1] o.a.k.c.FetchSessionHandler [FetchSessionHandler.java:440] [Consumer clientId=consumer-4, groupId=test-consumer-group] Error sending fetch request (sessionId=1621035180, epoch=55026) to node 0: org.apache.kafka.common.errors.DisconnectException.
2020-02-20 19:12:03,374 INFO [org.springframework.kafka.KafkaListenerEndpointContainer#2-0-C-1] o.a.k.c.FetchSessionHandler [FetchSessionHandler.java:440] [Consumer clientId=consumer-2, groupId=test-consumer-group] Error sending fetch request (sessionId=138545492, epoch=55026) to node 0: org.apache.kafka.common.errors.DisconnectException.
2020-02-20 19:12:03,378 INFO [kafka-coordinator-heartbeat-thread | test-consumer-group] o.a.k.c.c.i.AbstractCoordinator [AbstractCoordinator.java:729] [Consumer clientId=consumer-4, groupId=test-consumer-group] Group coordinator localhost:9092 (id: 2147483647 rack: null) is unavailable or invalid, will attempt rediscovery
2020-02-20 19:12:03,379 INFO [kafka-coordinator-heartbeat-thread | test-consumer-group] o.a.k.c.c.i.AbstractCoordinator [AbstractCoordinator.java:729] [Consumer clientId=consumer-6, groupId=test-consumer-group] Group coordinator localhost:9092 (id: 2147483647 rack: null) is unavailable or invalid, will attempt rediscovery
2020-02-20 19:12:03,379 INFO [kafka-coordinator-heartbeat-thread | test-consumer-group] o.a.k.c.c.i.AbstractCoordinator [AbstractCoordinator.java:729] [Consumer clientId=consumer-2, groupId=test-consumer-group] Group coordinator localhost:9092 (id: 2147483647 rack: null) is unavailable or invalid, will attempt rediscovery
2020-02-20 19:12:03,420 INFO [org.springframework.kafka.KafkaListenerEndpointContainer#1-0-C-1] o.a.k.c.c.i.AbstractCoordinator [AbstractCoordinator.java:677] [Consumer clientId=consumer-6, groupId=test-consumer-group] Discovered group coordinator localhost:9092 (id: 2147483647 rack: null)
2020-02-20 19:12:03,420 INFO [org.springframework.kafka.KafkaListenerEndpointContainer#1-0-C-1] o.a.k.c.c.i.AbstractCoordinator [AbstractCoordinator.java:729] [Consumer clientId=consumer-6, groupId=test-consumer-group] Group coordinator localhost:9092 (id: 2147483647 rack: null) is unavailable or invalid, will attempt rediscovery
2020-02-20 19:12:03,476 INFO [org.springframework.kafka.KafkaListenerEndpointContainer#2-0-C-1] o.a.k.c.c.i.AbstractCoordinator [AbstractCoordinator.java:677] [Consumer clientId=consumer-2, groupId=test-consumer-group] Discovered group coordinator localhost:9092 (id: 2147483647 rack: null)
2020-02-20 19:12:03,476 INFO [org.springframework.kafka.KafkaListenerEndpointContainer#0-0-C-1] o.a.k.c.c.i.AbstractCoordinator [AbstractCoordinator.java:677] [Consumer clientId=consumer-4, groupId=test-consumer-group] Discovered group coordinator localhost:9092 (id: 2147483647 rack: null)
2020-02-20 19:12:03,530 INFO [org.springframework.kafka.KafkaListenerEndpointContainer#1-0-C-1] o.a.k.c.c.i.AbstractCoordinator [AbstractCoordinator.java:677] [Consumer clientId=consumer-6, groupId=test-consumer-group] Discovered group coordinator localhost:9092 (id: 2147483647 rack: null)
2020-02-20 19:12:53,780 INFO [QuartzScheduler_communityScheduler-Summer1582119053411_MisfireHandler] o.s.s.q.LocalDataSourceJobStore [JobStoreSupport.java:973] Handling 2 trigger(s) that missed their scheduled fire-time.
2020-02-20 19:46:10,514 INFO [org.springframework.kafka.KafkaListenerEndpointContainer#0-0-C-1] o.a.k.c.FetchSessionHandler [FetchSessionHandler.java:440] [Consumer clientId=consumer-4, groupId=test-consumer-group] Error sending fetch request (sessionId=1988568158, epoch=105) to node 0: org.apache.kafka.common.errors.DisconnectException.
2020-02-20 19:46:10,514 INFO [org.springframework.kafka.KafkaListenerEndpointContainer#2-0-C-1] o.a.k.c.FetchSessionHandler [FetchSessionHandler.java:440] [Consumer clientId=consumer-2, groupId=test-consumer-group] Error sending fetch request (sessionId=1033579115, epoch=105) to node 0: org.apache.kafka.common.errors.DisconnectException.
2020-02-20 19:46:10,514 INFO [org.springframework.kafka.KafkaListenerEndpointContainer#1-0-C-1] o.a.k.c.FetchSessionHandler [FetchSessionHandler.java:440] [Consumer clientId=consumer-6, groupId=test-consumer-group] Error sending fetch request (sessionId=1681206672, epoch=105) to node 0: org.apache.kafka.common.errors.DisconnectException.
2020-02-20 19:46:10,519 INFO [kafka-coordinator-heartbeat-thread | test-consumer-group] o.a.k.c.c.i.AbstractCoordinator [AbstractCoordinator.java:729] [Consumer clientId=consumer-6, groupId=test-consumer-group] Group coordinator localhost:9092 (id: 2147483647 rack: null) is unavailable or invalid, will attempt rediscovery
2020-02-20 19:46:10,519 INFO [kafka-coordinator-heartbeat-thread | test-consumer-group] o.a.k.c.c.i.AbstractCoordinator [AbstractCoordinator.java:729] [Consumer clientId=consumer-2, groupId=test-consumer-group] Group coordinator localhost:9092 (id: 2147483647 rack: null) is unavailable or invalid, will attempt rediscovery
2020-02-20 19:46:10,519 INFO [kafka-coordinator-heartbeat-thread | test-consumer-group] o.a.k.c.c.i.AbstractCoordinator [AbstractCoordinator.java:729] [Consumer clientId=consumer-4, groupId=test-consumer-group] Group coordinator localhost:9092 (id: 2147483647 rack: null) is unavailable or invalid, will attempt rediscovery
2020-02-20 19:46:10,579 INFO [org.springframework.kafka.KafkaListenerEndpointContainer#1-0-C-1] o.a.k.c.c.i.AbstractCoordinator [AbstractCoordinator.java:677] [Consumer clientId=consumer-6, groupId=test-consumer-group] Discovered group coordinator localhost:9092 (id: 2147483647 rack: null)
2020-02-20 19:46:10,580 INFO [org.springframework.kafka.KafkaListenerEndpointContainer#0-0-C-1] o.a.k.c.c.i.AbstractCoordinator [AbstractCoordinator.java:677] [Consumer clientId=consumer-4, groupId=test-consumer-group] Discovered group coordinator localhost:9092 (id: 2147483647 rack: null)
2020-02-20 19:46:10,582 INFO [org.springframework.kafka.KafkaListenerEndpointContainer#2-0-C-1] o.a.k.c.c.i.AbstractCoordinator [AbstractCoordinator.java:677] [Consumer clientId=consumer-2, groupId=test-consumer-group] Discovered group coordinator localhost:9092 (id: 2147483647 rack: null)
2020-02-20 19:47:06,423 INFO [QuartzScheduler_communityScheduler-Summer1582119053411_MisfireHandler] o.s.s.q.LocalDataSourceJobStore [JobStoreSupport.java:973] Handling 2 trigger(s) that missed their scheduled fire-time.
2020-02-20 19:48:23,285 INFO [communityScheduler_Worker-1] c.n.c.q.PostScoreRefreshJob [PostScoreRefreshJob.java:58] [任务取消] 没有需要刷新的帖子!
2020-02-20 19:53:23,274 INFO [communityScheduler_Worker-2] c.n.c.q.PostScoreRefreshJob [PostScoreRefreshJob.java:58] [任务取消] 没有需要刷新的帖子!
2020-02-20 19:58:23,274 INFO [communityScheduler_Worker-3] c.n.c.q.PostScoreRefreshJob [PostScoreRefreshJob.java:58] [任务取消] 没有需要刷新的帖子!
2020-02-20 20:03:23,275 INFO [communityScheduler_Worker-4] c.n.c.q.PostScoreRefreshJob [PostScoreRefreshJob.java:58] [任务取消] 没有需要刷新的帖子!
2020-02-20 20:08:23,279 INFO [communityScheduler_Worker-5] c.n.c.q.PostScoreRefreshJob [PostScoreRefreshJob.java:58] [任务取消] 没有需要刷新的帖子!
2020-02-20 20:13:23,275 INFO [communityScheduler_Worker-1] c.n.c.q.PostScoreRefreshJob [PostScoreRefreshJob.java:58] [任务取消] 没有需要刷新的帖子!
2020-02-20 20:18:23,276 INFO [communityScheduler_Worker-2] c.n.c.q.PostScoreRefreshJob [PostScoreRefreshJob.java:58] [任务取消] 没有需要刷新的帖子!
2020-02-20 20:23:23,275 INFO [communityScheduler_Worker-3] c.n.c.q.PostScoreRefreshJob [PostScoreRefreshJob.java:58] [任务取消] 没有需要刷新的帖子!
2020-02-20 20:28:23,280 INFO [communityScheduler_Worker-4] c.n.c.q.PostScoreRefreshJob [PostScoreRefreshJob.java:58] [任务取消] 没有需要刷新的帖子!
2020-02-20 20:33:23,277 INFO [communityScheduler_Worker-5] c.n.c.q.PostScoreRefreshJob [PostScoreRefreshJob.java:58] [任务取消] 没有需要刷新的帖子!
2020-02-20 20:38:23,272 INFO [communityScheduler_Worker-1] c.n.c.q.PostScoreRefreshJob [PostScoreRefreshJob.java:58] [任务取消] 没有需要刷新的帖子!
2020-02-20 20:43:23,270 INFO [communityScheduler_Worker-2] c.n.c.q.PostScoreRefreshJob [PostScoreRefreshJob.java:58] [任务取消] 没有需要刷新的帖子!
2020-02-20 20:48:23,269 INFO [communityScheduler_Worker-3] c.n.c.q.PostScoreRefreshJob [PostScoreRefreshJob.java:58] [任务取消] 没有需要刷新的帖子!
2020-02-20 20:53:23,269 INFO [communityScheduler_Worker-4] c.n.c.q.PostScoreRefreshJob [PostScoreRefreshJob.java:58] [任务取消] 没有需要刷新的帖子!
2020-02-20 20:58:23,272 INFO [communityScheduler_Worker-5] c.n.c.q.PostScoreRefreshJob [PostScoreRefreshJob.java:58] [任务取消] 没有需要刷新的帖子!
2020-02-20 21:03:23,270 INFO [communityScheduler_Worker-1] c.n.c.q.PostScoreRefreshJob [PostScoreRefreshJob.java:58] [任务取消] 没有需要刷新的帖子!
2020-02-20 21:08:23,273 INFO [communityScheduler_Worker-2] c.n.c.q.PostScoreRefreshJob [PostScoreRefreshJob.java:58] [任务取消] 没有需要刷新的帖子!
2020-02-20 21:13:23,279 INFO [communityScheduler_Worker-3] c.n.c.q.PostScoreRefreshJob [PostScoreRefreshJob.java:58] [任务取消] 没有需要刷新的帖子!
2020-02-20 21:18:23,298 INFO [communityScheduler_Worker-4] c.n.c.q.PostScoreRefreshJob [PostScoreRefreshJob.java:58] [任务取消] 没有需要刷新的帖子!
2020-02-20 21:23:23,296 INFO [communityScheduler_Worker-5] c.n.c.q.PostScoreRefreshJob [PostScoreRefreshJob.java:58] [任务取消] 没有需要刷新的帖子!
2020-02-20 21:28:23,294 INFO [communityScheduler_Worker-1] c.n.c.q.PostScoreRefreshJob [PostScoreRefreshJob.java:58] [任务取消] 没有需要刷新的帖子!
2020-02-20 21:33:23,266 INFO [communityScheduler_Worker-2] c.n.c.q.PostScoreRefreshJob [PostScoreRefreshJob.java:58] [任务取消] 没有需要刷新的帖子!
2020-02-20 21:38:23,265 INFO [communityScheduler_Worker-3] c.n.c.q.PostScoreRefreshJob [PostScoreRefreshJob.java:58] [任务取消] 没有需要刷新的帖子!
2020-02-20 21:43:23,270 INFO [communityScheduler_Worker-4] c.n.c.q.PostScoreRefreshJob [PostScoreRefreshJob.java:58] [任务取消] 没有需要刷新的帖子!
2020-02-20 21:48:23,270 INFO [communityScheduler_Worker-5] c.n.c.q.PostScoreRefreshJob [PostScoreRefreshJob.java:58] [任务取消] 没有需要刷新的帖子!
2020-02-20 21:53:23,269 INFO [communityScheduler_Worker-1] c.n.c.q.PostScoreRefreshJob [PostScoreRefreshJob.java:58] [任务取消] 没有需要刷新的帖子!
2020-02-20 21:58:23,271 INFO [communityScheduler_Worker-2] c.n.c.q.PostScoreRefreshJob [PostScoreRefreshJob.java:58] [任务取消] 没有需要刷新的帖子!
2020-02-20 22:03:23,271 INFO [communityScheduler_Worker-3] c.n.c.q.PostScoreRefreshJob [PostScoreRefreshJob.java:58] [任务取消] 没有需要刷新的帖子!
2020-02-20 22:08:23,269 INFO [communityScheduler_Worker-4] c.n.c.q.PostScoreRefreshJob [PostScoreRefreshJob.java:58] [任务取消] 没有需要刷新的帖子!
2020-02-20 22:13:23,271 INFO [communityScheduler_Worker-5] c.n.c.q.PostScoreRefreshJob [PostScoreRefreshJob.java:58] [任务取消] 没有需要刷新的帖子!
2020-02-20 22:18:23,270 INFO [communityScheduler_Worker-1] c.n.c.q.PostScoreRefreshJob [PostScoreRefreshJob.java:58] [任务取消] 没有需要刷新的帖子!
2020-02-20 22:23:23,269 INFO [communityScheduler_Worker-2] c.n.c.q.PostScoreRefreshJob [PostScoreRefreshJob.java:58] [任务取消] 没有需要刷新的帖子!
2020-02-20 22:28:23,269 INFO [communityScheduler_Worker-3] c.n.c.q.PostScoreRefreshJob [PostScoreRefreshJob.java:58] [任务取消] 没有需要刷新的帖子!
2020-02-20 22:33:23,268 INFO [communityScheduler_Worker-4] c.n.c.q.PostScoreRefreshJob [PostScoreRefreshJob.java:58] [任务取消] 没有需要刷新的帖子!
2020-02-20 22:38:23,269 INFO [communityScheduler_Worker-5] c.n.c.q.PostScoreRefreshJob [PostScoreRefreshJob.java:58] [任务取消] 没有需要刷新的帖子!
2020-02-20 22:43:23,268 INFO [communityScheduler_Worker-1] c.n.c.q.PostScoreRefreshJob [PostScoreRefreshJob.java:58] [任务取消] 没有需要刷新的帖子!
2020-02-20 22:48:23,268 INFO [communityScheduler_Worker-2] c.n.c.q.PostScoreRefreshJob [PostScoreRefreshJob.java:58] [任务取消] 没有需要刷新的帖子!
2020-02-20 22:53:23,272 INFO [communityScheduler_Worker-3] c.n.c.q.PostScoreRefreshJob [PostScoreRefreshJob.java:58] [任务取消] 没有需要刷新的帖子!
2020-02-20 22:58:23,273 INFO [communityScheduler_Worker-4] c.n.c.q.PostScoreRefreshJob [PostScoreRefreshJob.java:58] [任务取消] 没有需要刷新的帖子!
2020-02-20 23:03:23,277 INFO [communityScheduler_Worker-5] c.n.c.q.PostScoreRefreshJob [PostScoreRefreshJob.java:58] [任务取消] 没有需要刷新的帖子!
2020-02-20 23:08:23,277 INFO [communityScheduler_Worker-1] c.n.c.q.PostScoreRefreshJob [PostScoreRefreshJob.java:58] [任务取消] 没有需要刷新的帖子!
2020-02-20 23:13:23,268 INFO [communityScheduler_Worker-2] c.n.c.q.PostScoreRefreshJob [PostScoreRefreshJob.java:58] [任务取消] 没有需要刷新的帖子!
2020-02-20 23:18:23,269 INFO [communityScheduler_Worker-3] c.n.c.q.PostScoreRefreshJob [PostScoreRefreshJob.java:58] [任务取消] 没有需要刷新的帖子!
2020-02-20 23:23:23,270 INFO [communityScheduler_Worker-4] c.n.c.q.PostScoreRefreshJob [PostScoreRefreshJob.java:58] [任务取消] 没有需要刷新的帖子!
2020-02-20 23:28:23,269 INFO [communityScheduler_Worker-5] c.n.c.q.PostScoreRefreshJob [PostScoreRefreshJob.java:58] [任务取消] 没有需要刷新的帖子!
2020-02-20 23:33:23,269 INFO [communityScheduler_Worker-1] c.n.c.q.PostScoreRefreshJob [PostScoreRefreshJob.java:58] [任务取消] 没有需要刷新的帖子!
2020-02-20 23:38:23,267 INFO [communityScheduler_Worker-2] c.n.c.q.PostScoreRefreshJob [PostScoreRefreshJob.java:58] [任务取消] 没有需要刷新的帖子!
2020-02-20 23:43:23,269 INFO [communityScheduler_Worker-3] c.n.c.q.PostScoreRefreshJob [PostScoreRefreshJob.java:58] [任务取消] 没有需要刷新的帖子!
2020-02-20 23:48:23,268 INFO [communityScheduler_Worker-4] c.n.c.q.PostScoreRefreshJob [PostScoreRefreshJob.java:58] [任务取消] 没有需要刷新的帖子!
2020-02-20 23:53:23,270 INFO [communityScheduler_Worker-5] c.n.c.q.PostScoreRefreshJob [PostScoreRefreshJob.java:58] [任务取消] 没有需要刷新的帖子!
2020-02-20 23:58:23,270 INFO [communityScheduler_Worker-1] c.n.c.q.PostScoreRefreshJob [PostScoreRefreshJob.java:58] [任务取消] 没有需要刷新的帖子!
