2020-02-21 00:03:23,267 INFO [communityScheduler_Worker-2] c.n.c.q.PostScoreRefreshJob [PostScoreRefreshJob.java:58] [任务取消] 没有需要刷新的帖子!
2020-02-21 00:08:23,271 INFO [communityScheduler_Worker-3] c.n.c.q.PostScoreRefreshJob [PostScoreRefreshJob.java:58] [任务取消] 没有需要刷新的帖子!
2020-02-21 00:13:23,269 INFO [communityScheduler_Worker-4] c.n.c.q.PostScoreRefreshJob [PostScoreRefreshJob.java:58] [任务取消] 没有需要刷新的帖子!
2020-02-21 00:18:23,274 INFO [communityScheduler_Worker-5] c.n.c.q.PostScoreRefreshJob [PostScoreRefreshJob.java:58] [任务取消] 没有需要刷新的帖子!
2020-02-21 00:23:23,269 INFO [communityScheduler_Worker-1] c.n.c.q.PostScoreRefreshJob [PostScoreRefreshJob.java:58] [任务取消] 没有需要刷新的帖子!
2020-02-21 00:28:23,269 INFO [communityScheduler_Worker-2] c.n.c.q.PostScoreRefreshJob [PostScoreRefreshJob.java:58] [任务取消] 没有需要刷新的帖子!
2020-02-21 00:33:23,269 INFO [communityScheduler_Worker-3] c.n.c.q.PostScoreRefreshJob [PostScoreRefreshJob.java:58] [任务取消] 没有需要刷新的帖子!
2020-02-21 00:38:23,267 INFO [communityScheduler_Worker-4] c.n.c.q.PostScoreRefreshJob [PostScoreRefreshJob.java:58] [任务取消] 没有需要刷新的帖子!
2020-02-21 00:43:23,273 INFO [communityScheduler_Worker-5] c.n.c.q.PostScoreRefreshJob [PostScoreRefreshJob.java:58] [任务取消] 没有需要刷新的帖子!
2020-02-21 00:48:23,271 INFO [communityScheduler_Worker-1] c.n.c.q.PostScoreRefreshJob [PostScoreRefreshJob.java:58] [任务取消] 没有需要刷新的帖子!
2020-02-21 00:53:23,272 INFO [communityScheduler_Worker-2] c.n.c.q.PostScoreRefreshJob [PostScoreRefreshJob.java:58] [任务取消] 没有需要刷新的帖子!
2020-02-21 00:58:23,273 INFO [communityScheduler_Worker-3] c.n.c.q.PostScoreRefreshJob [PostScoreRefreshJob.java:58] [任务取消] 没有需要刷新的帖子!
2020-02-21 01:03:23,270 INFO [communityScheduler_Worker-4] c.n.c.q.PostScoreRefreshJob [PostScoreRefreshJob.java:58] [任务取消] 没有需要刷新的帖子!
2020-02-21 01:08:23,268 INFO [communityScheduler_Worker-5] c.n.c.q.PostScoreRefreshJob [PostScoreRefreshJob.java:58] [任务取消] 没有需要刷新的帖子!
2020-02-21 01:13:23,270 INFO [communityScheduler_Worker-1] c.n.c.q.PostScoreRefreshJob [PostScoreRefreshJob.java:58] [任务取消] 没有需要刷新的帖子!
2020-02-21 01:18:23,271 INFO [communityScheduler_Worker-2] c.n.c.q.PostScoreRefreshJob [PostScoreRefreshJob.java:58] [任务取消] 没有需要刷新的帖子!
2020-02-21 01:23:23,272 INFO [communityScheduler_Worker-3] c.n.c.q.PostScoreRefreshJob [PostScoreRefreshJob.java:58] [任务取消] 没有需要刷新的帖子!
2020-02-21 01:28:23,271 INFO [communityScheduler_Worker-4] c.n.c.q.PostScoreRefreshJob [PostScoreRefreshJob.java:58] [任务取消] 没有需要刷新的帖子!
2020-02-21 01:33:23,272 INFO [communityScheduler_Worker-5] c.n.c.q.PostScoreRefreshJob [PostScoreRefreshJob.java:58] [任务取消] 没有需要刷新的帖子!
2020-02-21 01:38:23,273 INFO [communityScheduler_Worker-1] c.n.c.q.PostScoreRefreshJob [PostScoreRefreshJob.java:58] [任务取消] 没有需要刷新的帖子!
2020-02-21 01:43:23,273 INFO [communityScheduler_Worker-2] c.n.c.q.PostScoreRefreshJob [PostScoreRefreshJob.java:58] [任务取消] 没有需要刷新的帖子!
2020-02-21 01:48:23,274 INFO [communityScheduler_Worker-3] c.n.c.q.PostScoreRefreshJob [PostScoreRefreshJob.java:58] [任务取消] 没有需要刷新的帖子!
2020-02-21 01:53:23,272 INFO [communityScheduler_Worker-4] c.n.c.q.PostScoreRefreshJob [PostScoreRefreshJob.java:58] [任务取消] 没有需要刷新的帖子!
2020-02-21 01:58:23,268 INFO [communityScheduler_Worker-5] c.n.c.q.PostScoreRefreshJob [PostScoreRefreshJob.java:58] [任务取消] 没有需要刷新的帖子!
2020-02-21 02:03:23,268 INFO [communityScheduler_Worker-1] c.n.c.q.PostScoreRefreshJob [PostScoreRefreshJob.java:58] [任务取消] 没有需要刷新的帖子!
2020-02-21 02:07:28,060 INFO [org.springframework.kafka.KafkaListenerEndpointContainer#0-0-C-1] o.a.k.c.FetchSessionHandler [FetchSessionHandler.java:440] [Consumer clientId=consumer-4, groupId=test-consumer-group] Error sending fetch request (sessionId=962091919, epoch=45044) to node 0: org.apache.kafka.common.errors.DisconnectException.
2020-02-21 02:07:28,062 INFO [kafka-coordinator-heartbeat-thread | test-consumer-group] o.a.k.c.c.i.AbstractCoordinator [AbstractCoordinator.java:729] [Consumer clientId=consumer-4, groupId=test-consumer-group] Group coordinator localhost:9092 (id: 2147483647 rack: null) is unavailable or invalid, will attempt rediscovery
2020-02-21 02:07:28,064 INFO [kafka-coordinator-heartbeat-thread | test-consumer-group] o.a.k.c.c.i.AbstractCoordinator [AbstractCoordinator.java:729] [Consumer clientId=consumer-2, groupId=test-consumer-group] Group coordinator localhost:9092 (id: 2147483647 rack: null) is unavailable or invalid, will attempt rediscovery
2020-02-21 02:07:28,065 INFO [kafka-coordinator-heartbeat-thread | test-consumer-group] o.a.k.c.c.i.AbstractCoordinator [AbstractCoordinator.java:729] [Consumer clientId=consumer-6, groupId=test-consumer-group] Group coordinator localhost:9092 (id: 2147483647 rack: null) is unavailable or invalid, will attempt rediscovery
2020-02-21 02:07:28,066 INFO [org.springframework.kafka.KafkaListenerEndpointContainer#2-0-C-1] o.a.k.c.c.i.AbstractCoordinator [AbstractCoordinator.java:677] [Consumer clientId=consumer-2, groupId=test-consumer-group] Discovered group coordinator localhost:9092 (id: 2147483647 rack: null)
2020-02-21 02:07:28,067 INFO [org.springframework.kafka.KafkaListenerEndpointContainer#2-0-C-1] o.a.k.c.c.i.AbstractCoordinator [AbstractCoordinator.java:729] [Consumer clientId=consumer-2, groupId=test-consumer-group] Group coordinator localhost:9092 (id: 2147483647 rack: null) is unavailable or invalid, will attempt rediscovery
2020-02-21 02:07:28,067 INFO [org.springframework.kafka.KafkaListenerEndpointContainer#1-0-C-1] o.a.k.c.c.i.AbstractCoordinator [AbstractCoordinator.java:677] [Consumer clientId=consumer-6, groupId=test-consumer-group] Discovered group coordinator localhost:9092 (id: 2147483647 rack: null)
2020-02-21 02:07:28,069 INFO [org.springframework.kafka.KafkaListenerEndpointContainer#1-0-C-1] o.a.k.c.c.i.AbstractCoordinator [AbstractCoordinator.java:729] [Consumer clientId=consumer-6, groupId=test-consumer-group] Group coordinator localhost:9092 (id: 2147483647 rack: null) is unavailable or invalid, will attempt rediscovery
2020-02-21 02:07:28,121 INFO [org.springframework.kafka.KafkaListenerEndpointContainer#0-0-C-1] o.a.k.c.c.i.AbstractCoordinator [AbstractCoordinator.java:677] [Consumer clientId=consumer-4, groupId=test-consumer-group] Discovered group coordinator localhost:9092 (id: 2147483647 rack: null)
2020-02-21 02:07:28,177 INFO [org.springframework.kafka.KafkaListenerEndpointContainer#2-0-C-1] o.a.k.c.c.i.AbstractCoordinator [AbstractCoordinator.java:677] [Consumer clientId=consumer-2, groupId=test-consumer-group] Discovered group coordinator localhost:9092 (id: 2147483647 rack: null)
2020-02-21 02:07:28,177 INFO [org.springframework.kafka.KafkaListenerEndpointContainer#1-0-C-1] o.a.k.c.c.i.AbstractCoordinator [AbstractCoordinator.java:677] [Consumer clientId=consumer-6, groupId=test-consumer-group] Discovered group coordinator localhost:9092 (id: 2147483647 rack: null)
2020-02-21 02:08:04,838 INFO [QuartzScheduler_communityScheduler-Summer1582119053411_MisfireHandler] o.s.s.q.LocalDataSourceJobStore [JobStoreSupport.java:973] Handling 1 trigger(s) that missed their scheduled fire-time.
2020-02-21 02:46:48,519 INFO [org.springframework.kafka.KafkaListenerEndpointContainer#1-0-C-1] o.a.k.c.FetchSessionHandler [FetchSessionHandler.java:440] [Consumer clientId=consumer-6, groupId=test-consumer-group] Error sending fetch request (sessionId=151505589, epoch=45150) to node 0: org.apache.kafka.common.errors.DisconnectException.
2020-02-21 02:46:48,518 INFO [org.springframework.kafka.KafkaListenerEndpointContainer#0-0-C-1] o.a.k.c.FetchSessionHandler [FetchSessionHandler.java:440] [Consumer clientId=consumer-4, groupId=test-consumer-group] Error sending fetch request (sessionId=328832881, epoch=105) to node 0: org.apache.kafka.common.errors.DisconnectException.
2020-02-21 02:46:48,521 INFO [kafka-coordinator-heartbeat-thread | test-consumer-group] o.a.k.c.c.i.AbstractCoordinator [AbstractCoordinator.java:729] [Consumer clientId=consumer-6, groupId=test-consumer-group] Group coordinator localhost:9092 (id: 2147483647 rack: null) is unavailable or invalid, will attempt rediscovery
2020-02-21 02:46:48,521 INFO [kafka-coordinator-heartbeat-thread | test-consumer-group] o.a.k.c.c.i.AbstractCoordinator [AbstractCoordinator.java:729] [Consumer clientId=consumer-4, groupId=test-consumer-group] Group coordinator localhost:9092 (id: 2147483647 rack: null) is unavailable or invalid, will attempt rediscovery
2020-02-21 02:46:48,523 INFO [kafka-coordinator-heartbeat-thread | test-consumer-group] o.a.k.c.FetchSessionHandler [FetchSessionHandler.java:440] [Consumer clientId=consumer-2, groupId=test-consumer-group] Error sending fetch request (sessionId=430241879, epoch=45149) to node 0: org.apache.kafka.common.errors.DisconnectException.
2020-02-21 02:46:48,523 INFO [kafka-coordinator-heartbeat-thread | test-consumer-group] o.a.k.c.c.i.AbstractCoordinator [AbstractCoordinator.java:729] [Consumer clientId=consumer-2, groupId=test-consumer-group] Group coordinator localhost:9092 (id: 2147483647 rack: null) is unavailable or invalid, will attempt rediscovery
2020-02-21 02:46:48,582 INFO [org.springframework.kafka.KafkaListenerEndpointContainer#1-0-C-1] o.a.k.c.c.i.AbstractCoordinator [AbstractCoordinator.java:677] [Consumer clientId=consumer-6, groupId=test-consumer-group] Discovered group coordinator localhost:9092 (id: 2147483647 rack: null)
2020-02-21 02:46:48,582 INFO [org.springframework.kafka.KafkaListenerEndpointContainer#2-0-C-1] o.a.k.c.c.i.AbstractCoordinator [AbstractCoordinator.java:677] [Consumer clientId=consumer-2, groupId=test-consumer-group] Discovered group coordinator localhost:9092 (id: 2147483647 rack: null)
2020-02-21 02:46:48,588 INFO [org.springframework.kafka.KafkaListenerEndpointContainer#0-0-C-1] o.a.k.c.c.i.AbstractCoordinator [AbstractCoordinator.java:677] [Consumer clientId=consumer-4, groupId=test-consumer-group] Discovered group coordinator localhost:9092 (id: 2147483647 rack: null)
2020-02-21 02:47:30,763 INFO [QuartzScheduler_communityScheduler-Summer1582119053411_MisfireHandler] o.s.s.q.LocalDataSourceJobStore [JobStoreSupport.java:973] Handling 2 trigger(s) that missed their scheduled fire-time.
2020-02-21 02:48:23,297 INFO [communityScheduler_Worker-5] c.n.c.q.PostScoreRefreshJob [PostScoreRefreshJob.java:58] [任务取消] 没有需要刷新的帖子!
2020-02-21 02:53:23,273 INFO [communityScheduler_Worker-1] c.n.c.q.PostScoreRefreshJob [PostScoreRefreshJob.java:58] [任务取消] 没有需要刷新的帖子!
2020-02-21 02:58:23,272 INFO [communityScheduler_Worker-2] c.n.c.q.PostScoreRefreshJob [PostScoreRefreshJob.java:58] [任务取消] 没有需要刷新的帖子!
2020-02-21 03:03:23,278 INFO [communityScheduler_Worker-3] c.n.c.q.PostScoreRefreshJob [PostScoreRefreshJob.java:58] [任务取消] 没有需要刷新的帖子!
2020-02-21 03:08:23,272 INFO [communityScheduler_Worker-4] c.n.c.q.PostScoreRefreshJob [PostScoreRefreshJob.java:58] [任务取消] 没有需要刷新的帖子!
2020-02-21 03:13:23,271 INFO [communityScheduler_Worker-5] c.n.c.q.PostScoreRefreshJob [PostScoreRefreshJob.java:58] [任务取消] 没有需要刷新的帖子!
2020-02-21 03:18:23,273 INFO [communityScheduler_Worker-1] c.n.c.q.PostScoreRefreshJob [PostScoreRefreshJob.java:58] [任务取消] 没有需要刷新的帖子!
2020-02-21 03:23:23,271 INFO [communityScheduler_Worker-2] c.n.c.q.PostScoreRefreshJob [PostScoreRefreshJob.java:58] [任务取消] 没有需要刷新的帖子!
2020-02-21 03:28:23,275 INFO [communityScheduler_Worker-3] c.n.c.q.PostScoreRefreshJob [PostScoreRefreshJob.java:58] [任务取消] 没有需要刷新的帖子!
2020-02-21 03:33:23,294 INFO [communityScheduler_Worker-4] c.n.c.q.PostScoreRefreshJob [PostScoreRefreshJob.java:58] [任务取消] 没有需要刷新的帖子!
2020-02-21 03:38:23,293 INFO [communityScheduler_Worker-5] c.n.c.q.PostScoreRefreshJob [PostScoreRefreshJob.java:58] [任务取消] 没有需要刷新的帖子!
2020-02-21 05:39:38,513 INFO [kafka-coordinator-heartbeat-thread | test-consumer-group] o.a.k.c.c.i.AbstractCoordinator [AbstractCoordinator.java:729] [Consumer clientId=consumer-6, groupId=test-consumer-group] Group coordinator localhost:9092 (id: 2147483647 rack: null) is unavailable or invalid, will attempt rediscovery
2020-02-21 05:39:38,514 INFO [kafka-coordinator-heartbeat-thread | test-consumer-group] o.a.k.c.c.i.AbstractCoordinator [AbstractCoordinator.java:729] [Consumer clientId=consumer-4, groupId=test-consumer-group] Group coordinator localhost:9092 (id: 2147483647 rack: null) is unavailable or invalid, will attempt rediscovery
2020-02-21 05:39:38,514 INFO [kafka-coordinator-heartbeat-thread | test-consumer-group] o.a.k.c.c.i.AbstractCoordinator [AbstractCoordinator.java:729] [Consumer clientId=consumer-2, groupId=test-consumer-group] Group coordinator localhost:9092 (id: 2147483647 rack: null) is unavailable or invalid, will attempt rediscovery
2020-02-21 05:39:38,519 INFO [org.springframework.kafka.KafkaListenerEndpointContainer#1-0-C-1] o.a.k.c.c.i.AbstractCoordinator [AbstractCoordinator.java:677] [Consumer clientId=consumer-6, groupId=test-consumer-group] Discovered group coordinator localhost:9092 (id: 2147483647 rack: null)
2020-02-21 05:39:38,518 INFO [org.springframework.kafka.KafkaListenerEndpointContainer#0-0-C-1] o.a.k.c.c.i.AbstractCoordinator [AbstractCoordinator.java:677] [Consumer clientId=consumer-4, groupId=test-consumer-group] Discovered group coordinator localhost:9092 (id: 2147483647 rack: null)
2020-02-21 05:39:38,519 INFO [org.springframework.kafka.KafkaListenerEndpointContainer#2-0-C-1] o.a.k.c.c.i.AbstractCoordinator [AbstractCoordinator.java:677] [Consumer clientId=consumer-2, groupId=test-consumer-group] Discovered group coordinator localhost:9092 (id: 2147483647 rack: null)
2020-02-21 05:39:38,520 INFO [org.springframework.kafka.KafkaListenerEndpointContainer#1-0-C-1] o.a.k.c.c.i.AbstractCoordinator [AbstractCoordinator.java:729] [Consumer clientId=consumer-6, groupId=test-consumer-group] Group coordinator localhost:9092 (id: 2147483647 rack: null) is unavailable or invalid, will attempt rediscovery
2020-02-21 05:39:38,520 INFO [org.springframework.kafka.KafkaListenerEndpointContainer#0-0-C-1] o.a.k.c.c.i.AbstractCoordinator [AbstractCoordinator.java:729] [Consumer clientId=consumer-4, groupId=test-consumer-group] Group coordinator localhost:9092 (id: 2147483647 rack: null) is unavailable or invalid, will attempt rediscovery
2020-02-21 05:39:38,520 INFO [org.springframework.kafka.KafkaListenerEndpointContainer#2-0-C-1] o.a.k.c.c.i.AbstractCoordinator [AbstractCoordinator.java:729] [Consumer clientId=consumer-2, groupId=test-consumer-group] Group coordinator localhost:9092 (id: 2147483647 rack: null) is unavailable or invalid, will attempt rediscovery
2020-02-21 05:39:38,624 INFO [org.springframework.kafka.KafkaListenerEndpointContainer#2-0-C-1] o.a.k.c.c.i.AbstractCoordinator [AbstractCoordinator.java:677] [Consumer clientId=consumer-2, groupId=test-consumer-group] Discovered group coordinator localhost:9092 (id: 2147483647 rack: null)
2020-02-21 05:39:38,624 INFO [org.springframework.kafka.KafkaListenerEndpointContainer#1-0-C-1] o.a.k.c.c.i.AbstractCoordinator [AbstractCoordinator.java:677] [Consumer clientId=consumer-6, groupId=test-consumer-group] Discovered group coordinator localhost:9092 (id: 2147483647 rack: null)
2020-02-21 05:39:38,626 INFO [org.springframework.kafka.KafkaListenerEndpointContainer#0-0-C-1] o.a.k.c.c.i.AbstractCoordinator [AbstractCoordinator.java:677] [Consumer clientId=consumer-4, groupId=test-consumer-group] Discovered group coordinator localhost:9092 (id: 2147483647 rack: null)
2020-02-21 05:40:30,295 INFO [QuartzScheduler_communityScheduler-Summer1582119053411_MisfireHandler] o.s.s.q.LocalDataSourceJobStore [JobStoreSupport.java:973] Handling 2 trigger(s) that missed their scheduled fire-time.
2020-02-21 05:43:23,269 INFO [communityScheduler_Worker-4] c.n.c.q.PostScoreRefreshJob [PostScoreRefreshJob.java:58] [任务取消] 没有需要刷新的帖子!
2020-02-21 05:48:23,275 INFO [communityScheduler_Worker-5] c.n.c.q.PostScoreRefreshJob [PostScoreRefreshJob.java:58] [任务取消] 没有需要刷新的帖子!
2020-02-21 05:53:23,274 INFO [communityScheduler_Worker-1] c.n.c.q.PostScoreRefreshJob [PostScoreRefreshJob.java:58] [任务取消] 没有需要刷新的帖子!
2020-02-21 05:58:23,268 INFO [communityScheduler_Worker-2] c.n.c.q.PostScoreRefreshJob [PostScoreRefreshJob.java:58] [任务取消] 没有需要刷新的帖子!
2020-02-21 06:03:23,267 INFO [communityScheduler_Worker-3] c.n.c.q.PostScoreRefreshJob [PostScoreRefreshJob.java:58] [任务取消] 没有需要刷新的帖子!
2020-02-21 06:08:23,273 INFO [communityScheduler_Worker-4] c.n.c.q.PostScoreRefreshJob [PostScoreRefreshJob.java:58] [任务取消] 没有需要刷新的帖子!
2020-02-21 06:13:23,270 INFO [communityScheduler_Worker-5] c.n.c.q.PostScoreRefreshJob [PostScoreRefreshJob.java:58] [任务取消] 没有需要刷新的帖子!
2020-02-21 06:18:23,276 INFO [communityScheduler_Worker-1] c.n.c.q.PostScoreRefreshJob [PostScoreRefreshJob.java:58] [任务取消] 没有需要刷新的帖子!
2020-02-21 06:23:23,271 INFO [communityScheduler_Worker-2] c.n.c.q.PostScoreRefreshJob [PostScoreRefreshJob.java:58] [任务取消] 没有需要刷新的帖子!
2020-02-21 06:28:23,266 INFO [communityScheduler_Worker-3] c.n.c.q.PostScoreRefreshJob [PostScoreRefreshJob.java:58] [任务取消] 没有需要刷新的帖子!
2020-02-21 06:33:23,272 INFO [communityScheduler_Worker-4] c.n.c.q.PostScoreRefreshJob [PostScoreRefreshJob.java:58] [任务取消] 没有需要刷新的帖子!
2020-02-21 06:38:23,273 INFO [communityScheduler_Worker-5] c.n.c.q.PostScoreRefreshJob [PostScoreRefreshJob.java:58] [任务取消] 没有需要刷新的帖子!
2020-02-21 06:43:23,295 INFO [communityScheduler_Worker-1] c.n.c.q.PostScoreRefreshJob [PostScoreRefreshJob.java:58] [任务取消] 没有需要刷新的帖子!
2020-02-21 08:47:58,352 INFO [kafka-coordinator-heartbeat-thread | test-consumer-group] o.a.k.c.c.i.AbstractCoordinator [AbstractCoordinator.java:729] [Consumer clientId=consumer-2, groupId=test-consumer-group] Group coordinator localhost:9092 (id: 2147483647 rack: null) is unavailable or invalid, will attempt rediscovery
2020-02-21 08:47:58,352 INFO [kafka-coordinator-heartbeat-thread | test-consumer-group] o.a.k.c.c.i.AbstractCoordinator [AbstractCoordinator.java:729] [Consumer clientId=consumer-4, groupId=test-consumer-group] Group coordinator localhost:9092 (id: 2147483647 rack: null) is unavailable or invalid, will attempt rediscovery
2020-02-21 08:47:58,352 INFO [kafka-coordinator-heartbeat-thread | test-consumer-group] o.a.k.c.c.i.AbstractCoordinator [AbstractCoordinator.java:729] [Consumer clientId=consumer-6, groupId=test-consumer-group] Group coordinator localhost:9092 (id: 2147483647 rack: null) is unavailable or invalid, will attempt rediscovery
2020-02-21 08:47:58,358 INFO [org.springframework.kafka.KafkaListenerEndpointContainer#1-0-C-1] o.a.k.c.c.i.AbstractCoordinator [AbstractCoordinator.java:677] [Consumer clientId=consumer-6, groupId=test-consumer-group] Discovered group coordinator localhost:9092 (id: 2147483647 rack: null)
2020-02-21 08:47:58,358 INFO [org.springframework.kafka.KafkaListenerEndpointContainer#2-0-C-1] o.a.k.c.c.i.AbstractCoordinator [AbstractCoordinator.java:677] [Consumer clientId=consumer-2, groupId=test-consumer-group] Discovered group coordinator localhost:9092 (id: 2147483647 rack: null)
2020-02-21 08:47:58,358 INFO [org.springframework.kafka.KafkaListenerEndpointContainer#0-0-C-1] o.a.k.c.c.i.AbstractCoordinator [AbstractCoordinator.java:677] [Consumer clientId=consumer-4, groupId=test-consumer-group] Discovered group coordinator localhost:9092 (id: 2147483647 rack: null)
2020-02-21 08:47:58,358 INFO [org.springframework.kafka.KafkaListenerEndpointContainer#2-0-C-1] o.a.k.c.c.i.AbstractCoordinator [AbstractCoordinator.java:729] [Consumer clientId=consumer-2, groupId=test-consumer-group] Group coordinator localhost:9092 (id: 2147483647 rack: null) is unavailable or invalid, will attempt rediscovery
2020-02-21 08:47:58,358 INFO [org.springframework.kafka.KafkaListenerEndpointContainer#1-0-C-1] o.a.k.c.c.i.AbstractCoordinator [AbstractCoordinator.java:729] [Consumer clientId=consumer-6, groupId=test-consumer-group] Group coordinator localhost:9092 (id: 2147483647 rack: null) is unavailable or invalid, will attempt rediscovery
2020-02-21 08:47:58,358 INFO [org.springframework.kafka.KafkaListenerEndpointContainer#0-0-C-1] o.a.k.c.c.i.AbstractCoordinator [AbstractCoordinator.java:729] [Consumer clientId=consumer-4, groupId=test-consumer-group] Group coordinator localhost:9092 (id: 2147483647 rack: null) is unavailable or invalid, will attempt rediscovery
2020-02-21 08:47:58,464 INFO [org.springframework.kafka.KafkaListenerEndpointContainer#1-0-C-1] o.a.k.c.c.i.AbstractCoordinator [AbstractCoordinator.java:677] [Consumer clientId=consumer-6, groupId=test-consumer-group] Discovered group coordinator localhost:9092 (id: 2147483647 rack: null)
2020-02-21 08:47:58,464 INFO [org.springframework.kafka.KafkaListenerEndpointContainer#2-0-C-1] o.a.k.c.c.i.AbstractCoordinator [AbstractCoordinator.java:677] [Consumer clientId=consumer-2, groupId=test-consumer-group] Discovered group coordinator localhost:9092 (id: 2147483647 rack: null)
2020-02-21 08:47:58,464 INFO [org.springframework.kafka.KafkaListenerEndpointContainer#0-0-C-1] o.a.k.c.c.i.AbstractCoordinator [AbstractCoordinator.java:677] [Consumer clientId=consumer-4, groupId=test-consumer-group] Discovered group coordinator localhost:9092 (id: 2147483647 rack: null)
2020-02-21 08:48:28,921 INFO [QuartzScheduler_communityScheduler-Summer1582119053411_MisfireHandler] o.s.s.q.LocalDataSourceJobStore [JobStoreSupport.java:973] Handling 2 trigger(s) that missed their scheduled fire-time.
2020-02-21 08:53:23,268 INFO [communityScheduler_Worker-3] c.n.c.q.PostScoreRefreshJob [PostScoreRefreshJob.java:58] [任务取消] 没有需要刷新的帖子!
2020-02-21 08:58:23,272 INFO [communityScheduler_Worker-4] c.n.c.q.PostScoreRefreshJob [PostScoreRefreshJob.java:58] [任务取消] 没有需要刷新的帖子!
2020-02-21 09:03:23,268 INFO [communityScheduler_Worker-5] c.n.c.q.PostScoreRefreshJob [PostScoreRefreshJob.java:58] [任务取消] 没有需要刷新的帖子!
2020-02-21 09:08:23,277 INFO [communityScheduler_Worker-1] c.n.c.q.PostScoreRefreshJob [PostScoreRefreshJob.java:58] [任务取消] 没有需要刷新的帖子!
2020-02-21 09:13:23,277 INFO [communityScheduler_Worker-2] c.n.c.q.PostScoreRefreshJob [PostScoreRefreshJob.java:58] [任务取消] 没有需要刷新的帖子!
2020-02-21 09:18:23,273 INFO [communityScheduler_Worker-3] c.n.c.q.PostScoreRefreshJob [PostScoreRefreshJob.java:58] [任务取消] 没有需要刷新的帖子!
2020-02-21 09:23:23,275 INFO [communityScheduler_Worker-4] c.n.c.q.PostScoreRefreshJob [PostScoreRefreshJob.java:58] [任务取消] 没有需要刷新的帖子!
2020-02-21 09:28:23,273 INFO [communityScheduler_Worker-5] c.n.c.q.PostScoreRefreshJob [PostScoreRefreshJob.java:58] [任务取消] 没有需要刷新的帖子!
2020-02-21 09:33:23,274 INFO [communityScheduler_Worker-1] c.n.c.q.PostScoreRefreshJob [PostScoreRefreshJob.java:58] [任务取消] 没有需要刷新的帖子!
2020-02-21 09:38:23,275 INFO [communityScheduler_Worker-2] c.n.c.q.PostScoreRefreshJob [PostScoreRefreshJob.java:58] [任务取消] 没有需要刷新的帖子!
2020-02-21 09:43:23,278 INFO [communityScheduler_Worker-3] c.n.c.q.PostScoreRefreshJob [PostScoreRefreshJob.java:58] [任务取消] 没有需要刷新的帖子!
2020-02-21 09:48:23,294 INFO [communityScheduler_Worker-4] c.n.c.q.PostScoreRefreshJob [PostScoreRefreshJob.java:58] [任务取消] 没有需要刷新的帖子!
2020-02-21 10:45:02,213 INFO [org.springframework.kafka.KafkaListenerEndpointContainer#0-0-C-1] o.a.k.c.FetchSessionHandler [FetchSessionHandler.java:440] [Consumer clientId=consumer-4, groupId=test-consumer-group] Error sending fetch request (sessionId=907828496, epoch=22044) to node 0: org.apache.kafka.common.errors.DisconnectException.
2020-02-21 10:45:02,213 INFO [org.springframework.kafka.KafkaListenerEndpointContainer#2-0-C-1] o.a.k.c.FetchSessionHandler [FetchSessionHandler.java:440] [Consumer clientId=consumer-2, groupId=test-consumer-group] Error sending fetch request (sessionId=1643734320, epoch=22044) to node 0: org.apache.kafka.common.errors.DisconnectException.
2020-02-21 10:45:02,213 INFO [org.springframework.kafka.KafkaListenerEndpointContainer#1-0-C-1] o.a.k.c.FetchSessionHandler [FetchSessionHandler.java:440] [Consumer clientId=consumer-6, groupId=test-consumer-group] Error sending fetch request (sessionId=1444230034, epoch=22044) to node 0: org.apache.kafka.common.errors.DisconnectException.
2020-02-21 10:45:02,224 INFO [kafka-coordinator-heartbeat-thread | test-consumer-group] o.a.k.c.c.i.AbstractCoordinator [AbstractCoordinator.java:729] [Consumer clientId=consumer-4, groupId=test-consumer-group] Group coordinator localhost:9092 (id: 2147483647 rack: null) is unavailable or invalid, will attempt rediscovery
2020-02-21 10:45:02,224 INFO [kafka-coordinator-heartbeat-thread | test-consumer-group] o.a.k.c.c.i.AbstractCoordinator [AbstractCoordinator.java:729] [Consumer clientId=consumer-6, groupId=test-consumer-group] Group coordinator localhost:9092 (id: 2147483647 rack: null) is unavailable or invalid, will attempt rediscovery
2020-02-21 10:45:02,225 INFO [kafka-coordinator-heartbeat-thread | test-consumer-group] o.a.k.c.c.i.AbstractCoordinator [AbstractCoordinator.java:729] [Consumer clientId=consumer-2, groupId=test-consumer-group] Group coordinator localhost:9092 (id: 2147483647 rack: null) is unavailable or invalid, will attempt rediscovery
2020-02-21 10:45:02,281 INFO [org.springframework.kafka.KafkaListenerEndpointContainer#1-0-C-1] o.a.k.c.c.i.AbstractCoordinator [AbstractCoordinator.java:677] [Consumer clientId=consumer-6, groupId=test-consumer-group] Discovered group coordinator localhost:9092 (id: 2147483647 rack: null)
2020-02-21 10:45:02,281 INFO [org.springframework.kafka.KafkaListenerEndpointContainer#2-0-C-1] o.a.k.c.c.i.AbstractCoordinator [AbstractCoordinator.java:677] [Consumer clientId=consumer-2, groupId=test-consumer-group] Discovered group coordinator localhost:9092 (id: 2147483647 rack: null)
2020-02-21 10:45:02,281 INFO [org.springframework.kafka.KafkaListenerEndpointContainer#2-0-C-1] o.a.k.c.c.i.AbstractCoordinator [AbstractCoordinator.java:729] [Consumer clientId=consumer-2, groupId=test-consumer-group] Group coordinator localhost:9092 (id: 2147483647 rack: null) is unavailable or invalid, will attempt rediscovery
2020-02-21 10:45:02,281 INFO [org.springframework.kafka.KafkaListenerEndpointContainer#1-0-C-1] o.a.k.c.c.i.AbstractCoordinator [AbstractCoordinator.java:729] [Consumer clientId=consumer-6, groupId=test-consumer-group] Group coordinator localhost:9092 (id: 2147483647 rack: null) is unavailable or invalid, will attempt rediscovery
2020-02-21 10:45:02,287 INFO [org.springframework.kafka.KafkaListenerEndpointContainer#0-0-C-1] o.a.k.c.c.i.AbstractCoordinator [AbstractCoordinator.java:677] [Consumer clientId=consumer-4, groupId=test-consumer-group] Discovered group coordinator localhost:9092 (id: 2147483647 rack: null)
2020-02-21 10:45:02,385 INFO [org.springframework.kafka.KafkaListenerEndpointContainer#2-0-C-1] o.a.k.c.c.i.AbstractCoordinator [AbstractCoordinator.java:677] [Consumer clientId=consumer-2, groupId=test-consumer-group] Discovered group coordinator localhost:9092 (id: 2147483647 rack: null)
2020-02-21 10:45:02,385 INFO [org.springframework.kafka.KafkaListenerEndpointContainer#1-0-C-1] o.a.k.c.c.i.AbstractCoordinator [AbstractCoordinator.java:677] [Consumer clientId=consumer-6, groupId=test-consumer-group] Discovered group coordinator localhost:9092 (id: 2147483647 rack: null)
2020-02-21 10:45:28,639 INFO [QuartzScheduler_communityScheduler-Summer1582119053411_MisfireHandler] o.s.s.q.LocalDataSourceJobStore [JobStoreSupport.java:973] Handling 2 trigger(s) that missed their scheduled fire-time.
2020-02-21 10:48:23,276 INFO [communityScheduler_Worker-2] c.n.c.q.PostScoreRefreshJob [PostScoreRefreshJob.java:58] [任务取消] 没有需要刷新的帖子!
2020-02-21 10:53:23,271 INFO [communityScheduler_Worker-3] c.n.c.q.PostScoreRefreshJob [PostScoreRefreshJob.java:58] [任务取消] 没有需要刷新的帖子!
2020-02-21 10:58:23,276 INFO [communityScheduler_Worker-4] c.n.c.q.PostScoreRefreshJob [PostScoreRefreshJob.java:58] [任务取消] 没有需要刷新的帖子!
2020-02-21 11:03:23,272 INFO [communityScheduler_Worker-5] c.n.c.q.PostScoreRefreshJob [PostScoreRefreshJob.java:58] [任务取消] 没有需要刷新的帖子!
2020-02-21 11:08:23,273 INFO [communityScheduler_Worker-1] c.n.c.q.PostScoreRefreshJob [PostScoreRefreshJob.java:58] [任务取消] 没有需要刷新的帖子!
2020-02-21 11:13:23,271 INFO [communityScheduler_Worker-2] c.n.c.q.PostScoreRefreshJob [PostScoreRefreshJob.java:58] [任务取消] 没有需要刷新的帖子!
2020-02-21 11:18:23,271 INFO [communityScheduler_Worker-3] c.n.c.q.PostScoreRefreshJob [PostScoreRefreshJob.java:58] [任务取消] 没有需要刷新的帖子!
2020-02-21 11:23:23,272 INFO [communityScheduler_Worker-4] c.n.c.q.PostScoreRefreshJob [PostScoreRefreshJob.java:58] [任务取消] 没有需要刷新的帖子!
2020-02-21 11:28:23,274 INFO [communityScheduler_Worker-5] c.n.c.q.PostScoreRefreshJob [PostScoreRefreshJob.java:58] [任务取消] 没有需要刷新的帖子!
2020-02-21 11:33:23,269 INFO [communityScheduler_Worker-1] c.n.c.q.PostScoreRefreshJob [PostScoreRefreshJob.java:58] [任务取消] 没有需要刷新的帖子!
2020-02-21 11:33:34,469 INFO [Thread-10] o.q.c.QuartzScheduler [QuartzScheduler.java:585] Scheduler communityScheduler_$_Summer1582119053411 paused.
2020-02-21 11:33:34,482 INFO [org.springframework.kafka.KafkaListenerEndpointContainer#0-0-C-1] o.s.s.c.ThreadPoolTaskScheduler [ExecutorConfigurationSupport.java:208] Shutting down ExecutorService
2020-02-21 11:33:34,482 INFO [org.springframework.kafka.KafkaListenerEndpointContainer#1-0-C-1] o.s.s.c.ThreadPoolTaskScheduler [ExecutorConfigurationSupport.java:208] Shutting down ExecutorService
2020-02-21 11:33:34,482 INFO [org.springframework.kafka.KafkaListenerEndpointContainer#2-0-C-1] o.s.s.c.ThreadPoolTaskScheduler [ExecutorConfigurationSupport.java:208] Shutting down ExecutorService
2020-02-21 11:33:34,488 INFO [org.springframework.kafka.KafkaListenerEndpointContainer#2-0-C-1] o.s.k.l.KafkaMessageListenerContainer$ListenerConsumer [KafkaMessageListenerContainer.java:840] Consumer stopped
2020-02-21 11:33:34,488 INFO [org.springframework.kafka.KafkaListenerEndpointContainer#1-0-C-1] o.s.k.l.KafkaMessageListenerContainer$ListenerConsumer [KafkaMessageListenerContainer.java:840] Consumer stopped
2020-02-21 11:33:34,489 INFO [org.springframework.kafka.KafkaListenerEndpointContainer#0-0-C-1] o.s.k.l.KafkaMessageListenerContainer$ListenerConsumer [KafkaMessageListenerContainer.java:840] Consumer stopped
2020-02-21 11:33:34,495 INFO [Thread-10] o.s.s.q.SchedulerFactoryBean [SchedulerFactoryBean.java:844] Shutting down Quartz Scheduler
2020-02-21 11:33:34,495 INFO [Thread-10] o.q.c.QuartzScheduler [QuartzScheduler.java:666] Scheduler communityScheduler_$_Summer1582119053411 shutting down.
2020-02-21 11:33:34,495 INFO [Thread-10] o.q.c.QuartzScheduler [QuartzScheduler.java:585] Scheduler communityScheduler_$_Summer1582119053411 paused.
2020-02-21 11:33:34,497 INFO [Thread-10] o.q.c.QuartzScheduler [QuartzScheduler.java:740] Scheduler communityScheduler_$_Summer1582119053411 shutdown complete.
2020-02-21 11:33:34,504 INFO [Thread-10] o.s.s.c.ThreadPoolTaskExecutor [ExecutorConfigurationSupport.java:208] Shutting down ExecutorService 'applicationTaskExecutor'
2020-02-21 11:33:35,699 INFO [Thread-10] c.z.h.HikariDataSource [HikariDataSource.java:350] HikariPool-1 - Shutdown initiated...
2020-02-21 11:33:35,704 INFO [Thread-10] c.z.h.HikariDataSource [HikariDataSource.java:352] HikariPool-1 - Shutdown completed.
