2020-02-24 00:03:23,270 INFO [communityScheduler_Worker-4] c.n.c.q.PostScoreRefreshJob [PostScoreRefreshJob.java:58] [任务取消] 没有需要刷新的帖子!
2020-02-24 00:08:23,270 INFO [communityScheduler_Worker-5] c.n.c.q.PostScoreRefreshJob [PostScoreRefreshJob.java:58] [任务取消] 没有需要刷新的帖子!
2020-02-24 00:13:23,269 INFO [communityScheduler_Worker-1] c.n.c.q.PostScoreRefreshJob [PostScoreRefreshJob.java:58] [任务取消] 没有需要刷新的帖子!
2020-02-24 00:18:23,268 INFO [communityScheduler_Worker-2] c.n.c.q.PostScoreRefreshJob [PostScoreRefreshJob.java:58] [任务取消] 没有需要刷新的帖子!
2020-02-24 00:23:23,268 INFO [communityScheduler_Worker-3] c.n.c.q.PostScoreRefreshJob [PostScoreRefreshJob.java:58] [任务取消] 没有需要刷新的帖子!
2020-02-24 00:28:23,274 INFO [communityScheduler_Worker-4] c.n.c.q.PostScoreRefreshJob [PostScoreRefreshJob.java:58] [任务取消] 没有需要刷新的帖子!
2020-02-24 00:33:23,268 INFO [communityScheduler_Worker-5] c.n.c.q.PostScoreRefreshJob [PostScoreRefreshJob.java:58] [任务取消] 没有需要刷新的帖子!
2020-02-24 00:38:23,268 INFO [communityScheduler_Worker-1] c.n.c.q.PostScoreRefreshJob [PostScoreRefreshJob.java:58] [任务取消] 没有需要刷新的帖子!
2020-02-24 00:43:23,269 INFO [communityScheduler_Worker-2] c.n.c.q.PostScoreRefreshJob [PostScoreRefreshJob.java:58] [任务取消] 没有需要刷新的帖子!
2020-02-24 00:48:23,268 INFO [communityScheduler_Worker-3] c.n.c.q.PostScoreRefreshJob [PostScoreRefreshJob.java:58] [任务取消] 没有需要刷新的帖子!
2020-02-24 00:53:23,268 INFO [communityScheduler_Worker-4] c.n.c.q.PostScoreRefreshJob [PostScoreRefreshJob.java:58] [任务取消] 没有需要刷新的帖子!
2020-02-24 00:58:23,267 INFO [communityScheduler_Worker-5] c.n.c.q.PostScoreRefreshJob [PostScoreRefreshJob.java:58] [任务取消] 没有需要刷新的帖子!
2020-02-24 01:03:23,272 INFO [communityScheduler_Worker-1] c.n.c.q.PostScoreRefreshJob [PostScoreRefreshJob.java:58] [任务取消] 没有需要刷新的帖子!
2020-02-24 01:08:23,274 INFO [communityScheduler_Worker-2] c.n.c.q.PostScoreRefreshJob [PostScoreRefreshJob.java:58] [任务取消] 没有需要刷新的帖子!
2020-02-24 01:13:23,268 INFO [communityScheduler_Worker-3] c.n.c.q.PostScoreRefreshJob [PostScoreRefreshJob.java:58] [任务取消] 没有需要刷新的帖子!
2020-02-24 01:18:23,270 INFO [communityScheduler_Worker-4] c.n.c.q.PostScoreRefreshJob [PostScoreRefreshJob.java:58] [任务取消] 没有需要刷新的帖子!
2020-02-24 01:23:23,269 INFO [communityScheduler_Worker-5] c.n.c.q.PostScoreRefreshJob [PostScoreRefreshJob.java:58] [任务取消] 没有需要刷新的帖子!
2020-02-24 01:28:23,271 INFO [communityScheduler_Worker-1] c.n.c.q.PostScoreRefreshJob [PostScoreRefreshJob.java:58] [任务取消] 没有需要刷新的帖子!
2020-02-24 01:33:23,272 INFO [communityScheduler_Worker-2] c.n.c.q.PostScoreRefreshJob [PostScoreRefreshJob.java:58] [任务取消] 没有需要刷新的帖子!
2020-02-24 01:38:23,271 INFO [communityScheduler_Worker-3] c.n.c.q.PostScoreRefreshJob [PostScoreRefreshJob.java:58] [任务取消] 没有需要刷新的帖子!
2020-02-24 01:38:41,489 INFO [Thread-10] o.q.c.QuartzScheduler [QuartzScheduler.java:585] Scheduler communityScheduler_$_Summer1582469047270 paused.
2020-02-24 01:38:41,493 INFO [org.springframework.kafka.KafkaListenerEndpointContainer#2-0-C-1] o.s.s.c.ThreadPoolTaskScheduler [ExecutorConfigurationSupport.java:208] Shutting down ExecutorService
2020-02-24 01:38:41,493 INFO [org.springframework.kafka.KafkaListenerEndpointContainer#0-0-C-1] o.s.s.c.ThreadPoolTaskScheduler [ExecutorConfigurationSupport.java:208] Shutting down ExecutorService
2020-02-24 01:38:41,493 INFO [org.springframework.kafka.KafkaListenerEndpointContainer#1-0-C-1] o.s.s.c.ThreadPoolTaskScheduler [ExecutorConfigurationSupport.java:208] Shutting down ExecutorService
2020-02-24 01:38:41,496 INFO [org.springframework.kafka.KafkaListenerEndpointContainer#0-0-C-1] o.s.k.l.KafkaMessageListenerContainer$ListenerConsumer [KafkaMessageListenerContainer.java:840] Consumer stopped
2020-02-24 01:38:41,496 INFO [org.springframework.kafka.KafkaListenerEndpointContainer#1-0-C-1] o.s.k.l.KafkaMessageListenerContainer$ListenerConsumer [KafkaMessageListenerContainer.java:840] Consumer stopped
2020-02-24 01:38:41,497 INFO [org.springframework.kafka.KafkaListenerEndpointContainer#2-0-C-1] o.s.k.l.KafkaMessageListenerContainer$ListenerConsumer [KafkaMessageListenerContainer.java:840] Consumer stopped
2020-02-24 01:38:41,499 INFO [Thread-10] o.s.s.q.SchedulerFactoryBean [SchedulerFactoryBean.java:844] Shutting down Quartz Scheduler
2020-02-24 01:38:41,499 INFO [Thread-10] o.q.c.QuartzScheduler [QuartzScheduler.java:666] Scheduler communityScheduler_$_Summer1582469047270 shutting down.
2020-02-24 01:38:41,499 INFO [Thread-10] o.q.c.QuartzScheduler [QuartzScheduler.java:585] Scheduler communityScheduler_$_Summer1582469047270 paused.
2020-02-24 01:38:41,500 INFO [Thread-10] o.q.c.QuartzScheduler [QuartzScheduler.java:740] Scheduler communityScheduler_$_Summer1582469047270 shutdown complete.
2020-02-24 01:38:41,501 INFO [Thread-10] o.s.s.c.ThreadPoolTaskExecutor [ExecutorConfigurationSupport.java:208] Shutting down ExecutorService 'applicationTaskExecutor'
2020-02-24 01:38:42,630 INFO [Thread-10] c.z.h.HikariDataSource [HikariDataSource.java:350] HikariPool-1 - Shutdown initiated...
2020-02-24 01:38:42,632 INFO [Thread-10] c.z.h.HikariDataSource [HikariDataSource.java:352] HikariPool-1 - Shutdown completed.
