2020-02-17 01:16:15,538 INFO [kafka-coordinator-heartbeat-thread | test-consumer-group] o.a.k.c.c.i.AbstractCoordinator [AbstractCoordinator.java:729] [Consumer clientId=consumer-2, groupId=test-consumer-group] Group coordinator localhost:9092 (id: 2147483647 rack: null) is unavailable or invalid, will attempt rediscovery
2020-02-17 01:16:15,539 INFO [kafka-coordinator-heartbeat-thread | test-consumer-group] o.a.k.c.c.i.AbstractCoordinator [AbstractCoordinator.java:729] [Consumer clientId=consumer-4, groupId=test-consumer-group] Group coordinator localhost:9092 (id: 2147483647 rack: null) is unavailable or invalid, will attempt rediscovery
2020-02-17 01:16:15,538 INFO [kafka-coordinator-heartbeat-thread | test-consumer-group] o.a.k.c.c.i.AbstractCoordinator [AbstractCoordinator.java:729] [Consumer clientId=consumer-6, groupId=test-consumer-group] Group coordinator localhost:9092 (id: 2147483647 rack: null) is unavailable or invalid, will attempt rediscovery
2020-02-17 01:16:15,579 INFO [org.springframework.kafka.KafkaListenerEndpointContainer#1-0-C-1] o.a.k.c.c.i.AbstractCoordinator [AbstractCoordinator.java:677] [Consumer clientId=consumer-6, groupId=test-consumer-group] Discovered group coordinator localhost:9092 (id: 2147483647 rack: null)
2020-02-17 01:16:15,579 INFO [org.springframework.kafka.KafkaListenerEndpointContainer#2-0-C-1] o.a.k.c.c.i.AbstractCoordinator [AbstractCoordinator.java:677] [Consumer clientId=consumer-2, groupId=test-consumer-group] Discovered group coordinator localhost:9092 (id: 2147483647 rack: null)
2020-02-17 01:16:15,579 INFO [org.springframework.kafka.KafkaListenerEndpointContainer#0-0-C-1] o.a.k.c.c.i.AbstractCoordinator [AbstractCoordinator.java:677] [Consumer clientId=consumer-4, groupId=test-consumer-group] Discovered group coordinator localhost:9092 (id: 2147483647 rack: null)
2020-02-17 01:16:15,579 INFO [org.springframework.kafka.KafkaListenerEndpointContainer#0-0-C-1] o.a.k.c.c.i.AbstractCoordinator [AbstractCoordinator.java:729] [Consumer clientId=consumer-4, groupId=test-consumer-group] Group coordinator localhost:9092 (id: 2147483647 rack: null) is unavailable or invalid, will attempt rediscovery
2020-02-17 01:16:15,579 INFO [org.springframework.kafka.KafkaListenerEndpointContainer#2-0-C-1] o.a.k.c.c.i.AbstractCoordinator [AbstractCoordinator.java:729] [Consumer clientId=consumer-2, groupId=test-consumer-group] Group coordinator localhost:9092 (id: 2147483647 rack: null) is unavailable or invalid, will attempt rediscovery
2020-02-17 01:16:15,579 INFO [org.springframework.kafka.KafkaListenerEndpointContainer#1-0-C-1] o.a.k.c.c.i.AbstractCoordinator [AbstractCoordinator.java:729] [Consumer clientId=consumer-6, groupId=test-consumer-group] Group coordinator localhost:9092 (id: 2147483647 rack: null) is unavailable or invalid, will attempt rediscovery
2020-02-17 01:16:15,686 INFO [org.springframework.kafka.KafkaListenerEndpointContainer#0-0-C-1] o.a.k.c.c.i.AbstractCoordinator [AbstractCoordinator.java:677] [Consumer clientId=consumer-4, groupId=test-consumer-group] Discovered group coordinator localhost:9092 (id: 2147483647 rack: null)
2020-02-17 01:16:15,686 INFO [org.springframework.kafka.KafkaListenerEndpointContainer#2-0-C-1] o.a.k.c.c.i.AbstractCoordinator [AbstractCoordinator.java:677] [Consumer clientId=consumer-2, groupId=test-consumer-group] Discovered group coordinator localhost:9092 (id: 2147483647 rack: null)
2020-02-17 01:16:15,688 INFO [org.springframework.kafka.KafkaListenerEndpointContainer#1-0-C-1] o.a.k.c.c.i.AbstractCoordinator [AbstractCoordinator.java:677] [Consumer clientId=consumer-6, groupId=test-consumer-group] Discovered group coordinator localhost:9092 (id: 2147483647 rack: null)
2020-02-17 01:52:51,384 INFO [org.springframework.kafka.KafkaListenerEndpointContainer#2-0-C-1] o.a.k.c.FetchSessionHandler [FetchSessionHandler.java:440] [Consumer clientId=consumer-2, groupId=test-consumer-group] Error sending fetch request (sessionId=1077032786, epoch=13785) to node 0: org.apache.kafka.common.errors.DisconnectException.
2020-02-17 01:52:51,384 INFO [org.springframework.kafka.KafkaListenerEndpointContainer#1-0-C-1] o.a.k.c.FetchSessionHandler [FetchSessionHandler.java:440] [Consumer clientId=consumer-6, groupId=test-consumer-group] Error sending fetch request (sessionId=1722822264, epoch=13780) to node 0: org.apache.kafka.common.errors.DisconnectException.
2020-02-17 01:52:51,390 INFO [org.springframework.kafka.KafkaListenerEndpointContainer#0-0-C-1] o.a.k.c.FetchSessionHandler [FetchSessionHandler.java:440] [Consumer clientId=consumer-4, groupId=test-consumer-group] Error sending fetch request (sessionId=1857988297, epoch=13779) to node 0: org.apache.kafka.common.errors.DisconnectException.
2020-02-17 01:52:51,392 INFO [kafka-coordinator-heartbeat-thread | test-consumer-group] o.a.k.c.c.i.AbstractCoordinator [AbstractCoordinator.java:729] [Consumer clientId=consumer-2, groupId=test-consumer-group] Group coordinator localhost:9092 (id: 2147483647 rack: null) is unavailable or invalid, will attempt rediscovery
2020-02-17 01:52:51,392 INFO [kafka-coordinator-heartbeat-thread | test-consumer-group] o.a.k.c.c.i.AbstractCoordinator [AbstractCoordinator.java:729] [Consumer clientId=consumer-4, groupId=test-consumer-group] Group coordinator localhost:9092 (id: 2147483647 rack: null) is unavailable or invalid, will attempt rediscovery
2020-02-17 01:52:51,393 INFO [kafka-coordinator-heartbeat-thread | test-consumer-group] o.a.k.c.c.i.AbstractCoordinator [AbstractCoordinator.java:729] [Consumer clientId=consumer-6, groupId=test-consumer-group] Group coordinator localhost:9092 (id: 2147483647 rack: null) is unavailable or invalid, will attempt rediscovery
2020-02-17 01:52:51,432 INFO [org.springframework.kafka.KafkaListenerEndpointContainer#0-0-C-1] o.a.k.c.c.i.AbstractCoordinator [AbstractCoordinator.java:677] [Consumer clientId=consumer-4, groupId=test-consumer-group] Discovered group coordinator localhost:9092 (id: 2147483647 rack: null)
2020-02-17 01:52:51,433 INFO [org.springframework.kafka.KafkaListenerEndpointContainer#0-0-C-1] o.a.k.c.c.i.AbstractCoordinator [AbstractCoordinator.java:729] [Consumer clientId=consumer-4, groupId=test-consumer-group] Group coordinator localhost:9092 (id: 2147483647 rack: null) is unavailable or invalid, will attempt rediscovery
2020-02-17 01:52:51,488 INFO [org.springframework.kafka.KafkaListenerEndpointContainer#1-0-C-1] o.a.k.c.c.i.AbstractCoordinator [AbstractCoordinator.java:677] [Consumer clientId=consumer-6, groupId=test-consumer-group] Discovered group coordinator localhost:9092 (id: 2147483647 rack: null)
2020-02-17 01:52:51,488 INFO [org.springframework.kafka.KafkaListenerEndpointContainer#2-0-C-1] o.a.k.c.c.i.AbstractCoordinator [AbstractCoordinator.java:677] [Consumer clientId=consumer-2, groupId=test-consumer-group] Discovered group coordinator localhost:9092 (id: 2147483647 rack: null)
2020-02-17 01:52:51,537 INFO [org.springframework.kafka.KafkaListenerEndpointContainer#0-0-C-1] o.a.k.c.c.i.AbstractCoordinator [AbstractCoordinator.java:677] [Consumer clientId=consumer-4, groupId=test-consumer-group] Discovered group coordinator localhost:9092 (id: 2147483647 rack: null)
2020-02-17 05:15:44,430 INFO [org.springframework.kafka.KafkaListenerEndpointContainer#0-0-C-1] o.a.k.c.FetchSessionHandler [FetchSessionHandler.java:440] [Consumer clientId=consumer-4, groupId=test-consumer-group] Error sending fetch request (sessionId=614092325, epoch=9864) to node 0: org.apache.kafka.common.errors.DisconnectException.
2020-02-17 05:15:44,432 INFO [kafka-coordinator-heartbeat-thread | test-consumer-group] o.a.k.c.c.i.AbstractCoordinator [AbstractCoordinator.java:729] [Consumer clientId=consumer-4, groupId=test-consumer-group] Group coordinator localhost:9092 (id: 2147483647 rack: null) is unavailable or invalid, will attempt rediscovery
2020-02-17 05:15:44,432 INFO [kafka-coordinator-heartbeat-thread | test-consumer-group] o.a.k.c.c.i.AbstractCoordinator [AbstractCoordinator.java:729] [Consumer clientId=consumer-2, groupId=test-consumer-group] Group coordinator localhost:9092 (id: 2147483647 rack: null) is unavailable or invalid, will attempt rediscovery
2020-02-17 05:15:44,432 INFO [kafka-coordinator-heartbeat-thread | test-consumer-group] o.a.k.c.c.i.AbstractCoordinator [AbstractCoordinator.java:729] [Consumer clientId=consumer-6, groupId=test-consumer-group] Group coordinator localhost:9092 (id: 2147483647 rack: null) is unavailable or invalid, will attempt rediscovery
2020-02-17 05:15:44,461 INFO [org.springframework.kafka.KafkaListenerEndpointContainer#2-0-C-1] o.a.k.c.c.i.AbstractCoordinator [AbstractCoordinator.java:677] [Consumer clientId=consumer-2, groupId=test-consumer-group] Discovered group coordinator localhost:9092 (id: 2147483647 rack: null)
2020-02-17 05:15:44,461 INFO [org.springframework.kafka.KafkaListenerEndpointContainer#1-0-C-1] o.a.k.c.c.i.AbstractCoordinator [AbstractCoordinator.java:677] [Consumer clientId=consumer-6, groupId=test-consumer-group] Discovered group coordinator localhost:9092 (id: 2147483647 rack: null)
2020-02-17 05:15:44,462 INFO [org.springframework.kafka.KafkaListenerEndpointContainer#1-0-C-1] o.a.k.c.c.i.AbstractCoordinator [AbstractCoordinator.java:729] [Consumer clientId=consumer-6, groupId=test-consumer-group] Group coordinator localhost:9092 (id: 2147483647 rack: null) is unavailable or invalid, will attempt rediscovery
2020-02-17 05:15:44,462 INFO [org.springframework.kafka.KafkaListenerEndpointContainer#2-0-C-1] o.a.k.c.c.i.AbstractCoordinator [AbstractCoordinator.java:729] [Consumer clientId=consumer-2, groupId=test-consumer-group] Group coordinator localhost:9092 (id: 2147483647 rack: null) is unavailable or invalid, will attempt rediscovery
2020-02-17 05:15:44,521 INFO [org.springframework.kafka.KafkaListenerEndpointContainer#0-0-C-1] o.a.k.c.c.i.AbstractCoordinator [AbstractCoordinator.java:677] [Consumer clientId=consumer-4, groupId=test-consumer-group] Discovered group coordinator localhost:9092 (id: 2147483647 rack: null)
2020-02-17 05:15:44,567 INFO [org.springframework.kafka.KafkaListenerEndpointContainer#1-0-C-1] o.a.k.c.c.i.AbstractCoordinator [AbstractCoordinator.java:677] [Consumer clientId=consumer-6, groupId=test-consumer-group] Discovered group coordinator localhost:9092 (id: 2147483647 rack: null)
2020-02-17 05:15:44,567 INFO [org.springframework.kafka.KafkaListenerEndpointContainer#2-0-C-1] o.a.k.c.c.i.AbstractCoordinator [AbstractCoordinator.java:677] [Consumer clientId=consumer-2, groupId=test-consumer-group] Discovered group coordinator localhost:9092 (id: 2147483647 rack: null)
2020-02-17 08:48:23,216 INFO [kafka-coordinator-heartbeat-thread | test-consumer-group] o.a.k.c.c.i.AbstractCoordinator [AbstractCoordinator.java:729] [Consumer clientId=consumer-6, groupId=test-consumer-group] Group coordinator localhost:9092 (id: 2147483647 rack: null) is unavailable or invalid, will attempt rediscovery
2020-02-17 08:48:23,216 INFO [kafka-coordinator-heartbeat-thread | test-consumer-group] o.a.k.c.c.i.AbstractCoordinator [AbstractCoordinator.java:729] [Consumer clientId=consumer-2, groupId=test-consumer-group] Group coordinator localhost:9092 (id: 2147483647 rack: null) is unavailable or invalid, will attempt rediscovery
2020-02-17 08:48:23,216 INFO [kafka-coordinator-heartbeat-thread | test-consumer-group] o.a.k.c.c.i.AbstractCoordinator [AbstractCoordinator.java:729] [Consumer clientId=consumer-4, groupId=test-consumer-group] Group coordinator localhost:9092 (id: 2147483647 rack: null) is unavailable or invalid, will attempt rediscovery
2020-02-17 08:48:23,256 INFO [org.springframework.kafka.KafkaListenerEndpointContainer#1-0-C-1] o.a.k.c.c.i.AbstractCoordinator [AbstractCoordinator.java:677] [Consumer clientId=consumer-6, groupId=test-consumer-group] Discovered group coordinator localhost:9092 (id: 2147483647 rack: null)
2020-02-17 08:48:23,256 INFO [org.springframework.kafka.KafkaListenerEndpointContainer#2-0-C-1] o.a.k.c.c.i.AbstractCoordinator [AbstractCoordinator.java:677] [Consumer clientId=consumer-2, groupId=test-consumer-group] Discovered group coordinator localhost:9092 (id: 2147483647 rack: null)
2020-02-17 08:48:23,256 INFO [org.springframework.kafka.KafkaListenerEndpointContainer#0-0-C-1] o.a.k.c.c.i.AbstractCoordinator [AbstractCoordinator.java:677] [Consumer clientId=consumer-4, groupId=test-consumer-group] Discovered group coordinator localhost:9092 (id: 2147483647 rack: null)
2020-02-17 08:48:23,259 INFO [org.springframework.kafka.KafkaListenerEndpointContainer#0-0-C-1] o.a.k.c.c.i.AbstractCoordinator [AbstractCoordinator.java:729] [Consumer clientId=consumer-4, groupId=test-consumer-group] Group coordinator localhost:9092 (id: 2147483647 rack: null) is unavailable or invalid, will attempt rediscovery
2020-02-17 08:48:23,259 INFO [org.springframework.kafka.KafkaListenerEndpointContainer#1-0-C-1] o.a.k.c.c.i.AbstractCoordinator [AbstractCoordinator.java:729] [Consumer clientId=consumer-6, groupId=test-consumer-group] Group coordinator localhost:9092 (id: 2147483647 rack: null) is unavailable or invalid, will attempt rediscovery
2020-02-17 08:48:23,259 INFO [org.springframework.kafka.KafkaListenerEndpointContainer#2-0-C-1] o.a.k.c.c.i.AbstractCoordinator [AbstractCoordinator.java:729] [Consumer clientId=consumer-2, groupId=test-consumer-group] Group coordinator localhost:9092 (id: 2147483647 rack: null) is unavailable or invalid, will attempt rediscovery
2020-02-17 08:48:23,360 INFO [org.springframework.kafka.KafkaListenerEndpointContainer#2-0-C-1] o.a.k.c.c.i.AbstractCoordinator [AbstractCoordinator.java:677] [Consumer clientId=consumer-2, groupId=test-consumer-group] Discovered group coordinator localhost:9092 (id: 2147483647 rack: null)
2020-02-17 08:48:23,362 INFO [org.springframework.kafka.KafkaListenerEndpointContainer#1-0-C-1] o.a.k.c.c.i.AbstractCoordinator [AbstractCoordinator.java:677] [Consumer clientId=consumer-6, groupId=test-consumer-group] Discovered group coordinator localhost:9092 (id: 2147483647 rack: null)
2020-02-17 08:48:23,362 INFO [org.springframework.kafka.KafkaListenerEndpointContainer#0-0-C-1] o.a.k.c.c.i.AbstractCoordinator [AbstractCoordinator.java:677] [Consumer clientId=consumer-4, groupId=test-consumer-group] Discovered group coordinator localhost:9092 (id: 2147483647 rack: null)
2020-02-17 12:13:56,071 INFO [org.springframework.kafka.KafkaListenerEndpointContainer#1-0-C-1] o.a.k.c.FetchSessionHandler [FetchSessionHandler.java:440] [Consumer clientId=consumer-6, groupId=test-consumer-group] Error sending fetch request (sessionId=850559132, epoch=31076) to node 0: org.apache.kafka.common.errors.DisconnectException.
2020-02-17 12:13:56,071 INFO [org.springframework.kafka.KafkaListenerEndpointContainer#2-0-C-1] o.a.k.c.FetchSessionHandler [FetchSessionHandler.java:440] [Consumer clientId=consumer-2, groupId=test-consumer-group] Error sending fetch request (sessionId=171851892, epoch=31076) to node 0: org.apache.kafka.common.errors.DisconnectException.
2020-02-17 12:13:56,071 INFO [org.springframework.kafka.KafkaListenerEndpointContainer#0-0-C-1] o.a.k.c.FetchSessionHandler [FetchSessionHandler.java:440] [Consumer clientId=consumer-4, groupId=test-consumer-group] Error sending fetch request (sessionId=1730249931, epoch=21211) to node 0: org.apache.kafka.common.errors.DisconnectException.
2020-02-17 12:13:56,074 INFO [kafka-coordinator-heartbeat-thread | test-consumer-group] o.a.k.c.c.i.AbstractCoordinator [AbstractCoordinator.java:729] [Consumer clientId=consumer-2, groupId=test-consumer-group] Group coordinator localhost:9092 (id: 2147483647 rack: null) is unavailable or invalid, will attempt rediscovery
2020-02-17 12:13:56,074 INFO [kafka-coordinator-heartbeat-thread | test-consumer-group] o.a.k.c.c.i.AbstractCoordinator [AbstractCoordinator.java:729] [Consumer clientId=consumer-4, groupId=test-consumer-group] Group coordinator localhost:9092 (id: 2147483647 rack: null) is unavailable or invalid, will attempt rediscovery
2020-02-17 12:13:56,074 INFO [kafka-coordinator-heartbeat-thread | test-consumer-group] o.a.k.c.c.i.AbstractCoordinator [AbstractCoordinator.java:729] [Consumer clientId=consumer-6, groupId=test-consumer-group] Group coordinator localhost:9092 (id: 2147483647 rack: null) is unavailable or invalid, will attempt rediscovery
2020-02-17 12:13:56,114 INFO [org.springframework.kafka.KafkaListenerEndpointContainer#2-0-C-1] o.a.k.c.c.i.AbstractCoordinator [AbstractCoordinator.java:677] [Consumer clientId=consumer-2, groupId=test-consumer-group] Discovered group coordinator localhost:9092 (id: 2147483647 rack: null)
2020-02-17 12:13:56,115 INFO [org.springframework.kafka.KafkaListenerEndpointContainer#2-0-C-1] o.a.k.c.c.i.AbstractCoordinator [AbstractCoordinator.java:729] [Consumer clientId=consumer-2, groupId=test-consumer-group] Group coordinator localhost:9092 (id: 2147483647 rack: null) is unavailable or invalid, will attempt rediscovery
2020-02-17 12:13:56,164 INFO [org.springframework.kafka.KafkaListenerEndpointContainer#1-0-C-1] o.a.k.c.c.i.AbstractCoordinator [AbstractCoordinator.java:677] [Consumer clientId=consumer-6, groupId=test-consumer-group] Discovered group coordinator localhost:9092 (id: 2147483647 rack: null)
2020-02-17 12:13:56,166 INFO [org.springframework.kafka.KafkaListenerEndpointContainer#0-0-C-1] o.a.k.c.c.i.AbstractCoordinator [AbstractCoordinator.java:677] [Consumer clientId=consumer-4, groupId=test-consumer-group] Discovered group coordinator localhost:9092 (id: 2147483647 rack: null)
2020-02-17 12:13:56,223 INFO [org.springframework.kafka.KafkaListenerEndpointContainer#2-0-C-1] o.a.k.c.c.i.AbstractCoordinator [AbstractCoordinator.java:677] [Consumer clientId=consumer-2, groupId=test-consumer-group] Discovered group coordinator localhost:9092 (id: 2147483647 rack: null)
2020-02-17 17:28:11,510 INFO [org.springframework.kafka.KafkaListenerEndpointContainer#1-0-C-1] o.s.s.c.ThreadPoolTaskScheduler [ExecutorConfigurationSupport.java:208] Shutting down ExecutorService
2020-02-17 17:28:11,510 INFO [org.springframework.kafka.KafkaListenerEndpointContainer#0-0-C-1] o.s.s.c.ThreadPoolTaskScheduler [ExecutorConfigurationSupport.java:208] Shutting down ExecutorService
2020-02-17 17:28:11,510 INFO [org.springframework.kafka.KafkaListenerEndpointContainer#2-0-C-1] o.s.s.c.ThreadPoolTaskScheduler [ExecutorConfigurationSupport.java:208] Shutting down ExecutorService
2020-02-17 17:28:11,514 INFO [org.springframework.kafka.KafkaListenerEndpointContainer#0-0-C-1] o.s.k.l.KafkaMessageListenerContainer$ListenerConsumer [KafkaMessageListenerContainer.java:840] Consumer stopped
2020-02-17 17:28:11,514 INFO [org.springframework.kafka.KafkaListenerEndpointContainer#1-0-C-1] o.s.k.l.KafkaMessageListenerContainer$ListenerConsumer [KafkaMessageListenerContainer.java:840] Consumer stopped
2020-02-17 17:28:11,514 INFO [org.springframework.kafka.KafkaListenerEndpointContainer#2-0-C-1] o.s.k.l.KafkaMessageListenerContainer$ListenerConsumer [KafkaMessageListenerContainer.java:840] Consumer stopped
2020-02-17 17:28:11,520 INFO [Thread-8] o.s.s.c.ThreadPoolTaskExecutor [ExecutorConfigurationSupport.java:208] Shutting down ExecutorService 'applicationTaskExecutor'
2020-02-17 17:28:12,536 INFO [Thread-8] o.a.k.c.p.KafkaProducer [KafkaProducer.java:1090] [Producer clientId=producer-1] Closing the Kafka producer with timeoutMillis = 30000 ms.
2020-02-17 17:28:13,662 INFO [Thread-8] c.z.h.HikariDataSource [HikariDataSource.java:350] HikariPool-1 - Shutdown initiated...
2020-02-17 17:28:13,664 INFO [Thread-8] c.z.h.HikariDataSource [HikariDataSource.java:352] HikariPool-1 - Shutdown completed.
2020-02-17 17:28:23,840 INFO [restartedMain] c.n.c.CommunityApplication [StartupInfoLogger.java:50] Starting CommunityApplication on Summer with PID 86784 (/Users/summer/idea_pro1/community/target/classes started by summer in /Users/summer/idea_pro1/community)
2020-02-17 17:28:23,842 INFO [restartedMain] c.n.c.CommunityApplication [SpringApplication.java:675] No active profile set, falling back to default profiles: default
2020-02-17 17:28:23,866 INFO [restartedMain] o.s.b.d.e.DevToolsPropertyDefaultsPostProcessor [DeferredLog.java:227] Devtools property defaults active! Set 'spring.devtools.add-properties' to 'false' to disable
2020-02-17 17:28:23,867 INFO [restartedMain] o.s.b.d.e.DevToolsPropertyDefaultsPostProcessor [DeferredLog.java:227] For additional web related logging consider setting the 'logging.level.web' property to 'DEBUG'
2020-02-17 17:28:24,443 INFO [restartedMain] o.s.d.r.c.RepositoryConfigurationDelegate [RepositoryConfigurationDelegate.java:244] Multiple Spring Data modules found, entering strict repository configuration mode!
2020-02-17 17:28:24,444 INFO [restartedMain] o.s.d.r.c.RepositoryConfigurationDelegate [RepositoryConfigurationDelegate.java:126] Bootstrapping Spring Data repositories in DEFAULT mode.
2020-02-17 17:28:24,489 INFO [restartedMain] o.s.d.r.c.RepositoryConfigurationDelegate [RepositoryConfigurationDelegate.java:182] Finished Spring Data repository scanning in 43ms. Found 1 repository interfaces.
2020-02-17 17:28:24,496 INFO [restartedMain] o.s.d.r.c.RepositoryConfigurationDelegate [RepositoryConfigurationDelegate.java:244] Multiple Spring Data modules found, entering strict repository configuration mode!
2020-02-17 17:28:24,497 INFO [restartedMain] o.s.d.r.c.RepositoryConfigurationDelegate [RepositoryConfigurationDelegate.java:126] Bootstrapping Spring Data repositories in DEFAULT mode.
2020-02-17 17:28:24,510 INFO [restartedMain] o.s.d.r.c.RepositoryConfigurationExtensionSupport [RepositoryConfigurationExtensionSupport.java:363] Spring Data Redis - Could not safely identify store assignment for repository candidate interface com.nowcoder.community.dao.elasticsearch.DiscussPostRepository.
2020-02-17 17:28:24,510 INFO [restartedMain] o.s.d.r.c.RepositoryConfigurationDelegate [RepositoryConfigurationDelegate.java:182] Finished Spring Data repository scanning in 7ms. Found 0 repository interfaces.
2020-02-17 17:28:24,819 INFO [restartedMain] o.s.c.s.PostProcessorRegistrationDelegate$BeanPostProcessorChecker [PostProcessorRegistrationDelegate.java:330] Bean 'org.springframework.kafka.annotation.KafkaBootstrapConfiguration' of type [org.springframework.kafka.annotation.KafkaBootstrapConfiguration$$EnhancerBySpringCGLIB$$4300f1df] is not eligible for getting processed by all BeanPostProcessors (for example: not eligible for auto-proxying)
2020-02-17 17:28:24,864 INFO [restartedMain] o.s.c.s.PostProcessorRegistrationDelegate$BeanPostProcessorChecker [PostProcessorRegistrationDelegate.java:330] Bean 'org.springframework.transaction.annotation.ProxyTransactionManagementConfiguration' of type [org.springframework.transaction.annotation.ProxyTransactionManagementConfiguration$$EnhancerBySpringCGLIB$$6f4ee05c] is not eligible for getting processed by all BeanPostProcessors (for example: not eligible for auto-proxying)
2020-02-17 17:28:25,173 INFO [restartedMain] o.s.b.w.e.t.TomcatWebServer [TomcatWebServer.java:90] Tomcat initialized with port(s): 9090 (http)
2020-02-17 17:28:25,184 INFO [restartedMain] o.a.c.h.Http11NioProtocol [DirectJDKLog.java:173] Initializing ProtocolHandler ["http-nio-9090"]
2020-02-17 17:28:25,193 INFO [restartedMain] o.a.c.c.StandardService [DirectJDKLog.java:173] Starting service [Tomcat]
2020-02-17 17:28:25,193 INFO [restartedMain] o.a.c.c.StandardEngine [DirectJDKLog.java:173] Starting Servlet engine: [Apache Tomcat/9.0.19]
2020-02-17 17:28:25,260 INFO [restartedMain] o.a.c.c.C.[.[.[/community] [DirectJDKLog.java:173] Initializing Spring embedded WebApplicationContext
2020-02-17 17:28:25,260 INFO [restartedMain] o.s.w.c.ContextLoader [ServletWebServerApplicationContext.java:296] Root WebApplicationContext: initialization completed in 1393 ms
2020-02-17 17:28:26,080 INFO [restartedMain] o.e.p.PluginsService [PluginsService.java:190] no modules loaded
2020-02-17 17:28:26,081 INFO [restartedMain] o.e.p.PluginsService [PluginsService.java:193] loaded plugin [org.elasticsearch.index.reindex.ReindexPlugin]
2020-02-17 17:28:26,081 INFO [restartedMain] o.e.p.PluginsService [PluginsService.java:193] loaded plugin [org.elasticsearch.join.ParentJoinPlugin]
2020-02-17 17:28:26,082 INFO [restartedMain] o.e.p.PluginsService [PluginsService.java:193] loaded plugin [org.elasticsearch.percolator.PercolatorPlugin]
2020-02-17 17:28:26,082 INFO [restartedMain] o.e.p.PluginsService [PluginsService.java:193] loaded plugin [org.elasticsearch.script.mustache.MustachePlugin]
2020-02-17 17:28:26,082 INFO [restartedMain] o.e.p.PluginsService [PluginsService.java:193] loaded plugin [org.elasticsearch.transport.Netty4Plugin]
2020-02-17 17:28:26,607 INFO [restartedMain] o.s.d.e.c.TransportClientFactoryBean [TransportClientFactoryBean.java:88] Adding transport node : 127.0.0.1:9300
2020-02-17 17:28:26,865 INFO [restartedMain] o.s.b.d.a.OptionalLiveReloadServer [OptionalLiveReloadServer.java:57] LiveReload server is running on port 35729
2020-02-17 17:28:27,126 INFO [restartedMain] o.s.s.c.ThreadPoolTaskExecutor [ExecutorConfigurationSupport.java:171] Initializing ExecutorService 'applicationTaskExecutor'
2020-02-17 17:28:27,230 INFO [restartedMain] o.s.b.a.w.s.WelcomePageHandlerMapping [WelcomePageHandlerMapping.java:61] Adding welcome page template: index
2020-02-17 17:28:27,683 INFO [restartedMain] o.s.b.a.s.s.UserDetailsServiceAutoConfiguration [UserDetailsServiceAutoConfiguration.java:87] 

Using generated security password: 596c50d2-5cd4-4437-89ff-71d0fd43a1fc

2020-02-17 17:28:27,739 INFO [restartedMain] o.s.s.w.DefaultSecurityFilterChain [DefaultSecurityFilterChain.java:43] Creating filter chain: Ant [pattern='/resources/**'], []
2020-02-17 17:28:27,779 INFO [restartedMain] o.s.s.w.DefaultSecurityFilterChain [DefaultSecurityFilterChain.java:43] Creating filter chain: any request, [org.springframework.security.web.context.request.async.WebAsyncManagerIntegrationFilter@d3de59b, org.springframework.security.web.context.SecurityContextPersistenceFilter@1e435113, org.springframework.security.web.header.HeaderWriterFilter@4e82bb57, org.springframework.security.web.authentication.logout.LogoutFilter@4940290e, org.springframework.security.web.savedrequest.RequestCacheAwareFilter@5277405e, org.springframework.security.web.servletapi.SecurityContextHolderAwareRequestFilter@227445fa, org.springframework.security.web.authentication.AnonymousAuthenticationFilter@589d8f27, org.springframework.security.web.session.SessionManagementFilter@2b3d0d12, org.springframework.security.web.access.ExceptionTranslationFilter@26a2d9dd, org.springframework.security.web.access.intercept.FilterSecurityInterceptor@737b8595]
2020-02-17 17:28:27,866 INFO [restartedMain] o.a.k.c.c.ConsumerConfig [AbstractConfig.java:279] ConsumerConfig values: 
	auto.commit.interval.ms = 3000
	auto.offset.reset = latest
	bootstrap.servers = [localhost:9092]
	check.crcs = true
	client.id = 
	connections.max.idle.ms = 540000
	default.api.timeout.ms = 60000
	enable.auto.commit = true
	exclude.internal.topics = true
	fetch.max.bytes = 52428800
	fetch.max.wait.ms = 500
	fetch.min.bytes = 1
	group.id = test-consumer-group
	heartbeat.interval.ms = 3000
	interceptor.classes = []
	internal.leave.group.on.close = true
	isolation.level = read_uncommitted
	key.deserializer = class org.apache.kafka.common.serialization.StringDeserializer
	max.partition.fetch.bytes = 1048576
	max.poll.interval.ms = 300000
	max.poll.records = 500
	metadata.max.age.ms = 300000
	metric.reporters = []
	metrics.num.samples = 2
	metrics.recording.level = INFO
	metrics.sample.window.ms = 30000
	partition.assignment.strategy = [class org.apache.kafka.clients.consumer.RangeAssignor]
	receive.buffer.bytes = 65536
	reconnect.backoff.max.ms = 1000
	reconnect.backoff.ms = 50
	request.timeout.ms = 30000
	retry.backoff.ms = 100
	sasl.client.callback.handler.class = null
	sasl.jaas.config = null
	sasl.kerberos.kinit.cmd = /usr/bin/kinit
	sasl.kerberos.min.time.before.relogin = 60000
	sasl.kerberos.service.name = null
	sasl.kerberos.ticket.renew.jitter = 0.05
	sasl.kerberos.ticket.renew.window.factor = 0.8
	sasl.login.callback.handler.class = null
	sasl.login.class = null
	sasl.login.refresh.buffer.seconds = 300
	sasl.login.refresh.min.period.seconds = 60
	sasl.login.refresh.window.factor = 0.8
	sasl.login.refresh.window.jitter = 0.05
	sasl.mechanism = GSSAPI
	security.protocol = PLAINTEXT
	send.buffer.bytes = 131072
	session.timeout.ms = 10000
	ssl.cipher.suites = null
	ssl.enabled.protocols = [TLSv1.2, TLSv1.1, TLSv1]
	ssl.endpoint.identification.algorithm = https
	ssl.key.password = null
	ssl.keymanager.algorithm = SunX509
	ssl.keystore.location = null
	ssl.keystore.password = null
	ssl.keystore.type = JKS
	ssl.protocol = TLS
	ssl.provider = null
	ssl.secure.random.implementation = null
	ssl.trustmanager.algorithm = PKIX
	ssl.truststore.location = null
	ssl.truststore.password = null
	ssl.truststore.type = JKS
	value.deserializer = class org.apache.kafka.common.serialization.StringDeserializer

2020-02-17 17:28:27,907 INFO [restartedMain] o.a.k.c.u.AppInfoParser [AppInfoParser.java:109] Kafka version : 2.0.1
2020-02-17 17:28:27,907 INFO [restartedMain] o.a.k.c.u.AppInfoParser [AppInfoParser.java:110] Kafka commitId : fa14705e51bd2ce5
2020-02-17 17:28:28,041 INFO [restartedMain] o.a.k.c.Metadata [Metadata.java:285] Cluster ID: D6YSnGEsRoy9Nd-OvTeo_g
2020-02-17 17:28:28,054 INFO [restartedMain] o.a.k.c.c.ConsumerConfig [AbstractConfig.java:279] ConsumerConfig values: 
	auto.commit.interval.ms = 3000
	auto.offset.reset = latest
	bootstrap.servers = [localhost:9092]
	check.crcs = true
	client.id = 
	connections.max.idle.ms = 540000
	default.api.timeout.ms = 60000
	enable.auto.commit = true
	exclude.internal.topics = true
	fetch.max.bytes = 52428800
	fetch.max.wait.ms = 500
	fetch.min.bytes = 1
	group.id = test-consumer-group
	heartbeat.interval.ms = 3000
	interceptor.classes = []
	internal.leave.group.on.close = true
	isolation.level = read_uncommitted
	key.deserializer = class org.apache.kafka.common.serialization.StringDeserializer
	max.partition.fetch.bytes = 1048576
	max.poll.interval.ms = 300000
	max.poll.records = 500
	metadata.max.age.ms = 300000
	metric.reporters = []
	metrics.num.samples = 2
	metrics.recording.level = INFO
	metrics.sample.window.ms = 30000
	partition.assignment.strategy = [class org.apache.kafka.clients.consumer.RangeAssignor]
	receive.buffer.bytes = 65536
	reconnect.backoff.max.ms = 1000
	reconnect.backoff.ms = 50
	request.timeout.ms = 30000
	retry.backoff.ms = 100
	sasl.client.callback.handler.class = null
	sasl.jaas.config = null
	sasl.kerberos.kinit.cmd = /usr/bin/kinit
	sasl.kerberos.min.time.before.relogin = 60000
	sasl.kerberos.service.name = null
	sasl.kerberos.ticket.renew.jitter = 0.05
	sasl.kerberos.ticket.renew.window.factor = 0.8
	sasl.login.callback.handler.class = null
	sasl.login.class = null
	sasl.login.refresh.buffer.seconds = 300
	sasl.login.refresh.min.period.seconds = 60
	sasl.login.refresh.window.factor = 0.8
	sasl.login.refresh.window.jitter = 0.05
	sasl.mechanism = GSSAPI
	security.protocol = PLAINTEXT
	send.buffer.bytes = 131072
	session.timeout.ms = 10000
	ssl.cipher.suites = null
	ssl.enabled.protocols = [TLSv1.2, TLSv1.1, TLSv1]
	ssl.endpoint.identification.algorithm = https
	ssl.key.password = null
	ssl.keymanager.algorithm = SunX509
	ssl.keystore.location = null
	ssl.keystore.password = null
	ssl.keystore.type = JKS
	ssl.protocol = TLS
	ssl.provider = null
	ssl.secure.random.implementation = null
	ssl.trustmanager.algorithm = PKIX
	ssl.truststore.location = null
	ssl.truststore.password = null
	ssl.truststore.type = JKS
	value.deserializer = class org.apache.kafka.common.serialization.StringDeserializer

2020-02-17 17:28:28,058 INFO [restartedMain] o.a.k.c.u.AppInfoParser [AppInfoParser.java:109] Kafka version : 2.0.1
2020-02-17 17:28:28,058 INFO [restartedMain] o.a.k.c.u.AppInfoParser [AppInfoParser.java:110] Kafka commitId : fa14705e51bd2ce5
2020-02-17 17:28:28,060 INFO [restartedMain] o.s.s.c.ThreadPoolTaskScheduler [ExecutorConfigurationSupport.java:171] Initializing ExecutorService
2020-02-17 17:28:28,063 INFO [restartedMain] o.a.k.c.c.ConsumerConfig [AbstractConfig.java:279] ConsumerConfig values: 
	auto.commit.interval.ms = 3000
	auto.offset.reset = latest
	bootstrap.servers = [localhost:9092]
	check.crcs = true
	client.id = 
	connections.max.idle.ms = 540000
	default.api.timeout.ms = 60000
	enable.auto.commit = true
	exclude.internal.topics = true
	fetch.max.bytes = 52428800
	fetch.max.wait.ms = 500
	fetch.min.bytes = 1
	group.id = test-consumer-group
	heartbeat.interval.ms = 3000
	interceptor.classes = []
	internal.leave.group.on.close = true
	isolation.level = read_uncommitted
	key.deserializer = class org.apache.kafka.common.serialization.StringDeserializer
	max.partition.fetch.bytes = 1048576
	max.poll.interval.ms = 300000
	max.poll.records = 500
	metadata.max.age.ms = 300000
	metric.reporters = []
	metrics.num.samples = 2
	metrics.recording.level = INFO
	metrics.sample.window.ms = 30000
	partition.assignment.strategy = [class org.apache.kafka.clients.consumer.RangeAssignor]
	receive.buffer.bytes = 65536
	reconnect.backoff.max.ms = 1000
	reconnect.backoff.ms = 50
	request.timeout.ms = 30000
	retry.backoff.ms = 100
	sasl.client.callback.handler.class = null
	sasl.jaas.config = null
	sasl.kerberos.kinit.cmd = /usr/bin/kinit
	sasl.kerberos.min.time.before.relogin = 60000
	sasl.kerberos.service.name = null
	sasl.kerberos.ticket.renew.jitter = 0.05
	sasl.kerberos.ticket.renew.window.factor = 0.8
	sasl.login.callback.handler.class = null
	sasl.login.class = null
	sasl.login.refresh.buffer.seconds = 300
	sasl.login.refresh.min.period.seconds = 60
	sasl.login.refresh.window.factor = 0.8
	sasl.login.refresh.window.jitter = 0.05
	sasl.mechanism = GSSAPI
	security.protocol = PLAINTEXT
	send.buffer.bytes = 131072
	session.timeout.ms = 10000
	ssl.cipher.suites = null
	ssl.enabled.protocols = [TLSv1.2, TLSv1.1, TLSv1]
	ssl.endpoint.identification.algorithm = https
	ssl.key.password = null
	ssl.keymanager.algorithm = SunX509
	ssl.keystore.location = null
	ssl.keystore.password = null
	ssl.keystore.type = JKS
	ssl.protocol = TLS
	ssl.provider = null
	ssl.secure.random.implementation = null
	ssl.trustmanager.algorithm = PKIX
	ssl.truststore.location = null
	ssl.truststore.password = null
	ssl.truststore.type = JKS
	value.deserializer = class org.apache.kafka.common.serialization.StringDeserializer

2020-02-17 17:28:28,068 INFO [restartedMain] o.a.k.c.u.AppInfoParser [AppInfoParser.java:109] Kafka version : 2.0.1
2020-02-17 17:28:28,068 INFO [restartedMain] o.a.k.c.u.AppInfoParser [AppInfoParser.java:110] Kafka commitId : fa14705e51bd2ce5
2020-02-17 17:28:28,068 INFO [org.springframework.kafka.KafkaListenerEndpointContainer#2-0-C-1] o.a.k.c.Metadata [Metadata.java:285] Cluster ID: D6YSnGEsRoy9Nd-OvTeo_g
2020-02-17 17:28:28,069 INFO [org.springframework.kafka.KafkaListenerEndpointContainer#2-0-C-1] o.a.k.c.c.i.AbstractCoordinator [AbstractCoordinator.java:677] [Consumer clientId=consumer-2, groupId=test-consumer-group] Discovered group coordinator localhost:9092 (id: 2147483647 rack: null)
2020-02-17 17:28:28,071 INFO [restartedMain] o.a.k.c.Metadata [Metadata.java:285] Cluster ID: D6YSnGEsRoy9Nd-OvTeo_g
2020-02-17 17:28:28,072 INFO [org.springframework.kafka.KafkaListenerEndpointContainer#2-0-C-1] o.a.k.c.c.i.ConsumerCoordinator [ConsumerCoordinator.java:472] [Consumer clientId=consumer-2, groupId=test-consumer-group] Revoking previously assigned partitions []
2020-02-17 17:28:28,073 INFO [org.springframework.kafka.KafkaListenerEndpointContainer#2-0-C-1] o.s.k.l.KafkaMessageListenerContainer [AbstractMessageListenerContainer.java:375] partitions revoked: []
2020-02-17 17:28:28,073 INFO [org.springframework.kafka.KafkaListenerEndpointContainer#2-0-C-1] o.a.k.c.c.i.AbstractCoordinator [AbstractCoordinator.java:509] [Consumer clientId=consumer-2, groupId=test-consumer-group] (Re-)joining group
2020-02-17 17:28:28,074 INFO [restartedMain] o.a.k.c.c.ConsumerConfig [AbstractConfig.java:279] ConsumerConfig values: 
	auto.commit.interval.ms = 3000
	auto.offset.reset = latest
	bootstrap.servers = [localhost:9092]
	check.crcs = true
	client.id = 
	connections.max.idle.ms = 540000
	default.api.timeout.ms = 60000
	enable.auto.commit = true
	exclude.internal.topics = true
	fetch.max.bytes = 52428800
	fetch.max.wait.ms = 500
	fetch.min.bytes = 1
	group.id = test-consumer-group
	heartbeat.interval.ms = 3000
	interceptor.classes = []
	internal.leave.group.on.close = true
	isolation.level = read_uncommitted
	key.deserializer = class org.apache.kafka.common.serialization.StringDeserializer
	max.partition.fetch.bytes = 1048576
	max.poll.interval.ms = 300000
	max.poll.records = 500
	metadata.max.age.ms = 300000
	metric.reporters = []
	metrics.num.samples = 2
	metrics.recording.level = INFO
	metrics.sample.window.ms = 30000
	partition.assignment.strategy = [class org.apache.kafka.clients.consumer.RangeAssignor]
	receive.buffer.bytes = 65536
	reconnect.backoff.max.ms = 1000
	reconnect.backoff.ms = 50
	request.timeout.ms = 30000
	retry.backoff.ms = 100
	sasl.client.callback.handler.class = null
	sasl.jaas.config = null
	sasl.kerberos.kinit.cmd = /usr/bin/kinit
	sasl.kerberos.min.time.before.relogin = 60000
	sasl.kerberos.service.name = null
	sasl.kerberos.ticket.renew.jitter = 0.05
	sasl.kerberos.ticket.renew.window.factor = 0.8
	sasl.login.callback.handler.class = null
	sasl.login.class = null
	sasl.login.refresh.buffer.seconds = 300
	sasl.login.refresh.min.period.seconds = 60
	sasl.login.refresh.window.factor = 0.8
	sasl.login.refresh.window.jitter = 0.05
	sasl.mechanism = GSSAPI
	security.protocol = PLAINTEXT
	send.buffer.bytes = 131072
	session.timeout.ms = 10000
	ssl.cipher.suites = null
	ssl.enabled.protocols = [TLSv1.2, TLSv1.1, TLSv1]
	ssl.endpoint.identification.algorithm = https
	ssl.key.password = null
	ssl.keymanager.algorithm = SunX509
	ssl.keystore.location = null
	ssl.keystore.password = null
	ssl.keystore.type = JKS
	ssl.protocol = TLS
	ssl.provider = null
	ssl.secure.random.implementation = null
	ssl.trustmanager.algorithm = PKIX
	ssl.truststore.location = null
	ssl.truststore.password = null
	ssl.truststore.type = JKS
	value.deserializer = class org.apache.kafka.common.serialization.StringDeserializer

2020-02-17 17:28:28,077 INFO [restartedMain] o.a.k.c.u.AppInfoParser [AppInfoParser.java:109] Kafka version : 2.0.1
2020-02-17 17:28:28,077 INFO [restartedMain] o.a.k.c.u.AppInfoParser [AppInfoParser.java:110] Kafka commitId : fa14705e51bd2ce5
2020-02-17 17:28:28,078 INFO [restartedMain] o.s.s.c.ThreadPoolTaskScheduler [ExecutorConfigurationSupport.java:171] Initializing ExecutorService
2020-02-17 17:28:28,079 INFO [restartedMain] o.a.k.c.c.ConsumerConfig [AbstractConfig.java:279] ConsumerConfig values: 
	auto.commit.interval.ms = 3000
	auto.offset.reset = latest
	bootstrap.servers = [localhost:9092]
	check.crcs = true
	client.id = 
	connections.max.idle.ms = 540000
	default.api.timeout.ms = 60000
	enable.auto.commit = true
	exclude.internal.topics = true
	fetch.max.bytes = 52428800
	fetch.max.wait.ms = 500
	fetch.min.bytes = 1
	group.id = test-consumer-group
	heartbeat.interval.ms = 3000
	interceptor.classes = []
	internal.leave.group.on.close = true
	isolation.level = read_uncommitted
	key.deserializer = class org.apache.kafka.common.serialization.StringDeserializer
	max.partition.fetch.bytes = 1048576
	max.poll.interval.ms = 300000
	max.poll.records = 500
	metadata.max.age.ms = 300000
	metric.reporters = []
	metrics.num.samples = 2
	metrics.recording.level = INFO
	metrics.sample.window.ms = 30000
	partition.assignment.strategy = [class org.apache.kafka.clients.consumer.RangeAssignor]
	receive.buffer.bytes = 65536
	reconnect.backoff.max.ms = 1000
	reconnect.backoff.ms = 50
	request.timeout.ms = 30000
	retry.backoff.ms = 100
	sasl.client.callback.handler.class = null
	sasl.jaas.config = null
	sasl.kerberos.kinit.cmd = /usr/bin/kinit
	sasl.kerberos.min.time.before.relogin = 60000
	sasl.kerberos.service.name = null
	sasl.kerberos.ticket.renew.jitter = 0.05
	sasl.kerberos.ticket.renew.window.factor = 0.8
	sasl.login.callback.handler.class = null
	sasl.login.class = null
	sasl.login.refresh.buffer.seconds = 300
	sasl.login.refresh.min.period.seconds = 60
	sasl.login.refresh.window.factor = 0.8
	sasl.login.refresh.window.jitter = 0.05
	sasl.mechanism = GSSAPI
	security.protocol = PLAINTEXT
	send.buffer.bytes = 131072
	session.timeout.ms = 10000
	ssl.cipher.suites = null
	ssl.enabled.protocols = [TLSv1.2, TLSv1.1, TLSv1]
	ssl.endpoint.identification.algorithm = https
	ssl.key.password = null
	ssl.keymanager.algorithm = SunX509
	ssl.keystore.location = null
	ssl.keystore.password = null
	ssl.keystore.type = JKS
	ssl.protocol = TLS
	ssl.provider = null
	ssl.secure.random.implementation = null
	ssl.trustmanager.algorithm = PKIX
	ssl.truststore.location = null
	ssl.truststore.password = null
	ssl.truststore.type = JKS
	value.deserializer = class org.apache.kafka.common.serialization.StringDeserializer

2020-02-17 17:28:28,082 INFO [org.springframework.kafka.KafkaListenerEndpointContainer#0-0-C-1] o.a.k.c.Metadata [Metadata.java:285] Cluster ID: D6YSnGEsRoy9Nd-OvTeo_g
2020-02-17 17:28:28,082 INFO [restartedMain] o.a.k.c.u.AppInfoParser [AppInfoParser.java:109] Kafka version : 2.0.1
2020-02-17 17:28:28,082 INFO [org.springframework.kafka.KafkaListenerEndpointContainer#0-0-C-1] o.a.k.c.c.i.AbstractCoordinator [AbstractCoordinator.java:677] [Consumer clientId=consumer-4, groupId=test-consumer-group] Discovered group coordinator localhost:9092 (id: 2147483647 rack: null)
2020-02-17 17:28:28,082 INFO [restartedMain] o.a.k.c.u.AppInfoParser [AppInfoParser.java:110] Kafka commitId : fa14705e51bd2ce5
2020-02-17 17:28:28,083 INFO [org.springframework.kafka.KafkaListenerEndpointContainer#0-0-C-1] o.a.k.c.c.i.ConsumerCoordinator [ConsumerCoordinator.java:472] [Consumer clientId=consumer-4, groupId=test-consumer-group] Revoking previously assigned partitions []
2020-02-17 17:28:28,083 INFO [org.springframework.kafka.KafkaListenerEndpointContainer#0-0-C-1] o.s.k.l.KafkaMessageListenerContainer [AbstractMessageListenerContainer.java:375] partitions revoked: []
2020-02-17 17:28:28,083 INFO [org.springframework.kafka.KafkaListenerEndpointContainer#2-0-C-1] o.a.k.c.c.i.AbstractCoordinator [AbstractCoordinator.java:473] [Consumer clientId=consumer-2, groupId=test-consumer-group] Successfully joined group with generation 99
2020-02-17 17:28:28,083 INFO [org.springframework.kafka.KafkaListenerEndpointContainer#0-0-C-1] o.a.k.c.c.i.AbstractCoordinator [AbstractCoordinator.java:509] [Consumer clientId=consumer-4, groupId=test-consumer-group] (Re-)joining group
2020-02-17 17:28:28,085 INFO [org.springframework.kafka.KafkaListenerEndpointContainer#2-0-C-1] o.a.k.c.c.i.ConsumerCoordinator [ConsumerCoordinator.java:280] [Consumer clientId=consumer-2, groupId=test-consumer-group] Setting newly assigned partitions [comment-0, like-0, follow-0]
2020-02-17 17:28:28,085 INFO [restartedMain] o.a.k.c.Metadata [Metadata.java:285] Cluster ID: D6YSnGEsRoy9Nd-OvTeo_g
2020-02-17 17:28:28,087 INFO [restartedMain] o.a.k.c.c.ConsumerConfig [AbstractConfig.java:279] ConsumerConfig values: 
	auto.commit.interval.ms = 3000
	auto.offset.reset = latest
	bootstrap.servers = [localhost:9092]
	check.crcs = true
	client.id = 
	connections.max.idle.ms = 540000
	default.api.timeout.ms = 60000
	enable.auto.commit = true
	exclude.internal.topics = true
	fetch.max.bytes = 52428800
	fetch.max.wait.ms = 500
	fetch.min.bytes = 1
	group.id = test-consumer-group
	heartbeat.interval.ms = 3000
	interceptor.classes = []
	internal.leave.group.on.close = true
	isolation.level = read_uncommitted
	key.deserializer = class org.apache.kafka.common.serialization.StringDeserializer
	max.partition.fetch.bytes = 1048576
	max.poll.interval.ms = 300000
	max.poll.records = 500
	metadata.max.age.ms = 300000
	metric.reporters = []
	metrics.num.samples = 2
	metrics.recording.level = INFO
	metrics.sample.window.ms = 30000
	partition.assignment.strategy = [class org.apache.kafka.clients.consumer.RangeAssignor]
	receive.buffer.bytes = 65536
	reconnect.backoff.max.ms = 1000
	reconnect.backoff.ms = 50
	request.timeout.ms = 30000
	retry.backoff.ms = 100
	sasl.client.callback.handler.class = null
	sasl.jaas.config = null
	sasl.kerberos.kinit.cmd = /usr/bin/kinit
	sasl.kerberos.min.time.before.relogin = 60000
	sasl.kerberos.service.name = null
	sasl.kerberos.ticket.renew.jitter = 0.05
	sasl.kerberos.ticket.renew.window.factor = 0.8
	sasl.login.callback.handler.class = null
	sasl.login.class = null
	sasl.login.refresh.buffer.seconds = 300
	sasl.login.refresh.min.period.seconds = 60
	sasl.login.refresh.window.factor = 0.8
	sasl.login.refresh.window.jitter = 0.05
	sasl.mechanism = GSSAPI
	security.protocol = PLAINTEXT
	send.buffer.bytes = 131072
	session.timeout.ms = 10000
	ssl.cipher.suites = null
	ssl.enabled.protocols = [TLSv1.2, TLSv1.1, TLSv1]
	ssl.endpoint.identification.algorithm = https
	ssl.key.password = null
	ssl.keymanager.algorithm = SunX509
	ssl.keystore.location = null
	ssl.keystore.password = null
	ssl.keystore.type = JKS
	ssl.protocol = TLS
	ssl.provider = null
	ssl.secure.random.implementation = null
	ssl.trustmanager.algorithm = PKIX
	ssl.truststore.location = null
	ssl.truststore.password = null
	ssl.truststore.type = JKS
	value.deserializer = class org.apache.kafka.common.serialization.StringDeserializer

2020-02-17 17:28:28,088 INFO [org.springframework.kafka.KafkaListenerEndpointContainer#2-0-C-1] o.s.k.l.KafkaMessageListenerContainer [AbstractMessageListenerContainer.java:380] partitions assigned: [comment-0, like-0, follow-0]
2020-02-17 17:28:28,089 INFO [restartedMain] o.a.k.c.u.AppInfoParser [AppInfoParser.java:109] Kafka version : 2.0.1
2020-02-17 17:28:28,090 INFO [restartedMain] o.a.k.c.u.AppInfoParser [AppInfoParser.java:110] Kafka commitId : fa14705e51bd2ce5
2020-02-17 17:28:28,090 INFO [restartedMain] o.s.s.c.ThreadPoolTaskScheduler [ExecutorConfigurationSupport.java:171] Initializing ExecutorService
2020-02-17 17:28:28,093 INFO [org.springframework.kafka.KafkaListenerEndpointContainer#1-0-C-1] o.a.k.c.Metadata [Metadata.java:285] Cluster ID: D6YSnGEsRoy9Nd-OvTeo_g
2020-02-17 17:28:28,094 INFO [org.springframework.kafka.KafkaListenerEndpointContainer#1-0-C-1] o.a.k.c.c.i.AbstractCoordinator [AbstractCoordinator.java:677] [Consumer clientId=consumer-6, groupId=test-consumer-group] Discovered group coordinator localhost:9092 (id: 2147483647 rack: null)
2020-02-17 17:28:28,095 INFO [org.springframework.kafka.KafkaListenerEndpointContainer#1-0-C-1] o.a.k.c.c.i.ConsumerCoordinator [ConsumerCoordinator.java:472] [Consumer clientId=consumer-6, groupId=test-consumer-group] Revoking previously assigned partitions []
2020-02-17 17:28:28,095 INFO [org.springframework.kafka.KafkaListenerEndpointContainer#1-0-C-1] o.s.k.l.KafkaMessageListenerContainer [AbstractMessageListenerContainer.java:375] partitions revoked: []
2020-02-17 17:28:28,095 INFO [org.springframework.kafka.KafkaListenerEndpointContainer#1-0-C-1] o.a.k.c.c.i.AbstractCoordinator [AbstractCoordinator.java:509] [Consumer clientId=consumer-6, groupId=test-consumer-group] (Re-)joining group
2020-02-17 17:28:28,099 INFO [restartedMain] o.a.c.h.Http11NioProtocol [DirectJDKLog.java:173] Starting ProtocolHandler ["http-nio-9090"]
2020-02-17 17:28:28,112 INFO [restartedMain] o.s.b.w.e.t.TomcatWebServer [TomcatWebServer.java:204] Tomcat started on port(s): 9090 (http) with context path '/community'
2020-02-17 17:28:28,115 INFO [restartedMain] c.n.c.CommunityApplication [StartupInfoLogger.java:59] Started CommunityApplication in 4.528 seconds (JVM running for 10.18)
2020-02-17 17:28:31,087 INFO [org.springframework.kafka.KafkaListenerEndpointContainer#2-0-C-1] o.a.k.c.c.i.AbstractCoordinator [AbstractCoordinator.java:855] [Consumer clientId=consumer-2, groupId=test-consumer-group] Attempt to heartbeat failed since group is rebalancing
2020-02-17 17:28:31,089 INFO [org.springframework.kafka.KafkaListenerEndpointContainer#2-0-C-1] o.a.k.c.c.i.ConsumerCoordinator [ConsumerCoordinator.java:472] [Consumer clientId=consumer-2, groupId=test-consumer-group] Revoking previously assigned partitions [comment-0, like-0, follow-0]
2020-02-17 17:28:31,089 INFO [org.springframework.kafka.KafkaListenerEndpointContainer#2-0-C-1] o.s.k.l.KafkaMessageListenerContainer [AbstractMessageListenerContainer.java:375] partitions revoked: [comment-0, like-0, follow-0]
2020-02-17 17:28:31,089 INFO [org.springframework.kafka.KafkaListenerEndpointContainer#2-0-C-1] o.a.k.c.c.i.AbstractCoordinator [AbstractCoordinator.java:509] [Consumer clientId=consumer-2, groupId=test-consumer-group] (Re-)joining group
2020-02-17 17:28:31,117 INFO [org.springframework.kafka.KafkaListenerEndpointContainer#2-0-C-1] o.a.k.c.c.i.AbstractCoordinator [AbstractCoordinator.java:473] [Consumer clientId=consumer-2, groupId=test-consumer-group] Successfully joined group with generation 100
2020-02-17 17:28:31,117 INFO [org.springframework.kafka.KafkaListenerEndpointContainer#1-0-C-1] o.a.k.c.c.i.AbstractCoordinator [AbstractCoordinator.java:473] [Consumer clientId=consumer-6, groupId=test-consumer-group] Successfully joined group with generation 100
2020-02-17 17:28:31,117 INFO [org.springframework.kafka.KafkaListenerEndpointContainer#0-0-C-1] o.a.k.c.c.i.AbstractCoordinator [AbstractCoordinator.java:473] [Consumer clientId=consumer-4, groupId=test-consumer-group] Successfully joined group with generation 100
2020-02-17 17:28:31,117 INFO [org.springframework.kafka.KafkaListenerEndpointContainer#0-0-C-1] o.a.k.c.c.i.ConsumerCoordinator [ConsumerCoordinator.java:280] [Consumer clientId=consumer-4, groupId=test-consumer-group] Setting newly assigned partitions [publish-0]
2020-02-17 17:28:31,118 INFO [org.springframework.kafka.KafkaListenerEndpointContainer#1-0-C-1] o.a.k.c.c.i.ConsumerCoordinator [ConsumerCoordinator.java:280] [Consumer clientId=consumer-6, groupId=test-consumer-group] Setting newly assigned partitions [delete-0]
2020-02-17 17:28:31,117 INFO [org.springframework.kafka.KafkaListenerEndpointContainer#2-0-C-1] o.a.k.c.c.i.ConsumerCoordinator [ConsumerCoordinator.java:280] [Consumer clientId=consumer-2, groupId=test-consumer-group] Setting newly assigned partitions [comment-0, like-0, follow-0]
2020-02-17 17:28:31,119 INFO [org.springframework.kafka.KafkaListenerEndpointContainer#2-0-C-1] o.s.k.l.KafkaMessageListenerContainer [AbstractMessageListenerContainer.java:380] partitions assigned: [comment-0, like-0, follow-0]
2020-02-17 17:28:31,119 INFO [org.springframework.kafka.KafkaListenerEndpointContainer#1-0-C-1] o.s.k.l.KafkaMessageListenerContainer [AbstractMessageListenerContainer.java:380] partitions assigned: [delete-0]
2020-02-17 17:28:31,119 INFO [org.springframework.kafka.KafkaListenerEndpointContainer#0-0-C-1] o.s.k.l.KafkaMessageListenerContainer [AbstractMessageListenerContainer.java:380] partitions assigned: [publish-0]
2020-02-17 17:28:33,143 INFO [http-nio-9090-exec-1] o.a.c.c.C.[.[.[/community] [DirectJDKLog.java:173] Initializing Spring DispatcherServlet 'dispatcherServlet'
2020-02-17 17:28:33,143 INFO [http-nio-9090-exec-1] o.s.w.s.DispatcherServlet [FrameworkServlet.java:524] Initializing Servlet 'dispatcherServlet'
2020-02-17 17:28:33,153 INFO [http-nio-9090-exec-1] o.s.w.s.DispatcherServlet [FrameworkServlet.java:546] Completed initialization in 9 ms
2020-02-17 17:28:33,179 INFO [http-nio-9090-exec-1] c.n.c.a.ServiceLogAspect [ServiceLogAspect.java:39] [0:0:0:0:0:0:0:1],[2020-02-17 17:28:33],[com.nowcoder.community.service.DataService.recordUV].
2020-02-17 17:28:33,289 INFO [http-nio-9090-exec-1] i.l.c.EpollProvider [Netty4InternalESLogger.java:104] Starting without optional epoll library
2020-02-17 17:28:33,291 INFO [http-nio-9090-exec-1] i.l.c.KqueueProvider [Netty4InternalESLogger.java:104] Starting without optional kqueue library
2020-02-17 17:28:33,351 INFO [http-nio-9090-exec-1] c.n.c.a.ServiceLogAspect [ServiceLogAspect.java:39] [0:0:0:0:0:0:0:1],[2020-02-17 17:28:33],[com.nowcoder.community.service.DiscussPostService.findDiscussPostRows].
2020-02-17 17:28:33,384 INFO [http-nio-9090-exec-1] c.z.h.HikariDataSource [HikariDataSource.java:110] HikariPool-1 - Starting...
2020-02-17 17:28:33,505 INFO [http-nio-9090-exec-1] c.z.h.HikariDataSource [HikariDataSource.java:123] HikariPool-1 - Start completed.
2020-02-17 17:28:33,551 INFO [http-nio-9090-exec-1] c.n.c.a.ServiceLogAspect [ServiceLogAspect.java:39] [0:0:0:0:0:0:0:1],[2020-02-17 17:28:33],[com.nowcoder.community.service.DiscussPostService.findDiscussPosts].
2020-02-17 17:28:33,562 INFO [http-nio-9090-exec-1] c.n.c.a.ServiceLogAspect [ServiceLogAspect.java:39] [0:0:0:0:0:0:0:1],[2020-02-17 17:28:33],[com.nowcoder.community.service.UserService.findUserById].
2020-02-17 17:28:33,627 INFO [http-nio-9090-exec-1] c.n.c.a.ServiceLogAspect [ServiceLogAspect.java:39] [0:0:0:0:0:0:0:1],[2020-02-17 17:28:33],[com.nowcoder.community.service.LikeService.findEntityLikeCount].
2020-02-17 17:28:33,637 INFO [http-nio-9090-exec-1] c.n.c.a.ServiceLogAspect [ServiceLogAspect.java:39] [0:0:0:0:0:0:0:1],[2020-02-17 17:28:33],[com.nowcoder.community.service.UserService.findUserById].
2020-02-17 17:28:33,678 INFO [http-nio-9090-exec-1] c.n.c.a.ServiceLogAspect [ServiceLogAspect.java:39] [0:0:0:0:0:0:0:1],[2020-02-17 17:28:33],[com.nowcoder.community.service.LikeService.findEntityLikeCount].
2020-02-17 17:28:33,680 INFO [http-nio-9090-exec-1] c.n.c.a.ServiceLogAspect [ServiceLogAspect.java:39] [0:0:0:0:0:0:0:1],[2020-02-17 17:28:33],[com.nowcoder.community.service.UserService.findUserById].
2020-02-17 17:28:33,686 INFO [http-nio-9090-exec-1] c.n.c.a.ServiceLogAspect [ServiceLogAspect.java:39] [0:0:0:0:0:0:0:1],[2020-02-17 17:28:33],[com.nowcoder.community.service.LikeService.findEntityLikeCount].
2020-02-17 17:28:33,687 INFO [http-nio-9090-exec-1] c.n.c.a.ServiceLogAspect [ServiceLogAspect.java:39] [0:0:0:0:0:0:0:1],[2020-02-17 17:28:33],[com.nowcoder.community.service.UserService.findUserById].
2020-02-17 17:28:33,692 INFO [http-nio-9090-exec-1] c.n.c.a.ServiceLogAspect [ServiceLogAspect.java:39] [0:0:0:0:0:0:0:1],[2020-02-17 17:28:33],[com.nowcoder.community.service.LikeService.findEntityLikeCount].
2020-02-17 17:28:33,693 INFO [http-nio-9090-exec-1] c.n.c.a.ServiceLogAspect [ServiceLogAspect.java:39] [0:0:0:0:0:0:0:1],[2020-02-17 17:28:33],[com.nowcoder.community.service.UserService.findUserById].
2020-02-17 17:28:33,694 INFO [http-nio-9090-exec-1] c.n.c.a.ServiceLogAspect [ServiceLogAspect.java:39] [0:0:0:0:0:0:0:1],[2020-02-17 17:28:33],[com.nowcoder.community.service.LikeService.findEntityLikeCount].
2020-02-17 17:28:33,695 INFO [http-nio-9090-exec-1] c.n.c.a.ServiceLogAspect [ServiceLogAspect.java:39] [0:0:0:0:0:0:0:1],[2020-02-17 17:28:33],[com.nowcoder.community.service.UserService.findUserById].
2020-02-17 17:28:33,700 INFO [http-nio-9090-exec-1] c.n.c.a.ServiceLogAspect [ServiceLogAspect.java:39] [0:0:0:0:0:0:0:1],[2020-02-17 17:28:33],[com.nowcoder.community.service.LikeService.findEntityLikeCount].
2020-02-17 17:28:33,702 INFO [http-nio-9090-exec-1] c.n.c.a.ServiceLogAspect [ServiceLogAspect.java:39] [0:0:0:0:0:0:0:1],[2020-02-17 17:28:33],[com.nowcoder.community.service.UserService.findUserById].
2020-02-17 17:28:33,707 INFO [http-nio-9090-exec-1] c.n.c.a.ServiceLogAspect [ServiceLogAspect.java:39] [0:0:0:0:0:0:0:1],[2020-02-17 17:28:33],[com.nowcoder.community.service.LikeService.findEntityLikeCount].
2020-02-17 17:28:33,708 INFO [http-nio-9090-exec-1] c.n.c.a.ServiceLogAspect [ServiceLogAspect.java:39] [0:0:0:0:0:0:0:1],[2020-02-17 17:28:33],[com.nowcoder.community.service.UserService.findUserById].
2020-02-17 17:28:33,713 INFO [http-nio-9090-exec-1] c.n.c.a.ServiceLogAspect [ServiceLogAspect.java:39] [0:0:0:0:0:0:0:1],[2020-02-17 17:28:33],[com.nowcoder.community.service.LikeService.findEntityLikeCount].
2020-02-17 17:28:33,714 INFO [http-nio-9090-exec-1] c.n.c.a.ServiceLogAspect [ServiceLogAspect.java:39] [0:0:0:0:0:0:0:1],[2020-02-17 17:28:33],[com.nowcoder.community.service.UserService.findUserById].
2020-02-17 17:28:33,716 INFO [http-nio-9090-exec-1] c.n.c.a.ServiceLogAspect [ServiceLogAspect.java:39] [0:0:0:0:0:0:0:1],[2020-02-17 17:28:33],[com.nowcoder.community.service.LikeService.findEntityLikeCount].
2020-02-17 17:28:33,717 INFO [http-nio-9090-exec-1] c.n.c.a.ServiceLogAspect [ServiceLogAspect.java:39] [0:0:0:0:0:0:0:1],[2020-02-17 17:28:33],[com.nowcoder.community.service.UserService.findUserById].
2020-02-17 17:28:33,721 INFO [http-nio-9090-exec-1] c.n.c.a.ServiceLogAspect [ServiceLogAspect.java:39] [0:0:0:0:0:0:0:1],[2020-02-17 17:28:33],[com.nowcoder.community.service.LikeService.findEntityLikeCount].
2020-02-17 17:28:36,923 INFO [http-nio-9090-exec-6] c.n.c.a.ServiceLogAspect [ServiceLogAspect.java:39] [0:0:0:0:0:0:0:1],[2020-02-17 17:28:36],[com.nowcoder.community.service.DataService.recordUV].
2020-02-17 17:28:36,925 INFO [http-nio-9090-exec-6] c.n.c.a.ServiceLogAspect [ServiceLogAspect.java:39] [0:0:0:0:0:0:0:1],[2020-02-17 17:28:36],[com.nowcoder.community.service.DiscussPostService.findDiscussPostRows].
2020-02-17 17:28:36,930 INFO [http-nio-9090-exec-6] c.n.c.a.ServiceLogAspect [ServiceLogAspect.java:39] [0:0:0:0:0:0:0:1],[2020-02-17 17:28:36],[com.nowcoder.community.service.DiscussPostService.findDiscussPosts].
2020-02-17 17:28:36,938 INFO [http-nio-9090-exec-6] c.n.c.a.ServiceLogAspect [ServiceLogAspect.java:39] [0:0:0:0:0:0:0:1],[2020-02-17 17:28:36],[com.nowcoder.community.service.UserService.findUserById].
2020-02-17 17:28:36,940 INFO [http-nio-9090-exec-6] c.n.c.a.ServiceLogAspect [ServiceLogAspect.java:39] [0:0:0:0:0:0:0:1],[2020-02-17 17:28:36],[com.nowcoder.community.service.LikeService.findEntityLikeCount].
2020-02-17 17:28:36,942 INFO [http-nio-9090-exec-6] c.n.c.a.ServiceLogAspect [ServiceLogAspect.java:39] [0:0:0:0:0:0:0:1],[2020-02-17 17:28:36],[com.nowcoder.community.service.UserService.findUserById].
2020-02-17 17:28:36,943 INFO [http-nio-9090-exec-6] c.n.c.a.ServiceLogAspect [ServiceLogAspect.java:39] [0:0:0:0:0:0:0:1],[2020-02-17 17:28:36],[com.nowcoder.community.service.LikeService.findEntityLikeCount].
2020-02-17 17:28:36,944 INFO [http-nio-9090-exec-6] c.n.c.a.ServiceLogAspect [ServiceLogAspect.java:39] [0:0:0:0:0:0:0:1],[2020-02-17 17:28:36],[com.nowcoder.community.service.UserService.findUserById].
2020-02-17 17:28:36,945 INFO [http-nio-9090-exec-6] c.n.c.a.ServiceLogAspect [ServiceLogAspect.java:39] [0:0:0:0:0:0:0:1],[2020-02-17 17:28:36],[com.nowcoder.community.service.LikeService.findEntityLikeCount].
2020-02-17 17:28:36,947 INFO [http-nio-9090-exec-6] c.n.c.a.ServiceLogAspect [ServiceLogAspect.java:39] [0:0:0:0:0:0:0:1],[2020-02-17 17:28:36],[com.nowcoder.community.service.UserService.findUserById].
2020-02-17 17:28:36,948 INFO [http-nio-9090-exec-6] c.n.c.a.ServiceLogAspect [ServiceLogAspect.java:39] [0:0:0:0:0:0:0:1],[2020-02-17 17:28:36],[com.nowcoder.community.service.LikeService.findEntityLikeCount].
2020-02-17 17:28:36,949 INFO [http-nio-9090-exec-6] c.n.c.a.ServiceLogAspect [ServiceLogAspect.java:39] [0:0:0:0:0:0:0:1],[2020-02-17 17:28:36],[com.nowcoder.community.service.UserService.findUserById].
2020-02-17 17:28:36,950 INFO [http-nio-9090-exec-6] c.n.c.a.ServiceLogAspect [ServiceLogAspect.java:39] [0:0:0:0:0:0:0:1],[2020-02-17 17:28:36],[com.nowcoder.community.service.LikeService.findEntityLikeCount].
2020-02-17 17:28:36,951 INFO [http-nio-9090-exec-6] c.n.c.a.ServiceLogAspect [ServiceLogAspect.java:39] [0:0:0:0:0:0:0:1],[2020-02-17 17:28:36],[com.nowcoder.community.service.UserService.findUserById].
2020-02-17 17:28:36,954 INFO [http-nio-9090-exec-6] c.n.c.a.ServiceLogAspect [ServiceLogAspect.java:39] [0:0:0:0:0:0:0:1],[2020-02-17 17:28:36],[com.nowcoder.community.service.LikeService.findEntityLikeCount].
2020-02-17 17:28:36,955 INFO [http-nio-9090-exec-6] c.n.c.a.ServiceLogAspect [ServiceLogAspect.java:39] [0:0:0:0:0:0:0:1],[2020-02-17 17:28:36],[com.nowcoder.community.service.UserService.findUserById].
2020-02-17 17:28:36,957 INFO [http-nio-9090-exec-6] c.n.c.a.ServiceLogAspect [ServiceLogAspect.java:39] [0:0:0:0:0:0:0:1],[2020-02-17 17:28:36],[com.nowcoder.community.service.LikeService.findEntityLikeCount].
2020-02-17 17:28:36,958 INFO [http-nio-9090-exec-6] c.n.c.a.ServiceLogAspect [ServiceLogAspect.java:39] [0:0:0:0:0:0:0:1],[2020-02-17 17:28:36],[com.nowcoder.community.service.UserService.findUserById].
2020-02-17 17:28:36,959 INFO [http-nio-9090-exec-6] c.n.c.a.ServiceLogAspect [ServiceLogAspect.java:39] [0:0:0:0:0:0:0:1],[2020-02-17 17:28:36],[com.nowcoder.community.service.LikeService.findEntityLikeCount].
2020-02-17 17:28:36,960 INFO [http-nio-9090-exec-6] c.n.c.a.ServiceLogAspect [ServiceLogAspect.java:39] [0:0:0:0:0:0:0:1],[2020-02-17 17:28:36],[com.nowcoder.community.service.UserService.findUserById].
2020-02-17 17:28:36,961 INFO [http-nio-9090-exec-6] c.n.c.a.ServiceLogAspect [ServiceLogAspect.java:39] [0:0:0:0:0:0:0:1],[2020-02-17 17:28:36],[com.nowcoder.community.service.LikeService.findEntityLikeCount].
2020-02-17 17:28:36,962 INFO [http-nio-9090-exec-6] c.n.c.a.ServiceLogAspect [ServiceLogAspect.java:39] [0:0:0:0:0:0:0:1],[2020-02-17 17:28:36],[com.nowcoder.community.service.UserService.findUserById].
2020-02-17 17:28:36,963 INFO [http-nio-9090-exec-6] c.n.c.a.ServiceLogAspect [ServiceLogAspect.java:39] [0:0:0:0:0:0:0:1],[2020-02-17 17:28:36],[com.nowcoder.community.service.LikeService.findEntityLikeCount].
2020-02-17 17:28:38,939 INFO [http-nio-9090-exec-3] c.n.c.a.ServiceLogAspect [ServiceLogAspect.java:39] [0:0:0:0:0:0:0:1],[2020-02-17 17:28:38],[com.nowcoder.community.service.DataService.recordUV].
2020-02-17 17:28:38,987 INFO [http-nio-9090-exec-4] c.n.c.a.ServiceLogAspect [ServiceLogAspect.java:39] [0:0:0:0:0:0:0:1],[2020-02-17 17:28:38],[com.nowcoder.community.service.DataService.recordUV].
2020-02-17 17:28:46,869 INFO [http-nio-9090-exec-6] c.n.c.a.ServiceLogAspect [ServiceLogAspect.java:39] [0:0:0:0:0:0:0:1],[2020-02-17 17:28:46],[com.nowcoder.community.service.DataService.recordUV].
2020-02-17 17:28:46,894 INFO [http-nio-9090-exec-7] c.n.c.a.ServiceLogAspect [ServiceLogAspect.java:39] [0:0:0:0:0:0:0:1],[2020-02-17 17:28:46],[com.nowcoder.community.service.DataService.recordUV].
2020-02-17 17:28:46,919 INFO [http-nio-9090-exec-10] c.n.c.a.ServiceLogAspect [ServiceLogAspect.java:39] [0:0:0:0:0:0:0:1],[2020-02-17 17:28:46],[com.nowcoder.community.service.DataService.recordUV].
2020-02-17 19:34:40,807 INFO [org.springframework.kafka.KafkaListenerEndpointContainer#2-0-C-1] o.a.k.c.FetchSessionHandler [FetchSessionHandler.java:440] [Consumer clientId=consumer-2, groupId=test-consumer-group] Error sending fetch request (sessionId=827551994, epoch=10649) to node 0: org.apache.kafka.common.errors.DisconnectException.
2020-02-17 19:34:40,811 INFO [org.springframework.kafka.KafkaListenerEndpointContainer#0-0-C-1] o.a.k.c.FetchSessionHandler [FetchSessionHandler.java:440] [Consumer clientId=consumer-4, groupId=test-consumer-group] Error sending fetch request (sessionId=1105950764, epoch=10643) to node 0: org.apache.kafka.common.errors.DisconnectException.
2020-02-17 19:34:40,811 INFO [org.springframework.kafka.KafkaListenerEndpointContainer#1-0-C-1] o.a.k.c.FetchSessionHandler [FetchSessionHandler.java:440] [Consumer clientId=consumer-6, groupId=test-consumer-group] Error sending fetch request (sessionId=948936279, epoch=10643) to node 0: org.apache.kafka.common.errors.DisconnectException.
2020-02-17 19:34:40,815 INFO [kafka-coordinator-heartbeat-thread | test-consumer-group] o.a.k.c.c.i.AbstractCoordinator [AbstractCoordinator.java:729] [Consumer clientId=consumer-4, groupId=test-consumer-group] Group coordinator localhost:9092 (id: 2147483647 rack: null) is unavailable or invalid, will attempt rediscovery
2020-02-17 19:34:40,816 INFO [kafka-coordinator-heartbeat-thread | test-consumer-group] o.a.k.c.c.i.AbstractCoordinator [AbstractCoordinator.java:729] [Consumer clientId=consumer-6, groupId=test-consumer-group] Group coordinator localhost:9092 (id: 2147483647 rack: null) is unavailable or invalid, will attempt rediscovery
2020-02-17 19:34:40,817 INFO [kafka-coordinator-heartbeat-thread | test-consumer-group] o.a.k.c.c.i.AbstractCoordinator [AbstractCoordinator.java:729] [Consumer clientId=consumer-2, groupId=test-consumer-group] Group coordinator localhost:9092 (id: 2147483647 rack: null) is unavailable or invalid, will attempt rediscovery
2020-02-17 19:34:40,851 INFO [org.springframework.kafka.KafkaListenerEndpointContainer#1-0-C-1] o.a.k.c.c.i.AbstractCoordinator [AbstractCoordinator.java:677] [Consumer clientId=consumer-6, groupId=test-consumer-group] Discovered group coordinator localhost:9092 (id: 2147483647 rack: null)
2020-02-17 19:34:40,851 INFO [org.springframework.kafka.KafkaListenerEndpointContainer#2-0-C-1] o.a.k.c.c.i.AbstractCoordinator [AbstractCoordinator.java:677] [Consumer clientId=consumer-2, groupId=test-consumer-group] Discovered group coordinator localhost:9092 (id: 2147483647 rack: null)
2020-02-17 19:34:40,852 INFO [org.springframework.kafka.KafkaListenerEndpointContainer#2-0-C-1] o.a.k.c.c.i.AbstractCoordinator [AbstractCoordinator.java:729] [Consumer clientId=consumer-2, groupId=test-consumer-group] Group coordinator localhost:9092 (id: 2147483647 rack: null) is unavailable or invalid, will attempt rediscovery
2020-02-17 19:34:40,852 INFO [org.springframework.kafka.KafkaListenerEndpointContainer#1-0-C-1] o.a.k.c.c.i.AbstractCoordinator [AbstractCoordinator.java:729] [Consumer clientId=consumer-6, groupId=test-consumer-group] Group coordinator localhost:9092 (id: 2147483647 rack: null) is unavailable or invalid, will attempt rediscovery
2020-02-17 19:34:40,907 INFO [org.springframework.kafka.KafkaListenerEndpointContainer#0-0-C-1] o.a.k.c.c.i.AbstractCoordinator [AbstractCoordinator.java:677] [Consumer clientId=consumer-4, groupId=test-consumer-group] Discovered group coordinator localhost:9092 (id: 2147483647 rack: null)
2020-02-17 19:34:40,957 INFO [org.springframework.kafka.KafkaListenerEndpointContainer#2-0-C-1] o.a.k.c.c.i.AbstractCoordinator [AbstractCoordinator.java:677] [Consumer clientId=consumer-2, groupId=test-consumer-group] Discovered group coordinator localhost:9092 (id: 2147483647 rack: null)
2020-02-17 19:34:40,960 INFO [org.springframework.kafka.KafkaListenerEndpointContainer#1-0-C-1] o.a.k.c.c.i.AbstractCoordinator [AbstractCoordinator.java:677] [Consumer clientId=consumer-6, groupId=test-consumer-group] Discovered group coordinator localhost:9092 (id: 2147483647 rack: null)
