2020-02-07 10:40:00,911 INFO [restartedMain] c.n.c.CommunityApplication [StartupInfoLogger.java:50] Starting CommunityApplication on Summer with PID 73562 (started by summer in /Users/summer/Desktop/牛客网高薪求职项目课/第4章 Redis，一站式高性能存储方案/µÚËÄÕÂËØ²ÄºÍÔ´Âë/community)
2020-02-07 10:40:00,914 INFO [restartedMain] c.n.c.CommunityApplication [SpringApplication.java:675] No active profile set, falling back to default profiles: default
2020-02-07 10:40:00,947 INFO [restartedMain] o.s.b.d.e.DevToolsPropertyDefaultsPostProcessor [DeferredLog.java:227] Devtools property defaults active! Set 'spring.devtools.add-properties' to 'false' to disable
2020-02-07 10:40:00,948 INFO [restartedMain] o.s.b.d.e.DevToolsPropertyDefaultsPostProcessor [DeferredLog.java:227] For additional web related logging consider setting the 'logging.level.web' property to 'DEBUG'
2020-02-07 10:40:01,546 INFO [restartedMain] o.s.d.r.c.RepositoryConfigurationDelegate [RepositoryConfigurationDelegate.java:244] Multiple Spring Data modules found, entering strict repository configuration mode!
2020-02-07 10:40:01,548 INFO [restartedMain] o.s.d.r.c.RepositoryConfigurationDelegate [RepositoryConfigurationDelegate.java:126] Bootstrapping Spring Data repositories in DEFAULT mode.
2020-02-07 10:40:01,570 INFO [restartedMain] o.s.d.r.c.RepositoryConfigurationDelegate [RepositoryConfigurationDelegate.java:182] Finished Spring Data repository scanning in 12ms. Found 0 repository interfaces.
2020-02-07 10:40:01,957 INFO [restartedMain] o.s.c.s.PostProcessorRegistrationDelegate$BeanPostProcessorChecker [PostProcessorRegistrationDelegate.java:330] Bean 'org.springframework.transaction.annotation.ProxyTransactionManagementConfiguration' of type [org.springframework.transaction.annotation.ProxyTransactionManagementConfiguration$$EnhancerBySpringCGLIB$$dadaea84] is not eligible for getting processed by all BeanPostProcessors (for example: not eligible for auto-proxying)
2020-02-07 10:40:02,382 INFO [restartedMain] o.s.b.w.e.t.TomcatWebServer [TomcatWebServer.java:90] Tomcat initialized with port(s): 8080 (http)
2020-02-07 10:40:02,398 INFO [restartedMain] o.a.c.h.Http11NioProtocol [DirectJDKLog.java:173] Initializing ProtocolHandler ["http-nio-8080"]
2020-02-07 10:40:02,409 INFO [restartedMain] o.a.c.c.StandardService [DirectJDKLog.java:173] Starting service [Tomcat]
2020-02-07 10:40:02,409 INFO [restartedMain] o.a.c.c.StandardEngine [DirectJDKLog.java:173] Starting Servlet engine: [Apache Tomcat/9.0.19]
2020-02-07 10:40:02,492 INFO [restartedMain] o.a.c.c.C.[.[.[/community] [DirectJDKLog.java:173] Initializing Spring embedded WebApplicationContext
2020-02-07 10:40:02,492 INFO [restartedMain] o.s.w.c.ContextLoader [ServletWebServerApplicationContext.java:296] Root WebApplicationContext: initialization completed in 1544 ms
2020-02-07 10:40:03,559 INFO [restartedMain] o.s.s.c.ThreadPoolTaskExecutor [ExecutorConfigurationSupport.java:171] Initializing ExecutorService 'applicationTaskExecutor'
2020-02-07 10:40:03,694 INFO [restartedMain] o.s.b.a.w.s.WelcomePageHandlerMapping [WelcomePageHandlerMapping.java:61] Adding welcome page template: index
2020-02-07 10:40:04,027 INFO [restartedMain] o.a.c.h.Http11NioProtocol [DirectJDKLog.java:173] Starting ProtocolHandler ["http-nio-8080"]
2020-02-07 10:40:04,052 INFO [restartedMain] o.s.b.w.e.t.TomcatWebServer [TomcatWebServer.java:204] Tomcat started on port(s): 8080 (http) with context path '/community'
2020-02-07 10:40:04,056 INFO [restartedMain] c.n.c.CommunityApplication [StartupInfoLogger.java:59] Started CommunityApplication in 8.47 seconds (JVM running for 8.887)
2020-02-07 10:40:19,429 INFO [http-nio-8080-exec-4] o.a.c.c.C.[.[.[/community] [DirectJDKLog.java:173] Initializing Spring DispatcherServlet 'dispatcherServlet'
2020-02-07 10:40:19,430 INFO [http-nio-8080-exec-4] o.s.w.s.DispatcherServlet [FrameworkServlet.java:524] Initializing Servlet 'dispatcherServlet'
2020-02-07 10:40:19,441 INFO [http-nio-8080-exec-4] o.s.w.s.DispatcherServlet [FrameworkServlet.java:546] Completed initialization in 11 ms
2020-02-07 10:40:28,903 INFO [http-nio-8080-exec-8] c.n.c.a.ServiceLogAspect [ServiceLogAspect.java:36] 用户[0:0:0:0:0:0:0:1],在[2020-02-07 10:40:28],访问了[com.nowcoder.community.service.DiscussPostService.findDiscussPostRows].
2020-02-07 10:40:28,945 INFO [http-nio-8080-exec-8] c.z.h.HikariDataSource [HikariDataSource.java:110] HikariPool-1 - Starting...
2020-02-07 10:40:29,094 INFO [http-nio-8080-exec-8] c.z.h.HikariDataSource [HikariDataSource.java:123] HikariPool-1 - Start completed.
2020-02-07 10:40:29,187 INFO [http-nio-8080-exec-8] c.n.c.a.ServiceLogAspect [ServiceLogAspect.java:36] 用户[0:0:0:0:0:0:0:1],在[2020-02-07 10:40:29],访问了[com.nowcoder.community.service.DiscussPostService.findDiscussPosts].
2020-02-07 10:41:24,392 INFO [main] c.n.c.MapperTests [StartupInfoLogger.java:50] Starting MapperTests on Summer with PID 73590 (started by summer in /Users/summer/Desktop/牛客网高薪求职项目课/第4章 Redis，一站式高性能存储方案/µÚËÄÕÂËØ²ÄºÍÔ´Âë/community)
2020-02-07 10:41:24,393 INFO [main] c.n.c.MapperTests [SpringApplication.java:675] No active profile set, falling back to default profiles: default
2020-02-07 10:41:25,008 INFO [main] o.s.d.r.c.RepositoryConfigurationDelegate [RepositoryConfigurationDelegate.java:244] Multiple Spring Data modules found, entering strict repository configuration mode!
2020-02-07 10:41:25,011 INFO [main] o.s.d.r.c.RepositoryConfigurationDelegate [RepositoryConfigurationDelegate.java:126] Bootstrapping Spring Data repositories in DEFAULT mode.
2020-02-07 10:41:25,049 INFO [main] o.s.d.r.c.RepositoryConfigurationDelegate [RepositoryConfigurationDelegate.java:182] Finished Spring Data repository scanning in 27ms. Found 0 repository interfaces.
2020-02-07 10:41:25,440 INFO [main] o.s.c.s.PostProcessorRegistrationDelegate$BeanPostProcessorChecker [PostProcessorRegistrationDelegate.java:330] Bean 'org.springframework.transaction.annotation.ProxyTransactionManagementConfiguration' of type [org.springframework.transaction.annotation.ProxyTransactionManagementConfiguration$$EnhancerBySpringCGLIB$$e7454c11] is not eligible for getting processed by all BeanPostProcessors (for example: not eligible for auto-proxying)
2020-02-07 10:41:27,132 INFO [main] o.s.s.c.ThreadPoolTaskExecutor [ExecutorConfigurationSupport.java:171] Initializing ExecutorService 'applicationTaskExecutor'
2020-02-07 10:41:27,332 INFO [main] o.s.b.a.w.s.WelcomePageHandlerMapping [WelcomePageHandlerMapping.java:61] Adding welcome page template: index
2020-02-07 10:41:27,720 INFO [main] c.n.c.MapperTests [StartupInfoLogger.java:59] Started MapperTests in 8.632 seconds (JVM running for 9.244)
2020-02-07 10:41:28,065 INFO [main] c.z.h.HikariDataSource [HikariDataSource.java:110] HikariPool-1 - Starting...
2020-02-07 10:41:28,236 INFO [main] c.z.h.HikariDataSource [HikariDataSource.java:123] HikariPool-1 - Start completed.
2020-02-07 10:41:28,358 INFO [Thread-2] o.s.s.c.ThreadPoolTaskExecutor [ExecutorConfigurationSupport.java:208] Shutting down ExecutorService 'applicationTaskExecutor'
2020-02-07 10:41:28,377 INFO [Thread-2] c.z.h.HikariDataSource [HikariDataSource.java:350] HikariPool-1 - Shutdown initiated...
2020-02-07 10:41:28,392 INFO [Thread-2] c.z.h.HikariDataSource [HikariDataSource.java:352] HikariPool-1 - Shutdown completed.
2020-02-07 10:41:28,639 INFO [Thread-6] o.s.s.c.ThreadPoolTaskExecutor [ExecutorConfigurationSupport.java:208] Shutting down ExecutorService 'applicationTaskExecutor'
2020-02-07 10:41:28,655 INFO [Thread-6] c.z.h.HikariDataSource [HikariDataSource.java:350] HikariPool-1 - Shutdown initiated...
2020-02-07 10:41:28,662 INFO [Thread-6] c.z.h.HikariDataSource [HikariDataSource.java:352] HikariPool-1 - Shutdown completed.
2020-02-07 10:43:05,229 INFO [restartedMain] c.n.c.CommunityApplication [StartupInfoLogger.java:50] Starting CommunityApplication on Summer with PID 73604 (started by summer in /Users/summer/Desktop/牛客网高薪求职项目课/第4章 Redis，一站式高性能存储方案/µÚËÄÕÂËØ²ÄºÍÔ´Âë/community)
2020-02-07 10:43:05,232 INFO [restartedMain] c.n.c.CommunityApplication [SpringApplication.java:675] No active profile set, falling back to default profiles: default
2020-02-07 10:43:05,269 INFO [restartedMain] o.s.b.d.e.DevToolsPropertyDefaultsPostProcessor [DeferredLog.java:227] Devtools property defaults active! Set 'spring.devtools.add-properties' to 'false' to disable
2020-02-07 10:43:05,269 INFO [restartedMain] o.s.b.d.e.DevToolsPropertyDefaultsPostProcessor [DeferredLog.java:227] For additional web related logging consider setting the 'logging.level.web' property to 'DEBUG'
2020-02-07 10:43:05,888 INFO [restartedMain] o.s.d.r.c.RepositoryConfigurationDelegate [RepositoryConfigurationDelegate.java:244] Multiple Spring Data modules found, entering strict repository configuration mode!
2020-02-07 10:43:05,890 INFO [restartedMain] o.s.d.r.c.RepositoryConfigurationDelegate [RepositoryConfigurationDelegate.java:126] Bootstrapping Spring Data repositories in DEFAULT mode.
2020-02-07 10:43:05,916 INFO [restartedMain] o.s.d.r.c.RepositoryConfigurationDelegate [RepositoryConfigurationDelegate.java:182] Finished Spring Data repository scanning in 13ms. Found 0 repository interfaces.
2020-02-07 10:43:06,297 INFO [restartedMain] o.s.c.s.PostProcessorRegistrationDelegate$BeanPostProcessorChecker [PostProcessorRegistrationDelegate.java:330] Bean 'org.springframework.transaction.annotation.ProxyTransactionManagementConfiguration' of type [org.springframework.transaction.annotation.ProxyTransactionManagementConfiguration$$EnhancerBySpringCGLIB$$aeec3178] is not eligible for getting processed by all BeanPostProcessors (for example: not eligible for auto-proxying)
2020-02-07 10:43:06,737 INFO [restartedMain] o.s.b.w.e.t.TomcatWebServer [TomcatWebServer.java:90] Tomcat initialized with port(s): 8080 (http)
2020-02-07 10:43:06,753 INFO [restartedMain] o.a.c.h.Http11NioProtocol [DirectJDKLog.java:173] Initializing ProtocolHandler ["http-nio-8080"]
2020-02-07 10:43:06,764 INFO [restartedMain] o.a.c.c.StandardService [DirectJDKLog.java:173] Starting service [Tomcat]
2020-02-07 10:43:06,764 INFO [restartedMain] o.a.c.c.StandardEngine [DirectJDKLog.java:173] Starting Servlet engine: [Apache Tomcat/9.0.19]
2020-02-07 10:43:06,844 INFO [restartedMain] o.a.c.c.C.[.[.[/community] [DirectJDKLog.java:173] Initializing Spring embedded WebApplicationContext
2020-02-07 10:43:06,844 INFO [restartedMain] o.s.w.c.ContextLoader [ServletWebServerApplicationContext.java:296] Root WebApplicationContext: initialization completed in 1575 ms
2020-02-07 10:43:07,942 INFO [restartedMain] o.s.s.c.ThreadPoolTaskExecutor [ExecutorConfigurationSupport.java:171] Initializing ExecutorService 'applicationTaskExecutor'
2020-02-07 10:43:08,057 INFO [restartedMain] o.s.b.a.w.s.WelcomePageHandlerMapping [WelcomePageHandlerMapping.java:61] Adding welcome page template: index
2020-02-07 10:43:08,368 INFO [restartedMain] o.a.c.h.Http11NioProtocol [DirectJDKLog.java:173] Starting ProtocolHandler ["http-nio-8080"]
2020-02-07 10:43:08,406 INFO [restartedMain] o.s.b.w.e.t.TomcatWebServer [TomcatWebServer.java:204] Tomcat started on port(s): 8080 (http) with context path '/community'
2020-02-07 10:43:08,411 INFO [restartedMain] c.n.c.CommunityApplication [StartupInfoLogger.java:59] Started CommunityApplication in 8.534 seconds (JVM running for 8.978)
2020-02-07 10:43:42,277 INFO [http-nio-8080-exec-1] o.a.c.c.C.[.[.[/community] [DirectJDKLog.java:173] Initializing Spring DispatcherServlet 'dispatcherServlet'
2020-02-07 10:43:42,278 INFO [http-nio-8080-exec-1] o.s.w.s.DispatcherServlet [FrameworkServlet.java:524] Initializing Servlet 'dispatcherServlet'
2020-02-07 10:43:42,291 INFO [http-nio-8080-exec-1] o.s.w.s.DispatcherServlet [FrameworkServlet.java:546] Completed initialization in 13 ms
2020-02-07 10:43:42,311 INFO [http-nio-8080-exec-1] c.n.c.a.ServiceLogAspect [ServiceLogAspect.java:36] 用户[0:0:0:0:0:0:0:1],在[2020-02-07 10:43:42],访问了[com.nowcoder.community.service.UserService.findLoginTicket].
2020-02-07 10:43:42,333 INFO [http-nio-8080-exec-1] c.z.h.HikariDataSource [HikariDataSource.java:110] HikariPool-1 - Starting...
2020-02-07 10:43:42,496 INFO [http-nio-8080-exec-1] c.z.h.HikariDataSource [HikariDataSource.java:123] HikariPool-1 - Start completed.
2020-02-07 10:43:42,590 INFO [http-nio-8080-exec-1] c.n.c.a.ServiceLogAspect [ServiceLogAspect.java:36] 用户[0:0:0:0:0:0:0:1],在[2020-02-07 10:43:42],访问了[com.nowcoder.community.service.DiscussPostService.findDiscussPostRows].
2020-02-07 10:43:42,617 INFO [http-nio-8080-exec-1] c.n.c.a.ServiceLogAspect [ServiceLogAspect.java:36] 用户[0:0:0:0:0:0:0:1],在[2020-02-07 10:43:42],访问了[com.nowcoder.community.service.DiscussPostService.findDiscussPosts].
2020-02-07 10:43:42,626 INFO [http-nio-8080-exec-1] c.n.c.a.ServiceLogAspect [ServiceLogAspect.java:36] 用户[0:0:0:0:0:0:0:1],在[2020-02-07 10:43:42],访问了[com.nowcoder.community.service.UserService.findUserById].
2020-02-07 10:43:42,630 INFO [http-nio-8080-exec-1] c.n.c.a.ServiceLogAspect [ServiceLogAspect.java:36] 用户[0:0:0:0:0:0:0:1],在[2020-02-07 10:43:42],访问了[com.nowcoder.community.service.LikeService.findEntityLikeCount].
2020-02-07 10:43:42,749 INFO [http-nio-8080-exec-1] i.l.c.EpollProvider [EpollProvider.java:68] Starting without optional epoll library
2020-02-07 10:43:42,750 INFO [http-nio-8080-exec-1] i.l.c.KqueueProvider [KqueueProvider.java:70] Starting without optional kqueue library
2020-02-07 10:43:47,867 INFO [http-nio-8080-exec-1] c.n.c.a.ServiceLogAspect [ServiceLogAspect.java:36] 用户[0:0:0:0:0:0:0:1],在[2020-02-07 10:43:47],访问了[com.nowcoder.community.service.UserService.findUserById].
2020-02-07 10:43:47,871 INFO [http-nio-8080-exec-1] c.n.c.a.ServiceLogAspect [ServiceLogAspect.java:36] 用户[0:0:0:0:0:0:0:1],在[2020-02-07 10:43:47],访问了[com.nowcoder.community.service.LikeService.findEntityLikeCount].
2020-02-07 10:43:47,873 INFO [http-nio-8080-exec-1] c.n.c.a.ServiceLogAspect [ServiceLogAspect.java:36] 用户[0:0:0:0:0:0:0:1],在[2020-02-07 10:43:47],访问了[com.nowcoder.community.service.UserService.findUserById].
2020-02-07 10:43:47,878 INFO [http-nio-8080-exec-1] c.n.c.a.ServiceLogAspect [ServiceLogAspect.java:36] 用户[0:0:0:0:0:0:0:1],在[2020-02-07 10:43:47],访问了[com.nowcoder.community.service.LikeService.findEntityLikeCount].
2020-02-07 10:43:47,883 INFO [http-nio-8080-exec-1] c.n.c.a.ServiceLogAspect [ServiceLogAspect.java:36] 用户[0:0:0:0:0:0:0:1],在[2020-02-07 10:43:47],访问了[com.nowcoder.community.service.UserService.findUserById].
2020-02-07 10:43:47,887 INFO [http-nio-8080-exec-1] c.n.c.a.ServiceLogAspect [ServiceLogAspect.java:36] 用户[0:0:0:0:0:0:0:1],在[2020-02-07 10:43:47],访问了[com.nowcoder.community.service.LikeService.findEntityLikeCount].
2020-02-07 10:43:47,889 INFO [http-nio-8080-exec-1] c.n.c.a.ServiceLogAspect [ServiceLogAspect.java:36] 用户[0:0:0:0:0:0:0:1],在[2020-02-07 10:43:47],访问了[com.nowcoder.community.service.UserService.findUserById].
2020-02-07 10:43:47,893 INFO [http-nio-8080-exec-1] c.n.c.a.ServiceLogAspect [ServiceLogAspect.java:36] 用户[0:0:0:0:0:0:0:1],在[2020-02-07 10:43:47],访问了[com.nowcoder.community.service.LikeService.findEntityLikeCount].
2020-02-07 10:43:47,895 INFO [http-nio-8080-exec-1] c.n.c.a.ServiceLogAspect [ServiceLogAspect.java:36] 用户[0:0:0:0:0:0:0:1],在[2020-02-07 10:43:47],访问了[com.nowcoder.community.service.UserService.findUserById].
2020-02-07 10:43:47,899 INFO [http-nio-8080-exec-1] c.n.c.a.ServiceLogAspect [ServiceLogAspect.java:36] 用户[0:0:0:0:0:0:0:1],在[2020-02-07 10:43:47],访问了[com.nowcoder.community.service.LikeService.findEntityLikeCount].
2020-02-07 10:43:47,902 INFO [http-nio-8080-exec-1] c.n.c.a.ServiceLogAspect [ServiceLogAspect.java:36] 用户[0:0:0:0:0:0:0:1],在[2020-02-07 10:43:47],访问了[com.nowcoder.community.service.UserService.findUserById].
2020-02-07 10:43:47,906 INFO [http-nio-8080-exec-1] c.n.c.a.ServiceLogAspect [ServiceLogAspect.java:36] 用户[0:0:0:0:0:0:0:1],在[2020-02-07 10:43:47],访问了[com.nowcoder.community.service.LikeService.findEntityLikeCount].
2020-02-07 10:43:47,910 INFO [http-nio-8080-exec-1] c.n.c.a.ServiceLogAspect [ServiceLogAspect.java:36] 用户[0:0:0:0:0:0:0:1],在[2020-02-07 10:43:47],访问了[com.nowcoder.community.service.UserService.findUserById].
2020-02-07 10:43:47,914 INFO [http-nio-8080-exec-1] c.n.c.a.ServiceLogAspect [ServiceLogAspect.java:36] 用户[0:0:0:0:0:0:0:1],在[2020-02-07 10:43:47],访问了[com.nowcoder.community.service.LikeService.findEntityLikeCount].
2020-02-07 10:43:47,916 INFO [http-nio-8080-exec-1] c.n.c.a.ServiceLogAspect [ServiceLogAspect.java:36] 用户[0:0:0:0:0:0:0:1],在[2020-02-07 10:43:47],访问了[com.nowcoder.community.service.UserService.findUserById].
2020-02-07 10:43:47,921 INFO [http-nio-8080-exec-1] c.n.c.a.ServiceLogAspect [ServiceLogAspect.java:36] 用户[0:0:0:0:0:0:0:1],在[2020-02-07 10:43:47],访问了[com.nowcoder.community.service.LikeService.findEntityLikeCount].
2020-02-07 10:43:47,922 INFO [http-nio-8080-exec-1] c.n.c.a.ServiceLogAspect [ServiceLogAspect.java:36] 用户[0:0:0:0:0:0:0:1],在[2020-02-07 10:43:47],访问了[com.nowcoder.community.service.UserService.findUserById].
2020-02-07 10:43:47,926 INFO [http-nio-8080-exec-1] c.n.c.a.ServiceLogAspect [ServiceLogAspect.java:36] 用户[0:0:0:0:0:0:0:1],在[2020-02-07 10:43:47],访问了[com.nowcoder.community.service.LikeService.findEntityLikeCount].
2020-02-07 10:43:54,913 INFO [http-nio-8080-exec-5] c.n.c.a.ServiceLogAspect [ServiceLogAspect.java:36] 用户[0:0:0:0:0:0:0:1],在[2020-02-07 10:43:54],访问了[com.nowcoder.community.service.UserService.findLoginTicket].
2020-02-07 10:43:54,962 INFO [http-nio-8080-exec-8] c.n.c.a.ServiceLogAspect [ServiceLogAspect.java:36] 用户[0:0:0:0:0:0:0:1],在[2020-02-07 10:43:54],访问了[com.nowcoder.community.service.UserService.findLoginTicket].
2020-02-07 10:44:02,095 INFO [http-nio-8080-exec-10] c.n.c.a.ServiceLogAspect [ServiceLogAspect.java:36] 用户[0:0:0:0:0:0:0:1],在[2020-02-07 10:44:02],访问了[com.nowcoder.community.service.UserService.findLoginTicket].
2020-02-07 10:44:02,112 INFO [http-nio-8080-exec-10] c.n.c.a.ServiceLogAspect [ServiceLogAspect.java:36] 用户[0:0:0:0:0:0:0:1],在[2020-02-07 10:44:02],访问了[com.nowcoder.community.service.UserService.login].
2020-02-07 10:44:02,134 INFO [http-nio-8080-exec-1] c.n.c.a.ServiceLogAspect [ServiceLogAspect.java:36] 用户[0:0:0:0:0:0:0:1],在[2020-02-07 10:44:02],访问了[com.nowcoder.community.service.UserService.findLoginTicket].
2020-02-07 10:44:02,139 INFO [http-nio-8080-exec-1] c.n.c.a.ServiceLogAspect [ServiceLogAspect.java:36] 用户[0:0:0:0:0:0:0:1],在[2020-02-07 10:44:02],访问了[com.nowcoder.community.service.UserService.findUserById].
2020-02-07 10:44:02,142 INFO [http-nio-8080-exec-1] c.n.c.a.ServiceLogAspect [ServiceLogAspect.java:36] 用户[0:0:0:0:0:0:0:1],在[2020-02-07 10:44:02],访问了[com.nowcoder.community.service.DiscussPostService.findDiscussPostRows].
2020-02-07 10:44:02,145 INFO [http-nio-8080-exec-1] c.n.c.a.ServiceLogAspect [ServiceLogAspect.java:36] 用户[0:0:0:0:0:0:0:1],在[2020-02-07 10:44:02],访问了[com.nowcoder.community.service.DiscussPostService.findDiscussPosts].
2020-02-07 10:44:02,157 INFO [http-nio-8080-exec-1] c.n.c.a.ServiceLogAspect [ServiceLogAspect.java:36] 用户[0:0:0:0:0:0:0:1],在[2020-02-07 10:44:02],访问了[com.nowcoder.community.service.UserService.findUserById].
2020-02-07 10:44:02,160 INFO [http-nio-8080-exec-1] c.n.c.a.ServiceLogAspect [ServiceLogAspect.java:36] 用户[0:0:0:0:0:0:0:1],在[2020-02-07 10:44:02],访问了[com.nowcoder.community.service.LikeService.findEntityLikeCount].
2020-02-07 10:44:02,162 INFO [http-nio-8080-exec-1] c.n.c.a.ServiceLogAspect [ServiceLogAspect.java:36] 用户[0:0:0:0:0:0:0:1],在[2020-02-07 10:44:02],访问了[com.nowcoder.community.service.UserService.findUserById].
2020-02-07 10:44:02,164 INFO [http-nio-8080-exec-1] c.n.c.a.ServiceLogAspect [ServiceLogAspect.java:36] 用户[0:0:0:0:0:0:0:1],在[2020-02-07 10:44:02],访问了[com.nowcoder.community.service.LikeService.findEntityLikeCount].
2020-02-07 10:44:02,166 INFO [http-nio-8080-exec-1] c.n.c.a.ServiceLogAspect [ServiceLogAspect.java:36] 用户[0:0:0:0:0:0:0:1],在[2020-02-07 10:44:02],访问了[com.nowcoder.community.service.UserService.findUserById].
2020-02-07 10:44:02,170 INFO [http-nio-8080-exec-1] c.n.c.a.ServiceLogAspect [ServiceLogAspect.java:36] 用户[0:0:0:0:0:0:0:1],在[2020-02-07 10:44:02],访问了[com.nowcoder.community.service.LikeService.findEntityLikeCount].
2020-02-07 10:44:02,171 INFO [http-nio-8080-exec-1] c.n.c.a.ServiceLogAspect [ServiceLogAspect.java:36] 用户[0:0:0:0:0:0:0:1],在[2020-02-07 10:44:02],访问了[com.nowcoder.community.service.UserService.findUserById].
2020-02-07 10:44:02,177 INFO [http-nio-8080-exec-1] c.n.c.a.ServiceLogAspect [ServiceLogAspect.java:36] 用户[0:0:0:0:0:0:0:1],在[2020-02-07 10:44:02],访问了[com.nowcoder.community.service.LikeService.findEntityLikeCount].
2020-02-07 10:44:02,178 INFO [http-nio-8080-exec-1] c.n.c.a.ServiceLogAspect [ServiceLogAspect.java:36] 用户[0:0:0:0:0:0:0:1],在[2020-02-07 10:44:02],访问了[com.nowcoder.community.service.UserService.findUserById].
2020-02-07 10:44:02,181 INFO [http-nio-8080-exec-1] c.n.c.a.ServiceLogAspect [ServiceLogAspect.java:36] 用户[0:0:0:0:0:0:0:1],在[2020-02-07 10:44:02],访问了[com.nowcoder.community.service.LikeService.findEntityLikeCount].
2020-02-07 10:44:02,182 INFO [http-nio-8080-exec-1] c.n.c.a.ServiceLogAspect [ServiceLogAspect.java:36] 用户[0:0:0:0:0:0:0:1],在[2020-02-07 10:44:02],访问了[com.nowcoder.community.service.UserService.findUserById].
2020-02-07 10:44:02,186 INFO [http-nio-8080-exec-1] c.n.c.a.ServiceLogAspect [ServiceLogAspect.java:36] 用户[0:0:0:0:0:0:0:1],在[2020-02-07 10:44:02],访问了[com.nowcoder.community.service.LikeService.findEntityLikeCount].
2020-02-07 10:44:02,189 INFO [http-nio-8080-exec-1] c.n.c.a.ServiceLogAspect [ServiceLogAspect.java:36] 用户[0:0:0:0:0:0:0:1],在[2020-02-07 10:44:02],访问了[com.nowcoder.community.service.UserService.findUserById].
2020-02-07 10:44:02,192 INFO [http-nio-8080-exec-1] c.n.c.a.ServiceLogAspect [ServiceLogAspect.java:36] 用户[0:0:0:0:0:0:0:1],在[2020-02-07 10:44:02],访问了[com.nowcoder.community.service.LikeService.findEntityLikeCount].
2020-02-07 10:44:02,194 INFO [http-nio-8080-exec-1] c.n.c.a.ServiceLogAspect [ServiceLogAspect.java:36] 用户[0:0:0:0:0:0:0:1],在[2020-02-07 10:44:02],访问了[com.nowcoder.community.service.UserService.findUserById].
2020-02-07 10:44:02,197 INFO [http-nio-8080-exec-1] c.n.c.a.ServiceLogAspect [ServiceLogAspect.java:36] 用户[0:0:0:0:0:0:0:1],在[2020-02-07 10:44:02],访问了[com.nowcoder.community.service.LikeService.findEntityLikeCount].
2020-02-07 10:44:02,199 INFO [http-nio-8080-exec-1] c.n.c.a.ServiceLogAspect [ServiceLogAspect.java:36] 用户[0:0:0:0:0:0:0:1],在[2020-02-07 10:44:02],访问了[com.nowcoder.community.service.UserService.findUserById].
2020-02-07 10:44:02,202 INFO [http-nio-8080-exec-1] c.n.c.a.ServiceLogAspect [ServiceLogAspect.java:36] 用户[0:0:0:0:0:0:0:1],在[2020-02-07 10:44:02],访问了[com.nowcoder.community.service.LikeService.findEntityLikeCount].
2020-02-07 10:44:02,204 INFO [http-nio-8080-exec-1] c.n.c.a.ServiceLogAspect [ServiceLogAspect.java:36] 用户[0:0:0:0:0:0:0:1],在[2020-02-07 10:44:02],访问了[com.nowcoder.community.service.UserService.findUserById].
2020-02-07 10:44:02,207 INFO [http-nio-8080-exec-1] c.n.c.a.ServiceLogAspect [ServiceLogAspect.java:36] 用户[0:0:0:0:0:0:0:1],在[2020-02-07 10:44:02],访问了[com.nowcoder.community.service.LikeService.findEntityLikeCount].
2020-02-07 10:44:04,665 INFO [http-nio-8080-exec-5] c.n.c.a.ServiceLogAspect [ServiceLogAspect.java:36] 用户[0:0:0:0:0:0:0:1],在[2020-02-07 10:44:04],访问了[com.nowcoder.community.service.UserService.findLoginTicket].
2020-02-07 10:44:04,670 INFO [http-nio-8080-exec-5] c.n.c.a.ServiceLogAspect [ServiceLogAspect.java:36] 用户[0:0:0:0:0:0:0:1],在[2020-02-07 10:44:04],访问了[com.nowcoder.community.service.UserService.findUserById].
2020-02-07 10:44:04,679 INFO [http-nio-8080-exec-5] c.n.c.a.ServiceLogAspect [ServiceLogAspect.java:36] 用户[0:0:0:0:0:0:0:1],在[2020-02-07 10:44:04],访问了[com.nowcoder.community.service.DiscussPostService.findDiscussPostById].
2020-02-07 10:44:04,682 INFO [http-nio-8080-exec-5] c.n.c.a.ServiceLogAspect [ServiceLogAspect.java:36] 用户[0:0:0:0:0:0:0:1],在[2020-02-07 10:44:04],访问了[com.nowcoder.community.service.UserService.findUserById].
2020-02-07 10:44:04,685 INFO [http-nio-8080-exec-5] c.n.c.a.ServiceLogAspect [ServiceLogAspect.java:36] 用户[0:0:0:0:0:0:0:1],在[2020-02-07 10:44:04],访问了[com.nowcoder.community.service.LikeService.findEntityLikeCount].
2020-02-07 10:44:04,687 INFO [http-nio-8080-exec-5] c.n.c.a.ServiceLogAspect [ServiceLogAspect.java:36] 用户[0:0:0:0:0:0:0:1],在[2020-02-07 10:44:04],访问了[com.nowcoder.community.service.LikeService.findEntityLikeStatus].
2020-02-07 10:44:04,711 INFO [http-nio-8080-exec-5] c.n.c.a.ServiceLogAspect [ServiceLogAspect.java:36] 用户[0:0:0:0:0:0:0:1],在[2020-02-07 10:44:04],访问了[com.nowcoder.community.service.CommentService.findCommentsByEntity].
2020-02-07 10:44:04,722 INFO [http-nio-8080-exec-5] c.n.c.a.ServiceLogAspect [ServiceLogAspect.java:36] 用户[0:0:0:0:0:0:0:1],在[2020-02-07 10:44:04],访问了[com.nowcoder.community.service.UserService.findUserById].
2020-02-07 10:44:04,725 INFO [http-nio-8080-exec-5] c.n.c.a.ServiceLogAspect [ServiceLogAspect.java:36] 用户[0:0:0:0:0:0:0:1],在[2020-02-07 10:44:04],访问了[com.nowcoder.community.service.LikeService.findEntityLikeCount].
2020-02-07 10:44:04,726 INFO [http-nio-8080-exec-5] c.n.c.a.ServiceLogAspect [ServiceLogAspect.java:36] 用户[0:0:0:0:0:0:0:1],在[2020-02-07 10:44:04],访问了[com.nowcoder.community.service.LikeService.findEntityLikeStatus].
2020-02-07 10:44:04,728 INFO [http-nio-8080-exec-5] c.n.c.a.ServiceLogAspect [ServiceLogAspect.java:36] 用户[0:0:0:0:0:0:0:1],在[2020-02-07 10:44:04],访问了[com.nowcoder.community.service.CommentService.findCommentsByEntity].
2020-02-07 10:44:04,730 INFO [http-nio-8080-exec-5] c.n.c.a.ServiceLogAspect [ServiceLogAspect.java:36] 用户[0:0:0:0:0:0:0:1],在[2020-02-07 10:44:04],访问了[com.nowcoder.community.service.CommentService.findCommentCount].
2020-02-07 10:44:04,733 INFO [http-nio-8080-exec-5] c.n.c.a.ServiceLogAspect [ServiceLogAspect.java:36] 用户[0:0:0:0:0:0:0:1],在[2020-02-07 10:44:04],访问了[com.nowcoder.community.service.UserService.findUserById].
2020-02-07 10:44:04,736 INFO [http-nio-8080-exec-5] c.n.c.a.ServiceLogAspect [ServiceLogAspect.java:36] 用户[0:0:0:0:0:0:0:1],在[2020-02-07 10:44:04],访问了[com.nowcoder.community.service.LikeService.findEntityLikeCount].
2020-02-07 10:44:04,738 INFO [http-nio-8080-exec-5] c.n.c.a.ServiceLogAspect [ServiceLogAspect.java:36] 用户[0:0:0:0:0:0:0:1],在[2020-02-07 10:44:04],访问了[com.nowcoder.community.service.LikeService.findEntityLikeStatus].
2020-02-07 10:44:04,739 INFO [http-nio-8080-exec-5] c.n.c.a.ServiceLogAspect [ServiceLogAspect.java:36] 用户[0:0:0:0:0:0:0:1],在[2020-02-07 10:44:04],访问了[com.nowcoder.community.service.CommentService.findCommentsByEntity].
2020-02-07 10:44:04,742 INFO [http-nio-8080-exec-5] c.n.c.a.ServiceLogAspect [ServiceLogAspect.java:36] 用户[0:0:0:0:0:0:0:1],在[2020-02-07 10:44:04],访问了[com.nowcoder.community.service.CommentService.findCommentCount].
2020-02-07 10:44:04,744 INFO [http-nio-8080-exec-5] c.n.c.a.ServiceLogAspect [ServiceLogAspect.java:36] 用户[0:0:0:0:0:0:0:1],在[2020-02-07 10:44:04],访问了[com.nowcoder.community.service.UserService.findUserById].
2020-02-07 10:44:04,747 INFO [http-nio-8080-exec-5] c.n.c.a.ServiceLogAspect [ServiceLogAspect.java:36] 用户[0:0:0:0:0:0:0:1],在[2020-02-07 10:44:04],访问了[com.nowcoder.community.service.LikeService.findEntityLikeCount].
2020-02-07 10:44:04,748 INFO [http-nio-8080-exec-5] c.n.c.a.ServiceLogAspect [ServiceLogAspect.java:36] 用户[0:0:0:0:0:0:0:1],在[2020-02-07 10:44:04],访问了[com.nowcoder.community.service.LikeService.findEntityLikeStatus].
2020-02-07 10:44:04,749 INFO [http-nio-8080-exec-5] c.n.c.a.ServiceLogAspect [ServiceLogAspect.java:36] 用户[0:0:0:0:0:0:0:1],在[2020-02-07 10:44:04],访问了[com.nowcoder.community.service.CommentService.findCommentsByEntity].
2020-02-07 10:44:04,752 INFO [http-nio-8080-exec-5] c.n.c.a.ServiceLogAspect [ServiceLogAspect.java:36] 用户[0:0:0:0:0:0:0:1],在[2020-02-07 10:44:04],访问了[com.nowcoder.community.service.CommentService.findCommentCount].
2020-02-07 10:44:04,755 INFO [http-nio-8080-exec-5] c.n.c.a.ServiceLogAspect [ServiceLogAspect.java:36] 用户[0:0:0:0:0:0:0:1],在[2020-02-07 10:44:04],访问了[com.nowcoder.community.service.UserService.findUserById].
2020-02-07 10:44:04,758 INFO [http-nio-8080-exec-5] c.n.c.a.ServiceLogAspect [ServiceLogAspect.java:36] 用户[0:0:0:0:0:0:0:1],在[2020-02-07 10:44:04],访问了[com.nowcoder.community.service.LikeService.findEntityLikeCount].
2020-02-07 10:44:04,760 INFO [http-nio-8080-exec-5] c.n.c.a.ServiceLogAspect [ServiceLogAspect.java:36] 用户[0:0:0:0:0:0:0:1],在[2020-02-07 10:44:04],访问了[com.nowcoder.community.service.LikeService.findEntityLikeStatus].
2020-02-07 10:44:04,761 INFO [http-nio-8080-exec-5] c.n.c.a.ServiceLogAspect [ServiceLogAspect.java:36] 用户[0:0:0:0:0:0:0:1],在[2020-02-07 10:44:04],访问了[com.nowcoder.community.service.CommentService.findCommentsByEntity].
2020-02-07 10:44:04,764 INFO [http-nio-8080-exec-5] c.n.c.a.ServiceLogAspect [ServiceLogAspect.java:36] 用户[0:0:0:0:0:0:0:1],在[2020-02-07 10:44:04],访问了[com.nowcoder.community.service.CommentService.findCommentCount].
2020-02-07 10:44:04,767 INFO [http-nio-8080-exec-5] c.n.c.a.ServiceLogAspect [ServiceLogAspect.java:36] 用户[0:0:0:0:0:0:0:1],在[2020-02-07 10:44:04],访问了[com.nowcoder.community.service.UserService.findUserById].
2020-02-07 10:44:04,770 INFO [http-nio-8080-exec-5] c.n.c.a.ServiceLogAspect [ServiceLogAspect.java:36] 用户[0:0:0:0:0:0:0:1],在[2020-02-07 10:44:04],访问了[com.nowcoder.community.service.LikeService.findEntityLikeCount].
2020-02-07 10:44:04,772 INFO [http-nio-8080-exec-5] c.n.c.a.ServiceLogAspect [ServiceLogAspect.java:36] 用户[0:0:0:0:0:0:0:1],在[2020-02-07 10:44:04],访问了[com.nowcoder.community.service.LikeService.findEntityLikeStatus].
2020-02-07 10:44:04,773 INFO [http-nio-8080-exec-5] c.n.c.a.ServiceLogAspect [ServiceLogAspect.java:36] 用户[0:0:0:0:0:0:0:1],在[2020-02-07 10:44:04],访问了[com.nowcoder.community.service.CommentService.findCommentsByEntity].
2020-02-07 10:44:04,776 INFO [http-nio-8080-exec-5] c.n.c.a.ServiceLogAspect [ServiceLogAspect.java:36] 用户[0:0:0:0:0:0:0:1],在[2020-02-07 10:44:04],访问了[com.nowcoder.community.service.CommentService.findCommentCount].
2020-02-07 10:44:05,831 INFO [http-nio-8080-exec-10] c.n.c.a.ServiceLogAspect [ServiceLogAspect.java:36] 用户[0:0:0:0:0:0:0:1],在[2020-02-07 10:44:05],访问了[com.nowcoder.community.service.UserService.findLoginTicket].
2020-02-07 10:44:05,833 INFO [http-nio-8080-exec-10] c.n.c.a.ServiceLogAspect [ServiceLogAspect.java:36] 用户[0:0:0:0:0:0:0:1],在[2020-02-07 10:44:05],访问了[com.nowcoder.community.service.UserService.findUserById].
2020-02-07 10:44:05,837 INFO [http-nio-8080-exec-10] c.n.c.a.ServiceLogAspect [ServiceLogAspect.java:36] 用户[0:0:0:0:0:0:0:1],在[2020-02-07 10:44:05],访问了[com.nowcoder.community.service.LikeService.like].
2020-02-07 10:44:05,840 INFO [http-nio-8080-exec-10] c.n.c.a.ServiceLogAspect [ServiceLogAspect.java:36] 用户[0:0:0:0:0:0:0:1],在[2020-02-07 10:44:05],访问了[com.nowcoder.community.service.LikeService.findEntityLikeCount].
2020-02-07 10:44:05,841 INFO [http-nio-8080-exec-10] c.n.c.a.ServiceLogAspect [ServiceLogAspect.java:36] 用户[0:0:0:0:0:0:0:1],在[2020-02-07 10:44:05],访问了[com.nowcoder.community.service.LikeService.findEntityLikeStatus].
2020-02-07 10:44:07,231 INFO [http-nio-8080-exec-1] c.n.c.a.ServiceLogAspect [ServiceLogAspect.java:36] 用户[0:0:0:0:0:0:0:1],在[2020-02-07 10:44:07],访问了[com.nowcoder.community.service.UserService.findLoginTicket].
2020-02-07 10:44:07,234 INFO [http-nio-8080-exec-1] c.n.c.a.ServiceLogAspect [ServiceLogAspect.java:36] 用户[0:0:0:0:0:0:0:1],在[2020-02-07 10:44:07],访问了[com.nowcoder.community.service.UserService.findUserById].
2020-02-07 10:44:07,236 INFO [http-nio-8080-exec-1] c.n.c.a.ServiceLogAspect [ServiceLogAspect.java:36] 用户[0:0:0:0:0:0:0:1],在[2020-02-07 10:44:07],访问了[com.nowcoder.community.service.LikeService.like].
2020-02-07 10:44:07,239 INFO [http-nio-8080-exec-1] c.n.c.a.ServiceLogAspect [ServiceLogAspect.java:36] 用户[0:0:0:0:0:0:0:1],在[2020-02-07 10:44:07],访问了[com.nowcoder.community.service.LikeService.findEntityLikeCount].
2020-02-07 10:44:07,240 INFO [http-nio-8080-exec-1] c.n.c.a.ServiceLogAspect [ServiceLogAspect.java:36] 用户[0:0:0:0:0:0:0:1],在[2020-02-07 10:44:07],访问了[com.nowcoder.community.service.LikeService.findEntityLikeStatus].
2020-02-07 10:44:08,908 INFO [http-nio-8080-exec-2] c.n.c.a.ServiceLogAspect [ServiceLogAspect.java:36] 用户[0:0:0:0:0:0:0:1],在[2020-02-07 10:44:08],访问了[com.nowcoder.community.service.UserService.findLoginTicket].
2020-02-07 10:44:08,911 INFO [http-nio-8080-exec-2] c.n.c.a.ServiceLogAspect [ServiceLogAspect.java:36] 用户[0:0:0:0:0:0:0:1],在[2020-02-07 10:44:08],访问了[com.nowcoder.community.service.UserService.findUserById].
2020-02-07 10:44:08,913 INFO [http-nio-8080-exec-2] c.n.c.a.ServiceLogAspect [ServiceLogAspect.java:36] 用户[0:0:0:0:0:0:0:1],在[2020-02-07 10:44:08],访问了[com.nowcoder.community.service.LikeService.like].
2020-02-07 10:44:08,915 INFO [http-nio-8080-exec-2] c.n.c.a.ServiceLogAspect [ServiceLogAspect.java:36] 用户[0:0:0:0:0:0:0:1],在[2020-02-07 10:44:08],访问了[com.nowcoder.community.service.LikeService.findEntityLikeCount].
2020-02-07 10:44:08,916 INFO [http-nio-8080-exec-2] c.n.c.a.ServiceLogAspect [ServiceLogAspect.java:36] 用户[0:0:0:0:0:0:0:1],在[2020-02-07 10:44:08],访问了[com.nowcoder.community.service.LikeService.findEntityLikeStatus].
2020-02-07 10:44:09,483 INFO [http-nio-8080-exec-4] c.n.c.a.ServiceLogAspect [ServiceLogAspect.java:36] 用户[0:0:0:0:0:0:0:1],在[2020-02-07 10:44:09],访问了[com.nowcoder.community.service.UserService.findLoginTicket].
2020-02-07 10:44:09,486 INFO [http-nio-8080-exec-4] c.n.c.a.ServiceLogAspect [ServiceLogAspect.java:36] 用户[0:0:0:0:0:0:0:1],在[2020-02-07 10:44:09],访问了[com.nowcoder.community.service.UserService.findUserById].
2020-02-07 10:44:09,488 INFO [http-nio-8080-exec-4] c.n.c.a.ServiceLogAspect [ServiceLogAspect.java:36] 用户[0:0:0:0:0:0:0:1],在[2020-02-07 10:44:09],访问了[com.nowcoder.community.service.LikeService.like].
2020-02-07 10:44:09,490 INFO [http-nio-8080-exec-4] c.n.c.a.ServiceLogAspect [ServiceLogAspect.java:36] 用户[0:0:0:0:0:0:0:1],在[2020-02-07 10:44:09],访问了[com.nowcoder.community.service.LikeService.findEntityLikeCount].
2020-02-07 10:44:09,491 INFO [http-nio-8080-exec-4] c.n.c.a.ServiceLogAspect [ServiceLogAspect.java:36] 用户[0:0:0:0:0:0:0:1],在[2020-02-07 10:44:09],访问了[com.nowcoder.community.service.LikeService.findEntityLikeStatus].
2020-02-07 10:44:09,993 INFO [http-nio-8080-exec-3] c.n.c.a.ServiceLogAspect [ServiceLogAspect.java:36] 用户[0:0:0:0:0:0:0:1],在[2020-02-07 10:44:09],访问了[com.nowcoder.community.service.UserService.findLoginTicket].
2020-02-07 10:44:09,996 INFO [http-nio-8080-exec-3] c.n.c.a.ServiceLogAspect [ServiceLogAspect.java:36] 用户[0:0:0:0:0:0:0:1],在[2020-02-07 10:44:09],访问了[com.nowcoder.community.service.UserService.findUserById].
2020-02-07 10:44:09,999 INFO [http-nio-8080-exec-3] c.n.c.a.ServiceLogAspect [ServiceLogAspect.java:36] 用户[0:0:0:0:0:0:0:1],在[2020-02-07 10:44:09],访问了[com.nowcoder.community.service.LikeService.like].
2020-02-07 10:44:10,001 INFO [http-nio-8080-exec-3] c.n.c.a.ServiceLogAspect [ServiceLogAspect.java:36] 用户[0:0:0:0:0:0:0:1],在[2020-02-07 10:44:10],访问了[com.nowcoder.community.service.LikeService.findEntityLikeCount].
2020-02-07 10:44:10,001 INFO [http-nio-8080-exec-3] c.n.c.a.ServiceLogAspect [ServiceLogAspect.java:36] 用户[0:0:0:0:0:0:0:1],在[2020-02-07 10:44:10],访问了[com.nowcoder.community.service.LikeService.findEntityLikeStatus].
2020-02-07 10:44:10,154 INFO [http-nio-8080-exec-5] c.n.c.a.ServiceLogAspect [ServiceLogAspect.java:36] 用户[0:0:0:0:0:0:0:1],在[2020-02-07 10:44:10],访问了[com.nowcoder.community.service.UserService.findLoginTicket].
2020-02-07 10:44:10,157 INFO [http-nio-8080-exec-5] c.n.c.a.ServiceLogAspect [ServiceLogAspect.java:36] 用户[0:0:0:0:0:0:0:1],在[2020-02-07 10:44:10],访问了[com.nowcoder.community.service.UserService.findUserById].
2020-02-07 10:44:10,159 INFO [http-nio-8080-exec-5] c.n.c.a.ServiceLogAspect [ServiceLogAspect.java:36] 用户[0:0:0:0:0:0:0:1],在[2020-02-07 10:44:10],访问了[com.nowcoder.community.service.LikeService.like].
2020-02-07 10:44:10,161 INFO [http-nio-8080-exec-5] c.n.c.a.ServiceLogAspect [ServiceLogAspect.java:36] 用户[0:0:0:0:0:0:0:1],在[2020-02-07 10:44:10],访问了[com.nowcoder.community.service.LikeService.findEntityLikeCount].
2020-02-07 10:44:10,162 INFO [http-nio-8080-exec-5] c.n.c.a.ServiceLogAspect [ServiceLogAspect.java:36] 用户[0:0:0:0:0:0:0:1],在[2020-02-07 10:44:10],访问了[com.nowcoder.community.service.LikeService.findEntityLikeStatus].
2020-02-07 10:44:10,301 INFO [http-nio-8080-exec-6] c.n.c.a.ServiceLogAspect [ServiceLogAspect.java:36] 用户[0:0:0:0:0:0:0:1],在[2020-02-07 10:44:10],访问了[com.nowcoder.community.service.UserService.findLoginTicket].
2020-02-07 10:44:10,303 INFO [http-nio-8080-exec-6] c.n.c.a.ServiceLogAspect [ServiceLogAspect.java:36] 用户[0:0:0:0:0:0:0:1],在[2020-02-07 10:44:10],访问了[com.nowcoder.community.service.UserService.findUserById].
2020-02-07 10:44:10,306 INFO [http-nio-8080-exec-6] c.n.c.a.ServiceLogAspect [ServiceLogAspect.java:36] 用户[0:0:0:0:0:0:0:1],在[2020-02-07 10:44:10],访问了[com.nowcoder.community.service.LikeService.like].
2020-02-07 10:44:10,308 INFO [http-nio-8080-exec-6] c.n.c.a.ServiceLogAspect [ServiceLogAspect.java:36] 用户[0:0:0:0:0:0:0:1],在[2020-02-07 10:44:10],访问了[com.nowcoder.community.service.LikeService.findEntityLikeCount].
2020-02-07 10:44:10,308 INFO [http-nio-8080-exec-6] c.n.c.a.ServiceLogAspect [ServiceLogAspect.java:36] 用户[0:0:0:0:0:0:0:1],在[2020-02-07 10:44:10],访问了[com.nowcoder.community.service.LikeService.findEntityLikeStatus].
2020-02-07 10:44:10,459 INFO [http-nio-8080-exec-9] c.n.c.a.ServiceLogAspect [ServiceLogAspect.java:36] 用户[0:0:0:0:0:0:0:1],在[2020-02-07 10:44:10],访问了[com.nowcoder.community.service.UserService.findLoginTicket].
2020-02-07 10:44:10,462 INFO [http-nio-8080-exec-9] c.n.c.a.ServiceLogAspect [ServiceLogAspect.java:36] 用户[0:0:0:0:0:0:0:1],在[2020-02-07 10:44:10],访问了[com.nowcoder.community.service.UserService.findUserById].
2020-02-07 10:44:10,464 INFO [http-nio-8080-exec-9] c.n.c.a.ServiceLogAspect [ServiceLogAspect.java:36] 用户[0:0:0:0:0:0:0:1],在[2020-02-07 10:44:10],访问了[com.nowcoder.community.service.LikeService.like].
2020-02-07 10:44:10,466 INFO [http-nio-8080-exec-9] c.n.c.a.ServiceLogAspect [ServiceLogAspect.java:36] 用户[0:0:0:0:0:0:0:1],在[2020-02-07 10:44:10],访问了[com.nowcoder.community.service.LikeService.findEntityLikeCount].
2020-02-07 10:44:10,467 INFO [http-nio-8080-exec-9] c.n.c.a.ServiceLogAspect [ServiceLogAspect.java:36] 用户[0:0:0:0:0:0:0:1],在[2020-02-07 10:44:10],访问了[com.nowcoder.community.service.LikeService.findEntityLikeStatus].
2020-02-07 10:44:10,611 INFO [http-nio-8080-exec-7] c.n.c.a.ServiceLogAspect [ServiceLogAspect.java:36] 用户[0:0:0:0:0:0:0:1],在[2020-02-07 10:44:10],访问了[com.nowcoder.community.service.UserService.findLoginTicket].
2020-02-07 10:44:10,614 INFO [http-nio-8080-exec-7] c.n.c.a.ServiceLogAspect [ServiceLogAspect.java:36] 用户[0:0:0:0:0:0:0:1],在[2020-02-07 10:44:10],访问了[com.nowcoder.community.service.UserService.findUserById].
2020-02-07 10:44:10,617 INFO [http-nio-8080-exec-7] c.n.c.a.ServiceLogAspect [ServiceLogAspect.java:36] 用户[0:0:0:0:0:0:0:1],在[2020-02-07 10:44:10],访问了[com.nowcoder.community.service.LikeService.like].
2020-02-07 10:44:10,618 INFO [http-nio-8080-exec-7] c.n.c.a.ServiceLogAspect [ServiceLogAspect.java:36] 用户[0:0:0:0:0:0:0:1],在[2020-02-07 10:44:10],访问了[com.nowcoder.community.service.LikeService.findEntityLikeCount].
2020-02-07 10:44:10,620 INFO [http-nio-8080-exec-7] c.n.c.a.ServiceLogAspect [ServiceLogAspect.java:36] 用户[0:0:0:0:0:0:0:1],在[2020-02-07 10:44:10],访问了[com.nowcoder.community.service.LikeService.findEntityLikeStatus].
2020-02-07 10:44:10,756 INFO [http-nio-8080-exec-8] c.n.c.a.ServiceLogAspect [ServiceLogAspect.java:36] 用户[0:0:0:0:0:0:0:1],在[2020-02-07 10:44:10],访问了[com.nowcoder.community.service.UserService.findLoginTicket].
2020-02-07 10:44:10,758 INFO [http-nio-8080-exec-8] c.n.c.a.ServiceLogAspect [ServiceLogAspect.java:36] 用户[0:0:0:0:0:0:0:1],在[2020-02-07 10:44:10],访问了[com.nowcoder.community.service.UserService.findUserById].
2020-02-07 10:44:10,761 INFO [http-nio-8080-exec-8] c.n.c.a.ServiceLogAspect [ServiceLogAspect.java:36] 用户[0:0:0:0:0:0:0:1],在[2020-02-07 10:44:10],访问了[com.nowcoder.community.service.LikeService.like].
2020-02-07 10:44:10,762 INFO [http-nio-8080-exec-8] c.n.c.a.ServiceLogAspect [ServiceLogAspect.java:36] 用户[0:0:0:0:0:0:0:1],在[2020-02-07 10:44:10],访问了[com.nowcoder.community.service.LikeService.findEntityLikeCount].
2020-02-07 10:44:10,764 INFO [http-nio-8080-exec-8] c.n.c.a.ServiceLogAspect [ServiceLogAspect.java:36] 用户[0:0:0:0:0:0:0:1],在[2020-02-07 10:44:10],访问了[com.nowcoder.community.service.LikeService.findEntityLikeStatus].
2020-02-07 10:44:11,882 INFO [http-nio-8080-exec-10] c.n.c.a.ServiceLogAspect [ServiceLogAspect.java:36] 用户[0:0:0:0:0:0:0:1],在[2020-02-07 10:44:11],访问了[com.nowcoder.community.service.UserService.findLoginTicket].
2020-02-07 10:44:11,884 INFO [http-nio-8080-exec-10] c.n.c.a.ServiceLogAspect [ServiceLogAspect.java:36] 用户[0:0:0:0:0:0:0:1],在[2020-02-07 10:44:11],访问了[com.nowcoder.community.service.UserService.findUserById].
2020-02-07 10:44:11,887 INFO [http-nio-8080-exec-10] c.n.c.a.ServiceLogAspect [ServiceLogAspect.java:36] 用户[0:0:0:0:0:0:0:1],在[2020-02-07 10:44:11],访问了[com.nowcoder.community.service.LikeService.like].
2020-02-07 10:44:11,888 INFO [http-nio-8080-exec-10] c.n.c.a.ServiceLogAspect [ServiceLogAspect.java:36] 用户[0:0:0:0:0:0:0:1],在[2020-02-07 10:44:11],访问了[com.nowcoder.community.service.LikeService.findEntityLikeCount].
2020-02-07 10:44:11,889 INFO [http-nio-8080-exec-10] c.n.c.a.ServiceLogAspect [ServiceLogAspect.java:36] 用户[0:0:0:0:0:0:0:1],在[2020-02-07 10:44:11],访问了[com.nowcoder.community.service.LikeService.findEntityLikeStatus].
2020-02-07 10:44:12,399 INFO [http-nio-8080-exec-1] c.n.c.a.ServiceLogAspect [ServiceLogAspect.java:36] 用户[0:0:0:0:0:0:0:1],在[2020-02-07 10:44:12],访问了[com.nowcoder.community.service.UserService.findLoginTicket].
2020-02-07 10:44:12,402 INFO [http-nio-8080-exec-1] c.n.c.a.ServiceLogAspect [ServiceLogAspect.java:36] 用户[0:0:0:0:0:0:0:1],在[2020-02-07 10:44:12],访问了[com.nowcoder.community.service.UserService.findUserById].
2020-02-07 10:44:12,404 INFO [http-nio-8080-exec-1] c.n.c.a.ServiceLogAspect [ServiceLogAspect.java:36] 用户[0:0:0:0:0:0:0:1],在[2020-02-07 10:44:12],访问了[com.nowcoder.community.service.LikeService.like].
2020-02-07 10:44:12,406 INFO [http-nio-8080-exec-1] c.n.c.a.ServiceLogAspect [ServiceLogAspect.java:36] 用户[0:0:0:0:0:0:0:1],在[2020-02-07 10:44:12],访问了[com.nowcoder.community.service.LikeService.findEntityLikeCount].
2020-02-07 10:44:12,406 INFO [http-nio-8080-exec-1] c.n.c.a.ServiceLogAspect [ServiceLogAspect.java:36] 用户[0:0:0:0:0:0:0:1],在[2020-02-07 10:44:12],访问了[com.nowcoder.community.service.LikeService.findEntityLikeStatus].
2020-02-07 10:58:20,864 INFO [http-nio-8080-exec-7] c.n.c.a.ServiceLogAspect [ServiceLogAspect.java:36] 用户[0:0:0:0:0:0:0:1],在[2020-02-07 10:58:20],访问了[com.nowcoder.community.service.UserService.findLoginTicket].
2020-02-07 10:58:20,867 INFO [http-nio-8080-exec-7] c.n.c.a.ServiceLogAspect [ServiceLogAspect.java:36] 用户[0:0:0:0:0:0:0:1],在[2020-02-07 10:58:20],访问了[com.nowcoder.community.service.UserService.findUserById].
2020-02-07 10:58:20,870 INFO [http-nio-8080-exec-7] c.n.c.a.ServiceLogAspect [ServiceLogAspect.java:36] 用户[0:0:0:0:0:0:0:1],在[2020-02-07 10:58:20],访问了[com.nowcoder.community.service.LikeService.like].
2020-02-07 10:58:20,872 INFO [http-nio-8080-exec-7] c.n.c.a.ServiceLogAspect [ServiceLogAspect.java:36] 用户[0:0:0:0:0:0:0:1],在[2020-02-07 10:58:20],访问了[com.nowcoder.community.service.LikeService.findEntityLikeCount].
2020-02-07 10:58:20,873 INFO [http-nio-8080-exec-7] c.n.c.a.ServiceLogAspect [ServiceLogAspect.java:36] 用户[0:0:0:0:0:0:0:1],在[2020-02-07 10:58:20],访问了[com.nowcoder.community.service.LikeService.findEntityLikeStatus].
2020-02-07 10:59:10,613 INFO [http-nio-8080-exec-8] c.n.c.a.ServiceLogAspect [ServiceLogAspect.java:36] 用户[0:0:0:0:0:0:0:1],在[2020-02-07 10:59:10],访问了[com.nowcoder.community.service.UserService.findLoginTicket].
2020-02-07 10:59:10,617 INFO [http-nio-8080-exec-8] c.n.c.a.ServiceLogAspect [ServiceLogAspect.java:36] 用户[0:0:0:0:0:0:0:1],在[2020-02-07 10:59:10],访问了[com.nowcoder.community.service.UserService.findUserById].
2020-02-07 10:59:10,620 INFO [http-nio-8080-exec-8] c.n.c.a.ServiceLogAspect [ServiceLogAspect.java:36] 用户[0:0:0:0:0:0:0:1],在[2020-02-07 10:59:10],访问了[com.nowcoder.community.service.LikeService.like].
2020-02-07 10:59:10,622 INFO [http-nio-8080-exec-8] c.n.c.a.ServiceLogAspect [ServiceLogAspect.java:36] 用户[0:0:0:0:0:0:0:1],在[2020-02-07 10:59:10],访问了[com.nowcoder.community.service.LikeService.findEntityLikeCount].
2020-02-07 10:59:10,623 INFO [http-nio-8080-exec-8] c.n.c.a.ServiceLogAspect [ServiceLogAspect.java:36] 用户[0:0:0:0:0:0:0:1],在[2020-02-07 10:59:10],访问了[com.nowcoder.community.service.LikeService.findEntityLikeStatus].
2020-02-07 10:59:11,905 INFO [http-nio-8080-exec-10] c.n.c.a.ServiceLogAspect [ServiceLogAspect.java:36] 用户[0:0:0:0:0:0:0:1],在[2020-02-07 10:59:11],访问了[com.nowcoder.community.service.UserService.findLoginTicket].
2020-02-07 10:59:11,908 INFO [http-nio-8080-exec-10] c.n.c.a.ServiceLogAspect [ServiceLogAspect.java:36] 用户[0:0:0:0:0:0:0:1],在[2020-02-07 10:59:11],访问了[com.nowcoder.community.service.UserService.findUserById].
2020-02-07 10:59:11,911 INFO [http-nio-8080-exec-10] c.n.c.a.ServiceLogAspect [ServiceLogAspect.java:36] 用户[0:0:0:0:0:0:0:1],在[2020-02-07 10:59:11],访问了[com.nowcoder.community.service.LikeService.like].
2020-02-07 10:59:11,913 INFO [http-nio-8080-exec-10] c.n.c.a.ServiceLogAspect [ServiceLogAspect.java:36] 用户[0:0:0:0:0:0:0:1],在[2020-02-07 10:59:11],访问了[com.nowcoder.community.service.LikeService.findEntityLikeCount].
2020-02-07 10:59:11,914 INFO [http-nio-8080-exec-10] c.n.c.a.ServiceLogAspect [ServiceLogAspect.java:36] 用户[0:0:0:0:0:0:0:1],在[2020-02-07 10:59:11],访问了[com.nowcoder.community.service.LikeService.findEntityLikeStatus].
2020-02-07 10:59:15,047 INFO [http-nio-8080-exec-1] c.n.c.a.ServiceLogAspect [ServiceLogAspect.java:36] 用户[0:0:0:0:0:0:0:1],在[2020-02-07 10:59:15],访问了[com.nowcoder.community.service.UserService.findLoginTicket].
2020-02-07 10:59:15,050 INFO [http-nio-8080-exec-1] c.n.c.a.ServiceLogAspect [ServiceLogAspect.java:36] 用户[0:0:0:0:0:0:0:1],在[2020-02-07 10:59:15],访问了[com.nowcoder.community.service.UserService.findUserById].
2020-02-07 10:59:15,053 INFO [http-nio-8080-exec-1] c.n.c.a.ServiceLogAspect [ServiceLogAspect.java:36] 用户[0:0:0:0:0:0:0:1],在[2020-02-07 10:59:15],访问了[com.nowcoder.community.service.LikeService.like].
2020-02-07 10:59:15,055 INFO [http-nio-8080-exec-1] c.n.c.a.ServiceLogAspect [ServiceLogAspect.java:36] 用户[0:0:0:0:0:0:0:1],在[2020-02-07 10:59:15],访问了[com.nowcoder.community.service.LikeService.findEntityLikeCount].
2020-02-07 10:59:15,056 INFO [http-nio-8080-exec-1] c.n.c.a.ServiceLogAspect [ServiceLogAspect.java:36] 用户[0:0:0:0:0:0:0:1],在[2020-02-07 10:59:15],访问了[com.nowcoder.community.service.LikeService.findEntityLikeStatus].
2020-02-07 10:59:15,563 INFO [http-nio-8080-exec-2] c.n.c.a.ServiceLogAspect [ServiceLogAspect.java:36] 用户[0:0:0:0:0:0:0:1],在[2020-02-07 10:59:15],访问了[com.nowcoder.community.service.UserService.findLoginTicket].
2020-02-07 10:59:15,566 INFO [http-nio-8080-exec-2] c.n.c.a.ServiceLogAspect [ServiceLogAspect.java:36] 用户[0:0:0:0:0:0:0:1],在[2020-02-07 10:59:15],访问了[com.nowcoder.community.service.UserService.findUserById].
2020-02-07 10:59:15,569 INFO [http-nio-8080-exec-2] c.n.c.a.ServiceLogAspect [ServiceLogAspect.java:36] 用户[0:0:0:0:0:0:0:1],在[2020-02-07 10:59:15],访问了[com.nowcoder.community.service.LikeService.like].
2020-02-07 10:59:15,571 INFO [http-nio-8080-exec-2] c.n.c.a.ServiceLogAspect [ServiceLogAspect.java:36] 用户[0:0:0:0:0:0:0:1],在[2020-02-07 10:59:15],访问了[com.nowcoder.community.service.LikeService.findEntityLikeCount].
2020-02-07 10:59:15,572 INFO [http-nio-8080-exec-2] c.n.c.a.ServiceLogAspect [ServiceLogAspect.java:36] 用户[0:0:0:0:0:0:0:1],在[2020-02-07 10:59:15],访问了[com.nowcoder.community.service.LikeService.findEntityLikeStatus].
2020-02-07 11:12:33,872 INFO [Thread-6] o.s.s.c.ThreadPoolTaskExecutor [ExecutorConfigurationSupport.java:208] Shutting down ExecutorService 'applicationTaskExecutor'
2020-02-07 11:12:34,994 INFO [Thread-6] c.z.h.HikariDataSource [HikariDataSource.java:350] HikariPool-1 - Shutdown initiated...
2020-02-07 11:12:35,001 INFO [Thread-6] c.z.h.HikariDataSource [HikariDataSource.java:352] HikariPool-1 - Shutdown completed.
2020-02-07 11:20:21,740 INFO [restartedMain] c.n.c.CommunityApplication [StartupInfoLogger.java:50] Starting CommunityApplication on Summer with PID 74084 (/Users/summer/idea_pro1/community/target/classes started by summer in /Users/summer/idea_pro1/community)
2020-02-07 11:20:21,744 INFO [restartedMain] c.n.c.CommunityApplication [SpringApplication.java:675] No active profile set, falling back to default profiles: default
2020-02-07 11:20:21,779 INFO [restartedMain] o.s.b.d.e.DevToolsPropertyDefaultsPostProcessor [DeferredLog.java:227] Devtools property defaults active! Set 'spring.devtools.add-properties' to 'false' to disable
2020-02-07 11:20:21,779 INFO [restartedMain] o.s.b.d.e.DevToolsPropertyDefaultsPostProcessor [DeferredLog.java:227] For additional web related logging consider setting the 'logging.level.web' property to 'DEBUG'
2020-02-07 11:20:22,382 INFO [restartedMain] o.s.d.r.c.RepositoryConfigurationDelegate [RepositoryConfigurationDelegate.java:244] Multiple Spring Data modules found, entering strict repository configuration mode!
2020-02-07 11:20:22,384 INFO [restartedMain] o.s.d.r.c.RepositoryConfigurationDelegate [RepositoryConfigurationDelegate.java:126] Bootstrapping Spring Data repositories in DEFAULT mode.
2020-02-07 11:20:22,409 INFO [restartedMain] o.s.d.r.c.RepositoryConfigurationDelegate [RepositoryConfigurationDelegate.java:182] Finished Spring Data repository scanning in 12ms. Found 0 repository interfaces.
2020-02-07 11:20:22,829 INFO [restartedMain] o.s.c.s.PostProcessorRegistrationDelegate$BeanPostProcessorChecker [PostProcessorRegistrationDelegate.java:330] Bean 'org.springframework.transaction.annotation.ProxyTransactionManagementConfiguration' of type [org.springframework.transaction.annotation.ProxyTransactionManagementConfiguration$$EnhancerBySpringCGLIB$$71d2bbf1] is not eligible for getting processed by all BeanPostProcessors (for example: not eligible for auto-proxying)
2020-02-07 11:20:23,277 INFO [restartedMain] o.s.b.w.e.t.TomcatWebServer [TomcatWebServer.java:90] Tomcat initialized with port(s): 8080 (http)
2020-02-07 11:20:23,295 INFO [restartedMain] o.a.c.h.Http11NioProtocol [DirectJDKLog.java:173] Initializing ProtocolHandler ["http-nio-8080"]
2020-02-07 11:20:23,310 INFO [restartedMain] o.a.c.c.StandardService [DirectJDKLog.java:173] Starting service [Tomcat]
2020-02-07 11:20:23,310 INFO [restartedMain] o.a.c.c.StandardEngine [DirectJDKLog.java:173] Starting Servlet engine: [Apache Tomcat/9.0.19]
2020-02-07 11:20:23,413 INFO [restartedMain] o.a.c.c.C.[.[.[/community] [DirectJDKLog.java:173] Initializing Spring embedded WebApplicationContext
2020-02-07 11:20:23,414 INFO [restartedMain] o.s.w.c.ContextLoader [ServletWebServerApplicationContext.java:296] Root WebApplicationContext: initialization completed in 1635 ms
2020-02-07 11:20:24,541 INFO [restartedMain] o.s.s.c.ThreadPoolTaskExecutor [ExecutorConfigurationSupport.java:171] Initializing ExecutorService 'applicationTaskExecutor'
2020-02-07 11:20:24,663 INFO [restartedMain] o.s.b.a.w.s.WelcomePageHandlerMapping [WelcomePageHandlerMapping.java:61] Adding welcome page template: index
2020-02-07 11:20:24,949 INFO [restartedMain] o.a.c.h.Http11NioProtocol [DirectJDKLog.java:173] Starting ProtocolHandler ["http-nio-8080"]
2020-02-07 11:20:24,974 INFO [restartedMain] o.s.b.w.e.t.TomcatWebServer [TomcatWebServer.java:204] Tomcat started on port(s): 8080 (http) with context path '/community'
2020-02-07 11:20:24,979 INFO [restartedMain] c.n.c.CommunityApplication [StartupInfoLogger.java:59] Started CommunityApplication in 8.548 seconds (JVM running for 8.967)
2020-02-07 11:20:38,021 INFO [http-nio-8080-exec-1] o.a.c.c.C.[.[.[/community] [DirectJDKLog.java:173] Initializing Spring DispatcherServlet 'dispatcherServlet'
2020-02-07 11:20:38,022 INFO [http-nio-8080-exec-1] o.s.w.s.DispatcherServlet [FrameworkServlet.java:524] Initializing Servlet 'dispatcherServlet'
2020-02-07 11:20:38,036 INFO [http-nio-8080-exec-1] o.s.w.s.DispatcherServlet [FrameworkServlet.java:546] Completed initialization in 13 ms
2020-02-07 11:20:38,057 INFO [http-nio-8080-exec-1] c.n.c.a.ServiceLogAspect [ServiceLogAspect.java:36] 用户[0:0:0:0:0:0:0:1],在[2020-02-07 11:20:38],访问了[com.nowcoder.community.service.UserService.findLoginTicket].
2020-02-07 11:20:38,085 INFO [http-nio-8080-exec-1] c.z.h.HikariDataSource [HikariDataSource.java:110] HikariPool-1 - Starting...
2020-02-07 11:20:38,279 INFO [http-nio-8080-exec-1] c.z.h.HikariDataSource [HikariDataSource.java:123] HikariPool-1 - Start completed.
2020-02-07 11:20:38,367 INFO [http-nio-8080-exec-1] c.n.c.a.ServiceLogAspect [ServiceLogAspect.java:36] 用户[0:0:0:0:0:0:0:1],在[2020-02-07 11:20:38],访问了[com.nowcoder.community.service.DiscussPostService.findDiscussPostRows].
2020-02-07 11:20:38,393 INFO [http-nio-8080-exec-1] c.n.c.a.ServiceLogAspect [ServiceLogAspect.java:36] 用户[0:0:0:0:0:0:0:1],在[2020-02-07 11:20:38],访问了[com.nowcoder.community.service.DiscussPostService.findDiscussPosts].
2020-02-07 11:20:38,404 INFO [http-nio-8080-exec-1] c.n.c.a.ServiceLogAspect [ServiceLogAspect.java:36] 用户[0:0:0:0:0:0:0:1],在[2020-02-07 11:20:38],访问了[com.nowcoder.community.service.UserService.findUserById].
2020-02-07 11:20:38,408 INFO [http-nio-8080-exec-1] c.n.c.a.ServiceLogAspect [ServiceLogAspect.java:36] 用户[0:0:0:0:0:0:0:1],在[2020-02-07 11:20:38],访问了[com.nowcoder.community.service.LikeService.findEntityLikeCount].
2020-02-07 11:20:38,534 INFO [http-nio-8080-exec-1] i.l.c.EpollProvider [EpollProvider.java:68] Starting without optional epoll library
2020-02-07 11:20:38,536 INFO [http-nio-8080-exec-1] i.l.c.KqueueProvider [KqueueProvider.java:70] Starting without optional kqueue library
2020-02-07 11:20:43,651 INFO [http-nio-8080-exec-1] c.n.c.a.ServiceLogAspect [ServiceLogAspect.java:36] 用户[0:0:0:0:0:0:0:1],在[2020-02-07 11:20:43],访问了[com.nowcoder.community.service.UserService.findUserById].
2020-02-07 11:20:43,655 INFO [http-nio-8080-exec-1] c.n.c.a.ServiceLogAspect [ServiceLogAspect.java:36] 用户[0:0:0:0:0:0:0:1],在[2020-02-07 11:20:43],访问了[com.nowcoder.community.service.LikeService.findEntityLikeCount].
2020-02-07 11:20:43,657 INFO [http-nio-8080-exec-1] c.n.c.a.ServiceLogAspect [ServiceLogAspect.java:36] 用户[0:0:0:0:0:0:0:1],在[2020-02-07 11:20:43],访问了[com.nowcoder.community.service.UserService.findUserById].
2020-02-07 11:20:43,660 INFO [http-nio-8080-exec-1] c.n.c.a.ServiceLogAspect [ServiceLogAspect.java:36] 用户[0:0:0:0:0:0:0:1],在[2020-02-07 11:20:43],访问了[com.nowcoder.community.service.LikeService.findEntityLikeCount].
2020-02-07 11:20:43,662 INFO [http-nio-8080-exec-1] c.n.c.a.ServiceLogAspect [ServiceLogAspect.java:36] 用户[0:0:0:0:0:0:0:1],在[2020-02-07 11:20:43],访问了[com.nowcoder.community.service.UserService.findUserById].
2020-02-07 11:20:43,666 INFO [http-nio-8080-exec-1] c.n.c.a.ServiceLogAspect [ServiceLogAspect.java:36] 用户[0:0:0:0:0:0:0:1],在[2020-02-07 11:20:43],访问了[com.nowcoder.community.service.LikeService.findEntityLikeCount].
2020-02-07 11:20:43,668 INFO [http-nio-8080-exec-1] c.n.c.a.ServiceLogAspect [ServiceLogAspect.java:36] 用户[0:0:0:0:0:0:0:1],在[2020-02-07 11:20:43],访问了[com.nowcoder.community.service.UserService.findUserById].
2020-02-07 11:20:43,671 INFO [http-nio-8080-exec-1] c.n.c.a.ServiceLogAspect [ServiceLogAspect.java:36] 用户[0:0:0:0:0:0:0:1],在[2020-02-07 11:20:43],访问了[com.nowcoder.community.service.LikeService.findEntityLikeCount].
2020-02-07 11:20:43,673 INFO [http-nio-8080-exec-1] c.n.c.a.ServiceLogAspect [ServiceLogAspect.java:36] 用户[0:0:0:0:0:0:0:1],在[2020-02-07 11:20:43],访问了[com.nowcoder.community.service.UserService.findUserById].
2020-02-07 11:20:43,676 INFO [http-nio-8080-exec-1] c.n.c.a.ServiceLogAspect [ServiceLogAspect.java:36] 用户[0:0:0:0:0:0:0:1],在[2020-02-07 11:20:43],访问了[com.nowcoder.community.service.LikeService.findEntityLikeCount].
2020-02-07 11:20:43,679 INFO [http-nio-8080-exec-1] c.n.c.a.ServiceLogAspect [ServiceLogAspect.java:36] 用户[0:0:0:0:0:0:0:1],在[2020-02-07 11:20:43],访问了[com.nowcoder.community.service.UserService.findUserById].
2020-02-07 11:20:43,684 INFO [http-nio-8080-exec-1] c.n.c.a.ServiceLogAspect [ServiceLogAspect.java:36] 用户[0:0:0:0:0:0:0:1],在[2020-02-07 11:20:43],访问了[com.nowcoder.community.service.LikeService.findEntityLikeCount].
2020-02-07 11:20:43,686 INFO [http-nio-8080-exec-1] c.n.c.a.ServiceLogAspect [ServiceLogAspect.java:36] 用户[0:0:0:0:0:0:0:1],在[2020-02-07 11:20:43],访问了[com.nowcoder.community.service.UserService.findUserById].
2020-02-07 11:20:43,689 INFO [http-nio-8080-exec-1] c.n.c.a.ServiceLogAspect [ServiceLogAspect.java:36] 用户[0:0:0:0:0:0:0:1],在[2020-02-07 11:20:43],访问了[com.nowcoder.community.service.LikeService.findEntityLikeCount].
2020-02-07 11:20:43,690 INFO [http-nio-8080-exec-1] c.n.c.a.ServiceLogAspect [ServiceLogAspect.java:36] 用户[0:0:0:0:0:0:0:1],在[2020-02-07 11:20:43],访问了[com.nowcoder.community.service.UserService.findUserById].
2020-02-07 11:20:43,693 INFO [http-nio-8080-exec-1] c.n.c.a.ServiceLogAspect [ServiceLogAspect.java:36] 用户[0:0:0:0:0:0:0:1],在[2020-02-07 11:20:43],访问了[com.nowcoder.community.service.LikeService.findEntityLikeCount].
2020-02-07 11:20:43,695 INFO [http-nio-8080-exec-1] c.n.c.a.ServiceLogAspect [ServiceLogAspect.java:36] 用户[0:0:0:0:0:0:0:1],在[2020-02-07 11:20:43],访问了[com.nowcoder.community.service.UserService.findUserById].
2020-02-07 11:20:43,698 INFO [http-nio-8080-exec-1] c.n.c.a.ServiceLogAspect [ServiceLogAspect.java:36] 用户[0:0:0:0:0:0:0:1],在[2020-02-07 11:20:43],访问了[com.nowcoder.community.service.LikeService.findEntityLikeCount].
2020-02-07 11:20:56,141 INFO [http-nio-8080-exec-5] c.n.c.a.ServiceLogAspect [ServiceLogAspect.java:36] 用户[0:0:0:0:0:0:0:1],在[2020-02-07 11:20:56],访问了[com.nowcoder.community.service.UserService.findLoginTicket].
2020-02-07 11:20:56,153 INFO [http-nio-8080-exec-5] c.n.c.a.ServiceLogAspect [ServiceLogAspect.java:36] 用户[0:0:0:0:0:0:0:1],在[2020-02-07 11:20:56],访问了[com.nowcoder.community.service.DiscussPostService.findDiscussPostById].
2020-02-07 11:20:56,157 INFO [http-nio-8080-exec-5] c.n.c.a.ServiceLogAspect [ServiceLogAspect.java:36] 用户[0:0:0:0:0:0:0:1],在[2020-02-07 11:20:56],访问了[com.nowcoder.community.service.UserService.findUserById].
2020-02-07 11:20:56,162 INFO [http-nio-8080-exec-5] c.n.c.a.ServiceLogAspect [ServiceLogAspect.java:36] 用户[0:0:0:0:0:0:0:1],在[2020-02-07 11:20:56],访问了[com.nowcoder.community.service.LikeService.findEntityLikeCount].
2020-02-07 11:20:56,164 INFO [http-nio-8080-exec-5] c.n.c.a.ServiceLogAspect [ServiceLogAspect.java:36] 用户[0:0:0:0:0:0:0:1],在[2020-02-07 11:20:56],访问了[com.nowcoder.community.service.CommentService.findCommentsByEntity].
2020-02-07 11:20:56,176 INFO [http-nio-8080-exec-5] c.n.c.a.ServiceLogAspect [ServiceLogAspect.java:36] 用户[0:0:0:0:0:0:0:1],在[2020-02-07 11:20:56],访问了[com.nowcoder.community.service.UserService.findUserById].
2020-02-07 11:20:56,179 INFO [http-nio-8080-exec-5] c.n.c.a.ServiceLogAspect [ServiceLogAspect.java:36] 用户[0:0:0:0:0:0:0:1],在[2020-02-07 11:20:56],访问了[com.nowcoder.community.service.LikeService.findEntityLikeCount].
2020-02-07 11:20:56,180 INFO [http-nio-8080-exec-5] c.n.c.a.ServiceLogAspect [ServiceLogAspect.java:36] 用户[0:0:0:0:0:0:0:1],在[2020-02-07 11:20:56],访问了[com.nowcoder.community.service.CommentService.findCommentsByEntity].
2020-02-07 11:20:56,183 INFO [http-nio-8080-exec-5] c.n.c.a.ServiceLogAspect [ServiceLogAspect.java:36] 用户[0:0:0:0:0:0:0:1],在[2020-02-07 11:20:56],访问了[com.nowcoder.community.service.CommentService.findCommentCount].
2020-02-07 11:20:56,186 INFO [http-nio-8080-exec-5] c.n.c.a.ServiceLogAspect [ServiceLogAspect.java:36] 用户[0:0:0:0:0:0:0:1],在[2020-02-07 11:20:56],访问了[com.nowcoder.community.service.UserService.findUserById].
2020-02-07 11:20:56,189 INFO [http-nio-8080-exec-5] c.n.c.a.ServiceLogAspect [ServiceLogAspect.java:36] 用户[0:0:0:0:0:0:0:1],在[2020-02-07 11:20:56],访问了[com.nowcoder.community.service.LikeService.findEntityLikeCount].
2020-02-07 11:20:56,190 INFO [http-nio-8080-exec-5] c.n.c.a.ServiceLogAspect [ServiceLogAspect.java:36] 用户[0:0:0:0:0:0:0:1],在[2020-02-07 11:20:56],访问了[com.nowcoder.community.service.CommentService.findCommentsByEntity].
2020-02-07 11:20:56,192 INFO [http-nio-8080-exec-5] c.n.c.a.ServiceLogAspect [ServiceLogAspect.java:36] 用户[0:0:0:0:0:0:0:1],在[2020-02-07 11:20:56],访问了[com.nowcoder.community.service.CommentService.findCommentCount].
2020-02-07 11:20:56,194 INFO [http-nio-8080-exec-5] c.n.c.a.ServiceLogAspect [ServiceLogAspect.java:36] 用户[0:0:0:0:0:0:0:1],在[2020-02-07 11:20:56],访问了[com.nowcoder.community.service.UserService.findUserById].
2020-02-07 11:20:56,197 INFO [http-nio-8080-exec-5] c.n.c.a.ServiceLogAspect [ServiceLogAspect.java:36] 用户[0:0:0:0:0:0:0:1],在[2020-02-07 11:20:56],访问了[com.nowcoder.community.service.LikeService.findEntityLikeCount].
2020-02-07 11:20:56,198 INFO [http-nio-8080-exec-5] c.n.c.a.ServiceLogAspect [ServiceLogAspect.java:36] 用户[0:0:0:0:0:0:0:1],在[2020-02-07 11:20:56],访问了[com.nowcoder.community.service.CommentService.findCommentsByEntity].
2020-02-07 11:20:56,202 INFO [http-nio-8080-exec-5] c.n.c.a.ServiceLogAspect [ServiceLogAspect.java:36] 用户[0:0:0:0:0:0:0:1],在[2020-02-07 11:20:56],访问了[com.nowcoder.community.service.CommentService.findCommentCount].
2020-02-07 11:20:56,205 INFO [http-nio-8080-exec-5] c.n.c.a.ServiceLogAspect [ServiceLogAspect.java:36] 用户[0:0:0:0:0:0:0:1],在[2020-02-07 11:20:56],访问了[com.nowcoder.community.service.UserService.findUserById].
2020-02-07 11:20:56,209 INFO [http-nio-8080-exec-5] c.n.c.a.ServiceLogAspect [ServiceLogAspect.java:36] 用户[0:0:0:0:0:0:0:1],在[2020-02-07 11:20:56],访问了[com.nowcoder.community.service.LikeService.findEntityLikeCount].
2020-02-07 11:20:56,210 INFO [http-nio-8080-exec-5] c.n.c.a.ServiceLogAspect [ServiceLogAspect.java:36] 用户[0:0:0:0:0:0:0:1],在[2020-02-07 11:20:56],访问了[com.nowcoder.community.service.CommentService.findCommentsByEntity].
2020-02-07 11:20:56,213 INFO [http-nio-8080-exec-5] c.n.c.a.ServiceLogAspect [ServiceLogAspect.java:36] 用户[0:0:0:0:0:0:0:1],在[2020-02-07 11:20:56],访问了[com.nowcoder.community.service.CommentService.findCommentCount].
2020-02-07 11:20:56,215 INFO [http-nio-8080-exec-5] c.n.c.a.ServiceLogAspect [ServiceLogAspect.java:36] 用户[0:0:0:0:0:0:0:1],在[2020-02-07 11:20:56],访问了[com.nowcoder.community.service.UserService.findUserById].
2020-02-07 11:20:56,221 INFO [http-nio-8080-exec-5] c.n.c.a.ServiceLogAspect [ServiceLogAspect.java:36] 用户[0:0:0:0:0:0:0:1],在[2020-02-07 11:20:56],访问了[com.nowcoder.community.service.LikeService.findEntityLikeCount].
2020-02-07 11:20:56,223 INFO [http-nio-8080-exec-5] c.n.c.a.ServiceLogAspect [ServiceLogAspect.java:36] 用户[0:0:0:0:0:0:0:1],在[2020-02-07 11:20:56],访问了[com.nowcoder.community.service.CommentService.findCommentsByEntity].
2020-02-07 11:20:56,225 INFO [http-nio-8080-exec-5] c.n.c.a.ServiceLogAspect [ServiceLogAspect.java:36] 用户[0:0:0:0:0:0:0:1],在[2020-02-07 11:20:56],访问了[com.nowcoder.community.service.CommentService.findCommentCount].
2020-02-07 11:23:43,118 INFO [http-nio-8080-exec-3] c.n.c.a.ServiceLogAspect [ServiceLogAspect.java:36] 用户[0:0:0:0:0:0:0:1],在[2020-02-07 11:23:43],访问了[com.nowcoder.community.service.UserService.findLoginTicket].
2020-02-07 11:23:43,160 INFO [http-nio-8080-exec-7] c.n.c.a.ServiceLogAspect [ServiceLogAspect.java:36] 用户[0:0:0:0:0:0:0:1],在[2020-02-07 11:23:43],访问了[com.nowcoder.community.service.UserService.findLoginTicket].
2020-02-07 11:23:50,136 INFO [http-nio-8080-exec-8] c.n.c.a.ServiceLogAspect [ServiceLogAspect.java:36] 用户[0:0:0:0:0:0:0:1],在[2020-02-07 11:23:50],访问了[com.nowcoder.community.service.UserService.findLoginTicket].
2020-02-07 11:23:50,151 INFO [http-nio-8080-exec-8] c.n.c.a.ServiceLogAspect [ServiceLogAspect.java:36] 用户[0:0:0:0:0:0:0:1],在[2020-02-07 11:23:50],访问了[com.nowcoder.community.service.UserService.login].
2020-02-07 11:23:50,174 INFO [http-nio-8080-exec-9] c.n.c.a.ServiceLogAspect [ServiceLogAspect.java:36] 用户[0:0:0:0:0:0:0:1],在[2020-02-07 11:23:50],访问了[com.nowcoder.community.service.UserService.findLoginTicket].
2020-02-07 11:23:50,177 INFO [http-nio-8080-exec-9] c.n.c.a.ServiceLogAspect [ServiceLogAspect.java:36] 用户[0:0:0:0:0:0:0:1],在[2020-02-07 11:23:50],访问了[com.nowcoder.community.service.UserService.findUserById].
2020-02-07 11:23:50,181 INFO [http-nio-8080-exec-9] c.n.c.a.ServiceLogAspect [ServiceLogAspect.java:36] 用户[0:0:0:0:0:0:0:1],在[2020-02-07 11:23:50],访问了[com.nowcoder.community.service.DiscussPostService.findDiscussPostRows].
2020-02-07 11:23:50,184 INFO [http-nio-8080-exec-9] c.n.c.a.ServiceLogAspect [ServiceLogAspect.java:36] 用户[0:0:0:0:0:0:0:1],在[2020-02-07 11:23:50],访问了[com.nowcoder.community.service.DiscussPostService.findDiscussPosts].
2020-02-07 11:23:50,192 INFO [http-nio-8080-exec-9] c.n.c.a.ServiceLogAspect [ServiceLogAspect.java:36] 用户[0:0:0:0:0:0:0:1],在[2020-02-07 11:23:50],访问了[com.nowcoder.community.service.UserService.findUserById].
2020-02-07 11:23:50,195 INFO [http-nio-8080-exec-9] c.n.c.a.ServiceLogAspect [ServiceLogAspect.java:36] 用户[0:0:0:0:0:0:0:1],在[2020-02-07 11:23:50],访问了[com.nowcoder.community.service.LikeService.findEntityLikeCount].
2020-02-07 11:23:50,199 INFO [http-nio-8080-exec-9] c.n.c.a.ServiceLogAspect [ServiceLogAspect.java:36] 用户[0:0:0:0:0:0:0:1],在[2020-02-07 11:23:50],访问了[com.nowcoder.community.service.UserService.findUserById].
2020-02-07 11:23:50,202 INFO [http-nio-8080-exec-9] c.n.c.a.ServiceLogAspect [ServiceLogAspect.java:36] 用户[0:0:0:0:0:0:0:1],在[2020-02-07 11:23:50],访问了[com.nowcoder.community.service.LikeService.findEntityLikeCount].
2020-02-07 11:23:50,203 INFO [http-nio-8080-exec-9] c.n.c.a.ServiceLogAspect [ServiceLogAspect.java:36] 用户[0:0:0:0:0:0:0:1],在[2020-02-07 11:23:50],访问了[com.nowcoder.community.service.UserService.findUserById].
2020-02-07 11:23:50,206 INFO [http-nio-8080-exec-9] c.n.c.a.ServiceLogAspect [ServiceLogAspect.java:36] 用户[0:0:0:0:0:0:0:1],在[2020-02-07 11:23:50],访问了[com.nowcoder.community.service.LikeService.findEntityLikeCount].
2020-02-07 11:23:50,208 INFO [http-nio-8080-exec-9] c.n.c.a.ServiceLogAspect [ServiceLogAspect.java:36] 用户[0:0:0:0:0:0:0:1],在[2020-02-07 11:23:50],访问了[com.nowcoder.community.service.UserService.findUserById].
2020-02-07 11:23:50,210 INFO [http-nio-8080-exec-9] c.n.c.a.ServiceLogAspect [ServiceLogAspect.java:36] 用户[0:0:0:0:0:0:0:1],在[2020-02-07 11:23:50],访问了[com.nowcoder.community.service.LikeService.findEntityLikeCount].
2020-02-07 11:23:50,212 INFO [http-nio-8080-exec-9] c.n.c.a.ServiceLogAspect [ServiceLogAspect.java:36] 用户[0:0:0:0:0:0:0:1],在[2020-02-07 11:23:50],访问了[com.nowcoder.community.service.UserService.findUserById].
2020-02-07 11:23:50,217 INFO [http-nio-8080-exec-9] c.n.c.a.ServiceLogAspect [ServiceLogAspect.java:36] 用户[0:0:0:0:0:0:0:1],在[2020-02-07 11:23:50],访问了[com.nowcoder.community.service.LikeService.findEntityLikeCount].
2020-02-07 11:23:50,218 INFO [http-nio-8080-exec-9] c.n.c.a.ServiceLogAspect [ServiceLogAspect.java:36] 用户[0:0:0:0:0:0:0:1],在[2020-02-07 11:23:50],访问了[com.nowcoder.community.service.UserService.findUserById].
2020-02-07 11:23:50,221 INFO [http-nio-8080-exec-9] c.n.c.a.ServiceLogAspect [ServiceLogAspect.java:36] 用户[0:0:0:0:0:0:0:1],在[2020-02-07 11:23:50],访问了[com.nowcoder.community.service.LikeService.findEntityLikeCount].
2020-02-07 11:23:50,222 INFO [http-nio-8080-exec-9] c.n.c.a.ServiceLogAspect [ServiceLogAspect.java:36] 用户[0:0:0:0:0:0:0:1],在[2020-02-07 11:23:50],访问了[com.nowcoder.community.service.UserService.findUserById].
2020-02-07 11:23:50,225 INFO [http-nio-8080-exec-9] c.n.c.a.ServiceLogAspect [ServiceLogAspect.java:36] 用户[0:0:0:0:0:0:0:1],在[2020-02-07 11:23:50],访问了[com.nowcoder.community.service.LikeService.findEntityLikeCount].
2020-02-07 11:23:50,226 INFO [http-nio-8080-exec-9] c.n.c.a.ServiceLogAspect [ServiceLogAspect.java:36] 用户[0:0:0:0:0:0:0:1],在[2020-02-07 11:23:50],访问了[com.nowcoder.community.service.UserService.findUserById].
2020-02-07 11:23:50,230 INFO [http-nio-8080-exec-9] c.n.c.a.ServiceLogAspect [ServiceLogAspect.java:36] 用户[0:0:0:0:0:0:0:1],在[2020-02-07 11:23:50],访问了[com.nowcoder.community.service.LikeService.findEntityLikeCount].
2020-02-07 11:23:50,232 INFO [http-nio-8080-exec-9] c.n.c.a.ServiceLogAspect [ServiceLogAspect.java:36] 用户[0:0:0:0:0:0:0:1],在[2020-02-07 11:23:50],访问了[com.nowcoder.community.service.UserService.findUserById].
2020-02-07 11:23:50,235 INFO [http-nio-8080-exec-9] c.n.c.a.ServiceLogAspect [ServiceLogAspect.java:36] 用户[0:0:0:0:0:0:0:1],在[2020-02-07 11:23:50],访问了[com.nowcoder.community.service.LikeService.findEntityLikeCount].
2020-02-07 11:23:50,237 INFO [http-nio-8080-exec-9] c.n.c.a.ServiceLogAspect [ServiceLogAspect.java:36] 用户[0:0:0:0:0:0:0:1],在[2020-02-07 11:23:50],访问了[com.nowcoder.community.service.UserService.findUserById].
2020-02-07 11:23:50,239 INFO [http-nio-8080-exec-9] c.n.c.a.ServiceLogAspect [ServiceLogAspect.java:36] 用户[0:0:0:0:0:0:0:1],在[2020-02-07 11:23:50],访问了[com.nowcoder.community.service.LikeService.findEntityLikeCount].
2020-02-07 11:23:52,789 INFO [http-nio-8080-exec-3] c.n.c.a.ServiceLogAspect [ServiceLogAspect.java:36] 用户[0:0:0:0:0:0:0:1],在[2020-02-07 11:23:52],访问了[com.nowcoder.community.service.UserService.findLoginTicket].
2020-02-07 11:23:52,792 INFO [http-nio-8080-exec-3] c.n.c.a.ServiceLogAspect [ServiceLogAspect.java:36] 用户[0:0:0:0:0:0:0:1],在[2020-02-07 11:23:52],访问了[com.nowcoder.community.service.UserService.findUserById].
2020-02-07 11:24:05,659 INFO [http-nio-8080-exec-7] c.n.c.a.ServiceLogAspect [ServiceLogAspect.java:36] 用户[0:0:0:0:0:0:0:1],在[2020-02-07 11:24:05],访问了[com.nowcoder.community.service.UserService.findLoginTicket].
2020-02-07 11:24:05,663 INFO [http-nio-8080-exec-7] c.n.c.a.ServiceLogAspect [ServiceLogAspect.java:36] 用户[0:0:0:0:0:0:0:1],在[2020-02-07 11:24:05],访问了[com.nowcoder.community.service.UserService.findUserById].
2020-02-07 11:24:05,673 INFO [http-nio-8080-exec-7] c.n.c.a.ServiceLogAspect [ServiceLogAspect.java:36] 用户[0:0:0:0:0:0:0:1],在[2020-02-07 11:24:05],访问了[com.nowcoder.community.service.UserService.updateHeader].
2020-02-07 11:24:05,681 INFO [http-nio-8080-exec-8] c.n.c.a.ServiceLogAspect [ServiceLogAspect.java:36] 用户[0:0:0:0:0:0:0:1],在[2020-02-07 11:24:05],访问了[com.nowcoder.community.service.UserService.findLoginTicket].
2020-02-07 11:24:05,684 INFO [http-nio-8080-exec-8] c.n.c.a.ServiceLogAspect [ServiceLogAspect.java:36] 用户[0:0:0:0:0:0:0:1],在[2020-02-07 11:24:05],访问了[com.nowcoder.community.service.UserService.findUserById].
2020-02-07 11:24:05,687 INFO [http-nio-8080-exec-8] c.n.c.a.ServiceLogAspect [ServiceLogAspect.java:36] 用户[0:0:0:0:0:0:0:1],在[2020-02-07 11:24:05],访问了[com.nowcoder.community.service.DiscussPostService.findDiscussPostRows].
2020-02-07 11:24:05,690 INFO [http-nio-8080-exec-8] c.n.c.a.ServiceLogAspect [ServiceLogAspect.java:36] 用户[0:0:0:0:0:0:0:1],在[2020-02-07 11:24:05],访问了[com.nowcoder.community.service.DiscussPostService.findDiscussPosts].
2020-02-07 11:24:05,695 INFO [http-nio-8080-exec-8] c.n.c.a.ServiceLogAspect [ServiceLogAspect.java:36] 用户[0:0:0:0:0:0:0:1],在[2020-02-07 11:24:05],访问了[com.nowcoder.community.service.UserService.findUserById].
2020-02-07 11:24:05,699 INFO [http-nio-8080-exec-8] c.n.c.a.ServiceLogAspect [ServiceLogAspect.java:36] 用户[0:0:0:0:0:0:0:1],在[2020-02-07 11:24:05],访问了[com.nowcoder.community.service.LikeService.findEntityLikeCount].
2020-02-07 11:24:05,700 INFO [http-nio-8080-exec-8] c.n.c.a.ServiceLogAspect [ServiceLogAspect.java:36] 用户[0:0:0:0:0:0:0:1],在[2020-02-07 11:24:05],访问了[com.nowcoder.community.service.UserService.findUserById].
2020-02-07 11:24:05,703 INFO [http-nio-8080-exec-8] c.n.c.a.ServiceLogAspect [ServiceLogAspect.java:36] 用户[0:0:0:0:0:0:0:1],在[2020-02-07 11:24:05],访问了[com.nowcoder.community.service.LikeService.findEntityLikeCount].
2020-02-07 11:24:05,704 INFO [http-nio-8080-exec-8] c.n.c.a.ServiceLogAspect [ServiceLogAspect.java:36] 用户[0:0:0:0:0:0:0:1],在[2020-02-07 11:24:05],访问了[com.nowcoder.community.service.UserService.findUserById].
2020-02-07 11:24:05,707 INFO [http-nio-8080-exec-8] c.n.c.a.ServiceLogAspect [ServiceLogAspect.java:36] 用户[0:0:0:0:0:0:0:1],在[2020-02-07 11:24:05],访问了[com.nowcoder.community.service.LikeService.findEntityLikeCount].
2020-02-07 11:24:05,709 INFO [http-nio-8080-exec-8] c.n.c.a.ServiceLogAspect [ServiceLogAspect.java:36] 用户[0:0:0:0:0:0:0:1],在[2020-02-07 11:24:05],访问了[com.nowcoder.community.service.UserService.findUserById].
2020-02-07 11:24:05,713 INFO [http-nio-8080-exec-8] c.n.c.a.ServiceLogAspect [ServiceLogAspect.java:36] 用户[0:0:0:0:0:0:0:1],在[2020-02-07 11:24:05],访问了[com.nowcoder.community.service.LikeService.findEntityLikeCount].
2020-02-07 11:24:05,714 INFO [http-nio-8080-exec-8] c.n.c.a.ServiceLogAspect [ServiceLogAspect.java:36] 用户[0:0:0:0:0:0:0:1],在[2020-02-07 11:24:05],访问了[com.nowcoder.community.service.UserService.findUserById].
2020-02-07 11:24:05,718 INFO [http-nio-8080-exec-8] c.n.c.a.ServiceLogAspect [ServiceLogAspect.java:36] 用户[0:0:0:0:0:0:0:1],在[2020-02-07 11:24:05],访问了[com.nowcoder.community.service.LikeService.findEntityLikeCount].
2020-02-07 11:24:05,719 INFO [http-nio-8080-exec-8] c.n.c.a.ServiceLogAspect [ServiceLogAspect.java:36] 用户[0:0:0:0:0:0:0:1],在[2020-02-07 11:24:05],访问了[com.nowcoder.community.service.UserService.findUserById].
2020-02-07 11:24:05,722 INFO [http-nio-8080-exec-8] c.n.c.a.ServiceLogAspect [ServiceLogAspect.java:36] 用户[0:0:0:0:0:0:0:1],在[2020-02-07 11:24:05],访问了[com.nowcoder.community.service.LikeService.findEntityLikeCount].
2020-02-07 11:24:05,724 INFO [http-nio-8080-exec-8] c.n.c.a.ServiceLogAspect [ServiceLogAspect.java:36] 用户[0:0:0:0:0:0:0:1],在[2020-02-07 11:24:05],访问了[com.nowcoder.community.service.UserService.findUserById].
2020-02-07 11:24:05,727 INFO [http-nio-8080-exec-8] c.n.c.a.ServiceLogAspect [ServiceLogAspect.java:36] 用户[0:0:0:0:0:0:0:1],在[2020-02-07 11:24:05],访问了[com.nowcoder.community.service.LikeService.findEntityLikeCount].
2020-02-07 11:24:05,729 INFO [http-nio-8080-exec-8] c.n.c.a.ServiceLogAspect [ServiceLogAspect.java:36] 用户[0:0:0:0:0:0:0:1],在[2020-02-07 11:24:05],访问了[com.nowcoder.community.service.UserService.findUserById].
2020-02-07 11:24:05,732 INFO [http-nio-8080-exec-8] c.n.c.a.ServiceLogAspect [ServiceLogAspect.java:36] 用户[0:0:0:0:0:0:0:1],在[2020-02-07 11:24:05],访问了[com.nowcoder.community.service.LikeService.findEntityLikeCount].
2020-02-07 11:24:05,733 INFO [http-nio-8080-exec-8] c.n.c.a.ServiceLogAspect [ServiceLogAspect.java:36] 用户[0:0:0:0:0:0:0:1],在[2020-02-07 11:24:05],访问了[com.nowcoder.community.service.UserService.findUserById].
2020-02-07 11:24:05,736 INFO [http-nio-8080-exec-8] c.n.c.a.ServiceLogAspect [ServiceLogAspect.java:36] 用户[0:0:0:0:0:0:0:1],在[2020-02-07 11:24:05],访问了[com.nowcoder.community.service.LikeService.findEntityLikeCount].
2020-02-07 11:24:05,738 INFO [http-nio-8080-exec-8] c.n.c.a.ServiceLogAspect [ServiceLogAspect.java:36] 用户[0:0:0:0:0:0:0:1],在[2020-02-07 11:24:05],访问了[com.nowcoder.community.service.UserService.findUserById].
2020-02-07 11:24:05,740 INFO [http-nio-8080-exec-8] c.n.c.a.ServiceLogAspect [ServiceLogAspect.java:36] 用户[0:0:0:0:0:0:0:1],在[2020-02-07 11:24:05],访问了[com.nowcoder.community.service.LikeService.findEntityLikeCount].
2020-02-07 11:26:30,095 INFO [Thread-6] o.s.s.c.ThreadPoolTaskExecutor [ExecutorConfigurationSupport.java:208] Shutting down ExecutorService 'applicationTaskExecutor'
2020-02-07 11:26:31,216 INFO [Thread-6] c.z.h.HikariDataSource [HikariDataSource.java:350] HikariPool-1 - Shutdown initiated...
2020-02-07 11:26:31,223 INFO [Thread-6] c.z.h.HikariDataSource [HikariDataSource.java:352] HikariPool-1 - Shutdown completed.
