2020-02-25 00:53:00,063 INFO [restartedMain] c.n.c.CommunityApplication [StartupInfoLogger.java:50] Starting CommunityApplication on Summer with PID 60803 (/Users/summer/idea_pro1/community/target/classes started by summer in /Users/summer/idea_pro1/community)
2020-02-25 00:53:00,067 INFO [restartedMain] c.n.c.CommunityApplication [SpringApplication.java:675] No active profile set, falling back to default profiles: default
2020-02-25 00:53:00,095 INFO [restartedMain] o.s.b.d.e.DevToolsPropertyDefaultsPostProcessor [DeferredLog.java:227] Devtools property defaults active! Set 'spring.devtools.add-properties' to 'false' to disable
2020-02-25 00:53:00,095 INFO [restartedMain] o.s.b.d.e.DevToolsPropertyDefaultsPostProcessor [DeferredLog.java:227] For additional web related logging consider setting the 'logging.level.web' property to 'DEBUG'
2020-02-25 00:53:00,760 INFO [restartedMain] o.s.d.r.c.RepositoryConfigurationDelegate [RepositoryConfigurationDelegate.java:244] Multiple Spring Data modules found, entering strict repository configuration mode!
2020-02-25 00:53:00,761 INFO [restartedMain] o.s.d.r.c.RepositoryConfigurationDelegate [RepositoryConfigurationDelegate.java:126] Bootstrapping Spring Data repositories in DEFAULT mode.
2020-02-25 00:53:00,813 INFO [restartedMain] o.s.d.r.c.RepositoryConfigurationDelegate [RepositoryConfigurationDelegate.java:182] Finished Spring Data repository scanning in 48ms. Found 1 repository interfaces.
2020-02-25 00:53:00,824 INFO [restartedMain] o.s.d.r.c.RepositoryConfigurationDelegate [RepositoryConfigurationDelegate.java:244] Multiple Spring Data modules found, entering strict repository configuration mode!
2020-02-25 00:53:00,826 INFO [restartedMain] o.s.d.r.c.RepositoryConfigurationDelegate [RepositoryConfigurationDelegate.java:126] Bootstrapping Spring Data repositories in DEFAULT mode.
2020-02-25 00:53:00,840 INFO [restartedMain] o.s.d.r.c.RepositoryConfigurationExtensionSupport [RepositoryConfigurationExtensionSupport.java:363] Spring Data Redis - Could not safely identify store assignment for repository candidate interface com.nowcoder.community.dao.elasticsearch.DiscussPostRepository.
2020-02-25 00:53:00,840 INFO [restartedMain] o.s.d.r.c.RepositoryConfigurationDelegate [RepositoryConfigurationDelegate.java:182] Finished Spring Data repository scanning in 8ms. Found 0 repository interfaces.
2020-02-25 00:53:01,218 INFO [restartedMain] o.s.c.s.PostProcessorRegistrationDelegate$BeanPostProcessorChecker [PostProcessorRegistrationDelegate.java:330] Bean 'org.springframework.kafka.annotation.KafkaBootstrapConfiguration' of type [org.springframework.kafka.annotation.KafkaBootstrapConfiguration$$EnhancerBySpringCGLIB$$514accff] is not eligible for getting processed by all BeanPostProcessors (for example: not eligible for auto-proxying)
2020-02-25 00:53:01,266 INFO [restartedMain] o.s.c.s.PostProcessorRegistrationDelegate$BeanPostProcessorChecker [PostProcessorRegistrationDelegate.java:330] Bean 'org.springframework.transaction.annotation.ProxyTransactionManagementConfiguration' of type [org.springframework.transaction.annotation.ProxyTransactionManagementConfiguration$$EnhancerBySpringCGLIB$$7d98bb7c] is not eligible for getting processed by all BeanPostProcessors (for example: not eligible for auto-proxying)
2020-02-25 00:53:01,604 INFO [restartedMain] o.s.b.w.e.t.TomcatWebServer [TomcatWebServer.java:90] Tomcat initialized with port(s): 9090 (http)
2020-02-25 00:53:01,614 INFO [restartedMain] o.a.c.h.Http11NioProtocol [DirectJDKLog.java:173] Initializing ProtocolHandler ["http-nio-9090"]
2020-02-25 00:53:01,623 INFO [restartedMain] o.a.c.c.StandardService [DirectJDKLog.java:173] Starting service [Tomcat]
2020-02-25 00:53:01,624 INFO [restartedMain] o.a.c.c.StandardEngine [DirectJDKLog.java:173] Starting Servlet engine: [Apache Tomcat/9.0.19]
2020-02-25 00:53:01,695 INFO [restartedMain] o.a.c.c.C.[.[.[/community] [DirectJDKLog.java:173] Initializing Spring embedded WebApplicationContext
2020-02-25 00:53:01,695 INFO [restartedMain] o.s.w.c.ContextLoader [ServletWebServerApplicationContext.java:296] Root WebApplicationContext: initialization completed in 1600 ms
2020-02-25 00:53:02,844 INFO [restartedMain] o.e.p.PluginsService [PluginsService.java:190] no modules loaded
2020-02-25 00:53:02,846 INFO [restartedMain] o.e.p.PluginsService [PluginsService.java:193] loaded plugin [org.elasticsearch.index.reindex.ReindexPlugin]
2020-02-25 00:53:02,846 INFO [restartedMain] o.e.p.PluginsService [PluginsService.java:193] loaded plugin [org.elasticsearch.join.ParentJoinPlugin]
2020-02-25 00:53:02,847 INFO [restartedMain] o.e.p.PluginsService [PluginsService.java:193] loaded plugin [org.elasticsearch.percolator.PercolatorPlugin]
2020-02-25 00:53:02,847 INFO [restartedMain] o.e.p.PluginsService [PluginsService.java:193] loaded plugin [org.elasticsearch.script.mustache.MustachePlugin]
2020-02-25 00:53:02,848 INFO [restartedMain] o.e.p.PluginsService [PluginsService.java:193] loaded plugin [org.elasticsearch.transport.Netty4Plugin]
2020-02-25 00:53:03,595 INFO [restartedMain] o.s.d.e.c.TransportClientFactoryBean [TransportClientFactoryBean.java:88] Adding transport node : 127.0.0.1:9300
2020-02-25 00:53:03,953 INFO [restartedMain] o.s.b.d.a.OptionalLiveReloadServer [OptionalLiveReloadServer.java:57] LiveReload server is running on port 35729
2020-02-25 00:53:04,261 INFO [restartedMain] o.s.s.c.ThreadPoolTaskExecutor [ExecutorConfigurationSupport.java:171] Initializing ExecutorService 'applicationTaskExecutor'
2020-02-25 00:53:04,376 INFO [restartedMain] o.s.b.a.w.s.WelcomePageHandlerMapping [WelcomePageHandlerMapping.java:61] Adding welcome page template: index
2020-02-25 00:53:04,784 INFO [restartedMain] c.z.h.HikariDataSource [HikariDataSource.java:110] HikariPool-1 - Starting...
2020-02-25 00:53:04,897 INFO [restartedMain] c.z.h.HikariDataSource [HikariDataSource.java:123] HikariPool-1 - Start completed.
2020-02-25 00:53:04,957 INFO [restartedMain] o.q.i.StdSchedulerFactory [StdSchedulerFactory.java:1208] Using default implementation for ThreadExecutor
2020-02-25 00:53:04,969 INFO [restartedMain] o.q.c.SchedulerSignalerImpl [SchedulerSignalerImpl.java:61] Initialized Scheduler Signaller of type: class org.quartz.core.SchedulerSignalerImpl
2020-02-25 00:53:04,970 INFO [restartedMain] o.q.c.QuartzScheduler [QuartzScheduler.java:229] Quartz Scheduler v.2.3.1 created.
2020-02-25 00:53:04,974 INFO [restartedMain] o.s.s.q.LocalDataSourceJobStore [JobStoreSupport.java:672] Using db table-based data access locking (synchronization).
2020-02-25 00:53:04,976 INFO [restartedMain] o.s.s.q.LocalDataSourceJobStore [JobStoreCMT.java:145] JobStoreCMT initialized.
2020-02-25 00:53:04,977 INFO [restartedMain] o.q.c.QuartzScheduler [QuartzScheduler.java:294] Scheduler meta-data: Quartz Scheduler (v2.3.1) 'communityScheduler' with instanceId 'Summer1582563184960'
  Scheduler class: 'org.quartz.core.QuartzScheduler' - running locally.
  NOT STARTED.
  Currently in standby mode.
  Number of jobs executed: 0
  Using thread pool 'org.quartz.simpl.SimpleThreadPool' - with 5 threads.
  Using job-store 'org.springframework.scheduling.quartz.LocalDataSourceJobStore' - which supports persistence. and is clustered.

2020-02-25 00:53:04,977 INFO [restartedMain] o.q.i.StdSchedulerFactory [StdSchedulerFactory.java:1362] Quartz scheduler 'communityScheduler' initialized from an externally provided properties instance.
2020-02-25 00:53:04,977 INFO [restartedMain] o.q.i.StdSchedulerFactory [StdSchedulerFactory.java:1366] Quartz scheduler version: 2.3.1
2020-02-25 00:53:04,977 INFO [restartedMain] o.q.c.QuartzScheduler [QuartzScheduler.java:2293] JobFactory set to: org.springframework.scheduling.quartz.SpringBeanJobFactory@47ebf58e
2020-02-25 00:53:05,192 INFO [restartedMain] o.s.b.a.s.s.UserDetailsServiceAutoConfiguration [UserDetailsServiceAutoConfiguration.java:87] 

Using generated security password: f0633fd9-a3cd-47e6-86a6-499a4cc1f21c

2020-02-25 00:53:05,262 INFO [restartedMain] o.s.s.w.DefaultSecurityFilterChain [DefaultSecurityFilterChain.java:43] Creating filter chain: Ant [pattern='/resources/**'], []
2020-02-25 00:53:05,316 INFO [restartedMain] o.s.s.w.DefaultSecurityFilterChain [DefaultSecurityFilterChain.java:43] Creating filter chain: any request, [org.springframework.security.web.context.request.async.WebAsyncManagerIntegrationFilter@729161aa, org.springframework.security.web.context.SecurityContextPersistenceFilter@5cfadaa0, org.springframework.security.web.header.HeaderWriterFilter@59f19a83, org.springframework.security.web.authentication.logout.LogoutFilter@fbc6362, org.springframework.security.web.savedrequest.RequestCacheAwareFilter@5d5f1e7f, org.springframework.security.web.servletapi.SecurityContextHolderAwareRequestFilter@5090cdcb, org.springframework.security.web.authentication.AnonymousAuthenticationFilter@294e2909, org.springframework.security.web.session.SessionManagementFilter@7d561a62, org.springframework.security.web.access.ExceptionTranslationFilter@53614929, org.springframework.security.web.access.intercept.FilterSecurityInterceptor@2d885ef6]
2020-02-25 00:53:05,454 INFO [restartedMain] o.a.k.c.c.ConsumerConfig [AbstractConfig.java:279] ConsumerConfig values: 
	auto.commit.interval.ms = 3000
	auto.offset.reset = latest
	bootstrap.servers = [localhost:9092]
	check.crcs = true
	client.id = 
	connections.max.idle.ms = 540000
	default.api.timeout.ms = 60000
	enable.auto.commit = true
	exclude.internal.topics = true
	fetch.max.bytes = 52428800
	fetch.max.wait.ms = 500
	fetch.min.bytes = 1
	group.id = test-consumer-group
	heartbeat.interval.ms = 3000
	interceptor.classes = []
	internal.leave.group.on.close = true
	isolation.level = read_uncommitted
	key.deserializer = class org.apache.kafka.common.serialization.StringDeserializer
	max.partition.fetch.bytes = 1048576
	max.poll.interval.ms = 300000
	max.poll.records = 500
	metadata.max.age.ms = 300000
	metric.reporters = []
	metrics.num.samples = 2
	metrics.recording.level = INFO
	metrics.sample.window.ms = 30000
	partition.assignment.strategy = [class org.apache.kafka.clients.consumer.RangeAssignor]
	receive.buffer.bytes = 65536
	reconnect.backoff.max.ms = 1000
	reconnect.backoff.ms = 50
	request.timeout.ms = 30000
	retry.backoff.ms = 100
	sasl.client.callback.handler.class = null
	sasl.jaas.config = null
	sasl.kerberos.kinit.cmd = /usr/bin/kinit
	sasl.kerberos.min.time.before.relogin = 60000
	sasl.kerberos.service.name = null
	sasl.kerberos.ticket.renew.jitter = 0.05
	sasl.kerberos.ticket.renew.window.factor = 0.8
	sasl.login.callback.handler.class = null
	sasl.login.class = null
	sasl.login.refresh.buffer.seconds = 300
	sasl.login.refresh.min.period.seconds = 60
	sasl.login.refresh.window.factor = 0.8
	sasl.login.refresh.window.jitter = 0.05
	sasl.mechanism = GSSAPI
	security.protocol = PLAINTEXT
	send.buffer.bytes = 131072
	session.timeout.ms = 10000
	ssl.cipher.suites = null
	ssl.enabled.protocols = [TLSv1.2, TLSv1.1, TLSv1]
	ssl.endpoint.identification.algorithm = https
	ssl.key.password = null
	ssl.keymanager.algorithm = SunX509
	ssl.keystore.location = null
	ssl.keystore.password = null
	ssl.keystore.type = JKS
	ssl.protocol = TLS
	ssl.provider = null
	ssl.secure.random.implementation = null
	ssl.trustmanager.algorithm = PKIX
	ssl.truststore.location = null
	ssl.truststore.password = null
	ssl.truststore.type = JKS
	value.deserializer = class org.apache.kafka.common.serialization.StringDeserializer

2020-02-25 00:53:05,511 INFO [restartedMain] o.a.k.c.u.AppInfoParser [AppInfoParser.java:109] Kafka version : 2.0.1
2020-02-25 00:53:05,512 INFO [restartedMain] o.a.k.c.u.AppInfoParser [AppInfoParser.java:110] Kafka commitId : fa14705e51bd2ce5
2020-02-25 00:53:05,618 INFO [restartedMain] o.a.k.c.Metadata [Metadata.java:285] Cluster ID: D6YSnGEsRoy9Nd-OvTeo_g
2020-02-25 00:53:05,631 INFO [restartedMain] o.a.k.c.c.ConsumerConfig [AbstractConfig.java:279] ConsumerConfig values: 
	auto.commit.interval.ms = 3000
	auto.offset.reset = latest
	bootstrap.servers = [localhost:9092]
	check.crcs = true
	client.id = 
	connections.max.idle.ms = 540000
	default.api.timeout.ms = 60000
	enable.auto.commit = true
	exclude.internal.topics = true
	fetch.max.bytes = 52428800
	fetch.max.wait.ms = 500
	fetch.min.bytes = 1
	group.id = test-consumer-group
	heartbeat.interval.ms = 3000
	interceptor.classes = []
	internal.leave.group.on.close = true
	isolation.level = read_uncommitted
	key.deserializer = class org.apache.kafka.common.serialization.StringDeserializer
	max.partition.fetch.bytes = 1048576
	max.poll.interval.ms = 300000
	max.poll.records = 500
	metadata.max.age.ms = 300000
	metric.reporters = []
	metrics.num.samples = 2
	metrics.recording.level = INFO
	metrics.sample.window.ms = 30000
	partition.assignment.strategy = [class org.apache.kafka.clients.consumer.RangeAssignor]
	receive.buffer.bytes = 65536
	reconnect.backoff.max.ms = 1000
	reconnect.backoff.ms = 50
	request.timeout.ms = 30000
	retry.backoff.ms = 100
	sasl.client.callback.handler.class = null
	sasl.jaas.config = null
	sasl.kerberos.kinit.cmd = /usr/bin/kinit
	sasl.kerberos.min.time.before.relogin = 60000
	sasl.kerberos.service.name = null
	sasl.kerberos.ticket.renew.jitter = 0.05
	sasl.kerberos.ticket.renew.window.factor = 0.8
	sasl.login.callback.handler.class = null
	sasl.login.class = null
	sasl.login.refresh.buffer.seconds = 300
	sasl.login.refresh.min.period.seconds = 60
	sasl.login.refresh.window.factor = 0.8
	sasl.login.refresh.window.jitter = 0.05
	sasl.mechanism = GSSAPI
	security.protocol = PLAINTEXT
	send.buffer.bytes = 131072
	session.timeout.ms = 10000
	ssl.cipher.suites = null
	ssl.enabled.protocols = [TLSv1.2, TLSv1.1, TLSv1]
	ssl.endpoint.identification.algorithm = https
	ssl.key.password = null
	ssl.keymanager.algorithm = SunX509
	ssl.keystore.location = null
	ssl.keystore.password = null
	ssl.keystore.type = JKS
	ssl.protocol = TLS
	ssl.provider = null
	ssl.secure.random.implementation = null
	ssl.trustmanager.algorithm = PKIX
	ssl.truststore.location = null
	ssl.truststore.password = null
	ssl.truststore.type = JKS
	value.deserializer = class org.apache.kafka.common.serialization.StringDeserializer

2020-02-25 00:53:05,635 INFO [restartedMain] o.a.k.c.u.AppInfoParser [AppInfoParser.java:109] Kafka version : 2.0.1
2020-02-25 00:53:05,635 INFO [restartedMain] o.a.k.c.u.AppInfoParser [AppInfoParser.java:110] Kafka commitId : fa14705e51bd2ce5
2020-02-25 00:53:05,637 INFO [restartedMain] o.s.s.c.ThreadPoolTaskScheduler [ExecutorConfigurationSupport.java:171] Initializing ExecutorService
2020-02-25 00:53:05,641 INFO [restartedMain] o.a.k.c.c.ConsumerConfig [AbstractConfig.java:279] ConsumerConfig values: 
	auto.commit.interval.ms = 3000
	auto.offset.reset = latest
	bootstrap.servers = [localhost:9092]
	check.crcs = true
	client.id = 
	connections.max.idle.ms = 540000
	default.api.timeout.ms = 60000
	enable.auto.commit = true
	exclude.internal.topics = true
	fetch.max.bytes = 52428800
	fetch.max.wait.ms = 500
	fetch.min.bytes = 1
	group.id = test-consumer-group
	heartbeat.interval.ms = 3000
	interceptor.classes = []
	internal.leave.group.on.close = true
	isolation.level = read_uncommitted
	key.deserializer = class org.apache.kafka.common.serialization.StringDeserializer
	max.partition.fetch.bytes = 1048576
	max.poll.interval.ms = 300000
	max.poll.records = 500
	metadata.max.age.ms = 300000
	metric.reporters = []
	metrics.num.samples = 2
	metrics.recording.level = INFO
	metrics.sample.window.ms = 30000
	partition.assignment.strategy = [class org.apache.kafka.clients.consumer.RangeAssignor]
	receive.buffer.bytes = 65536
	reconnect.backoff.max.ms = 1000
	reconnect.backoff.ms = 50
	request.timeout.ms = 30000
	retry.backoff.ms = 100
	sasl.client.callback.handler.class = null
	sasl.jaas.config = null
	sasl.kerberos.kinit.cmd = /usr/bin/kinit
	sasl.kerberos.min.time.before.relogin = 60000
	sasl.kerberos.service.name = null
	sasl.kerberos.ticket.renew.jitter = 0.05
	sasl.kerberos.ticket.renew.window.factor = 0.8
	sasl.login.callback.handler.class = null
	sasl.login.class = null
	sasl.login.refresh.buffer.seconds = 300
	sasl.login.refresh.min.period.seconds = 60
	sasl.login.refresh.window.factor = 0.8
	sasl.login.refresh.window.jitter = 0.05
	sasl.mechanism = GSSAPI
	security.protocol = PLAINTEXT
	send.buffer.bytes = 131072
	session.timeout.ms = 10000
	ssl.cipher.suites = null
	ssl.enabled.protocols = [TLSv1.2, TLSv1.1, TLSv1]
	ssl.endpoint.identification.algorithm = https
	ssl.key.password = null
	ssl.keymanager.algorithm = SunX509
	ssl.keystore.location = null
	ssl.keystore.password = null
	ssl.keystore.type = JKS
	ssl.protocol = TLS
	ssl.provider = null
	ssl.secure.random.implementation = null
	ssl.trustmanager.algorithm = PKIX
	ssl.truststore.location = null
	ssl.truststore.password = null
	ssl.truststore.type = JKS
	value.deserializer = class org.apache.kafka.common.serialization.StringDeserializer

2020-02-25 00:53:05,646 INFO [restartedMain] o.a.k.c.u.AppInfoParser [AppInfoParser.java:109] Kafka version : 2.0.1
2020-02-25 00:53:05,646 INFO [restartedMain] o.a.k.c.u.AppInfoParser [AppInfoParser.java:110] Kafka commitId : fa14705e51bd2ce5
2020-02-25 00:53:05,646 INFO [org.springframework.kafka.KafkaListenerEndpointContainer#2-0-C-1] o.a.k.c.Metadata [Metadata.java:285] Cluster ID: D6YSnGEsRoy9Nd-OvTeo_g
2020-02-25 00:53:05,647 INFO [org.springframework.kafka.KafkaListenerEndpointContainer#2-0-C-1] o.a.k.c.c.i.AbstractCoordinator [AbstractCoordinator.java:677] [Consumer clientId=consumer-2, groupId=test-consumer-group] Discovered group coordinator localhost:9092 (id: 2147483647 rack: null)
2020-02-25 00:53:05,649 INFO [restartedMain] o.a.k.c.Metadata [Metadata.java:285] Cluster ID: D6YSnGEsRoy9Nd-OvTeo_g
2020-02-25 00:53:05,650 INFO [org.springframework.kafka.KafkaListenerEndpointContainer#2-0-C-1] o.a.k.c.c.i.ConsumerCoordinator [ConsumerCoordinator.java:472] [Consumer clientId=consumer-2, groupId=test-consumer-group] Revoking previously assigned partitions []
2020-02-25 00:53:05,650 INFO [org.springframework.kafka.KafkaListenerEndpointContainer#2-0-C-1] o.s.k.l.KafkaMessageListenerContainer [AbstractMessageListenerContainer.java:375] partitions revoked: []
2020-02-25 00:53:05,651 INFO [org.springframework.kafka.KafkaListenerEndpointContainer#2-0-C-1] o.a.k.c.c.i.AbstractCoordinator [AbstractCoordinator.java:509] [Consumer clientId=consumer-2, groupId=test-consumer-group] (Re-)joining group
2020-02-25 00:53:05,651 INFO [restartedMain] o.a.k.c.c.ConsumerConfig [AbstractConfig.java:279] ConsumerConfig values: 
	auto.commit.interval.ms = 3000
	auto.offset.reset = latest
	bootstrap.servers = [localhost:9092]
	check.crcs = true
	client.id = 
	connections.max.idle.ms = 540000
	default.api.timeout.ms = 60000
	enable.auto.commit = true
	exclude.internal.topics = true
	fetch.max.bytes = 52428800
	fetch.max.wait.ms = 500
	fetch.min.bytes = 1
	group.id = test-consumer-group
	heartbeat.interval.ms = 3000
	interceptor.classes = []
	internal.leave.group.on.close = true
	isolation.level = read_uncommitted
	key.deserializer = class org.apache.kafka.common.serialization.StringDeserializer
	max.partition.fetch.bytes = 1048576
	max.poll.interval.ms = 300000
	max.poll.records = 500
	metadata.max.age.ms = 300000
	metric.reporters = []
	metrics.num.samples = 2
	metrics.recording.level = INFO
	metrics.sample.window.ms = 30000
	partition.assignment.strategy = [class org.apache.kafka.clients.consumer.RangeAssignor]
	receive.buffer.bytes = 65536
	reconnect.backoff.max.ms = 1000
	reconnect.backoff.ms = 50
	request.timeout.ms = 30000
	retry.backoff.ms = 100
	sasl.client.callback.handler.class = null
	sasl.jaas.config = null
	sasl.kerberos.kinit.cmd = /usr/bin/kinit
	sasl.kerberos.min.time.before.relogin = 60000
	sasl.kerberos.service.name = null
	sasl.kerberos.ticket.renew.jitter = 0.05
	sasl.kerberos.ticket.renew.window.factor = 0.8
	sasl.login.callback.handler.class = null
	sasl.login.class = null
	sasl.login.refresh.buffer.seconds = 300
	sasl.login.refresh.min.period.seconds = 60
	sasl.login.refresh.window.factor = 0.8
	sasl.login.refresh.window.jitter = 0.05
	sasl.mechanism = GSSAPI
	security.protocol = PLAINTEXT
	send.buffer.bytes = 131072
	session.timeout.ms = 10000
	ssl.cipher.suites = null
	ssl.enabled.protocols = [TLSv1.2, TLSv1.1, TLSv1]
	ssl.endpoint.identification.algorithm = https
	ssl.key.password = null
	ssl.keymanager.algorithm = SunX509
	ssl.keystore.location = null
	ssl.keystore.password = null
	ssl.keystore.type = JKS
	ssl.protocol = TLS
	ssl.provider = null
	ssl.secure.random.implementation = null
	ssl.trustmanager.algorithm = PKIX
	ssl.truststore.location = null
	ssl.truststore.password = null
	ssl.truststore.type = JKS
	value.deserializer = class org.apache.kafka.common.serialization.StringDeserializer

2020-02-25 00:53:05,654 INFO [restartedMain] o.a.k.c.u.AppInfoParser [AppInfoParser.java:109] Kafka version : 2.0.1
2020-02-25 00:53:05,654 INFO [restartedMain] o.a.k.c.u.AppInfoParser [AppInfoParser.java:110] Kafka commitId : fa14705e51bd2ce5
2020-02-25 00:53:05,654 INFO [restartedMain] o.s.s.c.ThreadPoolTaskScheduler [ExecutorConfigurationSupport.java:171] Initializing ExecutorService
2020-02-25 00:53:05,655 INFO [restartedMain] o.a.k.c.c.ConsumerConfig [AbstractConfig.java:279] ConsumerConfig values: 
	auto.commit.interval.ms = 3000
	auto.offset.reset = latest
	bootstrap.servers = [localhost:9092]
	check.crcs = true
	client.id = 
	connections.max.idle.ms = 540000
	default.api.timeout.ms = 60000
	enable.auto.commit = true
	exclude.internal.topics = true
	fetch.max.bytes = 52428800
	fetch.max.wait.ms = 500
	fetch.min.bytes = 1
	group.id = test-consumer-group
	heartbeat.interval.ms = 3000
	interceptor.classes = []
	internal.leave.group.on.close = true
	isolation.level = read_uncommitted
	key.deserializer = class org.apache.kafka.common.serialization.StringDeserializer
	max.partition.fetch.bytes = 1048576
	max.poll.interval.ms = 300000
	max.poll.records = 500
	metadata.max.age.ms = 300000
	metric.reporters = []
	metrics.num.samples = 2
	metrics.recording.level = INFO
	metrics.sample.window.ms = 30000
	partition.assignment.strategy = [class org.apache.kafka.clients.consumer.RangeAssignor]
	receive.buffer.bytes = 65536
	reconnect.backoff.max.ms = 1000
	reconnect.backoff.ms = 50
	request.timeout.ms = 30000
	retry.backoff.ms = 100
	sasl.client.callback.handler.class = null
	sasl.jaas.config = null
	sasl.kerberos.kinit.cmd = /usr/bin/kinit
	sasl.kerberos.min.time.before.relogin = 60000
	sasl.kerberos.service.name = null
	sasl.kerberos.ticket.renew.jitter = 0.05
	sasl.kerberos.ticket.renew.window.factor = 0.8
	sasl.login.callback.handler.class = null
	sasl.login.class = null
	sasl.login.refresh.buffer.seconds = 300
	sasl.login.refresh.min.period.seconds = 60
	sasl.login.refresh.window.factor = 0.8
	sasl.login.refresh.window.jitter = 0.05
	sasl.mechanism = GSSAPI
	security.protocol = PLAINTEXT
	send.buffer.bytes = 131072
	session.timeout.ms = 10000
	ssl.cipher.suites = null
	ssl.enabled.protocols = [TLSv1.2, TLSv1.1, TLSv1]
	ssl.endpoint.identification.algorithm = https
	ssl.key.password = null
	ssl.keymanager.algorithm = SunX509
	ssl.keystore.location = null
	ssl.keystore.password = null
	ssl.keystore.type = JKS
	ssl.protocol = TLS
	ssl.provider = null
	ssl.secure.random.implementation = null
	ssl.trustmanager.algorithm = PKIX
	ssl.truststore.location = null
	ssl.truststore.password = null
	ssl.truststore.type = JKS
	value.deserializer = class org.apache.kafka.common.serialization.StringDeserializer

2020-02-25 00:53:05,658 INFO [org.springframework.kafka.KafkaListenerEndpointContainer#0-0-C-1] o.a.k.c.Metadata [Metadata.java:285] Cluster ID: D6YSnGEsRoy9Nd-OvTeo_g
2020-02-25 00:53:05,658 INFO [restartedMain] o.a.k.c.u.AppInfoParser [AppInfoParser.java:109] Kafka version : 2.0.1
2020-02-25 00:53:05,658 INFO [restartedMain] o.a.k.c.u.AppInfoParser [AppInfoParser.java:110] Kafka commitId : fa14705e51bd2ce5
2020-02-25 00:53:05,658 INFO [org.springframework.kafka.KafkaListenerEndpointContainer#0-0-C-1] o.a.k.c.c.i.AbstractCoordinator [AbstractCoordinator.java:677] [Consumer clientId=consumer-4, groupId=test-consumer-group] Discovered group coordinator localhost:9092 (id: 2147483647 rack: null)
2020-02-25 00:53:05,659 INFO [org.springframework.kafka.KafkaListenerEndpointContainer#0-0-C-1] o.a.k.c.c.i.ConsumerCoordinator [ConsumerCoordinator.java:472] [Consumer clientId=consumer-4, groupId=test-consumer-group] Revoking previously assigned partitions []
2020-02-25 00:53:05,659 INFO [org.springframework.kafka.KafkaListenerEndpointContainer#0-0-C-1] o.s.k.l.KafkaMessageListenerContainer [AbstractMessageListenerContainer.java:375] partitions revoked: []
2020-02-25 00:53:05,660 INFO [org.springframework.kafka.KafkaListenerEndpointContainer#0-0-C-1] o.a.k.c.c.i.AbstractCoordinator [AbstractCoordinator.java:509] [Consumer clientId=consumer-4, groupId=test-consumer-group] (Re-)joining group
2020-02-25 00:53:05,660 INFO [restartedMain] o.a.k.c.Metadata [Metadata.java:285] Cluster ID: D6YSnGEsRoy9Nd-OvTeo_g
2020-02-25 00:53:05,662 INFO [restartedMain] o.a.k.c.c.ConsumerConfig [AbstractConfig.java:279] ConsumerConfig values: 
	auto.commit.interval.ms = 3000
	auto.offset.reset = latest
	bootstrap.servers = [localhost:9092]
	check.crcs = true
	client.id = 
	connections.max.idle.ms = 540000
	default.api.timeout.ms = 60000
	enable.auto.commit = true
	exclude.internal.topics = true
	fetch.max.bytes = 52428800
	fetch.max.wait.ms = 500
	fetch.min.bytes = 1
	group.id = test-consumer-group
	heartbeat.interval.ms = 3000
	interceptor.classes = []
	internal.leave.group.on.close = true
	isolation.level = read_uncommitted
	key.deserializer = class org.apache.kafka.common.serialization.StringDeserializer
	max.partition.fetch.bytes = 1048576
	max.poll.interval.ms = 300000
	max.poll.records = 500
	metadata.max.age.ms = 300000
	metric.reporters = []
	metrics.num.samples = 2
	metrics.recording.level = INFO
	metrics.sample.window.ms = 30000
	partition.assignment.strategy = [class org.apache.kafka.clients.consumer.RangeAssignor]
	receive.buffer.bytes = 65536
	reconnect.backoff.max.ms = 1000
	reconnect.backoff.ms = 50
	request.timeout.ms = 30000
	retry.backoff.ms = 100
	sasl.client.callback.handler.class = null
	sasl.jaas.config = null
	sasl.kerberos.kinit.cmd = /usr/bin/kinit
	sasl.kerberos.min.time.before.relogin = 60000
	sasl.kerberos.service.name = null
	sasl.kerberos.ticket.renew.jitter = 0.05
	sasl.kerberos.ticket.renew.window.factor = 0.8
	sasl.login.callback.handler.class = null
	sasl.login.class = null
	sasl.login.refresh.buffer.seconds = 300
	sasl.login.refresh.min.period.seconds = 60
	sasl.login.refresh.window.factor = 0.8
	sasl.login.refresh.window.jitter = 0.05
	sasl.mechanism = GSSAPI
	security.protocol = PLAINTEXT
	send.buffer.bytes = 131072
	session.timeout.ms = 10000
	ssl.cipher.suites = null
	ssl.enabled.protocols = [TLSv1.2, TLSv1.1, TLSv1]
	ssl.endpoint.identification.algorithm = https
	ssl.key.password = null
	ssl.keymanager.algorithm = SunX509
	ssl.keystore.location = null
	ssl.keystore.password = null
	ssl.keystore.type = JKS
	ssl.protocol = TLS
	ssl.provider = null
	ssl.secure.random.implementation = null
	ssl.trustmanager.algorithm = PKIX
	ssl.truststore.location = null
	ssl.truststore.password = null
	ssl.truststore.type = JKS
	value.deserializer = class org.apache.kafka.common.serialization.StringDeserializer

2020-02-25 00:53:05,664 INFO [restartedMain] o.a.k.c.u.AppInfoParser [AppInfoParser.java:109] Kafka version : 2.0.1
2020-02-25 00:53:05,665 INFO [restartedMain] o.a.k.c.u.AppInfoParser [AppInfoParser.java:110] Kafka commitId : fa14705e51bd2ce5
2020-02-25 00:53:05,665 INFO [restartedMain] o.s.s.c.ThreadPoolTaskScheduler [ExecutorConfigurationSupport.java:171] Initializing ExecutorService
2020-02-25 00:53:05,666 INFO [restartedMain] o.s.s.q.SchedulerFactoryBean [SchedulerFactoryBean.java:726] Starting Quartz Scheduler now
2020-02-25 00:53:05,667 INFO [org.springframework.kafka.KafkaListenerEndpointContainer#2-0-C-1] o.a.k.c.c.i.AbstractCoordinator [AbstractCoordinator.java:473] [Consumer clientId=consumer-2, groupId=test-consumer-group] Successfully joined group with generation 296
2020-02-25 00:53:05,670 INFO [org.springframework.kafka.KafkaListenerEndpointContainer#1-0-C-1] o.a.k.c.Metadata [Metadata.java:285] Cluster ID: D6YSnGEsRoy9Nd-OvTeo_g
2020-02-25 00:53:05,671 INFO [org.springframework.kafka.KafkaListenerEndpointContainer#2-0-C-1] o.a.k.c.c.i.ConsumerCoordinator [ConsumerCoordinator.java:280] [Consumer clientId=consumer-2, groupId=test-consumer-group] Setting newly assigned partitions [comment-0, like-0, follow-0]
2020-02-25 00:53:05,672 INFO [org.springframework.kafka.KafkaListenerEndpointContainer#1-0-C-1] o.a.k.c.c.i.AbstractCoordinator [AbstractCoordinator.java:677] [Consumer clientId=consumer-6, groupId=test-consumer-group] Discovered group coordinator localhost:9092 (id: 2147483647 rack: null)
2020-02-25 00:53:05,673 INFO [org.springframework.kafka.KafkaListenerEndpointContainer#1-0-C-1] o.a.k.c.c.i.ConsumerCoordinator [ConsumerCoordinator.java:472] [Consumer clientId=consumer-6, groupId=test-consumer-group] Revoking previously assigned partitions []
2020-02-25 00:53:05,674 INFO [org.springframework.kafka.KafkaListenerEndpointContainer#1-0-C-1] o.s.k.l.KafkaMessageListenerContainer [AbstractMessageListenerContainer.java:375] partitions revoked: []
2020-02-25 00:53:05,674 INFO [org.springframework.kafka.KafkaListenerEndpointContainer#1-0-C-1] o.a.k.c.c.i.AbstractCoordinator [AbstractCoordinator.java:509] [Consumer clientId=consumer-6, groupId=test-consumer-group] (Re-)joining group
2020-02-25 00:53:05,677 INFO [restartedMain] o.s.s.q.LocalDataSourceJobStore [JobStoreSupport.java:3644] ClusterManager: detected 1 failed or restarted instances.
2020-02-25 00:53:05,677 INFO [restartedMain] o.s.s.q.LocalDataSourceJobStore [JobStoreSupport.java:3503] ClusterManager: Scanning for instance "Summer1582469047270"'s failed in-progress jobs.
2020-02-25 00:53:05,677 INFO [org.springframework.kafka.KafkaListenerEndpointContainer#2-0-C-1] o.s.k.l.KafkaMessageListenerContainer [AbstractMessageListenerContainer.java:380] partitions assigned: [comment-0, like-0, follow-0]
2020-02-25 00:53:05,688 INFO [restartedMain] o.q.c.QuartzScheduler [QuartzScheduler.java:547] Scheduler communityScheduler_$_Summer1582563184960 started.
2020-02-25 00:53:05,693 INFO [QuartzScheduler_communityScheduler-Summer1582563184960_MisfireHandler] o.s.s.q.LocalDataSourceJobStore [JobStoreSupport.java:973] Handling 2 trigger(s) that missed their scheduled fire-time.
2020-02-25 00:53:05,704 INFO [restartedMain] o.a.c.h.Http11NioProtocol [DirectJDKLog.java:173] Starting ProtocolHandler ["http-nio-9090"]
2020-02-25 00:53:05,726 INFO [restartedMain] o.s.b.w.e.t.TomcatWebServer [TomcatWebServer.java:204] Tomcat started on port(s): 9090 (http) with context path '/community'
2020-02-25 00:53:05,731 INFO [restartedMain] c.n.c.CommunityApplication [StartupInfoLogger.java:59] Started CommunityApplication in 5.976 seconds (JVM running for 7.873)
2020-02-25 00:53:08,229 INFO [http-nio-9090-exec-1] o.a.c.c.C.[.[.[/community] [DirectJDKLog.java:173] Initializing Spring DispatcherServlet 'dispatcherServlet'
2020-02-25 00:53:08,230 INFO [http-nio-9090-exec-1] o.s.w.s.DispatcherServlet [FrameworkServlet.java:524] Initializing Servlet 'dispatcherServlet'
2020-02-25 00:53:08,244 INFO [http-nio-9090-exec-1] o.s.w.s.DispatcherServlet [FrameworkServlet.java:546] Completed initialization in 14 ms
2020-02-25 00:53:08,303 INFO [http-nio-9090-exec-1] c.n.c.a.ServiceLogAspect [ServiceLogAspect.java:39] 用户[0:0:0:0:0:0:0:1],在[2020-02-25 00:53:08],访问了[com.nowcoder.community.service.DataService.recordUV].
2020-02-25 00:53:08,416 INFO [http-nio-9090-exec-1] i.l.c.EpollProvider [Netty4InternalESLogger.java:104] Starting without optional epoll library
2020-02-25 00:53:08,418 INFO [http-nio-9090-exec-1] i.l.c.KqueueProvider [Netty4InternalESLogger.java:104] Starting without optional kqueue library
2020-02-25 00:53:08,498 INFO [http-nio-9090-exec-1] c.n.c.a.ServiceLogAspect [ServiceLogAspect.java:39] 用户[0:0:0:0:0:0:0:1],在[2020-02-25 00:53:08],访问了[com.nowcoder.community.service.DiscussPostService.findDiscussPostRows].
2020-02-25 00:53:08,567 INFO [http-nio-9090-exec-1] c.n.c.a.ServiceLogAspect [ServiceLogAspect.java:39] 用户[0:0:0:0:0:0:0:1],在[2020-02-25 00:53:08],访问了[com.nowcoder.community.service.DiscussPostService.findDiscussPosts].
2020-02-25 00:53:08,578 INFO [http-nio-9090-exec-1] c.n.c.a.ServiceLogAspect [ServiceLogAspect.java:39] 用户[0:0:0:0:0:0:0:1],在[2020-02-25 00:53:08],访问了[com.nowcoder.community.service.UserService.findUserById].
2020-02-25 00:53:08,674 INFO [http-nio-9090-exec-1] c.n.c.a.ServiceLogAspect [ServiceLogAspect.java:39] 用户[0:0:0:0:0:0:0:1],在[2020-02-25 00:53:08],访问了[com.nowcoder.community.service.LikeService.findEntityLikeCount].
2020-02-25 00:53:08,677 INFO [org.springframework.kafka.KafkaListenerEndpointContainer#2-0-C-1] o.a.k.c.c.i.AbstractCoordinator [AbstractCoordinator.java:855] [Consumer clientId=consumer-2, groupId=test-consumer-group] Attempt to heartbeat failed since group is rebalancing
2020-02-25 00:53:08,682 INFO [org.springframework.kafka.KafkaListenerEndpointContainer#2-0-C-1] o.a.k.c.c.i.ConsumerCoordinator [ConsumerCoordinator.java:472] [Consumer clientId=consumer-2, groupId=test-consumer-group] Revoking previously assigned partitions [comment-0, like-0, follow-0]
2020-02-25 00:53:08,682 INFO [org.springframework.kafka.KafkaListenerEndpointContainer#2-0-C-1] o.s.k.l.KafkaMessageListenerContainer [AbstractMessageListenerContainer.java:375] partitions revoked: [comment-0, like-0, follow-0]
2020-02-25 00:53:08,683 INFO [org.springframework.kafka.KafkaListenerEndpointContainer#2-0-C-1] o.a.k.c.c.i.AbstractCoordinator [AbstractCoordinator.java:509] [Consumer clientId=consumer-2, groupId=test-consumer-group] (Re-)joining group
2020-02-25 00:53:08,684 INFO [http-nio-9090-exec-1] c.n.c.a.ServiceLogAspect [ServiceLogAspect.java:39] 用户[0:0:0:0:0:0:0:1],在[2020-02-25 00:53:08],访问了[com.nowcoder.community.service.UserService.findUserById].
2020-02-25 00:53:08,724 INFO [http-nio-9090-exec-1] c.n.c.a.ServiceLogAspect [ServiceLogAspect.java:39] 用户[0:0:0:0:0:0:0:1],在[2020-02-25 00:53:08],访问了[com.nowcoder.community.service.LikeService.findEntityLikeCount].
2020-02-25 00:53:08,726 INFO [http-nio-9090-exec-1] c.n.c.a.ServiceLogAspect [ServiceLogAspect.java:39] 用户[0:0:0:0:0:0:0:1],在[2020-02-25 00:53:08],访问了[com.nowcoder.community.service.UserService.findUserById].
2020-02-25 00:53:08,734 INFO [org.springframework.kafka.KafkaListenerEndpointContainer#2-0-C-1] o.a.k.c.c.i.AbstractCoordinator [AbstractCoordinator.java:473] [Consumer clientId=consumer-2, groupId=test-consumer-group] Successfully joined group with generation 297
2020-02-25 00:53:08,734 INFO [org.springframework.kafka.KafkaListenerEndpointContainer#1-0-C-1] o.a.k.c.c.i.AbstractCoordinator [AbstractCoordinator.java:473] [Consumer clientId=consumer-6, groupId=test-consumer-group] Successfully joined group with generation 297
2020-02-25 00:53:08,734 INFO [org.springframework.kafka.KafkaListenerEndpointContainer#0-0-C-1] o.a.k.c.c.i.AbstractCoordinator [AbstractCoordinator.java:473] [Consumer clientId=consumer-4, groupId=test-consumer-group] Successfully joined group with generation 297
2020-02-25 00:53:08,736 INFO [org.springframework.kafka.KafkaListenerEndpointContainer#0-0-C-1] o.a.k.c.c.i.ConsumerCoordinator [ConsumerCoordinator.java:280] [Consumer clientId=consumer-4, groupId=test-consumer-group] Setting newly assigned partitions [publish-0]
2020-02-25 00:53:08,736 INFO [org.springframework.kafka.KafkaListenerEndpointContainer#2-0-C-1] o.a.k.c.c.i.ConsumerCoordinator [ConsumerCoordinator.java:280] [Consumer clientId=consumer-2, groupId=test-consumer-group] Setting newly assigned partitions [comment-0, like-0, follow-0]
2020-02-25 00:53:08,736 INFO [org.springframework.kafka.KafkaListenerEndpointContainer#1-0-C-1] o.a.k.c.c.i.ConsumerCoordinator [ConsumerCoordinator.java:280] [Consumer clientId=consumer-6, groupId=test-consumer-group] Setting newly assigned partitions [delete-0]
2020-02-25 00:53:08,738 INFO [org.springframework.kafka.KafkaListenerEndpointContainer#2-0-C-1] o.s.k.l.KafkaMessageListenerContainer [AbstractMessageListenerContainer.java:380] partitions assigned: [comment-0, like-0, follow-0]
2020-02-25 00:53:08,738 INFO [org.springframework.kafka.KafkaListenerEndpointContainer#0-0-C-1] o.s.k.l.KafkaMessageListenerContainer [AbstractMessageListenerContainer.java:380] partitions assigned: [publish-0]
2020-02-25 00:53:08,738 INFO [org.springframework.kafka.KafkaListenerEndpointContainer#1-0-C-1] o.s.k.l.KafkaMessageListenerContainer [AbstractMessageListenerContainer.java:380] partitions assigned: [delete-0]
2020-02-25 00:53:08,742 INFO [http-nio-9090-exec-1] c.n.c.a.ServiceLogAspect [ServiceLogAspect.java:39] 用户[0:0:0:0:0:0:0:1],在[2020-02-25 00:53:08],访问了[com.nowcoder.community.service.LikeService.findEntityLikeCount].
2020-02-25 00:53:08,745 INFO [http-nio-9090-exec-1] c.n.c.a.ServiceLogAspect [ServiceLogAspect.java:39] 用户[0:0:0:0:0:0:0:1],在[2020-02-25 00:53:08],访问了[com.nowcoder.community.service.UserService.findUserById].
2020-02-25 00:53:08,759 INFO [http-nio-9090-exec-1] c.n.c.a.ServiceLogAspect [ServiceLogAspect.java:39] 用户[0:0:0:0:0:0:0:1],在[2020-02-25 00:53:08],访问了[com.nowcoder.community.service.LikeService.findEntityLikeCount].
2020-02-25 00:53:08,761 INFO [http-nio-9090-exec-1] c.n.c.a.ServiceLogAspect [ServiceLogAspect.java:39] 用户[0:0:0:0:0:0:0:1],在[2020-02-25 00:53:08],访问了[com.nowcoder.community.service.UserService.findUserById].
2020-02-25 00:53:08,763 INFO [http-nio-9090-exec-1] c.n.c.a.ServiceLogAspect [ServiceLogAspect.java:39] 用户[0:0:0:0:0:0:0:1],在[2020-02-25 00:53:08],访问了[com.nowcoder.community.service.LikeService.findEntityLikeCount].
2020-02-25 00:53:08,764 INFO [http-nio-9090-exec-1] c.n.c.a.ServiceLogAspect [ServiceLogAspect.java:39] 用户[0:0:0:0:0:0:0:1],在[2020-02-25 00:53:08],访问了[com.nowcoder.community.service.UserService.findUserById].
2020-02-25 00:53:08,778 INFO [http-nio-9090-exec-1] c.n.c.a.ServiceLogAspect [ServiceLogAspect.java:39] 用户[0:0:0:0:0:0:0:1],在[2020-02-25 00:53:08],访问了[com.nowcoder.community.service.LikeService.findEntityLikeCount].
2020-02-25 00:53:08,781 INFO [http-nio-9090-exec-1] c.n.c.a.ServiceLogAspect [ServiceLogAspect.java:39] 用户[0:0:0:0:0:0:0:1],在[2020-02-25 00:53:08],访问了[com.nowcoder.community.service.UserService.findUserById].
2020-02-25 00:53:08,787 INFO [http-nio-9090-exec-1] c.n.c.a.ServiceLogAspect [ServiceLogAspect.java:39] 用户[0:0:0:0:0:0:0:1],在[2020-02-25 00:53:08],访问了[com.nowcoder.community.service.LikeService.findEntityLikeCount].
2020-02-25 00:53:08,789 INFO [http-nio-9090-exec-1] c.n.c.a.ServiceLogAspect [ServiceLogAspect.java:39] 用户[0:0:0:0:0:0:0:1],在[2020-02-25 00:53:08],访问了[com.nowcoder.community.service.UserService.findUserById].
2020-02-25 00:53:08,801 INFO [http-nio-9090-exec-1] c.n.c.a.ServiceLogAspect [ServiceLogAspect.java:39] 用户[0:0:0:0:0:0:0:1],在[2020-02-25 00:53:08],访问了[com.nowcoder.community.service.LikeService.findEntityLikeCount].
2020-02-25 00:53:08,803 INFO [http-nio-9090-exec-1] c.n.c.a.ServiceLogAspect [ServiceLogAspect.java:39] 用户[0:0:0:0:0:0:0:1],在[2020-02-25 00:53:08],访问了[com.nowcoder.community.service.UserService.findUserById].
2020-02-25 00:53:08,806 INFO [http-nio-9090-exec-1] c.n.c.a.ServiceLogAspect [ServiceLogAspect.java:39] 用户[0:0:0:0:0:0:0:1],在[2020-02-25 00:53:08],访问了[com.nowcoder.community.service.LikeService.findEntityLikeCount].
2020-02-25 00:53:08,807 INFO [http-nio-9090-exec-1] c.n.c.a.ServiceLogAspect [ServiceLogAspect.java:39] 用户[0:0:0:0:0:0:0:1],在[2020-02-25 00:53:08],访问了[com.nowcoder.community.service.UserService.findUserById].
2020-02-25 00:53:08,819 INFO [http-nio-9090-exec-1] c.n.c.a.ServiceLogAspect [ServiceLogAspect.java:39] 用户[0:0:0:0:0:0:0:1],在[2020-02-25 00:53:08],访问了[com.nowcoder.community.service.LikeService.findEntityLikeCount].
2020-02-25 00:53:11,750 INFO [http-nio-9090-exec-6] c.n.c.a.ServiceLogAspect [ServiceLogAspect.java:39] 用户[0:0:0:0:0:0:0:1],在[2020-02-25 00:53:11],访问了[com.nowcoder.community.service.DataService.recordUV].
2020-02-25 00:53:11,804 INFO [http-nio-9090-exec-10] c.n.c.a.ServiceLogAspect [ServiceLogAspect.java:39] 用户[0:0:0:0:0:0:0:1],在[2020-02-25 00:53:11],访问了[com.nowcoder.community.service.DataService.recordUV].
2020-02-25 00:53:18,085 INFO [http-nio-9090-exec-1] c.n.c.a.ServiceLogAspect [ServiceLogAspect.java:39] 用户[0:0:0:0:0:0:0:1],在[2020-02-25 00:53:18],访问了[com.nowcoder.community.service.DataService.recordUV].
2020-02-25 00:53:18,100 INFO [http-nio-9090-exec-1] c.n.c.a.ServiceLogAspect [ServiceLogAspect.java:39] 用户[0:0:0:0:0:0:0:1],在[2020-02-25 00:53:18],访问了[com.nowcoder.community.service.UserService.login].
2020-02-25 00:53:18,116 INFO [http-nio-9090-exec-5] c.n.c.a.ServiceLogAspect [ServiceLogAspect.java:39] 用户[0:0:0:0:0:0:0:1],在[2020-02-25 00:53:18],访问了[com.nowcoder.community.service.UserService.findLoginTicket].
2020-02-25 00:53:18,119 INFO [http-nio-9090-exec-5] c.n.c.a.ServiceLogAspect [ServiceLogAspect.java:39] 用户[0:0:0:0:0:0:0:1],在[2020-02-25 00:53:18],访问了[com.nowcoder.community.service.UserService.findUserById].
2020-02-25 00:53:18,121 INFO [http-nio-9090-exec-5] c.n.c.a.ServiceLogAspect [ServiceLogAspect.java:39] 用户[0:0:0:0:0:0:0:1],在[2020-02-25 00:53:18],访问了[com.nowcoder.community.service.UserService.getAuthorities].
2020-02-25 00:53:18,124 INFO [http-nio-9090-exec-5] c.n.c.a.ServiceLogAspect [ServiceLogAspect.java:39] 用户[0:0:0:0:0:0:0:1],在[2020-02-25 00:53:18],访问了[com.nowcoder.community.service.DataService.recordUV].
2020-02-25 00:53:18,125 INFO [http-nio-9090-exec-5] c.n.c.a.ServiceLogAspect [ServiceLogAspect.java:39] 用户[0:0:0:0:0:0:0:1],在[2020-02-25 00:53:18],访问了[com.nowcoder.community.service.DataService.recordDAU].
2020-02-25 00:53:18,127 INFO [http-nio-9090-exec-5] c.n.c.a.ServiceLogAspect [ServiceLogAspect.java:39] 用户[0:0:0:0:0:0:0:1],在[2020-02-25 00:53:18],访问了[com.nowcoder.community.service.DiscussPostService.findDiscussPostRows].
2020-02-25 00:53:18,128 INFO [http-nio-9090-exec-5] c.n.c.a.ServiceLogAspect [ServiceLogAspect.java:39] 用户[0:0:0:0:0:0:0:1],在[2020-02-25 00:53:18],访问了[com.nowcoder.community.service.DiscussPostService.findDiscussPosts].
2020-02-25 00:53:18,135 INFO [http-nio-9090-exec-5] c.n.c.a.ServiceLogAspect [ServiceLogAspect.java:39] 用户[0:0:0:0:0:0:0:1],在[2020-02-25 00:53:18],访问了[com.nowcoder.community.service.UserService.findUserById].
2020-02-25 00:53:18,137 INFO [http-nio-9090-exec-5] c.n.c.a.ServiceLogAspect [ServiceLogAspect.java:39] 用户[0:0:0:0:0:0:0:1],在[2020-02-25 00:53:18],访问了[com.nowcoder.community.service.LikeService.findEntityLikeCount].
2020-02-25 00:53:18,138 INFO [http-nio-9090-exec-5] c.n.c.a.ServiceLogAspect [ServiceLogAspect.java:39] 用户[0:0:0:0:0:0:0:1],在[2020-02-25 00:53:18],访问了[com.nowcoder.community.service.UserService.findUserById].
2020-02-25 00:53:18,139 INFO [http-nio-9090-exec-5] c.n.c.a.ServiceLogAspect [ServiceLogAspect.java:39] 用户[0:0:0:0:0:0:0:1],在[2020-02-25 00:53:18],访问了[com.nowcoder.community.service.LikeService.findEntityLikeCount].
2020-02-25 00:53:18,140 INFO [http-nio-9090-exec-5] c.n.c.a.ServiceLogAspect [ServiceLogAspect.java:39] 用户[0:0:0:0:0:0:0:1],在[2020-02-25 00:53:18],访问了[com.nowcoder.community.service.UserService.findUserById].
2020-02-25 00:53:18,142 INFO [http-nio-9090-exec-5] c.n.c.a.ServiceLogAspect [ServiceLogAspect.java:39] 用户[0:0:0:0:0:0:0:1],在[2020-02-25 00:53:18],访问了[com.nowcoder.community.service.LikeService.findEntityLikeCount].
2020-02-25 00:53:18,143 INFO [http-nio-9090-exec-5] c.n.c.a.ServiceLogAspect [ServiceLogAspect.java:39] 用户[0:0:0:0:0:0:0:1],在[2020-02-25 00:53:18],访问了[com.nowcoder.community.service.UserService.findUserById].
2020-02-25 00:53:18,144 INFO [http-nio-9090-exec-5] c.n.c.a.ServiceLogAspect [ServiceLogAspect.java:39] 用户[0:0:0:0:0:0:0:1],在[2020-02-25 00:53:18],访问了[com.nowcoder.community.service.LikeService.findEntityLikeCount].
2020-02-25 00:53:18,145 INFO [http-nio-9090-exec-5] c.n.c.a.ServiceLogAspect [ServiceLogAspect.java:39] 用户[0:0:0:0:0:0:0:1],在[2020-02-25 00:53:18],访问了[com.nowcoder.community.service.UserService.findUserById].
2020-02-25 00:53:18,146 INFO [http-nio-9090-exec-5] c.n.c.a.ServiceLogAspect [ServiceLogAspect.java:39] 用户[0:0:0:0:0:0:0:1],在[2020-02-25 00:53:18],访问了[com.nowcoder.community.service.LikeService.findEntityLikeCount].
2020-02-25 00:53:18,147 INFO [http-nio-9090-exec-5] c.n.c.a.ServiceLogAspect [ServiceLogAspect.java:39] 用户[0:0:0:0:0:0:0:1],在[2020-02-25 00:53:18],访问了[com.nowcoder.community.service.UserService.findUserById].
2020-02-25 00:53:18,149 INFO [http-nio-9090-exec-5] c.n.c.a.ServiceLogAspect [ServiceLogAspect.java:39] 用户[0:0:0:0:0:0:0:1],在[2020-02-25 00:53:18],访问了[com.nowcoder.community.service.LikeService.findEntityLikeCount].
2020-02-25 00:53:18,150 INFO [http-nio-9090-exec-5] c.n.c.a.ServiceLogAspect [ServiceLogAspect.java:39] 用户[0:0:0:0:0:0:0:1],在[2020-02-25 00:53:18],访问了[com.nowcoder.community.service.UserService.findUserById].
2020-02-25 00:53:18,151 INFO [http-nio-9090-exec-5] c.n.c.a.ServiceLogAspect [ServiceLogAspect.java:39] 用户[0:0:0:0:0:0:0:1],在[2020-02-25 00:53:18],访问了[com.nowcoder.community.service.LikeService.findEntityLikeCount].
2020-02-25 00:53:18,152 INFO [http-nio-9090-exec-5] c.n.c.a.ServiceLogAspect [ServiceLogAspect.java:39] 用户[0:0:0:0:0:0:0:1],在[2020-02-25 00:53:18],访问了[com.nowcoder.community.service.UserService.findUserById].
2020-02-25 00:53:18,154 INFO [http-nio-9090-exec-5] c.n.c.a.ServiceLogAspect [ServiceLogAspect.java:39] 用户[0:0:0:0:0:0:0:1],在[2020-02-25 00:53:18],访问了[com.nowcoder.community.service.LikeService.findEntityLikeCount].
2020-02-25 00:53:18,155 INFO [http-nio-9090-exec-5] c.n.c.a.ServiceLogAspect [ServiceLogAspect.java:39] 用户[0:0:0:0:0:0:0:1],在[2020-02-25 00:53:18],访问了[com.nowcoder.community.service.UserService.findUserById].
2020-02-25 00:53:18,156 INFO [http-nio-9090-exec-5] c.n.c.a.ServiceLogAspect [ServiceLogAspect.java:39] 用户[0:0:0:0:0:0:0:1],在[2020-02-25 00:53:18],访问了[com.nowcoder.community.service.LikeService.findEntityLikeCount].
2020-02-25 00:53:18,157 INFO [http-nio-9090-exec-5] c.n.c.a.ServiceLogAspect [ServiceLogAspect.java:39] 用户[0:0:0:0:0:0:0:1],在[2020-02-25 00:53:18],访问了[com.nowcoder.community.service.UserService.findUserById].
2020-02-25 00:53:18,157 INFO [http-nio-9090-exec-5] c.n.c.a.ServiceLogAspect [ServiceLogAspect.java:39] 用户[0:0:0:0:0:0:0:1],在[2020-02-25 00:53:18],访问了[com.nowcoder.community.service.LikeService.findEntityLikeCount].
2020-02-25 00:53:18,158 INFO [http-nio-9090-exec-5] c.n.c.a.ServiceLogAspect [ServiceLogAspect.java:39] 用户[0:0:0:0:0:0:0:1],在[2020-02-25 00:53:18],访问了[com.nowcoder.community.service.MessageService.findLetterUnreadCount].
2020-02-25 00:53:18,165 INFO [http-nio-9090-exec-5] c.n.c.a.ServiceLogAspect [ServiceLogAspect.java:39] 用户[0:0:0:0:0:0:0:1],在[2020-02-25 00:53:18],访问了[com.nowcoder.community.service.MessageService.findNoticeUnreadCount].
2020-02-25 00:53:20,207 INFO [http-nio-9090-exec-7] c.n.c.a.ServiceLogAspect [ServiceLogAspect.java:39] 用户[0:0:0:0:0:0:0:1],在[2020-02-25 00:53:20],访问了[com.nowcoder.community.service.UserService.findLoginTicket].
2020-02-25 00:53:20,209 INFO [http-nio-9090-exec-7] c.n.c.a.ServiceLogAspect [ServiceLogAspect.java:39] 用户[0:0:0:0:0:0:0:1],在[2020-02-25 00:53:20],访问了[com.nowcoder.community.service.UserService.findUserById].
2020-02-25 00:53:20,210 INFO [http-nio-9090-exec-7] c.n.c.a.ServiceLogAspect [ServiceLogAspect.java:39] 用户[0:0:0:0:0:0:0:1],在[2020-02-25 00:53:20],访问了[com.nowcoder.community.service.UserService.getAuthorities].
2020-02-25 00:53:20,211 INFO [http-nio-9090-exec-7] c.n.c.a.ServiceLogAspect [ServiceLogAspect.java:39] 用户[0:0:0:0:0:0:0:1],在[2020-02-25 00:53:20],访问了[com.nowcoder.community.service.DataService.recordUV].
2020-02-25 00:53:20,212 INFO [http-nio-9090-exec-7] c.n.c.a.ServiceLogAspect [ServiceLogAspect.java:39] 用户[0:0:0:0:0:0:0:1],在[2020-02-25 00:53:20],访问了[com.nowcoder.community.service.DataService.recordDAU].
2020-02-25 00:53:20,214 INFO [http-nio-9090-exec-7] c.n.c.a.ServiceLogAspect [ServiceLogAspect.java:39] 用户[0:0:0:0:0:0:0:1],在[2020-02-25 00:53:20],访问了[com.nowcoder.community.service.UserService.findUserById].
2020-02-25 00:53:20,215 INFO [http-nio-9090-exec-7] c.n.c.a.ServiceLogAspect [ServiceLogAspect.java:39] 用户[0:0:0:0:0:0:0:1],在[2020-02-25 00:53:20],访问了[com.nowcoder.community.service.LikeService.findUserLikeCount].
2020-02-25 00:53:20,216 INFO [http-nio-9090-exec-7] c.n.c.a.ServiceLogAspect [ServiceLogAspect.java:39] 用户[0:0:0:0:0:0:0:1],在[2020-02-25 00:53:20],访问了[com.nowcoder.community.service.FollowService.findFolloweeCount].
2020-02-25 00:53:20,222 INFO [http-nio-9090-exec-7] c.n.c.a.ServiceLogAspect [ServiceLogAspect.java:39] 用户[0:0:0:0:0:0:0:1],在[2020-02-25 00:53:20],访问了[com.nowcoder.community.service.FollowService.findFollowerCount].
2020-02-25 00:53:20,223 INFO [http-nio-9090-exec-7] c.n.c.a.ServiceLogAspect [ServiceLogAspect.java:39] 用户[0:0:0:0:0:0:0:1],在[2020-02-25 00:53:20],访问了[com.nowcoder.community.service.FollowService.hasFollowed].
2020-02-25 00:53:20,226 INFO [http-nio-9090-exec-7] c.n.c.a.ServiceLogAspect [ServiceLogAspect.java:39] 用户[0:0:0:0:0:0:0:1],在[2020-02-25 00:53:20],访问了[com.nowcoder.community.service.MessageService.findLetterUnreadCount].
2020-02-25 00:53:20,229 INFO [http-nio-9090-exec-7] c.n.c.a.ServiceLogAspect [ServiceLogAspect.java:39] 用户[0:0:0:0:0:0:0:1],在[2020-02-25 00:53:20],访问了[com.nowcoder.community.service.MessageService.findNoticeUnreadCount].
2020-02-25 00:53:23,278 INFO [communityScheduler_Worker-2] c.n.c.q.PostScoreRefreshJob [PostScoreRefreshJob.java:58] [任务取消] 没有需要刷新的帖子!
2020-02-25 00:53:28,077 INFO [Thread-10] o.q.c.QuartzScheduler [QuartzScheduler.java:585] Scheduler communityScheduler_$_Summer1582563184960 paused.
2020-02-25 00:53:28,084 INFO [org.springframework.kafka.KafkaListenerEndpointContainer#1-0-C-1] o.s.s.c.ThreadPoolTaskScheduler [ExecutorConfigurationSupport.java:208] Shutting down ExecutorService
2020-02-25 00:53:28,084 INFO [org.springframework.kafka.KafkaListenerEndpointContainer#2-0-C-1] o.s.s.c.ThreadPoolTaskScheduler [ExecutorConfigurationSupport.java:208] Shutting down ExecutorService
2020-02-25 00:53:28,084 INFO [org.springframework.kafka.KafkaListenerEndpointContainer#0-0-C-1] o.s.s.c.ThreadPoolTaskScheduler [ExecutorConfigurationSupport.java:208] Shutting down ExecutorService
2020-02-25 00:53:28,088 INFO [org.springframework.kafka.KafkaListenerEndpointContainer#0-0-C-1] o.s.k.l.KafkaMessageListenerContainer$ListenerConsumer [KafkaMessageListenerContainer.java:840] Consumer stopped
2020-02-25 00:53:28,088 INFO [org.springframework.kafka.KafkaListenerEndpointContainer#1-0-C-1] o.s.k.l.KafkaMessageListenerContainer$ListenerConsumer [KafkaMessageListenerContainer.java:840] Consumer stopped
2020-02-25 00:53:28,088 INFO [org.springframework.kafka.KafkaListenerEndpointContainer#2-0-C-1] o.s.k.l.KafkaMessageListenerContainer$ListenerConsumer [KafkaMessageListenerContainer.java:840] Consumer stopped
2020-02-25 00:53:28,094 INFO [Thread-10] o.s.s.q.SchedulerFactoryBean [SchedulerFactoryBean.java:844] Shutting down Quartz Scheduler
2020-02-25 00:53:28,094 INFO [Thread-10] o.q.c.QuartzScheduler [QuartzScheduler.java:666] Scheduler communityScheduler_$_Summer1582563184960 shutting down.
2020-02-25 00:53:28,094 INFO [Thread-10] o.q.c.QuartzScheduler [QuartzScheduler.java:585] Scheduler communityScheduler_$_Summer1582563184960 paused.
2020-02-25 00:53:28,096 INFO [Thread-10] o.q.c.QuartzScheduler [QuartzScheduler.java:740] Scheduler communityScheduler_$_Summer1582563184960 shutdown complete.
2020-02-25 00:53:28,098 INFO [Thread-10] o.s.s.c.ThreadPoolTaskExecutor [ExecutorConfigurationSupport.java:208] Shutting down ExecutorService 'applicationTaskExecutor'
2020-02-25 00:53:29,242 INFO [Thread-10] c.z.h.HikariDataSource [HikariDataSource.java:350] HikariPool-1 - Shutdown initiated...
2020-02-25 00:53:29,249 INFO [Thread-10] c.z.h.HikariDataSource [HikariDataSource.java:352] HikariPool-1 - Shutdown completed.
