2020-02-23 18:36:35,854 ERROR [restartedMain] o.a.c.s.StandardManager [DirectJDKLog.java:175] Exception loading sessions from persistent storage
java.io.StreamCorruptedException: invalid type code: 00
	at java.base/java.io.ObjectInputStream.readObject0(ObjectInputStream.java:1622)
	at java.base/java.io.ObjectInputStream.defaultReadFields(ObjectInputStream.java:2355)
	at java.base/java.io.ObjectInputStream.defaultReadObject(ObjectInputStream.java:566)
	at java.base/java.lang.Throwable.readObject(Throwable.java:896)
	at java.base/jdk.internal.reflect.NativeMethodAccessorImpl.invoke0(Native Method)
	at java.base/jdk.internal.reflect.NativeMethodAccessorImpl.invoke(NativeMethodAccessorImpl.java:62)
	at java.base/jdk.internal.reflect.DelegatingMethodAccessorImpl.invoke(DelegatingMethodAccessorImpl.java:43)
	at java.base/java.lang.reflect.Method.invoke(Method.java:566)
	at java.base/java.io.ObjectStreamClass.invokeReadObject(ObjectStreamClass.java:1160)
	at java.base/java.io.ObjectInputStream.readSerialData(ObjectInputStream.java:2216)
	at java.base/java.io.ObjectInputStream.readOrdinaryObject(ObjectInputStream.java:2087)
	at java.base/java.io.ObjectInputStream.readObject0(ObjectInputStream.java:1594)
	at java.base/java.io.ObjectInputStream.readObject(ObjectInputStream.java:430)
	at org.apache.catalina.session.StandardSession.doReadObject(StandardSession.java:1554)
	at org.apache.catalina.session.StandardSession.readObjectData(StandardSession.java:1048)
	at org.apache.catalina.session.StandardManager.doLoad(StandardManager.java:218)
	at org.apache.catalina.session.StandardManager.load(StandardManager.java:162)
	at org.apache.catalina.session.StandardManager.startInternal(StandardManager.java:354)
	at org.apache.catalina.util.LifecycleBase.start(LifecycleBase.java:183)
	at org.apache.catalina.core.StandardContext.startInternal(StandardContext.java:5167)
	at org.apache.catalina.util.LifecycleBase.start(LifecycleBase.java:183)
	at org.apache.catalina.core.ContainerBase$StartChild.call(ContainerBase.java:1377)
	at org.apache.catalina.core.ContainerBase$StartChild.call(ContainerBase.java:1367)
	at java.base/java.util.concurrent.FutureTask.run(FutureTask.java:264)
	at org.apache.tomcat.util.threads.InlineExecutorService.execute(InlineExecutorService.java:75)
	at java.base/java.util.concurrent.AbstractExecutorService.submit(AbstractExecutorService.java:140)
	at org.apache.catalina.core.ContainerBase.startInternal(ContainerBase.java:902)
	at org.apache.catalina.core.StandardHost.startInternal(StandardHost.java:831)
	at org.apache.catalina.util.LifecycleBase.start(LifecycleBase.java:183)
	at org.apache.catalina.core.ContainerBase$StartChild.call(ContainerBase.java:1377)
	at org.apache.catalina.core.ContainerBase$StartChild.call(ContainerBase.java:1367)
	at java.base/java.util.concurrent.FutureTask.run(FutureTask.java:264)
	at org.apache.tomcat.util.threads.InlineExecutorService.execute(InlineExecutorService.java:75)
	at java.base/java.util.concurrent.AbstractExecutorService.submit(AbstractExecutorService.java:140)
	at org.apache.catalina.core.ContainerBase.startInternal(ContainerBase.java:902)
	at org.apache.catalina.core.StandardEngine.startInternal(StandardEngine.java:262)
	at org.apache.catalina.util.LifecycleBase.start(LifecycleBase.java:183)
	at org.apache.catalina.core.StandardService.startInternal(StandardService.java:423)
	at org.apache.catalina.util.LifecycleBase.start(LifecycleBase.java:183)
	at org.apache.catalina.core.StandardServer.startInternal(StandardServer.java:932)
	at org.apache.catalina.util.LifecycleBase.start(LifecycleBase.java:183)
	at org.apache.catalina.startup.Tomcat.start(Tomcat.java:455)
	at org.springframework.boot.web.embedded.tomcat.TomcatWebServer.initialize(TomcatWebServer.java:106)
	at org.springframework.boot.web.embedded.tomcat.TomcatWebServer.<init>(TomcatWebServer.java:86)
	at org.springframework.boot.web.embedded.tomcat.TomcatServletWebServerFactory.getTomcatWebServer(TomcatServletWebServerFactory.java:427)
	at org.springframework.boot.web.embedded.tomcat.TomcatServletWebServerFactory.getWebServer(TomcatServletWebServerFactory.java:180)
	at org.springframework.boot.web.servlet.context.ServletWebServerApplicationContext.createWebServer(ServletWebServerApplicationContext.java:181)
	at org.springframework.boot.web.servlet.context.ServletWebServerApplicationContext.onRefresh(ServletWebServerApplicationContext.java:154)
	at org.springframework.context.support.AbstractApplicationContext.refresh(AbstractApplicationContext.java:543)
	at org.springframework.boot.web.servlet.context.ServletWebServerApplicationContext.refresh(ServletWebServerApplicationContext.java:142)
	at org.springframework.boot.SpringApplication.refresh(SpringApplication.java:775)
	at org.springframework.boot.SpringApplication.refreshContext(SpringApplication.java:397)
	at org.springframework.boot.SpringApplication.run(SpringApplication.java:316)
	at org.springframework.boot.SpringApplication.run(SpringApplication.java:1260)
	at org.springframework.boot.SpringApplication.run(SpringApplication.java:1248)
	at com.nowcoder.community.CommunityApplication.main(CommunityApplication.java:19)
	at java.base/jdk.internal.reflect.NativeMethodAccessorImpl.invoke0(Native Method)
	at java.base/jdk.internal.reflect.NativeMethodAccessorImpl.invoke(NativeMethodAccessorImpl.java:62)
	at java.base/jdk.internal.reflect.DelegatingMethodAccessorImpl.invoke(DelegatingMethodAccessorImpl.java:43)
	at java.base/java.lang.reflect.Method.invoke(Method.java:566)
	at org.springframework.boot.devtools.restart.RestartLauncher.run(RestartLauncher.java:49)
2020-02-23 23:02:55,665 ERROR [http-nio-9090-exec-7] c.n.c.c.a.ExceptionAdvice [ExceptionAdvice.java:25] 服务器发生异常: Failed to convert value of type 'java.lang.String' to required type 'int'; nested exception is java.lang.NumberFormatException: For input string: "my-post.html"
2020-02-23 23:02:55,666 ERROR [http-nio-9090-exec-7] c.n.c.c.a.ExceptionAdvice [ExceptionAdvice.java:27] org.springframework.web.method.annotation.AbstractNamedValueMethodArgumentResolver.resolveArgument(AbstractNamedValueMethodArgumentResolver.java:132)
2020-02-23 23:02:55,667 ERROR [http-nio-9090-exec-7] c.n.c.c.a.ExceptionAdvice [ExceptionAdvice.java:27] org.springframework.web.method.support.HandlerMethodArgumentResolverComposite.resolveArgument(HandlerMethodArgumentResolverComposite.java:126)
2020-02-23 23:02:55,667 ERROR [http-nio-9090-exec-7] c.n.c.c.a.ExceptionAdvice [ExceptionAdvice.java:27] org.springframework.web.method.support.InvocableHandlerMethod.getMethodArgumentValues(InvocableHandlerMethod.java:167)
2020-02-23 23:02:55,667 ERROR [http-nio-9090-exec-7] c.n.c.c.a.ExceptionAdvice [ExceptionAdvice.java:27] org.springframework.web.method.support.InvocableHandlerMethod.invokeForRequest(InvocableHandlerMethod.java:134)
2020-02-23 23:02:55,668 ERROR [http-nio-9090-exec-7] c.n.c.c.a.ExceptionAdvice [ExceptionAdvice.java:27] org.springframework.web.servlet.mvc.method.annotation.ServletInvocableHandlerMethod.invokeAndHandle(ServletInvocableHandlerMethod.java:104)
2020-02-23 23:02:55,668 ERROR [http-nio-9090-exec-7] c.n.c.c.a.ExceptionAdvice [ExceptionAdvice.java:27] org.springframework.web.servlet.mvc.method.annotation.RequestMappingHandlerAdapter.invokeHandlerMethod(RequestMappingHandlerAdapter.java:892)
2020-02-23 23:02:55,668 ERROR [http-nio-9090-exec-7] c.n.c.c.a.ExceptionAdvice [ExceptionAdvice.java:27] org.springframework.web.servlet.mvc.method.annotation.RequestMappingHandlerAdapter.handleInternal(RequestMappingHandlerAdapter.java:797)
2020-02-23 23:02:55,668 ERROR [http-nio-9090-exec-7] c.n.c.c.a.ExceptionAdvice [ExceptionAdvice.java:27] org.springframework.web.servlet.mvc.method.AbstractHandlerMethodAdapter.handle(AbstractHandlerMethodAdapter.java:87)
2020-02-23 23:02:55,669 ERROR [http-nio-9090-exec-7] c.n.c.c.a.ExceptionAdvice [ExceptionAdvice.java:27] org.springframework.web.servlet.DispatcherServlet.doDispatch(DispatcherServlet.java:1039)
2020-02-23 23:02:55,669 ERROR [http-nio-9090-exec-7] c.n.c.c.a.ExceptionAdvice [ExceptionAdvice.java:27] org.springframework.web.servlet.DispatcherServlet.doService(DispatcherServlet.java:942)
2020-02-23 23:02:55,669 ERROR [http-nio-9090-exec-7] c.n.c.c.a.ExceptionAdvice [ExceptionAdvice.java:27] org.springframework.web.servlet.FrameworkServlet.processRequest(FrameworkServlet.java:1005)
2020-02-23 23:02:55,669 ERROR [http-nio-9090-exec-7] c.n.c.c.a.ExceptionAdvice [ExceptionAdvice.java:27] org.springframework.web.servlet.FrameworkServlet.doGet(FrameworkServlet.java:897)
2020-02-23 23:02:55,670 ERROR [http-nio-9090-exec-7] c.n.c.c.a.ExceptionAdvice [ExceptionAdvice.java:27] javax.servlet.http.HttpServlet.service(HttpServlet.java:634)
2020-02-23 23:02:55,670 ERROR [http-nio-9090-exec-7] c.n.c.c.a.ExceptionAdvice [ExceptionAdvice.java:27] org.springframework.web.servlet.FrameworkServlet.service(FrameworkServlet.java:882)
2020-02-23 23:02:55,670 ERROR [http-nio-9090-exec-7] c.n.c.c.a.ExceptionAdvice [ExceptionAdvice.java:27] javax.servlet.http.HttpServlet.service(HttpServlet.java:741)
2020-02-23 23:02:55,670 ERROR [http-nio-9090-exec-7] c.n.c.c.a.ExceptionAdvice [ExceptionAdvice.java:27] org.apache.catalina.core.ApplicationFilterChain.internalDoFilter(ApplicationFilterChain.java:231)
2020-02-23 23:02:55,671 ERROR [http-nio-9090-exec-7] c.n.c.c.a.ExceptionAdvice [ExceptionAdvice.java:27] org.apache.catalina.core.ApplicationFilterChain.doFilter(ApplicationFilterChain.java:166)
2020-02-23 23:02:55,671 ERROR [http-nio-9090-exec-7] c.n.c.c.a.ExceptionAdvice [ExceptionAdvice.java:27] org.apache.tomcat.websocket.server.WsFilter.doFilter(WsFilter.java:53)
2020-02-23 23:02:55,671 ERROR [http-nio-9090-exec-7] c.n.c.c.a.ExceptionAdvice [ExceptionAdvice.java:27] org.apache.catalina.core.ApplicationFilterChain.internalDoFilter(ApplicationFilterChain.java:193)
2020-02-23 23:02:55,672 ERROR [http-nio-9090-exec-7] c.n.c.c.a.ExceptionAdvice [ExceptionAdvice.java:27] org.apache.catalina.core.ApplicationFilterChain.doFilter(ApplicationFilterChain.java:166)
2020-02-23 23:02:55,672 ERROR [http-nio-9090-exec-7] c.n.c.c.a.ExceptionAdvice [ExceptionAdvice.java:27] org.springframework.security.web.FilterChainProxy$VirtualFilterChain.doFilter(FilterChainProxy.java:320)
2020-02-23 23:02:55,672 ERROR [http-nio-9090-exec-7] c.n.c.c.a.ExceptionAdvice [ExceptionAdvice.java:27] org.springframework.security.web.access.intercept.FilterSecurityInterceptor.invoke(FilterSecurityInterceptor.java:127)
2020-02-23 23:02:55,672 ERROR [http-nio-9090-exec-7] c.n.c.c.a.ExceptionAdvice [ExceptionAdvice.java:27] org.springframework.security.web.access.intercept.FilterSecurityInterceptor.doFilter(FilterSecurityInterceptor.java:91)
2020-02-23 23:02:55,673 ERROR [http-nio-9090-exec-7] c.n.c.c.a.ExceptionAdvice [ExceptionAdvice.java:27] org.springframework.security.web.FilterChainProxy$VirtualFilterChain.doFilter(FilterChainProxy.java:334)
2020-02-23 23:02:55,673 ERROR [http-nio-9090-exec-7] c.n.c.c.a.ExceptionAdvice [ExceptionAdvice.java:27] org.springframework.security.web.access.ExceptionTranslationFilter.doFilter(ExceptionTranslationFilter.java:119)
2020-02-23 23:02:55,673 ERROR [http-nio-9090-exec-7] c.n.c.c.a.ExceptionAdvice [ExceptionAdvice.java:27] org.springframework.security.web.FilterChainProxy$VirtualFilterChain.doFilter(FilterChainProxy.java:334)
2020-02-23 23:02:55,673 ERROR [http-nio-9090-exec-7] c.n.c.c.a.ExceptionAdvice [ExceptionAdvice.java:27] org.springframework.security.web.session.SessionManagementFilter.doFilter(SessionManagementFilter.java:137)
2020-02-23 23:02:55,674 ERROR [http-nio-9090-exec-7] c.n.c.c.a.ExceptionAdvice [ExceptionAdvice.java:27] org.springframework.security.web.FilterChainProxy$VirtualFilterChain.doFilter(FilterChainProxy.java:334)
2020-02-23 23:02:55,674 ERROR [http-nio-9090-exec-7] c.n.c.c.a.ExceptionAdvice [ExceptionAdvice.java:27] org.springframework.security.web.authentication.AnonymousAuthenticationFilter.doFilter(AnonymousAuthenticationFilter.java:111)
2020-02-23 23:02:55,674 ERROR [http-nio-9090-exec-7] c.n.c.c.a.ExceptionAdvice [ExceptionAdvice.java:27] org.springframework.security.web.FilterChainProxy$VirtualFilterChain.doFilter(FilterChainProxy.java:334)
2020-02-23 23:02:55,674 ERROR [http-nio-9090-exec-7] c.n.c.c.a.ExceptionAdvice [ExceptionAdvice.java:27] org.springframework.security.web.servletapi.SecurityContextHolderAwareRequestFilter.doFilter(SecurityContextHolderAwareRequestFilter.java:170)
2020-02-23 23:02:55,675 ERROR [http-nio-9090-exec-7] c.n.c.c.a.ExceptionAdvice [ExceptionAdvice.java:27] org.springframework.security.web.FilterChainProxy$VirtualFilterChain.doFilter(FilterChainProxy.java:334)
2020-02-23 23:02:55,675 ERROR [http-nio-9090-exec-7] c.n.c.c.a.ExceptionAdvice [ExceptionAdvice.java:27] org.springframework.security.web.savedrequest.RequestCacheAwareFilter.doFilter(RequestCacheAwareFilter.java:63)
2020-02-23 23:02:55,675 ERROR [http-nio-9090-exec-7] c.n.c.c.a.ExceptionAdvice [ExceptionAdvice.java:27] org.springframework.security.web.FilterChainProxy$VirtualFilterChain.doFilter(FilterChainProxy.java:334)
2020-02-23 23:02:55,675 ERROR [http-nio-9090-exec-7] c.n.c.c.a.ExceptionAdvice [ExceptionAdvice.java:27] org.springframework.security.web.authentication.logout.LogoutFilter.doFilter(LogoutFilter.java:116)
2020-02-23 23:02:55,675 ERROR [http-nio-9090-exec-7] c.n.c.c.a.ExceptionAdvice [ExceptionAdvice.java:27] org.springframework.security.web.FilterChainProxy$VirtualFilterChain.doFilter(FilterChainProxy.java:334)
2020-02-23 23:02:55,676 ERROR [http-nio-9090-exec-7] c.n.c.c.a.ExceptionAdvice [ExceptionAdvice.java:27] org.springframework.security.web.header.HeaderWriterFilter.doFilterInternal(HeaderWriterFilter.java:74)
2020-02-23 23:02:55,676 ERROR [http-nio-9090-exec-7] c.n.c.c.a.ExceptionAdvice [ExceptionAdvice.java:27] org.springframework.web.filter.OncePerRequestFilter.doFilter(OncePerRequestFilter.java:107)
2020-02-23 23:02:55,676 ERROR [http-nio-9090-exec-7] c.n.c.c.a.ExceptionAdvice [ExceptionAdvice.java:27] org.springframework.security.web.FilterChainProxy$VirtualFilterChain.doFilter(FilterChainProxy.java:334)
2020-02-23 23:02:55,677 ERROR [http-nio-9090-exec-7] c.n.c.c.a.ExceptionAdvice [ExceptionAdvice.java:27] org.springframework.security.web.context.SecurityContextPersistenceFilter.doFilter(SecurityContextPersistenceFilter.java:105)
2020-02-23 23:02:55,677 ERROR [http-nio-9090-exec-7] c.n.c.c.a.ExceptionAdvice [ExceptionAdvice.java:27] org.springframework.security.web.FilterChainProxy$VirtualFilterChain.doFilter(FilterChainProxy.java:334)
2020-02-23 23:02:55,677 ERROR [http-nio-9090-exec-7] c.n.c.c.a.ExceptionAdvice [ExceptionAdvice.java:27] org.springframework.security.web.context.request.async.WebAsyncManagerIntegrationFilter.doFilterInternal(WebAsyncManagerIntegrationFilter.java:56)
2020-02-23 23:02:55,677 ERROR [http-nio-9090-exec-7] c.n.c.c.a.ExceptionAdvice [ExceptionAdvice.java:27] org.springframework.web.filter.OncePerRequestFilter.doFilter(OncePerRequestFilter.java:107)
2020-02-23 23:02:55,678 ERROR [http-nio-9090-exec-7] c.n.c.c.a.ExceptionAdvice [ExceptionAdvice.java:27] org.springframework.security.web.FilterChainProxy$VirtualFilterChain.doFilter(FilterChainProxy.java:334)
2020-02-23 23:02:55,678 ERROR [http-nio-9090-exec-7] c.n.c.c.a.ExceptionAdvice [ExceptionAdvice.java:27] org.springframework.security.web.FilterChainProxy.doFilterInternal(FilterChainProxy.java:215)
2020-02-23 23:02:55,678 ERROR [http-nio-9090-exec-7] c.n.c.c.a.ExceptionAdvice [ExceptionAdvice.java:27] org.springframework.security.web.FilterChainProxy.doFilter(FilterChainProxy.java:178)
2020-02-23 23:02:55,678 ERROR [http-nio-9090-exec-7] c.n.c.c.a.ExceptionAdvice [ExceptionAdvice.java:27] org.springframework.web.filter.DelegatingFilterProxy.invokeDelegate(DelegatingFilterProxy.java:357)
2020-02-23 23:02:55,679 ERROR [http-nio-9090-exec-7] c.n.c.c.a.ExceptionAdvice [ExceptionAdvice.java:27] org.springframework.web.filter.DelegatingFilterProxy.doFilter(DelegatingFilterProxy.java:270)
2020-02-23 23:02:55,679 ERROR [http-nio-9090-exec-7] c.n.c.c.a.ExceptionAdvice [ExceptionAdvice.java:27] org.apache.catalina.core.ApplicationFilterChain.internalDoFilter(ApplicationFilterChain.java:193)
2020-02-23 23:02:55,679 ERROR [http-nio-9090-exec-7] c.n.c.c.a.ExceptionAdvice [ExceptionAdvice.java:27] org.apache.catalina.core.ApplicationFilterChain.doFilter(ApplicationFilterChain.java:166)
2020-02-23 23:02:55,680 ERROR [http-nio-9090-exec-7] c.n.c.c.a.ExceptionAdvice [ExceptionAdvice.java:27] org.springframework.web.filter.RequestContextFilter.doFilterInternal(RequestContextFilter.java:99)
2020-02-23 23:02:55,680 ERROR [http-nio-9090-exec-7] c.n.c.c.a.ExceptionAdvice [ExceptionAdvice.java:27] org.springframework.web.filter.OncePerRequestFilter.doFilter(OncePerRequestFilter.java:107)
2020-02-23 23:02:55,680 ERROR [http-nio-9090-exec-7] c.n.c.c.a.ExceptionAdvice [ExceptionAdvice.java:27] org.apache.catalina.core.ApplicationFilterChain.internalDoFilter(ApplicationFilterChain.java:193)
2020-02-23 23:02:55,680 ERROR [http-nio-9090-exec-7] c.n.c.c.a.ExceptionAdvice [ExceptionAdvice.java:27] org.apache.catalina.core.ApplicationFilterChain.doFilter(ApplicationFilterChain.java:166)
2020-02-23 23:02:55,681 ERROR [http-nio-9090-exec-7] c.n.c.c.a.ExceptionAdvice [ExceptionAdvice.java:27] org.springframework.web.filter.FormContentFilter.doFilterInternal(FormContentFilter.java:92)
2020-02-23 23:02:55,681 ERROR [http-nio-9090-exec-7] c.n.c.c.a.ExceptionAdvice [ExceptionAdvice.java:27] org.springframework.web.filter.OncePerRequestFilter.doFilter(OncePerRequestFilter.java:107)
2020-02-23 23:02:55,681 ERROR [http-nio-9090-exec-7] c.n.c.c.a.ExceptionAdvice [ExceptionAdvice.java:27] org.apache.catalina.core.ApplicationFilterChain.internalDoFilter(ApplicationFilterChain.java:193)
2020-02-23 23:02:55,681 ERROR [http-nio-9090-exec-7] c.n.c.c.a.ExceptionAdvice [ExceptionAdvice.java:27] org.apache.catalina.core.ApplicationFilterChain.doFilter(ApplicationFilterChain.java:166)
2020-02-23 23:02:55,681 ERROR [http-nio-9090-exec-7] c.n.c.c.a.ExceptionAdvice [ExceptionAdvice.java:27] org.springframework.web.filter.HiddenHttpMethodFilter.doFilterInternal(HiddenHttpMethodFilter.java:93)
2020-02-23 23:02:55,682 ERROR [http-nio-9090-exec-7] c.n.c.c.a.ExceptionAdvice [ExceptionAdvice.java:27] org.springframework.web.filter.OncePerRequestFilter.doFilter(OncePerRequestFilter.java:107)
2020-02-23 23:02:55,682 ERROR [http-nio-9090-exec-7] c.n.c.c.a.ExceptionAdvice [ExceptionAdvice.java:27] org.apache.catalina.core.ApplicationFilterChain.internalDoFilter(ApplicationFilterChain.java:193)
2020-02-23 23:02:55,682 ERROR [http-nio-9090-exec-7] c.n.c.c.a.ExceptionAdvice [ExceptionAdvice.java:27] org.apache.catalina.core.ApplicationFilterChain.doFilter(ApplicationFilterChain.java:166)
2020-02-23 23:02:55,683 ERROR [http-nio-9090-exec-7] c.n.c.c.a.ExceptionAdvice [ExceptionAdvice.java:27] org.springframework.web.filter.CharacterEncodingFilter.doFilterInternal(CharacterEncodingFilter.java:200)
2020-02-23 23:02:55,683 ERROR [http-nio-9090-exec-7] c.n.c.c.a.ExceptionAdvice [ExceptionAdvice.java:27] org.springframework.web.filter.OncePerRequestFilter.doFilter(OncePerRequestFilter.java:107)
2020-02-23 23:02:55,683 ERROR [http-nio-9090-exec-7] c.n.c.c.a.ExceptionAdvice [ExceptionAdvice.java:27] org.apache.catalina.core.ApplicationFilterChain.internalDoFilter(ApplicationFilterChain.java:193)
2020-02-23 23:02:55,683 ERROR [http-nio-9090-exec-7] c.n.c.c.a.ExceptionAdvice [ExceptionAdvice.java:27] org.apache.catalina.core.ApplicationFilterChain.doFilter(ApplicationFilterChain.java:166)
2020-02-23 23:02:55,684 ERROR [http-nio-9090-exec-7] c.n.c.c.a.ExceptionAdvice [ExceptionAdvice.java:27] org.apache.catalina.core.StandardWrapperValve.invoke(StandardWrapperValve.java:200)
2020-02-23 23:02:55,684 ERROR [http-nio-9090-exec-7] c.n.c.c.a.ExceptionAdvice [ExceptionAdvice.java:27] org.apache.catalina.core.StandardContextValve.invoke(StandardContextValve.java:96)
2020-02-23 23:02:55,684 ERROR [http-nio-9090-exec-7] c.n.c.c.a.ExceptionAdvice [ExceptionAdvice.java:27] org.apache.catalina.authenticator.AuthenticatorBase.invoke(AuthenticatorBase.java:490)
2020-02-23 23:02:55,684 ERROR [http-nio-9090-exec-7] c.n.c.c.a.ExceptionAdvice [ExceptionAdvice.java:27] org.apache.catalina.core.StandardHostValve.invoke(StandardHostValve.java:139)
2020-02-23 23:02:55,685 ERROR [http-nio-9090-exec-7] c.n.c.c.a.ExceptionAdvice [ExceptionAdvice.java:27] org.apache.catalina.valves.ErrorReportValve.invoke(ErrorReportValve.java:92)
2020-02-23 23:02:55,685 ERROR [http-nio-9090-exec-7] c.n.c.c.a.ExceptionAdvice [ExceptionAdvice.java:27] org.apache.catalina.core.StandardEngineValve.invoke(StandardEngineValve.java:74)
2020-02-23 23:02:55,685 ERROR [http-nio-9090-exec-7] c.n.c.c.a.ExceptionAdvice [ExceptionAdvice.java:27] org.apache.catalina.connector.CoyoteAdapter.service(CoyoteAdapter.java:343)
2020-02-23 23:02:55,685 ERROR [http-nio-9090-exec-7] c.n.c.c.a.ExceptionAdvice [ExceptionAdvice.java:27] org.apache.coyote.http11.Http11Processor.service(Http11Processor.java:408)
2020-02-23 23:02:55,686 ERROR [http-nio-9090-exec-7] c.n.c.c.a.ExceptionAdvice [ExceptionAdvice.java:27] org.apache.coyote.AbstractProcessorLight.process(AbstractProcessorLight.java:66)
2020-02-23 23:02:55,686 ERROR [http-nio-9090-exec-7] c.n.c.c.a.ExceptionAdvice [ExceptionAdvice.java:27] org.apache.coyote.AbstractProtocol$ConnectionHandler.process(AbstractProtocol.java:836)
2020-02-23 23:02:55,686 ERROR [http-nio-9090-exec-7] c.n.c.c.a.ExceptionAdvice [ExceptionAdvice.java:27] org.apache.tomcat.util.net.NioEndpoint$SocketProcessor.doRun(NioEndpoint.java:1747)
2020-02-23 23:02:55,686 ERROR [http-nio-9090-exec-7] c.n.c.c.a.ExceptionAdvice [ExceptionAdvice.java:27] org.apache.tomcat.util.net.SocketProcessorBase.run(SocketProcessorBase.java:49)
2020-02-23 23:02:55,686 ERROR [http-nio-9090-exec-7] c.n.c.c.a.ExceptionAdvice [ExceptionAdvice.java:27] java.base/java.util.concurrent.ThreadPoolExecutor.runWorker(ThreadPoolExecutor.java:1128)
2020-02-23 23:02:55,687 ERROR [http-nio-9090-exec-7] c.n.c.c.a.ExceptionAdvice [ExceptionAdvice.java:27] java.base/java.util.concurrent.ThreadPoolExecutor$Worker.run(ThreadPoolExecutor.java:628)
2020-02-23 23:02:55,687 ERROR [http-nio-9090-exec-7] c.n.c.c.a.ExceptionAdvice [ExceptionAdvice.java:27] org.apache.tomcat.util.threads.TaskThread$WrappingRunnable.run(TaskThread.java:61)
2020-02-23 23:02:55,687 ERROR [http-nio-9090-exec-7] c.n.c.c.a.ExceptionAdvice [ExceptionAdvice.java:27] java.base/java.lang.Thread.run(Thread.java:834)
2020-02-23 23:10:44,524 ERROR [http-nio-9090-exec-10] c.n.c.c.a.ExceptionAdvice [ExceptionAdvice.java:25] 服务器发生异常: Failed to convert value of type 'java.lang.String' to required type 'int'; nested exception is java.lang.NumberFormatException: For input string: "my-post.html"
2020-02-23 23:10:44,525 ERROR [http-nio-9090-exec-10] c.n.c.c.a.ExceptionAdvice [ExceptionAdvice.java:27] org.springframework.web.method.annotation.AbstractNamedValueMethodArgumentResolver.resolveArgument(AbstractNamedValueMethodArgumentResolver.java:132)
2020-02-23 23:10:44,525 ERROR [http-nio-9090-exec-10] c.n.c.c.a.ExceptionAdvice [ExceptionAdvice.java:27] org.springframework.web.method.support.HandlerMethodArgumentResolverComposite.resolveArgument(HandlerMethodArgumentResolverComposite.java:126)
2020-02-23 23:10:44,526 ERROR [http-nio-9090-exec-10] c.n.c.c.a.ExceptionAdvice [ExceptionAdvice.java:27] org.springframework.web.method.support.InvocableHandlerMethod.getMethodArgumentValues(InvocableHandlerMethod.java:167)
2020-02-23 23:10:44,526 ERROR [http-nio-9090-exec-10] c.n.c.c.a.ExceptionAdvice [ExceptionAdvice.java:27] org.springframework.web.method.support.InvocableHandlerMethod.invokeForRequest(InvocableHandlerMethod.java:134)
2020-02-23 23:10:44,526 ERROR [http-nio-9090-exec-10] c.n.c.c.a.ExceptionAdvice [ExceptionAdvice.java:27] org.springframework.web.servlet.mvc.method.annotation.ServletInvocableHandlerMethod.invokeAndHandle(ServletInvocableHandlerMethod.java:104)
2020-02-23 23:10:44,526 ERROR [http-nio-9090-exec-10] c.n.c.c.a.ExceptionAdvice [ExceptionAdvice.java:27] org.springframework.web.servlet.mvc.method.annotation.RequestMappingHandlerAdapter.invokeHandlerMethod(RequestMappingHandlerAdapter.java:892)
2020-02-23 23:10:44,527 ERROR [http-nio-9090-exec-10] c.n.c.c.a.ExceptionAdvice [ExceptionAdvice.java:27] org.springframework.web.servlet.mvc.method.annotation.RequestMappingHandlerAdapter.handleInternal(RequestMappingHandlerAdapter.java:797)
2020-02-23 23:10:44,527 ERROR [http-nio-9090-exec-10] c.n.c.c.a.ExceptionAdvice [ExceptionAdvice.java:27] org.springframework.web.servlet.mvc.method.AbstractHandlerMethodAdapter.handle(AbstractHandlerMethodAdapter.java:87)
2020-02-23 23:10:44,527 ERROR [http-nio-9090-exec-10] c.n.c.c.a.ExceptionAdvice [ExceptionAdvice.java:27] org.springframework.web.servlet.DispatcherServlet.doDispatch(DispatcherServlet.java:1039)
2020-02-23 23:10:44,527 ERROR [http-nio-9090-exec-10] c.n.c.c.a.ExceptionAdvice [ExceptionAdvice.java:27] org.springframework.web.servlet.DispatcherServlet.doService(DispatcherServlet.java:942)
2020-02-23 23:10:44,528 ERROR [http-nio-9090-exec-10] c.n.c.c.a.ExceptionAdvice [ExceptionAdvice.java:27] org.springframework.web.servlet.FrameworkServlet.processRequest(FrameworkServlet.java:1005)
2020-02-23 23:10:44,528 ERROR [http-nio-9090-exec-10] c.n.c.c.a.ExceptionAdvice [ExceptionAdvice.java:27] org.springframework.web.servlet.FrameworkServlet.doGet(FrameworkServlet.java:897)
2020-02-23 23:10:44,528 ERROR [http-nio-9090-exec-10] c.n.c.c.a.ExceptionAdvice [ExceptionAdvice.java:27] javax.servlet.http.HttpServlet.service(HttpServlet.java:634)
2020-02-23 23:10:44,528 ERROR [http-nio-9090-exec-10] c.n.c.c.a.ExceptionAdvice [ExceptionAdvice.java:27] org.springframework.web.servlet.FrameworkServlet.service(FrameworkServlet.java:882)
2020-02-23 23:10:44,529 ERROR [http-nio-9090-exec-10] c.n.c.c.a.ExceptionAdvice [ExceptionAdvice.java:27] javax.servlet.http.HttpServlet.service(HttpServlet.java:741)
2020-02-23 23:10:44,529 ERROR [http-nio-9090-exec-10] c.n.c.c.a.ExceptionAdvice [ExceptionAdvice.java:27] org.apache.catalina.core.ApplicationFilterChain.internalDoFilter(ApplicationFilterChain.java:231)
2020-02-23 23:10:44,529 ERROR [http-nio-9090-exec-10] c.n.c.c.a.ExceptionAdvice [ExceptionAdvice.java:27] org.apache.catalina.core.ApplicationFilterChain.doFilter(ApplicationFilterChain.java:166)
2020-02-23 23:10:44,529 ERROR [http-nio-9090-exec-10] c.n.c.c.a.ExceptionAdvice [ExceptionAdvice.java:27] org.apache.tomcat.websocket.server.WsFilter.doFilter(WsFilter.java:53)
2020-02-23 23:10:44,530 ERROR [http-nio-9090-exec-10] c.n.c.c.a.ExceptionAdvice [ExceptionAdvice.java:27] org.apache.catalina.core.ApplicationFilterChain.internalDoFilter(ApplicationFilterChain.java:193)
2020-02-23 23:10:44,530 ERROR [http-nio-9090-exec-10] c.n.c.c.a.ExceptionAdvice [ExceptionAdvice.java:27] org.apache.catalina.core.ApplicationFilterChain.doFilter(ApplicationFilterChain.java:166)
2020-02-23 23:10:44,530 ERROR [http-nio-9090-exec-10] c.n.c.c.a.ExceptionAdvice [ExceptionAdvice.java:27] org.springframework.security.web.FilterChainProxy$VirtualFilterChain.doFilter(FilterChainProxy.java:320)
2020-02-23 23:10:44,530 ERROR [http-nio-9090-exec-10] c.n.c.c.a.ExceptionAdvice [ExceptionAdvice.java:27] org.springframework.security.web.access.intercept.FilterSecurityInterceptor.invoke(FilterSecurityInterceptor.java:127)
2020-02-23 23:10:44,531 ERROR [http-nio-9090-exec-10] c.n.c.c.a.ExceptionAdvice [ExceptionAdvice.java:27] org.springframework.security.web.access.intercept.FilterSecurityInterceptor.doFilter(FilterSecurityInterceptor.java:91)
2020-02-23 23:10:44,531 ERROR [http-nio-9090-exec-10] c.n.c.c.a.ExceptionAdvice [ExceptionAdvice.java:27] org.springframework.security.web.FilterChainProxy$VirtualFilterChain.doFilter(FilterChainProxy.java:334)
2020-02-23 23:10:44,531 ERROR [http-nio-9090-exec-10] c.n.c.c.a.ExceptionAdvice [ExceptionAdvice.java:27] org.springframework.security.web.access.ExceptionTranslationFilter.doFilter(ExceptionTranslationFilter.java:119)
2020-02-23 23:10:44,531 ERROR [http-nio-9090-exec-10] c.n.c.c.a.ExceptionAdvice [ExceptionAdvice.java:27] org.springframework.security.web.FilterChainProxy$VirtualFilterChain.doFilter(FilterChainProxy.java:334)
2020-02-23 23:10:44,532 ERROR [http-nio-9090-exec-10] c.n.c.c.a.ExceptionAdvice [ExceptionAdvice.java:27] org.springframework.security.web.session.SessionManagementFilter.doFilter(SessionManagementFilter.java:137)
2020-02-23 23:10:44,532 ERROR [http-nio-9090-exec-10] c.n.c.c.a.ExceptionAdvice [ExceptionAdvice.java:27] org.springframework.security.web.FilterChainProxy$VirtualFilterChain.doFilter(FilterChainProxy.java:334)
2020-02-23 23:10:44,532 ERROR [http-nio-9090-exec-10] c.n.c.c.a.ExceptionAdvice [ExceptionAdvice.java:27] org.springframework.security.web.authentication.AnonymousAuthenticationFilter.doFilter(AnonymousAuthenticationFilter.java:111)
2020-02-23 23:10:44,532 ERROR [http-nio-9090-exec-10] c.n.c.c.a.ExceptionAdvice [ExceptionAdvice.java:27] org.springframework.security.web.FilterChainProxy$VirtualFilterChain.doFilter(FilterChainProxy.java:334)
2020-02-23 23:10:44,532 ERROR [http-nio-9090-exec-10] c.n.c.c.a.ExceptionAdvice [ExceptionAdvice.java:27] org.springframework.security.web.servletapi.SecurityContextHolderAwareRequestFilter.doFilter(SecurityContextHolderAwareRequestFilter.java:170)
2020-02-23 23:10:44,533 ERROR [http-nio-9090-exec-10] c.n.c.c.a.ExceptionAdvice [ExceptionAdvice.java:27] org.springframework.security.web.FilterChainProxy$VirtualFilterChain.doFilter(FilterChainProxy.java:334)
2020-02-23 23:10:44,533 ERROR [http-nio-9090-exec-10] c.n.c.c.a.ExceptionAdvice [ExceptionAdvice.java:27] org.springframework.security.web.savedrequest.RequestCacheAwareFilter.doFilter(RequestCacheAwareFilter.java:63)
2020-02-23 23:10:44,533 ERROR [http-nio-9090-exec-10] c.n.c.c.a.ExceptionAdvice [ExceptionAdvice.java:27] org.springframework.security.web.FilterChainProxy$VirtualFilterChain.doFilter(FilterChainProxy.java:334)
2020-02-23 23:10:44,533 ERROR [http-nio-9090-exec-10] c.n.c.c.a.ExceptionAdvice [ExceptionAdvice.java:27] org.springframework.security.web.authentication.logout.LogoutFilter.doFilter(LogoutFilter.java:116)
2020-02-23 23:10:44,534 ERROR [http-nio-9090-exec-10] c.n.c.c.a.ExceptionAdvice [ExceptionAdvice.java:27] org.springframework.security.web.FilterChainProxy$VirtualFilterChain.doFilter(FilterChainProxy.java:334)
2020-02-23 23:10:44,534 ERROR [http-nio-9090-exec-10] c.n.c.c.a.ExceptionAdvice [ExceptionAdvice.java:27] org.springframework.security.web.header.HeaderWriterFilter.doFilterInternal(HeaderWriterFilter.java:74)
2020-02-23 23:10:44,534 ERROR [http-nio-9090-exec-10] c.n.c.c.a.ExceptionAdvice [ExceptionAdvice.java:27] org.springframework.web.filter.OncePerRequestFilter.doFilter(OncePerRequestFilter.java:107)
2020-02-23 23:10:44,534 ERROR [http-nio-9090-exec-10] c.n.c.c.a.ExceptionAdvice [ExceptionAdvice.java:27] org.springframework.security.web.FilterChainProxy$VirtualFilterChain.doFilter(FilterChainProxy.java:334)
2020-02-23 23:10:44,535 ERROR [http-nio-9090-exec-10] c.n.c.c.a.ExceptionAdvice [ExceptionAdvice.java:27] org.springframework.security.web.context.SecurityContextPersistenceFilter.doFilter(SecurityContextPersistenceFilter.java:105)
2020-02-23 23:10:44,535 ERROR [http-nio-9090-exec-10] c.n.c.c.a.ExceptionAdvice [ExceptionAdvice.java:27] org.springframework.security.web.FilterChainProxy$VirtualFilterChain.doFilter(FilterChainProxy.java:334)
2020-02-23 23:10:44,535 ERROR [http-nio-9090-exec-10] c.n.c.c.a.ExceptionAdvice [ExceptionAdvice.java:27] org.springframework.security.web.context.request.async.WebAsyncManagerIntegrationFilter.doFilterInternal(WebAsyncManagerIntegrationFilter.java:56)
2020-02-23 23:10:44,535 ERROR [http-nio-9090-exec-10] c.n.c.c.a.ExceptionAdvice [ExceptionAdvice.java:27] org.springframework.web.filter.OncePerRequestFilter.doFilter(OncePerRequestFilter.java:107)
2020-02-23 23:10:44,536 ERROR [http-nio-9090-exec-10] c.n.c.c.a.ExceptionAdvice [ExceptionAdvice.java:27] org.springframework.security.web.FilterChainProxy$VirtualFilterChain.doFilter(FilterChainProxy.java:334)
2020-02-23 23:10:44,536 ERROR [http-nio-9090-exec-10] c.n.c.c.a.ExceptionAdvice [ExceptionAdvice.java:27] org.springframework.security.web.FilterChainProxy.doFilterInternal(FilterChainProxy.java:215)
2020-02-23 23:10:44,536 ERROR [http-nio-9090-exec-10] c.n.c.c.a.ExceptionAdvice [ExceptionAdvice.java:27] org.springframework.security.web.FilterChainProxy.doFilter(FilterChainProxy.java:178)
2020-02-23 23:10:44,536 ERROR [http-nio-9090-exec-10] c.n.c.c.a.ExceptionAdvice [ExceptionAdvice.java:27] org.springframework.web.filter.DelegatingFilterProxy.invokeDelegate(DelegatingFilterProxy.java:357)
2020-02-23 23:10:44,537 ERROR [http-nio-9090-exec-10] c.n.c.c.a.ExceptionAdvice [ExceptionAdvice.java:27] org.springframework.web.filter.DelegatingFilterProxy.doFilter(DelegatingFilterProxy.java:270)
2020-02-23 23:10:44,537 ERROR [http-nio-9090-exec-10] c.n.c.c.a.ExceptionAdvice [ExceptionAdvice.java:27] org.apache.catalina.core.ApplicationFilterChain.internalDoFilter(ApplicationFilterChain.java:193)
2020-02-23 23:10:44,537 ERROR [http-nio-9090-exec-10] c.n.c.c.a.ExceptionAdvice [ExceptionAdvice.java:27] org.apache.catalina.core.ApplicationFilterChain.doFilter(ApplicationFilterChain.java:166)
2020-02-23 23:10:44,537 ERROR [http-nio-9090-exec-10] c.n.c.c.a.ExceptionAdvice [ExceptionAdvice.java:27] org.springframework.web.filter.RequestContextFilter.doFilterInternal(RequestContextFilter.java:99)
2020-02-23 23:10:44,538 ERROR [http-nio-9090-exec-10] c.n.c.c.a.ExceptionAdvice [ExceptionAdvice.java:27] org.springframework.web.filter.OncePerRequestFilter.doFilter(OncePerRequestFilter.java:107)
2020-02-23 23:10:44,538 ERROR [http-nio-9090-exec-10] c.n.c.c.a.ExceptionAdvice [ExceptionAdvice.java:27] org.apache.catalina.core.ApplicationFilterChain.internalDoFilter(ApplicationFilterChain.java:193)
2020-02-23 23:10:44,538 ERROR [http-nio-9090-exec-10] c.n.c.c.a.ExceptionAdvice [ExceptionAdvice.java:27] org.apache.catalina.core.ApplicationFilterChain.doFilter(ApplicationFilterChain.java:166)
2020-02-23 23:10:44,538 ERROR [http-nio-9090-exec-10] c.n.c.c.a.ExceptionAdvice [ExceptionAdvice.java:27] org.springframework.web.filter.FormContentFilter.doFilterInternal(FormContentFilter.java:92)
2020-02-23 23:10:44,539 ERROR [http-nio-9090-exec-10] c.n.c.c.a.ExceptionAdvice [ExceptionAdvice.java:27] org.springframework.web.filter.OncePerRequestFilter.doFilter(OncePerRequestFilter.java:107)
2020-02-23 23:10:44,539 ERROR [http-nio-9090-exec-10] c.n.c.c.a.ExceptionAdvice [ExceptionAdvice.java:27] org.apache.catalina.core.ApplicationFilterChain.internalDoFilter(ApplicationFilterChain.java:193)
2020-02-23 23:10:44,539 ERROR [http-nio-9090-exec-10] c.n.c.c.a.ExceptionAdvice [ExceptionAdvice.java:27] org.apache.catalina.core.ApplicationFilterChain.doFilter(ApplicationFilterChain.java:166)
2020-02-23 23:10:44,539 ERROR [http-nio-9090-exec-10] c.n.c.c.a.ExceptionAdvice [ExceptionAdvice.java:27] org.springframework.web.filter.HiddenHttpMethodFilter.doFilterInternal(HiddenHttpMethodFilter.java:93)
2020-02-23 23:10:44,540 ERROR [http-nio-9090-exec-10] c.n.c.c.a.ExceptionAdvice [ExceptionAdvice.java:27] org.springframework.web.filter.OncePerRequestFilter.doFilter(OncePerRequestFilter.java:107)
2020-02-23 23:10:44,540 ERROR [http-nio-9090-exec-10] c.n.c.c.a.ExceptionAdvice [ExceptionAdvice.java:27] org.apache.catalina.core.ApplicationFilterChain.internalDoFilter(ApplicationFilterChain.java:193)
2020-02-23 23:10:44,540 ERROR [http-nio-9090-exec-10] c.n.c.c.a.ExceptionAdvice [ExceptionAdvice.java:27] org.apache.catalina.core.ApplicationFilterChain.doFilter(ApplicationFilterChain.java:166)
2020-02-23 23:10:44,540 ERROR [http-nio-9090-exec-10] c.n.c.c.a.ExceptionAdvice [ExceptionAdvice.java:27] org.springframework.web.filter.CharacterEncodingFilter.doFilterInternal(CharacterEncodingFilter.java:200)
2020-02-23 23:10:44,541 ERROR [http-nio-9090-exec-10] c.n.c.c.a.ExceptionAdvice [ExceptionAdvice.java:27] org.springframework.web.filter.OncePerRequestFilter.doFilter(OncePerRequestFilter.java:107)
2020-02-23 23:10:44,541 ERROR [http-nio-9090-exec-10] c.n.c.c.a.ExceptionAdvice [ExceptionAdvice.java:27] org.apache.catalina.core.ApplicationFilterChain.internalDoFilter(ApplicationFilterChain.java:193)
2020-02-23 23:10:44,541 ERROR [http-nio-9090-exec-10] c.n.c.c.a.ExceptionAdvice [ExceptionAdvice.java:27] org.apache.catalina.core.ApplicationFilterChain.doFilter(ApplicationFilterChain.java:166)
2020-02-23 23:10:44,541 ERROR [http-nio-9090-exec-10] c.n.c.c.a.ExceptionAdvice [ExceptionAdvice.java:27] org.apache.catalina.core.StandardWrapperValve.invoke(StandardWrapperValve.java:200)
2020-02-23 23:10:44,542 ERROR [http-nio-9090-exec-10] c.n.c.c.a.ExceptionAdvice [ExceptionAdvice.java:27] org.apache.catalina.core.StandardContextValve.invoke(StandardContextValve.java:96)
2020-02-23 23:10:44,542 ERROR [http-nio-9090-exec-10] c.n.c.c.a.ExceptionAdvice [ExceptionAdvice.java:27] org.apache.catalina.authenticator.AuthenticatorBase.invoke(AuthenticatorBase.java:490)
2020-02-23 23:10:44,542 ERROR [http-nio-9090-exec-10] c.n.c.c.a.ExceptionAdvice [ExceptionAdvice.java:27] org.apache.catalina.core.StandardHostValve.invoke(StandardHostValve.java:139)
2020-02-23 23:10:44,542 ERROR [http-nio-9090-exec-10] c.n.c.c.a.ExceptionAdvice [ExceptionAdvice.java:27] org.apache.catalina.valves.ErrorReportValve.invoke(ErrorReportValve.java:92)
2020-02-23 23:10:44,543 ERROR [http-nio-9090-exec-10] c.n.c.c.a.ExceptionAdvice [ExceptionAdvice.java:27] org.apache.catalina.core.StandardEngineValve.invoke(StandardEngineValve.java:74)
2020-02-23 23:10:44,543 ERROR [http-nio-9090-exec-10] c.n.c.c.a.ExceptionAdvice [ExceptionAdvice.java:27] org.apache.catalina.connector.CoyoteAdapter.service(CoyoteAdapter.java:343)
2020-02-23 23:10:44,543 ERROR [http-nio-9090-exec-10] c.n.c.c.a.ExceptionAdvice [ExceptionAdvice.java:27] org.apache.coyote.http11.Http11Processor.service(Http11Processor.java:408)
2020-02-23 23:10:44,543 ERROR [http-nio-9090-exec-10] c.n.c.c.a.ExceptionAdvice [ExceptionAdvice.java:27] org.apache.coyote.AbstractProcessorLight.process(AbstractProcessorLight.java:66)
2020-02-23 23:10:44,544 ERROR [http-nio-9090-exec-10] c.n.c.c.a.ExceptionAdvice [ExceptionAdvice.java:27] org.apache.coyote.AbstractProtocol$ConnectionHandler.process(AbstractProtocol.java:836)
2020-02-23 23:10:44,544 ERROR [http-nio-9090-exec-10] c.n.c.c.a.ExceptionAdvice [ExceptionAdvice.java:27] org.apache.tomcat.util.net.NioEndpoint$SocketProcessor.doRun(NioEndpoint.java:1747)
2020-02-23 23:10:44,544 ERROR [http-nio-9090-exec-10] c.n.c.c.a.ExceptionAdvice [ExceptionAdvice.java:27] org.apache.tomcat.util.net.SocketProcessorBase.run(SocketProcessorBase.java:49)
2020-02-23 23:10:44,544 ERROR [http-nio-9090-exec-10] c.n.c.c.a.ExceptionAdvice [ExceptionAdvice.java:27] java.base/java.util.concurrent.ThreadPoolExecutor.runWorker(ThreadPoolExecutor.java:1128)
2020-02-23 23:10:44,545 ERROR [http-nio-9090-exec-10] c.n.c.c.a.ExceptionAdvice [ExceptionAdvice.java:27] java.base/java.util.concurrent.ThreadPoolExecutor$Worker.run(ThreadPoolExecutor.java:628)
2020-02-23 23:10:44,545 ERROR [http-nio-9090-exec-10] c.n.c.c.a.ExceptionAdvice [ExceptionAdvice.java:27] org.apache.tomcat.util.threads.TaskThread$WrappingRunnable.run(TaskThread.java:61)
2020-02-23 23:10:44,545 ERROR [http-nio-9090-exec-10] c.n.c.c.a.ExceptionAdvice [ExceptionAdvice.java:27] java.base/java.lang.Thread.run(Thread.java:834)
2020-02-23 23:24:20,059 ERROR [http-nio-9090-exec-3] c.n.c.c.a.ExceptionAdvice [ExceptionAdvice.java:25] 服务器发生异常: Failed to convert value of type 'java.lang.String' to required type 'int'; nested exception is java.lang.NumberFormatException: For input string: "my-post.html"
2020-02-23 23:24:20,060 ERROR [http-nio-9090-exec-3] c.n.c.c.a.ExceptionAdvice [ExceptionAdvice.java:27] org.springframework.web.method.annotation.AbstractNamedValueMethodArgumentResolver.resolveArgument(AbstractNamedValueMethodArgumentResolver.java:132)
2020-02-23 23:24:20,060 ERROR [http-nio-9090-exec-3] c.n.c.c.a.ExceptionAdvice [ExceptionAdvice.java:27] org.springframework.web.method.support.HandlerMethodArgumentResolverComposite.resolveArgument(HandlerMethodArgumentResolverComposite.java:126)
2020-02-23 23:24:20,060 ERROR [http-nio-9090-exec-3] c.n.c.c.a.ExceptionAdvice [ExceptionAdvice.java:27] org.springframework.web.method.support.InvocableHandlerMethod.getMethodArgumentValues(InvocableHandlerMethod.java:167)
2020-02-23 23:24:20,061 ERROR [http-nio-9090-exec-3] c.n.c.c.a.ExceptionAdvice [ExceptionAdvice.java:27] org.springframework.web.method.support.InvocableHandlerMethod.invokeForRequest(InvocableHandlerMethod.java:134)
2020-02-23 23:24:20,061 ERROR [http-nio-9090-exec-3] c.n.c.c.a.ExceptionAdvice [ExceptionAdvice.java:27] org.springframework.web.servlet.mvc.method.annotation.ServletInvocableHandlerMethod.invokeAndHandle(ServletInvocableHandlerMethod.java:104)
2020-02-23 23:24:20,061 ERROR [http-nio-9090-exec-3] c.n.c.c.a.ExceptionAdvice [ExceptionAdvice.java:27] org.springframework.web.servlet.mvc.method.annotation.RequestMappingHandlerAdapter.invokeHandlerMethod(RequestMappingHandlerAdapter.java:892)
2020-02-23 23:24:20,061 ERROR [http-nio-9090-exec-3] c.n.c.c.a.ExceptionAdvice [ExceptionAdvice.java:27] org.springframework.web.servlet.mvc.method.annotation.RequestMappingHandlerAdapter.handleInternal(RequestMappingHandlerAdapter.java:797)
2020-02-23 23:24:20,062 ERROR [http-nio-9090-exec-3] c.n.c.c.a.ExceptionAdvice [ExceptionAdvice.java:27] org.springframework.web.servlet.mvc.method.AbstractHandlerMethodAdapter.handle(AbstractHandlerMethodAdapter.java:87)
2020-02-23 23:24:20,062 ERROR [http-nio-9090-exec-3] c.n.c.c.a.ExceptionAdvice [ExceptionAdvice.java:27] org.springframework.web.servlet.DispatcherServlet.doDispatch(DispatcherServlet.java:1039)
2020-02-23 23:24:20,062 ERROR [http-nio-9090-exec-3] c.n.c.c.a.ExceptionAdvice [ExceptionAdvice.java:27] org.springframework.web.servlet.DispatcherServlet.doService(DispatcherServlet.java:942)
2020-02-23 23:24:20,062 ERROR [http-nio-9090-exec-3] c.n.c.c.a.ExceptionAdvice [ExceptionAdvice.java:27] org.springframework.web.servlet.FrameworkServlet.processRequest(FrameworkServlet.java:1005)
2020-02-23 23:24:20,062 ERROR [http-nio-9090-exec-3] c.n.c.c.a.ExceptionAdvice [ExceptionAdvice.java:27] org.springframework.web.servlet.FrameworkServlet.doGet(FrameworkServlet.java:897)
2020-02-23 23:24:20,063 ERROR [http-nio-9090-exec-3] c.n.c.c.a.ExceptionAdvice [ExceptionAdvice.java:27] javax.servlet.http.HttpServlet.service(HttpServlet.java:634)
2020-02-23 23:24:20,063 ERROR [http-nio-9090-exec-3] c.n.c.c.a.ExceptionAdvice [ExceptionAdvice.java:27] org.springframework.web.servlet.FrameworkServlet.service(FrameworkServlet.java:882)
2020-02-23 23:24:20,063 ERROR [http-nio-9090-exec-3] c.n.c.c.a.ExceptionAdvice [ExceptionAdvice.java:27] javax.servlet.http.HttpServlet.service(HttpServlet.java:741)
2020-02-23 23:24:20,063 ERROR [http-nio-9090-exec-3] c.n.c.c.a.ExceptionAdvice [ExceptionAdvice.java:27] org.apache.catalina.core.ApplicationFilterChain.internalDoFilter(ApplicationFilterChain.java:231)
2020-02-23 23:24:20,064 ERROR [http-nio-9090-exec-3] c.n.c.c.a.ExceptionAdvice [ExceptionAdvice.java:27] org.apache.catalina.core.ApplicationFilterChain.doFilter(ApplicationFilterChain.java:166)
2020-02-23 23:24:20,064 ERROR [http-nio-9090-exec-3] c.n.c.c.a.ExceptionAdvice [ExceptionAdvice.java:27] org.apache.tomcat.websocket.server.WsFilter.doFilter(WsFilter.java:53)
2020-02-23 23:24:20,064 ERROR [http-nio-9090-exec-3] c.n.c.c.a.ExceptionAdvice [ExceptionAdvice.java:27] org.apache.catalina.core.ApplicationFilterChain.internalDoFilter(ApplicationFilterChain.java:193)
2020-02-23 23:24:20,064 ERROR [http-nio-9090-exec-3] c.n.c.c.a.ExceptionAdvice [ExceptionAdvice.java:27] org.apache.catalina.core.ApplicationFilterChain.doFilter(ApplicationFilterChain.java:166)
2020-02-23 23:24:20,065 ERROR [http-nio-9090-exec-3] c.n.c.c.a.ExceptionAdvice [ExceptionAdvice.java:27] org.springframework.security.web.FilterChainProxy$VirtualFilterChain.doFilter(FilterChainProxy.java:320)
2020-02-23 23:24:20,065 ERROR [http-nio-9090-exec-3] c.n.c.c.a.ExceptionAdvice [ExceptionAdvice.java:27] org.springframework.security.web.access.intercept.FilterSecurityInterceptor.invoke(FilterSecurityInterceptor.java:127)
2020-02-23 23:24:20,065 ERROR [http-nio-9090-exec-3] c.n.c.c.a.ExceptionAdvice [ExceptionAdvice.java:27] org.springframework.security.web.access.intercept.FilterSecurityInterceptor.doFilter(FilterSecurityInterceptor.java:91)
2020-02-23 23:24:20,065 ERROR [http-nio-9090-exec-3] c.n.c.c.a.ExceptionAdvice [ExceptionAdvice.java:27] org.springframework.security.web.FilterChainProxy$VirtualFilterChain.doFilter(FilterChainProxy.java:334)
2020-02-23 23:24:20,066 ERROR [http-nio-9090-exec-3] c.n.c.c.a.ExceptionAdvice [ExceptionAdvice.java:27] org.springframework.security.web.access.ExceptionTranslationFilter.doFilter(ExceptionTranslationFilter.java:119)
2020-02-23 23:24:20,066 ERROR [http-nio-9090-exec-3] c.n.c.c.a.ExceptionAdvice [ExceptionAdvice.java:27] org.springframework.security.web.FilterChainProxy$VirtualFilterChain.doFilter(FilterChainProxy.java:334)
2020-02-23 23:24:20,066 ERROR [http-nio-9090-exec-3] c.n.c.c.a.ExceptionAdvice [ExceptionAdvice.java:27] org.springframework.security.web.session.SessionManagementFilter.doFilter(SessionManagementFilter.java:137)
2020-02-23 23:24:20,066 ERROR [http-nio-9090-exec-3] c.n.c.c.a.ExceptionAdvice [ExceptionAdvice.java:27] org.springframework.security.web.FilterChainProxy$VirtualFilterChain.doFilter(FilterChainProxy.java:334)
2020-02-23 23:24:20,067 ERROR [http-nio-9090-exec-3] c.n.c.c.a.ExceptionAdvice [ExceptionAdvice.java:27] org.springframework.security.web.authentication.AnonymousAuthenticationFilter.doFilter(AnonymousAuthenticationFilter.java:111)
2020-02-23 23:24:20,067 ERROR [http-nio-9090-exec-3] c.n.c.c.a.ExceptionAdvice [ExceptionAdvice.java:27] org.springframework.security.web.FilterChainProxy$VirtualFilterChain.doFilter(FilterChainProxy.java:334)
2020-02-23 23:24:20,067 ERROR [http-nio-9090-exec-3] c.n.c.c.a.ExceptionAdvice [ExceptionAdvice.java:27] org.springframework.security.web.servletapi.SecurityContextHolderAwareRequestFilter.doFilter(SecurityContextHolderAwareRequestFilter.java:170)
2020-02-23 23:24:20,067 ERROR [http-nio-9090-exec-3] c.n.c.c.a.ExceptionAdvice [ExceptionAdvice.java:27] org.springframework.security.web.FilterChainProxy$VirtualFilterChain.doFilter(FilterChainProxy.java:334)
2020-02-23 23:24:20,068 ERROR [http-nio-9090-exec-3] c.n.c.c.a.ExceptionAdvice [ExceptionAdvice.java:27] org.springframework.security.web.savedrequest.RequestCacheAwareFilter.doFilter(RequestCacheAwareFilter.java:63)
2020-02-23 23:24:20,068 ERROR [http-nio-9090-exec-3] c.n.c.c.a.ExceptionAdvice [ExceptionAdvice.java:27] org.springframework.security.web.FilterChainProxy$VirtualFilterChain.doFilter(FilterChainProxy.java:334)
2020-02-23 23:24:20,068 ERROR [http-nio-9090-exec-3] c.n.c.c.a.ExceptionAdvice [ExceptionAdvice.java:27] org.springframework.security.web.authentication.logout.LogoutFilter.doFilter(LogoutFilter.java:116)
2020-02-23 23:24:20,068 ERROR [http-nio-9090-exec-3] c.n.c.c.a.ExceptionAdvice [ExceptionAdvice.java:27] org.springframework.security.web.FilterChainProxy$VirtualFilterChain.doFilter(FilterChainProxy.java:334)
2020-02-23 23:24:20,068 ERROR [http-nio-9090-exec-3] c.n.c.c.a.ExceptionAdvice [ExceptionAdvice.java:27] org.springframework.security.web.header.HeaderWriterFilter.doFilterInternal(HeaderWriterFilter.java:74)
2020-02-23 23:24:20,069 ERROR [http-nio-9090-exec-3] c.n.c.c.a.ExceptionAdvice [ExceptionAdvice.java:27] org.springframework.web.filter.OncePerRequestFilter.doFilter(OncePerRequestFilter.java:107)
2020-02-23 23:24:20,069 ERROR [http-nio-9090-exec-3] c.n.c.c.a.ExceptionAdvice [ExceptionAdvice.java:27] org.springframework.security.web.FilterChainProxy$VirtualFilterChain.doFilter(FilterChainProxy.java:334)
2020-02-23 23:24:20,069 ERROR [http-nio-9090-exec-3] c.n.c.c.a.ExceptionAdvice [ExceptionAdvice.java:27] org.springframework.security.web.context.SecurityContextPersistenceFilter.doFilter(SecurityContextPersistenceFilter.java:105)
2020-02-23 23:24:20,069 ERROR [http-nio-9090-exec-3] c.n.c.c.a.ExceptionAdvice [ExceptionAdvice.java:27] org.springframework.security.web.FilterChainProxy$VirtualFilterChain.doFilter(FilterChainProxy.java:334)
2020-02-23 23:24:20,070 ERROR [http-nio-9090-exec-3] c.n.c.c.a.ExceptionAdvice [ExceptionAdvice.java:27] org.springframework.security.web.context.request.async.WebAsyncManagerIntegrationFilter.doFilterInternal(WebAsyncManagerIntegrationFilter.java:56)
2020-02-23 23:24:20,070 ERROR [http-nio-9090-exec-3] c.n.c.c.a.ExceptionAdvice [ExceptionAdvice.java:27] org.springframework.web.filter.OncePerRequestFilter.doFilter(OncePerRequestFilter.java:107)
2020-02-23 23:24:20,070 ERROR [http-nio-9090-exec-3] c.n.c.c.a.ExceptionAdvice [ExceptionAdvice.java:27] org.springframework.security.web.FilterChainProxy$VirtualFilterChain.doFilter(FilterChainProxy.java:334)
2020-02-23 23:24:20,070 ERROR [http-nio-9090-exec-3] c.n.c.c.a.ExceptionAdvice [ExceptionAdvice.java:27] org.springframework.security.web.FilterChainProxy.doFilterInternal(FilterChainProxy.java:215)
2020-02-23 23:24:20,071 ERROR [http-nio-9090-exec-3] c.n.c.c.a.ExceptionAdvice [ExceptionAdvice.java:27] org.springframework.security.web.FilterChainProxy.doFilter(FilterChainProxy.java:178)
2020-02-23 23:24:20,071 ERROR [http-nio-9090-exec-3] c.n.c.c.a.ExceptionAdvice [ExceptionAdvice.java:27] org.springframework.web.filter.DelegatingFilterProxy.invokeDelegate(DelegatingFilterProxy.java:357)
2020-02-23 23:24:20,071 ERROR [http-nio-9090-exec-3] c.n.c.c.a.ExceptionAdvice [ExceptionAdvice.java:27] org.springframework.web.filter.DelegatingFilterProxy.doFilter(DelegatingFilterProxy.java:270)
2020-02-23 23:24:20,071 ERROR [http-nio-9090-exec-3] c.n.c.c.a.ExceptionAdvice [ExceptionAdvice.java:27] org.apache.catalina.core.ApplicationFilterChain.internalDoFilter(ApplicationFilterChain.java:193)
2020-02-23 23:24:20,072 ERROR [http-nio-9090-exec-3] c.n.c.c.a.ExceptionAdvice [ExceptionAdvice.java:27] org.apache.catalina.core.ApplicationFilterChain.doFilter(ApplicationFilterChain.java:166)
2020-02-23 23:24:20,072 ERROR [http-nio-9090-exec-3] c.n.c.c.a.ExceptionAdvice [ExceptionAdvice.java:27] org.springframework.web.filter.RequestContextFilter.doFilterInternal(RequestContextFilter.java:99)
2020-02-23 23:24:20,072 ERROR [http-nio-9090-exec-3] c.n.c.c.a.ExceptionAdvice [ExceptionAdvice.java:27] org.springframework.web.filter.OncePerRequestFilter.doFilter(OncePerRequestFilter.java:107)
2020-02-23 23:24:20,072 ERROR [http-nio-9090-exec-3] c.n.c.c.a.ExceptionAdvice [ExceptionAdvice.java:27] org.apache.catalina.core.ApplicationFilterChain.internalDoFilter(ApplicationFilterChain.java:193)
2020-02-23 23:24:20,072 ERROR [http-nio-9090-exec-3] c.n.c.c.a.ExceptionAdvice [ExceptionAdvice.java:27] org.apache.catalina.core.ApplicationFilterChain.doFilter(ApplicationFilterChain.java:166)
2020-02-23 23:24:20,073 ERROR [http-nio-9090-exec-3] c.n.c.c.a.ExceptionAdvice [ExceptionAdvice.java:27] org.springframework.web.filter.FormContentFilter.doFilterInternal(FormContentFilter.java:92)
2020-02-23 23:24:20,073 ERROR [http-nio-9090-exec-3] c.n.c.c.a.ExceptionAdvice [ExceptionAdvice.java:27] org.springframework.web.filter.OncePerRequestFilter.doFilter(OncePerRequestFilter.java:107)
2020-02-23 23:24:20,073 ERROR [http-nio-9090-exec-3] c.n.c.c.a.ExceptionAdvice [ExceptionAdvice.java:27] org.apache.catalina.core.ApplicationFilterChain.internalDoFilter(ApplicationFilterChain.java:193)
2020-02-23 23:24:20,073 ERROR [http-nio-9090-exec-3] c.n.c.c.a.ExceptionAdvice [ExceptionAdvice.java:27] org.apache.catalina.core.ApplicationFilterChain.doFilter(ApplicationFilterChain.java:166)
2020-02-23 23:24:20,074 ERROR [http-nio-9090-exec-3] c.n.c.c.a.ExceptionAdvice [ExceptionAdvice.java:27] org.springframework.web.filter.HiddenHttpMethodFilter.doFilterInternal(HiddenHttpMethodFilter.java:93)
2020-02-23 23:24:20,074 ERROR [http-nio-9090-exec-3] c.n.c.c.a.ExceptionAdvice [ExceptionAdvice.java:27] org.springframework.web.filter.OncePerRequestFilter.doFilter(OncePerRequestFilter.java:107)
2020-02-23 23:24:20,074 ERROR [http-nio-9090-exec-3] c.n.c.c.a.ExceptionAdvice [ExceptionAdvice.java:27] org.apache.catalina.core.ApplicationFilterChain.internalDoFilter(ApplicationFilterChain.java:193)
2020-02-23 23:24:20,074 ERROR [http-nio-9090-exec-3] c.n.c.c.a.ExceptionAdvice [ExceptionAdvice.java:27] org.apache.catalina.core.ApplicationFilterChain.doFilter(ApplicationFilterChain.java:166)
2020-02-23 23:24:20,074 ERROR [http-nio-9090-exec-3] c.n.c.c.a.ExceptionAdvice [ExceptionAdvice.java:27] org.springframework.web.filter.CharacterEncodingFilter.doFilterInternal(CharacterEncodingFilter.java:200)
2020-02-23 23:24:20,075 ERROR [http-nio-9090-exec-3] c.n.c.c.a.ExceptionAdvice [ExceptionAdvice.java:27] org.springframework.web.filter.OncePerRequestFilter.doFilter(OncePerRequestFilter.java:107)
2020-02-23 23:24:20,075 ERROR [http-nio-9090-exec-3] c.n.c.c.a.ExceptionAdvice [ExceptionAdvice.java:27] org.apache.catalina.core.ApplicationFilterChain.internalDoFilter(ApplicationFilterChain.java:193)
2020-02-23 23:24:20,075 ERROR [http-nio-9090-exec-3] c.n.c.c.a.ExceptionAdvice [ExceptionAdvice.java:27] org.apache.catalina.core.ApplicationFilterChain.doFilter(ApplicationFilterChain.java:166)
2020-02-23 23:24:20,075 ERROR [http-nio-9090-exec-3] c.n.c.c.a.ExceptionAdvice [ExceptionAdvice.java:27] org.apache.catalina.core.StandardWrapperValve.invoke(StandardWrapperValve.java:200)
2020-02-23 23:24:20,076 ERROR [http-nio-9090-exec-3] c.n.c.c.a.ExceptionAdvice [ExceptionAdvice.java:27] org.apache.catalina.core.StandardContextValve.invoke(StandardContextValve.java:96)
2020-02-23 23:24:20,076 ERROR [http-nio-9090-exec-3] c.n.c.c.a.ExceptionAdvice [ExceptionAdvice.java:27] org.apache.catalina.authenticator.AuthenticatorBase.invoke(AuthenticatorBase.java:490)
2020-02-23 23:24:20,076 ERROR [http-nio-9090-exec-3] c.n.c.c.a.ExceptionAdvice [ExceptionAdvice.java:27] org.apache.catalina.core.StandardHostValve.invoke(StandardHostValve.java:139)
2020-02-23 23:24:20,076 ERROR [http-nio-9090-exec-3] c.n.c.c.a.ExceptionAdvice [ExceptionAdvice.java:27] org.apache.catalina.valves.ErrorReportValve.invoke(ErrorReportValve.java:92)
2020-02-23 23:24:20,076 ERROR [http-nio-9090-exec-3] c.n.c.c.a.ExceptionAdvice [ExceptionAdvice.java:27] org.apache.catalina.core.StandardEngineValve.invoke(StandardEngineValve.java:74)
2020-02-23 23:24:20,077 ERROR [http-nio-9090-exec-3] c.n.c.c.a.ExceptionAdvice [ExceptionAdvice.java:27] org.apache.catalina.connector.CoyoteAdapter.service(CoyoteAdapter.java:343)
2020-02-23 23:24:20,077 ERROR [http-nio-9090-exec-3] c.n.c.c.a.ExceptionAdvice [ExceptionAdvice.java:27] org.apache.coyote.http11.Http11Processor.service(Http11Processor.java:408)
2020-02-23 23:24:20,077 ERROR [http-nio-9090-exec-3] c.n.c.c.a.ExceptionAdvice [ExceptionAdvice.java:27] org.apache.coyote.AbstractProcessorLight.process(AbstractProcessorLight.java:66)
2020-02-23 23:24:20,077 ERROR [http-nio-9090-exec-3] c.n.c.c.a.ExceptionAdvice [ExceptionAdvice.java:27] org.apache.coyote.AbstractProtocol$ConnectionHandler.process(AbstractProtocol.java:836)
2020-02-23 23:24:20,077 ERROR [http-nio-9090-exec-3] c.n.c.c.a.ExceptionAdvice [ExceptionAdvice.java:27] org.apache.tomcat.util.net.NioEndpoint$SocketProcessor.doRun(NioEndpoint.java:1747)
2020-02-23 23:24:20,078 ERROR [http-nio-9090-exec-3] c.n.c.c.a.ExceptionAdvice [ExceptionAdvice.java:27] org.apache.tomcat.util.net.SocketProcessorBase.run(SocketProcessorBase.java:49)
2020-02-23 23:24:20,078 ERROR [http-nio-9090-exec-3] c.n.c.c.a.ExceptionAdvice [ExceptionAdvice.java:27] java.base/java.util.concurrent.ThreadPoolExecutor.runWorker(ThreadPoolExecutor.java:1128)
2020-02-23 23:24:20,078 ERROR [http-nio-9090-exec-3] c.n.c.c.a.ExceptionAdvice [ExceptionAdvice.java:27] java.base/java.util.concurrent.ThreadPoolExecutor$Worker.run(ThreadPoolExecutor.java:628)
2020-02-23 23:24:20,078 ERROR [http-nio-9090-exec-3] c.n.c.c.a.ExceptionAdvice [ExceptionAdvice.java:27] org.apache.tomcat.util.threads.TaskThread$WrappingRunnable.run(TaskThread.java:61)
2020-02-23 23:24:20,079 ERROR [http-nio-9090-exec-3] c.n.c.c.a.ExceptionAdvice [ExceptionAdvice.java:27] java.base/java.lang.Thread.run(Thread.java:834)
