2020-02-23 17:29:08,502 WARN [restartedMain] o.a.c.c.C.[.[.[/community] [DirectJDKLog.java:173] Cannot deserialize session attribute [SPRING_SECURITY_CONTEXT] for session [E7300D823A9C8DE7DA286C5288DCC41C]
2020-02-23 17:41:57,190 WARN [restartedMain] o.a.c.c.C.[.[.[/community] [DirectJDKLog.java:173] Cannot deserialize session attribute [SPRING_SECURITY_CONTEXT] for session [E7300D823A9C8DE7DA286C5288DCC41C]
2020-02-23 18:02:59,706 WARN [restartedMain] o.a.c.c.C.[.[.[/community] [DirectJDKLog.java:173] Cannot deserialize session attribute [SPRING_SECURITY_CONTEXT] for session [20C2A7C380F2819962D8DB255FB0ADBA]
2020-02-23 18:33:45,812 WARN [restartedMain] o.a.c.c.C.[.[.[/community] [DirectJDKLog.java:173] Cannot deserialize session attribute [SPRING_SECURITY_CONTEXT] for session [9654B2948C149A8332CE5FB5DC44049C]
2020-02-23 18:36:35,851 WARN [restartedMain] o.a.c.c.C.[.[.[/community] [DirectJDKLog.java:173] Cannot deserialize session attribute [SPRING_SECURITY_CONTEXT] for session [9654B2948C149A8332CE5FB5DC44049C]
2020-02-23 18:42:50,484 WARN [restartedMain] o.a.c.c.C.[.[.[/community] [DirectJDKLog.java:173] Cannot deserialize session attribute [SPRING_SECURITY_CONTEXT] for session [9654B2948C149A8332CE5FB5DC44049C]
2020-02-23 18:44:27,347 WARN [restartedMain] o.a.c.c.C.[.[.[/community] [DirectJDKLog.java:173] Cannot deserialize session attribute [SPRING_SECURITY_CONTEXT] for session [9654B2948C149A8332CE5FB5DC44049C]
2020-02-23 18:45:36,303 WARN [restartedMain] o.a.c.c.C.[.[.[/community] [DirectJDKLog.java:173] Cannot deserialize session attribute [SPRING_SECURITY_CONTEXT] for session [9654B2948C149A8332CE5FB5DC44049C]
2020-02-23 18:46:37,183 WARN [restartedMain] o.a.c.c.C.[.[.[/community] [DirectJDKLog.java:173] Cannot deserialize session attribute [SPRING_SECURITY_CONTEXT] for session [9654B2948C149A8332CE5FB5DC44049C]
2020-02-23 18:49:40,385 WARN [restartedMain] o.a.c.c.C.[.[.[/community] [DirectJDKLog.java:173] Cannot deserialize session attribute [SPRING_SECURITY_CONTEXT] for session [9654B2948C149A8332CE5FB5DC44049C]
2020-02-23 18:55:31,526 WARN [restartedMain] o.a.c.c.C.[.[.[/community] [DirectJDKLog.java:173] Cannot deserialize session attribute [SPRING_SECURITY_CONTEXT] for session [9654B2948C149A8332CE5FB5DC44049C]
2020-02-23 18:59:34,438 WARN [restartedMain] o.a.c.c.C.[.[.[/community] [DirectJDKLog.java:173] Cannot deserialize session attribute [SPRING_SECURITY_CONTEXT] for session [9654B2948C149A8332CE5FB5DC44049C]
2020-02-23 20:02:11,223 WARN [restartedMain] o.a.c.c.C.[.[.[/community] [DirectJDKLog.java:173] Cannot deserialize session attribute [SPRING_SECURITY_CONTEXT] for session [95081D24876D4D32EA9C5A3B1CC32511]
2020-02-23 20:10:39,017 WARN [restartedMain] o.a.c.c.C.[.[.[/community] [DirectJDKLog.java:173] Cannot deserialize session attribute [SPRING_SECURITY_CONTEXT] for session [95081D24876D4D32EA9C5A3B1CC32511]
2020-02-23 20:11:44,757 WARN [restartedMain] o.a.c.c.C.[.[.[/community] [DirectJDKLog.java:173] Cannot deserialize session attribute [SPRING_SECURITY_CONTEXT] for session [95081D24876D4D32EA9C5A3B1CC32511]
2020-02-23 20:16:57,305 WARN [restartedMain] o.a.c.c.C.[.[.[/community] [DirectJDKLog.java:173] Cannot deserialize session attribute [SPRING_SECURITY_CONTEXT] for session [95081D24876D4D32EA9C5A3B1CC32511]
2020-02-23 20:19:04,904 WARN [restartedMain] o.a.c.c.C.[.[.[/community] [DirectJDKLog.java:173] Cannot deserialize session attribute [SPRING_SECURITY_CONTEXT] for session [95081D24876D4D32EA9C5A3B1CC32511]
2020-02-23 20:19:41,922 WARN [restartedMain] o.a.c.c.C.[.[.[/community] [DirectJDKLog.java:173] Cannot deserialize session attribute [SPRING_SECURITY_CONTEXT] for session [95081D24876D4D32EA9C5A3B1CC32511]
2020-02-23 20:21:57,890 WARN [restartedMain] o.a.c.c.C.[.[.[/community] [DirectJDKLog.java:173] Cannot deserialize session attribute [SPRING_SECURITY_CONTEXT] for session [95081D24876D4D32EA9C5A3B1CC32511]
2020-02-23 20:25:17,161 WARN [restartedMain] o.a.c.c.C.[.[.[/community] [DirectJDKLog.java:173] Cannot deserialize session attribute [SPRING_SECURITY_CONTEXT] for session [95081D24876D4D32EA9C5A3B1CC32511]
2020-02-23 20:27:03,915 WARN [restartedMain] o.a.c.c.C.[.[.[/community] [DirectJDKLog.java:173] Cannot deserialize session attribute [SPRING_SECURITY_CONTEXT] for session [95081D24876D4D32EA9C5A3B1CC32511]
2020-02-23 20:29:00,378 WARN [restartedMain] o.a.c.c.C.[.[.[/community] [DirectJDKLog.java:173] Cannot deserialize session attribute [SPRING_SECURITY_CONTEXT] for session [95081D24876D4D32EA9C5A3B1CC32511]
2020-02-23 20:38:59,008 WARN [restartedMain] o.a.c.c.C.[.[.[/community] [DirectJDKLog.java:173] Cannot deserialize session attribute [SPRING_SECURITY_CONTEXT] for session [95081D24876D4D32EA9C5A3B1CC32511]
2020-02-23 20:44:27,820 WARN [restartedMain] o.a.c.c.C.[.[.[/community] [DirectJDKLog.java:173] Cannot deserialize session attribute [SPRING_SECURITY_CONTEXT] for session [95081D24876D4D32EA9C5A3B1CC32511]
2020-02-23 20:49:23,024 WARN [restartedMain] o.a.c.c.C.[.[.[/community] [DirectJDKLog.java:173] Cannot deserialize session attribute [SPRING_SECURITY_CONTEXT] for session [95081D24876D4D32EA9C5A3B1CC32511]
2020-02-23 20:54:20,677 WARN [restartedMain] o.a.c.c.C.[.[.[/community] [DirectJDKLog.java:173] Cannot deserialize session attribute [SPRING_SECURITY_CONTEXT] for session [95081D24876D4D32EA9C5A3B1CC32511]
2020-02-23 20:56:55,921 WARN [restartedMain] o.a.c.c.C.[.[.[/community] [DirectJDKLog.java:173] Cannot deserialize session attribute [SPRING_SECURITY_CONTEXT] for session [95081D24876D4D32EA9C5A3B1CC32511]
2020-02-23 20:58:37,634 WARN [restartedMain] o.a.c.c.C.[.[.[/community] [DirectJDKLog.java:173] Cannot deserialize session attribute [SPRING_SECURITY_CONTEXT] for session [95081D24876D4D32EA9C5A3B1CC32511]
2020-02-23 21:13:34,281 WARN [restartedMain] o.a.c.c.C.[.[.[/community] [DirectJDKLog.java:173] Cannot deserialize session attribute [SPRING_SECURITY_CONTEXT] for session [95081D24876D4D32EA9C5A3B1CC32511]
2020-02-23 21:16:04,525 WARN [restartedMain] o.a.c.c.C.[.[.[/community] [DirectJDKLog.java:173] Cannot deserialize session attribute [SPRING_SECURITY_CONTEXT] for session [95081D24876D4D32EA9C5A3B1CC32511]
2020-02-23 21:22:57,426 WARN [restartedMain] o.a.c.c.C.[.[.[/community] [DirectJDKLog.java:173] Cannot deserialize session attribute [SPRING_SECURITY_CONTEXT] for session [95081D24876D4D32EA9C5A3B1CC32511]
2020-02-23 21:24:25,503 WARN [restartedMain] o.a.c.c.C.[.[.[/community] [DirectJDKLog.java:173] Cannot deserialize session attribute [SPRING_SECURITY_CONTEXT] for session [95081D24876D4D32EA9C5A3B1CC32511]
2020-02-23 21:30:34,775 WARN [restartedMain] o.a.c.c.C.[.[.[/community] [DirectJDKLog.java:173] Cannot deserialize session attribute [SPRING_SECURITY_CONTEXT] for session [95081D24876D4D32EA9C5A3B1CC32511]
2020-02-23 21:39:41,374 WARN [restartedMain] o.a.c.c.C.[.[.[/community] [DirectJDKLog.java:173] Cannot deserialize session attribute [SPRING_SECURITY_CONTEXT] for session [95081D24876D4D32EA9C5A3B1CC32511]
2020-02-23 21:41:55,828 WARN [restartedMain] o.a.c.c.C.[.[.[/community] [DirectJDKLog.java:173] Cannot deserialize session attribute [SPRING_SECURITY_CONTEXT] for session [95081D24876D4D32EA9C5A3B1CC32511]
2020-02-23 21:43:45,439 WARN [restartedMain] o.a.c.c.C.[.[.[/community] [DirectJDKLog.java:173] Cannot deserialize session attribute [SPRING_SECURITY_CONTEXT] for session [95081D24876D4D32EA9C5A3B1CC32511]
2020-02-23 21:49:04,876 WARN [restartedMain] o.a.c.c.C.[.[.[/community] [DirectJDKLog.java:173] Cannot deserialize session attribute [SPRING_SECURITY_CONTEXT] for session [95081D24876D4D32EA9C5A3B1CC32511]
2020-02-23 22:03:46,879 WARN [restartedMain] o.a.c.c.C.[.[.[/community] [DirectJDKLog.java:173] Cannot deserialize session attribute [SPRING_SECURITY_CONTEXT] for session [95081D24876D4D32EA9C5A3B1CC32511]
2020-02-23 22:08:25,471 WARN [restartedMain] o.a.c.c.C.[.[.[/community] [DirectJDKLog.java:173] Cannot deserialize session attribute [SPRING_SECURITY_CONTEXT] for session [95081D24876D4D32EA9C5A3B1CC32511]
2020-02-23 22:11:25,791 WARN [restartedMain] o.a.c.c.C.[.[.[/community] [DirectJDKLog.java:173] Cannot deserialize session attribute [SPRING_SECURITY_CONTEXT] for session [95081D24876D4D32EA9C5A3B1CC32511]
2020-02-23 22:13:57,789 WARN [restartedMain] o.a.c.c.C.[.[.[/community] [DirectJDKLog.java:173] Cannot deserialize session attribute [SPRING_SECURITY_CONTEXT] for session [95081D24876D4D32EA9C5A3B1CC32511]
2020-02-23 22:16:03,016 WARN [restartedMain] o.a.c.c.C.[.[.[/community] [DirectJDKLog.java:173] Cannot deserialize session attribute [SPRING_SECURITY_CONTEXT] for session [95081D24876D4D32EA9C5A3B1CC32511]
2020-02-23 22:19:38,952 WARN [restartedMain] o.a.c.c.C.[.[.[/community] [DirectJDKLog.java:173] Cannot deserialize session attribute [SPRING_SECURITY_CONTEXT] for session [95081D24876D4D32EA9C5A3B1CC32511]
2020-02-23 22:24:17,832 WARN [restartedMain] o.a.c.c.C.[.[.[/community] [DirectJDKLog.java:173] Cannot deserialize session attribute [SPRING_SECURITY_CONTEXT] for session [95081D24876D4D32EA9C5A3B1CC32511]
2020-02-23 22:26:10,927 WARN [restartedMain] o.a.c.c.C.[.[.[/community] [DirectJDKLog.java:173] Cannot deserialize session attribute [SPRING_SECURITY_CONTEXT] for session [95081D24876D4D32EA9C5A3B1CC32511]
2020-02-23 22:27:15,841 WARN [restartedMain] o.a.c.c.C.[.[.[/community] [DirectJDKLog.java:173] Cannot deserialize session attribute [SPRING_SECURITY_CONTEXT] for session [95081D24876D4D32EA9C5A3B1CC32511]
2020-02-23 22:37:03,791 WARN [restartedMain] o.a.c.c.C.[.[.[/community] [DirectJDKLog.java:173] Cannot deserialize session attribute [SPRING_SECURITY_CONTEXT] for session [95081D24876D4D32EA9C5A3B1CC32511]
2020-02-23 22:38:31,196 WARN [restartedMain] o.a.c.c.C.[.[.[/community] [DirectJDKLog.java:173] Cannot deserialize session attribute [SPRING_SECURITY_CONTEXT] for session [95081D24876D4D32EA9C5A3B1CC32511]
2020-02-23 22:41:17,088 WARN [restartedMain] o.a.c.c.C.[.[.[/community] [DirectJDKLog.java:173] Cannot deserialize session attribute [SPRING_SECURITY_CONTEXT] for session [95081D24876D4D32EA9C5A3B1CC32511]
2020-02-23 22:44:04,986 WARN [restartedMain] o.a.c.c.C.[.[.[/community] [DirectJDKLog.java:173] Cannot deserialize session attribute [SPRING_SECURITY_CONTEXT] for session [95081D24876D4D32EA9C5A3B1CC32511]
2020-02-23 23:02:55,688 WARN [http-nio-9090-exec-7] o.s.w.s.m.m.a.ExceptionHandlerExceptionResolver [AbstractHandlerExceptionResolver.java:198] Resolved [org.springframework.web.method.annotation.MethodArgumentTypeMismatchException: Failed to convert value of type 'java.lang.String' to required type 'int'; nested exception is java.lang.NumberFormatException: For input string: "my-post.html"]
2020-02-23 23:10:44,545 WARN [http-nio-9090-exec-10] o.s.w.s.m.m.a.ExceptionHandlerExceptionResolver [AbstractHandlerExceptionResolver.java:198] Resolved [org.springframework.web.method.annotation.MethodArgumentTypeMismatchException: Failed to convert value of type 'java.lang.String' to required type 'int'; nested exception is java.lang.NumberFormatException: For input string: "my-post.html"]
2020-02-23 23:24:20,079 WARN [http-nio-9090-exec-3] o.s.w.s.m.m.a.ExceptionHandlerExceptionResolver [AbstractHandlerExceptionResolver.java:198] Resolved [org.springframework.web.method.annotation.MethodArgumentTypeMismatchException: Failed to convert value of type 'java.lang.String' to required type 'int'; nested exception is java.lang.NumberFormatException: For input string: "my-post.html"]
